ARM GAS  C:\Users\sinow\AppData\Local\Temp\cczf4fVe.s 			page 1


   1              		.syntax unified
   2              		.cpu cortex-m3
   3              		.fpu softvfp
   4              		.eabi_attribute 20, 1
   5              		.eabi_attribute 21, 1
   6              		.eabi_attribute 23, 3
   7              		.eabi_attribute 24, 1
   8              		.eabi_attribute 25, 1
   9              		.eabi_attribute 26, 1
  10              		.eabi_attribute 30, 1
  11              		.eabi_attribute 34, 1
  12              		.eabi_attribute 18, 4
  13              		.thumb
  14              		.syntax unified
  15              		.file	"main.c"
  16              		.text
  17              	.Ltext0:
  18              		.cfi_sections	.debug_frame
  19              		.section	.text.CapSense_DisplayState,"ax",%progbits
  20              		.align	2
  21              		.global	CapSense_DisplayState
  22              		.thumb
  23              		.thumb_func
  24              		.type	CapSense_DisplayState, %function
  25              	CapSense_DisplayState:
  26              	.LFB64:
  27              		.file 1 "main.c"
   1:main.c        **** /*
   2:main.c        **** ELC 343 - Microcomputer Lab Final Project
   3:main.c        **** November 19, 2019
   4:main.c        **** Goal: controlling 3 servos and stepper motor to form a simple 
   5:main.c        **** 3-DOF robot arm, using touch sensor and potentiometer inputs
   6:main.c        **** Authors: Jordan Sinoway & Caleb McKinney
   7:main.c        **** */
   8:main.c        **** 
   9:main.c        **** 
  10:main.c        **** #include "project.h"
  11:main.c        **** #include "stdio.h"
  12:main.c        **** #include "string.h"
  13:main.c        **** #include "math.h"
  14:main.c        **** 
  15:main.c        **** uint16 curPos, oldPos;
  16:main.c        **** 
  17:main.c        **** uint16 CapSense_DisplayState(void)
  18:main.c        **** {
  28              		.loc 1 18 0
  29              		.cfi_startproc
  30              		@ args = 0, pretend = 0, frame = 0
  31              		@ frame_needed = 0, uses_anonymous_args = 0
  32 0000 08B5     		push	{r3, lr}
  33              		.cfi_def_cfa_offset 8
  34              		.cfi_offset 3, -8
  35              		.cfi_offset 14, -4
  19:main.c        ****     curPos = CapSense_CSD_GetCentroidPos(CapSense_CSD_LINEARSLIDER0__LS); //find slider position
  36              		.loc 1 19 0
  37 0002 0020     		movs	r0, #0
  38 0004 FFF7FEFF 		bl	CapSense_CSD_GetCentroidPos
ARM GAS  C:\Users\sinow\AppData\Local\Temp\cczf4fVe.s 			page 2


  39              	.LVL0:
  40 0008 014B     		ldr	r3, .L3
  41 000a 1880     		strh	r0, [r3]	@ movhi
  20:main.c        ****     
  21:main.c        ****     /*
  22:main.c        ****     if(curPos == 0xFFFFu) //reset position
  23:main.c        ****     {
  24:main.c        ****         curPos = 0u;
  25:main.c        ****     }
  26:main.c        ****     */
  27:main.c        ****     
  28:main.c        ****     return curPos;
  29:main.c        ****     
  30:main.c        **** }
  42              		.loc 1 30 0
  43 000c 08BD     		pop	{r3, pc}
  44              	.L4:
  45 000e 00BF     		.align	2
  46              	.L3:
  47 0010 00000000 		.word	curPos
  48              		.cfi_endproc
  49              	.LFE64:
  50              		.size	CapSense_DisplayState, .-CapSense_DisplayState
  51              		.section	.text.stepper,"ax",%progbits
  52              		.align	2
  53              		.global	stepper
  54              		.thumb
  55              		.thumb_func
  56              		.type	stepper, %function
  57              	stepper:
  58              	.LFB65:
  31:main.c        **** 
  32:main.c        **** 
  33:main.c        **** 
  34:main.c        **** 
  35:main.c        **** void stepper(int a, int b, int c, int d, int delay)
  36:main.c        **** {
  59              		.loc 1 36 0
  60              		.cfi_startproc
  61              		@ args = 4, pretend = 0, frame = 0
  62              		@ frame_needed = 0, uses_anonymous_args = 0
  63              	.LVL1:
  64 0000 70B5     		push	{r4, r5, r6, lr}
  65              		.cfi_def_cfa_offset 16
  66              		.cfi_offset 4, -16
  67              		.cfi_offset 5, -12
  68              		.cfi_offset 6, -8
  69              		.cfi_offset 14, -4
  70 0002 0E46     		mov	r6, r1
  71 0004 1546     		mov	r5, r2
  72 0006 1C46     		mov	r4, r3
  37:main.c        ****     A_Write(a);
  73              		.loc 1 37 0
  74 0008 C0B2     		uxtb	r0, r0
  75              	.LVL2:
  76 000a FFF7FEFF 		bl	A_Write
  77              	.LVL3:
ARM GAS  C:\Users\sinow\AppData\Local\Temp\cczf4fVe.s 			page 3


  38:main.c        ****     B_Write(b);
  78              		.loc 1 38 0
  79 000e F0B2     		uxtb	r0, r6
  80 0010 FFF7FEFF 		bl	B_Write
  81              	.LVL4:
  39:main.c        ****     C_Write(c);
  82              		.loc 1 39 0
  83 0014 E8B2     		uxtb	r0, r5
  84 0016 FFF7FEFF 		bl	C_Write
  85              	.LVL5:
  40:main.c        ****     D_Write(d);
  86              		.loc 1 40 0
  87 001a E0B2     		uxtb	r0, r4
  88 001c FFF7FEFF 		bl	D_Write
  89              	.LVL6:
  41:main.c        ****     CyDelay(delay);
  90              		.loc 1 41 0
  91 0020 0498     		ldr	r0, [sp, #16]
  92 0022 FFF7FEFF 		bl	CyDelay
  93              	.LVL7:
  94 0026 70BD     		pop	{r4, r5, r6, pc}
  95              		.cfi_endproc
  96              	.LFE65:
  97              		.size	stepper, .-stepper
  98              		.section	.text.range_map,"ax",%progbits
  99              		.align	2
 100              		.global	range_map
 101              		.thumb
 102              		.thumb_func
 103              		.type	range_map, %function
 104              	range_map:
 105              	.LFB66:
  42:main.c        **** }
  43:main.c        **** 
  44:main.c        **** 
  45:main.c        **** int range_map(int x, int a, int b, int c, int d) // y = (x-a)((d-c)/(b-a)) + c   | range [a,b] | ra
  46:main.c        **** {
 106              		.loc 1 46 0
 107              		.cfi_startproc
 108              		@ args = 4, pretend = 0, frame = 0
 109              		@ frame_needed = 0, uses_anonymous_args = 0
 110              		@ link register save eliminated.
 111              	.LVL8:
 112 0000 10B4     		push	{r4}
 113              		.cfi_def_cfa_offset 4
 114              		.cfi_offset 4, -4
  47:main.c        ****     int mapped_out;                              //mapping function to convert 0-255 ADC (8-bit) ou
  48:main.c        ****     
  49:main.c        ****     mapped_out = ((x - a)*(d - c)/(b - a)) + c;
 115              		.loc 1 49 0
 116 0002 401A     		subs	r0, r0, r1
 117              	.LVL9:
 118 0004 019C     		ldr	r4, [sp, #4]
 119 0006 E41A     		subs	r4, r4, r3
 120 0008 04FB00F0 		mul	r0, r4, r0
 121 000c 521A     		subs	r2, r2, r1
 122              	.LVL10:
ARM GAS  C:\Users\sinow\AppData\Local\Temp\cczf4fVe.s 			page 4


 123 000e 90FBF2F0 		sdiv	r0, r0, r2
 124              	.LVL11:
  50:main.c        ****     
  51:main.c        ****     return mapped_out;
  52:main.c        **** }
 125              		.loc 1 52 0
 126 0012 1844     		add	r0, r0, r3
 127              	.LVL12:
 128 0014 10BC     		pop	{r4}
 129              		.cfi_restore 4
 130              		.cfi_def_cfa_offset 0
 131              	.LVL13:
 132 0016 7047     		bx	lr
 133              		.cfi_endproc
 134              	.LFE66:
 135              		.size	range_map, .-range_map
 136              		.section	.text.main,"ax",%progbits
 137              		.align	2
 138              		.global	main
 139              		.thumb
 140              		.thumb_func
 141              		.type	main, %function
 142              	main:
 143              	.LFB67:
  53:main.c        **** 
  54:main.c        **** int main(void)
  55:main.c        **** {
 144              		.loc 1 55 0
 145              		.cfi_startproc
 146              		@ args = 0, pretend = 0, frame = 256
 147              		@ frame_needed = 0, uses_anonymous_args = 0
 148 0000 2DE9F043 		push	{r4, r5, r6, r7, r8, r9, lr}
 149              		.cfi_def_cfa_offset 28
 150              		.cfi_offset 4, -28
 151              		.cfi_offset 5, -24
 152              		.cfi_offset 6, -20
 153              		.cfi_offset 7, -16
 154              		.cfi_offset 8, -12
 155              		.cfi_offset 9, -8
 156              		.cfi_offset 14, -4
 157 0004 C3B0     		sub	sp, sp, #268
 158              		.cfi_def_cfa_offset 296
  56:main.c        ****     CyGlobalIntEnable; 
 159              		.loc 1 56 0
 160              		.syntax unified
 161              	@ 56 "main.c" 1
 162 0006 62B6     		CPSIE   i
 163              	@ 0 "" 2
  57:main.c        ****     
  58:main.c        ****     LCD_Char_1_Start();//initalizing lcd
 164              		.loc 1 58 0
 165              		.thumb
 166              		.syntax unified
 167 0008 FFF7FEFF 		bl	LCD_Char_1_Start
 168              	.LVL14:
  59:main.c        ****     char lcdOutput[256];//string for lcd display
  60:main.c        ****     
ARM GAS  C:\Users\sinow\AppData\Local\Temp\cczf4fVe.s 			page 5


  61:main.c        ****     PWM_1_Start(); //start PWM block 1
 169              		.loc 1 61 0
 170 000c FFF7FEFF 		bl	PWM_1_Start
 171              	.LVL15:
  62:main.c        ****     ADC_SAR_1_Start(); //start SAR ADC 1
 172              		.loc 1 62 0
 173 0010 FFF7FEFF 		bl	ADC_SAR_1_Start
 174              	.LVL16:
  63:main.c        ****     PWM_2_Start(); //start PWM block 2
 175              		.loc 1 63 0
 176 0014 FFF7FEFF 		bl	PWM_2_Start
 177              	.LVL17:
  64:main.c        ****     ADC_SAR_2_Start(); //start SAR ADC 2
 178              		.loc 1 64 0
 179 0018 FFF7FEFF 		bl	ADC_SAR_2_Start
 180              	.LVL18:
  65:main.c        ****     ADC_DelSig_1_Start();
 181              		.loc 1 65 0
 182 001c FFF7FEFF 		bl	ADC_DelSig_1_Start
 183              	.LVL19:
  66:main.c        ****     PWM_3_Start();
 184              		.loc 1 66 0
 185 0020 FFF7FEFF 		bl	PWM_3_Start
 186              	.LVL20:
  67:main.c        ****     
  68:main.c        ****     CapSense_CSD_Start();
 187              		.loc 1 68 0
 188 0024 FFF7FEFF 		bl	CapSense_CSD_Start
 189              	.LVL21:
  69:main.c        ****     CapSense_CSD_InitializeAllBaselines();
 190              		.loc 1 69 0
 191 0028 FFF7FEFF 		bl	CapSense_CSD_InitializeAllBaselines
 192              	.LVL22:
  70:main.c        ****     
  71:main.c        ****  
  72:main.c        ****     
  73:main.c        ****     int val1; //initial adc output val
  74:main.c        ****     int val2;
  75:main.c        ****     int val3;
  76:main.c        ****     
  77:main.c        ****     int stepVal = 0;
  78:main.c        ****     int prev_val = 0;
 193              		.loc 1 78 0
 194 002c 0025     		movs	r5, #0
 195              	.LVL23:
 196              	.L13:
  79:main.c        ****     
  80:main.c        ****     int mapped_val1; //val post mapping
  81:main.c        ****     int mapped_val2;
  82:main.c        ****     int mapped_val3;
  83:main.c        ****      
  84:main.c        **** 
  85:main.c        ****     for(;;)
  86:main.c        ****     {
  87:main.c        ****         ADC_SAR_1_StartConvert();
 197              		.loc 1 87 0
 198 002e FFF7FEFF 		bl	ADC_SAR_1_StartConvert
ARM GAS  C:\Users\sinow\AppData\Local\Temp\cczf4fVe.s 			page 6


 199              	.LVL24:
  88:main.c        ****         ADC_SAR_2_StartConvert(); //note: max amount of SAR ADCs is 2 on PSOC5 LP
 200              		.loc 1 88 0
 201 0032 FFF7FEFF 		bl	ADC_SAR_2_StartConvert
 202              	.LVL25:
  89:main.c        ****         ADC_DelSig_1_StartConvert();
 203              		.loc 1 89 0
 204 0036 FFF7FEFF 		bl	ADC_DelSig_1_StartConvert
 205              	.LVL26:
  90:main.c        ****         
  91:main.c        ****         
  92:main.c        ****         ADC_SAR_1_IsEndConversion(ADC_SAR_1_WAIT_FOR_RESULT); //wait for ADC output
 206              		.loc 1 92 0
 207 003a 0020     		movs	r0, #0
 208 003c FFF7FEFF 		bl	ADC_SAR_1_IsEndConversion
 209              	.LVL27:
  93:main.c        ****         ADC_SAR_2_IsEndConversion(ADC_SAR_2_WAIT_FOR_RESULT);
 210              		.loc 1 93 0
 211 0040 0020     		movs	r0, #0
 212 0042 FFF7FEFF 		bl	ADC_SAR_2_IsEndConversion
 213              	.LVL28:
  94:main.c        ****         ADC_DelSig_1_IsEndConversion(ADC_DelSig_1_WAIT_FOR_RESULT);
 214              		.loc 1 94 0
 215 0046 0020     		movs	r0, #0
 216 0048 FFF7FEFF 		bl	ADC_DelSig_1_IsEndConversion
 217              	.LVL29:
  95:main.c        ****         
  96:main.c        ****                 
  97:main.c        ****         if(0u == CapSense_CSD_IsBusy())
 218              		.loc 1 97 0
 219 004c FFF7FEFF 		bl	CapSense_CSD_IsBusy
 220              	.LVL30:
 221 0050 18B9     		cbnz	r0, .L10
  98:main.c        ****         {
  99:main.c        ****             CapSense_CSD_UpdateEnabledBaselines();
 222              		.loc 1 99 0
 223 0052 FFF7FEFF 		bl	CapSense_CSD_UpdateEnabledBaselines
 224              	.LVL31:
 100:main.c        ****             CapSense_CSD_ScanEnabledWidgets();
 225              		.loc 1 100 0
 226 0056 FFF7FEFF 		bl	CapSense_CSD_ScanEnabledWidgets
 227              	.LVL32:
 228              	.L10:
 101:main.c        ****         }
 102:main.c        ****         
 103:main.c        ****         val3 = CapSense_DisplayState();
 229              		.loc 1 103 0
 230 005a FFF7FEFF 		bl	CapSense_DisplayState
 231              	.LVL33:
 232 005e 8146     		mov	r9, r0
 233              	.LVL34:
 104:main.c        ****         
 105:main.c        ****         
 106:main.c        ****         val1 = (uint8_t) ADC_SAR_1_GetResult8(); //casting to uint8, as the input is int8 (bug)
 234              		.loc 1 106 0
 235 0060 FFF7FEFF 		bl	ADC_SAR_1_GetResult8
 236              	.LVL35:
ARM GAS  C:\Users\sinow\AppData\Local\Temp\cczf4fVe.s 			page 7


 237 0064 5FFA80F8 		uxtb	r8, r0
 238              	.LVL36:
 107:main.c        ****         val2 = (uint8_t) ADC_SAR_2_GetResult8();
 239              		.loc 1 107 0
 240 0068 FFF7FEFF 		bl	ADC_SAR_2_GetResult8
 241              	.LVL37:
 242 006c C7B2     		uxtb	r7, r0
 243              	.LVL38:
 108:main.c        ****         stepVal = (uint8_t) ADC_DelSig_1_GetResult8();
 244              		.loc 1 108 0
 245 006e FFF7FEFF 		bl	ADC_DelSig_1_GetResult8
 246              	.LVL39:
 247 0072 C4B2     		uxtb	r4, r0
 248              	.LVL40:
 109:main.c        ****         
 110:main.c        ****         mapped_val1 = range_map(val1, 0, 255, 850, 4500);//mapping 0-255 range of pot to 850-4500 r
 249              		.loc 1 110 0
 250 0074 41F29416 		movw	r6, #4500
 251 0078 0096     		str	r6, [sp]
 252 007a 40F25233 		movw	r3, #850
 253 007e FF22     		movs	r2, #255
 254 0080 0021     		movs	r1, #0
 255 0082 4046     		mov	r0, r8
 256 0084 FFF7FEFF 		bl	range_map
 257              	.LVL41:
 258 0088 8046     		mov	r8, r0
 259              	.LVL42:
 111:main.c        ****         mapped_val2 = range_map(val2, 0, 255, 850, 4500);
 260              		.loc 1 111 0
 261 008a 0096     		str	r6, [sp]
 262 008c 40F25233 		movw	r3, #850
 263 0090 FF22     		movs	r2, #255
 264 0092 0021     		movs	r1, #0
 265 0094 3846     		mov	r0, r7
 266              	.LVL43:
 267 0096 FFF7FEFF 		bl	range_map
 268              	.LVL44:
 269 009a 0746     		mov	r7, r0
 270              	.LVL45:
 112:main.c        ****         mapped_val3 = range_map(val3, 10, 85, 850, 4400);
 271              		.loc 1 112 0
 272 009c 41F23013 		movw	r3, #4400
 273 00a0 0093     		str	r3, [sp]
 274 00a2 40F25233 		movw	r3, #850
 275 00a6 5522     		movs	r2, #85
 276 00a8 0A21     		movs	r1, #10
 277 00aa 4846     		mov	r0, r9
 278              	.LVL46:
 279 00ac FFF7FEFF 		bl	range_map
 280              	.LVL47:
 281 00b0 0646     		mov	r6, r0
 282              	.LVL48:
 113:main.c        ****         
 114:main.c        ****         PWM_1_WriteCompare(mapped_val1); //writing to pwm (servo)
 283              		.loc 1 114 0
 284 00b2 1FFA88F0 		uxth	r0, r8
 285              	.LVL49:
ARM GAS  C:\Users\sinow\AppData\Local\Temp\cczf4fVe.s 			page 8


 286 00b6 FFF7FEFF 		bl	PWM_1_WriteCompare
 287              	.LVL50:
 115:main.c        ****         PWM_2_WriteCompare(mapped_val2);
 288              		.loc 1 115 0
 289 00ba B8B2     		uxth	r0, r7
 290 00bc FFF7FEFF 		bl	PWM_2_WriteCompare
 291              	.LVL51:
 116:main.c        ****         PWM_3_WriteCompare(mapped_val3);
 292              		.loc 1 116 0
 293 00c0 B0B2     		uxth	r0, r6
 294 00c2 FFF7FEFF 		bl	PWM_3_WriteCompare
 295              	.LVL52:
 117:main.c        ****         
 118:main.c        ****         
 119:main.c        ****         if(stepVal > prev_val) //clockwise motion
 296              		.loc 1 119 0
 297 00c6 A542     		cmp	r5, r4
 298 00c8 21DA     		bge	.L11
 120:main.c        ****         {
 121:main.c        ****             stepper(1,0,0,0,2);
 299              		.loc 1 121 0
 300 00ca 4FF00209 		mov	r9, #2
 301              	.LVL53:
 302 00ce CDF80090 		str	r9, [sp]
 303 00d2 0023     		movs	r3, #0
 304 00d4 1A46     		mov	r2, r3
 305 00d6 1946     		mov	r1, r3
 306 00d8 0120     		movs	r0, #1
 307 00da FFF7FEFF 		bl	stepper
 308              	.LVL54:
 122:main.c        ****             stepper(0,1,0,0,2);
 309              		.loc 1 122 0
 310 00de CDF80090 		str	r9, [sp]
 311 00e2 0023     		movs	r3, #0
 312 00e4 1A46     		mov	r2, r3
 313 00e6 0121     		movs	r1, #1
 314 00e8 1846     		mov	r0, r3
 315 00ea FFF7FEFF 		bl	stepper
 316              	.LVL55:
 123:main.c        ****             stepper(0,0,1,0,2);
 317              		.loc 1 123 0
 318 00ee CDF80090 		str	r9, [sp]
 319 00f2 0023     		movs	r3, #0
 320 00f4 0122     		movs	r2, #1
 321 00f6 1946     		mov	r1, r3
 322 00f8 1846     		mov	r0, r3
 323 00fa FFF7FEFF 		bl	stepper
 324              	.LVL56:
 124:main.c        ****             stepper(0,0,0,1,2);
 325              		.loc 1 124 0
 326 00fe CDF80090 		str	r9, [sp]
 327 0102 0123     		movs	r3, #1
 328 0104 0022     		movs	r2, #0
 329 0106 1146     		mov	r1, r2
 330 0108 1046     		mov	r0, r2
 331 010a FFF7FEFF 		bl	stepper
 332              	.LVL57:
ARM GAS  C:\Users\sinow\AppData\Local\Temp\cczf4fVe.s 			page 9


 333              	.L11:
 125:main.c        ****             
 126:main.c        ****             
 127:main.c        ****             
 128:main.c        ****         }
 129:main.c        ****         if(stepVal < prev_val) //counter-clockwise motion
 334              		.loc 1 129 0
 335 010e A542     		cmp	r5, r4
 336 0110 1CDD     		ble	.L12
 130:main.c        ****         {
 131:main.c        ****             
 132:main.c        ****             stepper(0,0,1,0,2);
 337              		.loc 1 132 0
 338 0112 0225     		movs	r5, #2
 339              	.LVL58:
 340 0114 0095     		str	r5, [sp]
 341 0116 0023     		movs	r3, #0
 342 0118 0122     		movs	r2, #1
 343 011a 1946     		mov	r1, r3
 344 011c 1846     		mov	r0, r3
 345 011e FFF7FEFF 		bl	stepper
 346              	.LVL59:
 133:main.c        ****             stepper(0,1,0,0,2);
 347              		.loc 1 133 0
 348 0122 0095     		str	r5, [sp]
 349 0124 0023     		movs	r3, #0
 350 0126 1A46     		mov	r2, r3
 351 0128 0121     		movs	r1, #1
 352 012a 1846     		mov	r0, r3
 353 012c FFF7FEFF 		bl	stepper
 354              	.LVL60:
 134:main.c        ****             stepper(1,0,0,0,2);
 355              		.loc 1 134 0
 356 0130 0095     		str	r5, [sp]
 357 0132 0023     		movs	r3, #0
 358 0134 1A46     		mov	r2, r3
 359 0136 1946     		mov	r1, r3
 360 0138 0120     		movs	r0, #1
 361 013a FFF7FEFF 		bl	stepper
 362              	.LVL61:
 135:main.c        ****             stepper(0,0,0,1,2);
 363              		.loc 1 135 0
 364 013e 0095     		str	r5, [sp]
 365 0140 0123     		movs	r3, #1
 366 0142 0022     		movs	r2, #0
 367 0144 1146     		mov	r1, r2
 368 0146 1046     		mov	r0, r2
 369 0148 FFF7FEFF 		bl	stepper
 370              	.LVL62:
 371              	.L12:
 136:main.c        ****             
 137:main.c        ****             
 138:main.c        ****         }
 139:main.c        ****         prev_val = stepVal;
 140:main.c        ****            
 141:main.c        ****         
 142:main.c        ****         
ARM GAS  C:\Users\sinow\AppData\Local\Temp\cczf4fVe.s 			page 10


 143:main.c        ****             LCD_Char_1_ClearDisplay(); //clears display
 372              		.loc 1 143 0
 373 014c 0120     		movs	r0, #1
 374 014e FFF7FEFF 		bl	LCD_Char_1_WriteControl
 375              	.LVL63:
 144:main.c        ****             LCD_Char_1_WriteControl(LCD_Char_1_CURSOR_HOME); //sets cursor to top left corner
 376              		.loc 1 144 0
 377 0152 0220     		movs	r0, #2
 378 0154 FFF7FEFF 		bl	LCD_Char_1_WriteControl
 379              	.LVL64:
 145:main.c        ****             sprintf(lcdOutput,"Val1=%d", (int)mapped_val1);
 380              		.loc 1 145 0
 381 0158 4246     		mov	r2, r8
 382 015a 1249     		ldr	r1, .L15
 383 015c 02A8     		add	r0, sp, #8
 384 015e FFF7FEFF 		bl	sprintf
 385              	.LVL65:
 146:main.c        ****             LCD_Char_1_Position(0,0); 
 386              		.loc 1 146 0
 387 0162 0021     		movs	r1, #0
 388 0164 0846     		mov	r0, r1
 389 0166 FFF7FEFF 		bl	LCD_Char_1_Position
 390              	.LVL66:
 147:main.c        ****             LCD_Char_1_PrintString(lcdOutput); //prints PWM value for servo 1
 391              		.loc 1 147 0
 392 016a 02A8     		add	r0, sp, #8
 393 016c FFF7FEFF 		bl	LCD_Char_1_PrintString
 394              	.LVL67:
 148:main.c        ****             
 149:main.c        ****             sprintf(lcdOutput,"Val2=%d", (int)mapped_val2);
 395              		.loc 1 149 0
 396 0170 3A46     		mov	r2, r7
 397 0172 0D49     		ldr	r1, .L15+4
 398 0174 02A8     		add	r0, sp, #8
 399 0176 FFF7FEFF 		bl	sprintf
 400              	.LVL68:
 150:main.c        ****             LCD_Char_1_Position(1,0); 
 401              		.loc 1 150 0
 402 017a 0021     		movs	r1, #0
 403 017c 0120     		movs	r0, #1
 404 017e FFF7FEFF 		bl	LCD_Char_1_Position
 405              	.LVL69:
 151:main.c        ****             LCD_Char_1_PrintString(lcdOutput); //prints PWM value for servo 1
 406              		.loc 1 151 0
 407 0182 02A8     		add	r0, sp, #8
 408 0184 FFF7FEFF 		bl	LCD_Char_1_PrintString
 409              	.LVL70:
 152:main.c        ****             
 153:main.c        ****             sprintf(lcdOutput,"Val3=%d", (int)mapped_val3);
 410              		.loc 1 153 0
 411 0188 3246     		mov	r2, r6
 412 018a 0849     		ldr	r1, .L15+8
 413 018c 02A8     		add	r0, sp, #8
 414 018e FFF7FEFF 		bl	sprintf
 415              	.LVL71:
 154:main.c        ****             LCD_Char_1_Position(8,0); 
 416              		.loc 1 154 0
ARM GAS  C:\Users\sinow\AppData\Local\Temp\cczf4fVe.s 			page 11


 417 0192 0021     		movs	r1, #0
 418 0194 0820     		movs	r0, #8
 419 0196 FFF7FEFF 		bl	LCD_Char_1_Position
 420              	.LVL72:
 155:main.c        ****             LCD_Char_1_PrintString(lcdOutput); //prints PWM value for servo 1
 421              		.loc 1 155 0
 422 019a 02A8     		add	r0, sp, #8
 423 019c FFF7FEFF 		bl	LCD_Char_1_PrintString
 424              	.LVL73:
 139:main.c        ****            
 425              		.loc 1 139 0
 426 01a0 2546     		mov	r5, r4
 156:main.c        ****             
 157:main.c        ****             
 158:main.c        ****             //CyDelay(20);
 159:main.c        ****             
 160:main.c        ****             
 161:main.c        ****         /*
 162:main.c        ****         due to SAR ADC # limits, possibly add switching buttons to switch between controlling
 163:main.c        ****         different servos with a single potentiometer, and use sliding CapSense for claw control
 164:main.c        ****         */
 165:main.c        ****             
 166:main.c        **** 
 167:main.c        ****         
 168:main.c        ****         
 169:main.c        ****     }
 427              		.loc 1 169 0
 428 01a2 44E7     		b	.L13
 429              	.L16:
 430              		.align	2
 431              	.L15:
 432 01a4 00000000 		.word	.LC0
 433 01a8 08000000 		.word	.LC1
 434 01ac 10000000 		.word	.LC2
 435              		.cfi_endproc
 436              	.LFE67:
 437              		.size	main, .-main
 438              		.comm	oldPos,2,2
 439              		.comm	curPos,2,2
 440              		.section	.rodata.str1.4,"aMS",%progbits,1
 441              		.align	2
 442              	.LC0:
 443 0000 56616C31 		.ascii	"Val1=%d\000"
 443      3D256400 
 444              	.LC1:
 445 0008 56616C32 		.ascii	"Val2=%d\000"
 445      3D256400 
 446              	.LC2:
 447 0010 56616C33 		.ascii	"Val3=%d\000"
 447      3D256400 
 448              		.text
 449              	.Letext0:
 450              		.file 2 "c:\\program files (x86)\\cypress\\psoc creator\\4.2\\psoc creator\\import\\gnu\\arm\\5.4.
 451              		.file 3 "c:\\program files (x86)\\cypress\\psoc creator\\4.2\\psoc creator\\import\\gnu\\arm\\5.4.
 452              		.file 4 "Generated_Source\\PSoC5/cytypes.h"
 453              		.file 5 "Generated_Source\\PSoC5/core_cm3.h"
 454              		.file 6 "Generated_Source\\PSoC5/CapSense_CSD_CSHL.h"
ARM GAS  C:\Users\sinow\AppData\Local\Temp\cczf4fVe.s 			page 12


 455              		.file 7 "Generated_Source\\PSoC5/A.h"
 456              		.file 8 "Generated_Source\\PSoC5/B.h"
 457              		.file 9 "Generated_Source\\PSoC5/C.h"
 458              		.file 10 "Generated_Source\\PSoC5/D.h"
 459              		.file 11 "Generated_Source\\PSoC5/CyLib.h"
 460              		.file 12 "Generated_Source\\PSoC5/LCD_Char_1.h"
 461              		.file 13 "Generated_Source\\PSoC5/PWM_1.h"
 462              		.file 14 "Generated_Source\\PSoC5/ADC_SAR_1.h"
 463              		.file 15 "Generated_Source\\PSoC5/PWM_2.h"
 464              		.file 16 "Generated_Source\\PSoC5/ADC_SAR_2.h"
 465              		.file 17 "Generated_Source\\PSoC5/ADC_DelSig_1.h"
 466              		.file 18 "Generated_Source\\PSoC5/PWM_3.h"
 467              		.file 19 "Generated_Source\\PSoC5/CapSense_CSD.h"
 468              		.file 20 "c:\\program files (x86)\\cypress\\psoc creator\\4.2\\psoc creator\\import\\gnu\\arm\\5.4
 469              		.section	.debug_info,"",%progbits
 470              	.Ldebug_info0:
 471 0000 6B080000 		.4byte	0x86b
 472 0004 0400     		.2byte	0x4
 473 0006 00000000 		.4byte	.Ldebug_abbrev0
 474 000a 04       		.byte	0x4
 475 000b 01       		.uleb128 0x1
 476 000c 46040000 		.4byte	.LASF69
 477 0010 0C       		.byte	0xc
 478 0011 A5030000 		.4byte	.LASF70
 479 0015 09000000 		.4byte	.LASF71
 480 0019 00000000 		.4byte	.Ldebug_ranges0+0
 481 001d 00000000 		.4byte	0
 482 0021 00000000 		.4byte	.Ldebug_line0
 483 0025 02       		.uleb128 0x2
 484 0026 01       		.byte	0x1
 485 0027 06       		.byte	0x6
 486 0028 5C010000 		.4byte	.LASF0
 487 002c 03       		.uleb128 0x3
 488 002d F0040000 		.4byte	.LASF4
 489 0031 02       		.byte	0x2
 490 0032 1D       		.byte	0x1d
 491 0033 37000000 		.4byte	0x37
 492 0037 02       		.uleb128 0x2
 493 0038 01       		.byte	0x1
 494 0039 08       		.byte	0x8
 495 003a E8010000 		.4byte	.LASF1
 496 003e 02       		.uleb128 0x2
 497 003f 02       		.byte	0x2
 498 0040 05       		.byte	0x5
 499 0041 7B000000 		.4byte	.LASF2
 500 0045 02       		.uleb128 0x2
 501 0046 02       		.byte	0x2
 502 0047 07       		.byte	0x7
 503 0048 92030000 		.4byte	.LASF3
 504 004c 03       		.uleb128 0x3
 505 004d 04040000 		.4byte	.LASF5
 506 0051 02       		.byte	0x2
 507 0052 3F       		.byte	0x3f
 508 0053 57000000 		.4byte	0x57
 509 0057 02       		.uleb128 0x2
 510 0058 04       		.byte	0x4
 511 0059 05       		.byte	0x5
ARM GAS  C:\Users\sinow\AppData\Local\Temp\cczf4fVe.s 			page 13


 512 005a 8F010000 		.4byte	.LASF6
 513 005e 02       		.uleb128 0x2
 514 005f 04       		.byte	0x4
 515 0060 07       		.byte	0x7
 516 0061 C2030000 		.4byte	.LASF7
 517 0065 02       		.uleb128 0x2
 518 0066 08       		.byte	0x8
 519 0067 05       		.byte	0x5
 520 0068 81010000 		.4byte	.LASF8
 521 006c 02       		.uleb128 0x2
 522 006d 08       		.byte	0x8
 523 006e 07       		.byte	0x7
 524 006f AB020000 		.4byte	.LASF9
 525 0073 04       		.uleb128 0x4
 526 0074 04       		.byte	0x4
 527 0075 05       		.byte	0x5
 528 0076 696E7400 		.ascii	"int\000"
 529 007a 02       		.uleb128 0x2
 530 007b 04       		.byte	0x4
 531 007c 07       		.byte	0x7
 532 007d C9020000 		.4byte	.LASF10
 533 0081 03       		.uleb128 0x3
 534 0082 11010000 		.4byte	.LASF11
 535 0086 03       		.byte	0x3
 536 0087 18       		.byte	0x18
 537 0088 2C000000 		.4byte	0x2c
 538 008c 03       		.uleb128 0x3
 539 008d 69030000 		.4byte	.LASF12
 540 0091 03       		.byte	0x3
 541 0092 2C       		.byte	0x2c
 542 0093 4C000000 		.4byte	0x4c
 543 0097 05       		.uleb128 0x5
 544 0098 0A010000 		.4byte	.LASF13
 545 009c 04       		.byte	0x4
 546 009d E501     		.2byte	0x1e5
 547 009f 45000000 		.4byte	0x45
 548 00a3 02       		.uleb128 0x2
 549 00a4 04       		.byte	0x4
 550 00a5 04       		.byte	0x4
 551 00a6 7B010000 		.4byte	.LASF14
 552 00aa 02       		.uleb128 0x2
 553 00ab 08       		.byte	0x8
 554 00ac 04       		.byte	0x4
 555 00ad 0E040000 		.4byte	.LASF15
 556 00b1 02       		.uleb128 0x2
 557 00b2 01       		.byte	0x1
 558 00b3 08       		.byte	0x8
 559 00b4 36030000 		.4byte	.LASF16
 560 00b8 02       		.uleb128 0x2
 561 00b9 08       		.byte	0x8
 562 00ba 04       		.byte	0x4
 563 00bb 1C020000 		.4byte	.LASF17
 564 00bf 02       		.uleb128 0x2
 565 00c0 04       		.byte	0x4
 566 00c1 07       		.byte	0x7
 567 00c2 9A000000 		.4byte	.LASF18
 568 00c6 06       		.uleb128 0x6
ARM GAS  C:\Users\sinow\AppData\Local\Temp\cczf4fVe.s 			page 14


 569 00c7 AC030000 		.4byte	.LASF20
 570 00cb 01       		.byte	0x1
 571 00cc 11       		.byte	0x11
 572 00cd 97000000 		.4byte	0x97
 573 00d1 00000000 		.4byte	.LFB64
 574 00d5 14000000 		.4byte	.LFE64-.LFB64
 575 00d9 01       		.uleb128 0x1
 576 00da 9C       		.byte	0x9c
 577 00db EF000000 		.4byte	0xef
 578 00df 07       		.uleb128 0x7
 579 00e0 08000000 		.4byte	.LVL0
 580 00e4 F8060000 		.4byte	0x6f8
 581 00e8 08       		.uleb128 0x8
 582 00e9 01       		.uleb128 0x1
 583 00ea 50       		.byte	0x50
 584 00eb 01       		.uleb128 0x1
 585 00ec 30       		.byte	0x30
 586 00ed 00       		.byte	0
 587 00ee 00       		.byte	0
 588 00ef 09       		.uleb128 0x9
 589 00f0 8B020000 		.4byte	.LASF72
 590 00f4 01       		.byte	0x1
 591 00f5 23       		.byte	0x23
 592 00f6 00000000 		.4byte	.LFB65
 593 00fa 28000000 		.4byte	.LFE65-.LFB65
 594 00fe 01       		.uleb128 0x1
 595 00ff 9C       		.byte	0x9c
 596 0100 A9010000 		.4byte	0x1a9
 597 0104 0A       		.uleb128 0xa
 598 0105 6100     		.ascii	"a\000"
 599 0107 01       		.byte	0x1
 600 0108 23       		.byte	0x23
 601 0109 73000000 		.4byte	0x73
 602 010d 00000000 		.4byte	.LLST0
 603 0111 0A       		.uleb128 0xa
 604 0112 6200     		.ascii	"b\000"
 605 0114 01       		.byte	0x1
 606 0115 23       		.byte	0x23
 607 0116 73000000 		.4byte	0x73
 608 011a 21000000 		.4byte	.LLST1
 609 011e 0A       		.uleb128 0xa
 610 011f 6300     		.ascii	"c\000"
 611 0121 01       		.byte	0x1
 612 0122 23       		.byte	0x23
 613 0123 73000000 		.4byte	0x73
 614 0127 3F000000 		.4byte	.LLST2
 615 012b 0A       		.uleb128 0xa
 616 012c 6400     		.ascii	"d\000"
 617 012e 01       		.byte	0x1
 618 012f 23       		.byte	0x23
 619 0130 73000000 		.4byte	0x73
 620 0134 5D000000 		.4byte	.LLST3
 621 0138 0B       		.uleb128 0xb
 622 0139 98010000 		.4byte	.LASF19
 623 013d 01       		.byte	0x1
 624 013e 23       		.byte	0x23
 625 013f 73000000 		.4byte	0x73
ARM GAS  C:\Users\sinow\AppData\Local\Temp\cczf4fVe.s 			page 15


 626 0143 02       		.uleb128 0x2
 627 0144 91       		.byte	0x91
 628 0145 00       		.sleb128 0
 629 0146 0C       		.uleb128 0xc
 630 0147 0E000000 		.4byte	.LVL3
 631 014b 03070000 		.4byte	0x703
 632 014f 5B010000 		.4byte	0x15b
 633 0153 08       		.uleb128 0x8
 634 0154 01       		.uleb128 0x1
 635 0155 50       		.byte	0x50
 636 0156 03       		.uleb128 0x3
 637 0157 F3       		.byte	0xf3
 638 0158 01       		.uleb128 0x1
 639 0159 50       		.byte	0x50
 640 015a 00       		.byte	0
 641 015b 0C       		.uleb128 0xc
 642 015c 14000000 		.4byte	.LVL4
 643 0160 0E070000 		.4byte	0x70e
 644 0164 6F010000 		.4byte	0x16f
 645 0168 08       		.uleb128 0x8
 646 0169 01       		.uleb128 0x1
 647 016a 50       		.byte	0x50
 648 016b 02       		.uleb128 0x2
 649 016c 76       		.byte	0x76
 650 016d 00       		.sleb128 0
 651 016e 00       		.byte	0
 652 016f 0C       		.uleb128 0xc
 653 0170 1A000000 		.4byte	.LVL5
 654 0174 19070000 		.4byte	0x719
 655 0178 83010000 		.4byte	0x183
 656 017c 08       		.uleb128 0x8
 657 017d 01       		.uleb128 0x1
 658 017e 50       		.byte	0x50
 659 017f 02       		.uleb128 0x2
 660 0180 75       		.byte	0x75
 661 0181 00       		.sleb128 0
 662 0182 00       		.byte	0
 663 0183 0C       		.uleb128 0xc
 664 0184 20000000 		.4byte	.LVL6
 665 0188 24070000 		.4byte	0x724
 666 018c 97010000 		.4byte	0x197
 667 0190 08       		.uleb128 0x8
 668 0191 01       		.uleb128 0x1
 669 0192 50       		.byte	0x50
 670 0193 02       		.uleb128 0x2
 671 0194 74       		.byte	0x74
 672 0195 00       		.sleb128 0
 673 0196 00       		.byte	0
 674 0197 07       		.uleb128 0x7
 675 0198 26000000 		.4byte	.LVL7
 676 019c 2F070000 		.4byte	0x72f
 677 01a0 08       		.uleb128 0x8
 678 01a1 01       		.uleb128 0x1
 679 01a2 50       		.byte	0x50
 680 01a3 03       		.uleb128 0x3
 681 01a4 91       		.byte	0x91
 682 01a5 00       		.sleb128 0
ARM GAS  C:\Users\sinow\AppData\Local\Temp\cczf4fVe.s 			page 16


 683 01a6 06       		.byte	0x6
 684 01a7 00       		.byte	0
 685 01a8 00       		.byte	0
 686 01a9 06       		.uleb128 0x6
 687 01aa 52010000 		.4byte	.LASF21
 688 01ae 01       		.byte	0x1
 689 01af 2D       		.byte	0x2d
 690 01b0 73000000 		.4byte	0x73
 691 01b4 00000000 		.4byte	.LFB66
 692 01b8 18000000 		.4byte	.LFE66-.LFB66
 693 01bc 01       		.uleb128 0x1
 694 01bd 9C       		.byte	0x9c
 695 01be 0F020000 		.4byte	0x20f
 696 01c2 0A       		.uleb128 0xa
 697 01c3 7800     		.ascii	"x\000"
 698 01c5 01       		.byte	0x1
 699 01c6 2D       		.byte	0x2d
 700 01c7 73000000 		.4byte	0x73
 701 01cb 7B000000 		.4byte	.LLST4
 702 01cf 0D       		.uleb128 0xd
 703 01d0 6100     		.ascii	"a\000"
 704 01d2 01       		.byte	0x1
 705 01d3 2D       		.byte	0x2d
 706 01d4 73000000 		.4byte	0x73
 707 01d8 01       		.uleb128 0x1
 708 01d9 51       		.byte	0x51
 709 01da 0A       		.uleb128 0xa
 710 01db 6200     		.ascii	"b\000"
 711 01dd 01       		.byte	0x1
 712 01de 2D       		.byte	0x2d
 713 01df 73000000 		.4byte	0x73
 714 01e3 9C000000 		.4byte	.LLST5
 715 01e7 0D       		.uleb128 0xd
 716 01e8 6300     		.ascii	"c\000"
 717 01ea 01       		.byte	0x1
 718 01eb 2D       		.byte	0x2d
 719 01ec 73000000 		.4byte	0x73
 720 01f0 01       		.uleb128 0x1
 721 01f1 53       		.byte	0x53
 722 01f2 0A       		.uleb128 0xa
 723 01f3 6400     		.ascii	"d\000"
 724 01f5 01       		.byte	0x1
 725 01f6 2D       		.byte	0x2d
 726 01f7 73000000 		.4byte	0x73
 727 01fb BD000000 		.4byte	.LLST6
 728 01ff 0E       		.uleb128 0xe
 729 0200 85000000 		.4byte	.LASF22
 730 0204 01       		.byte	0x1
 731 0205 2F       		.byte	0x2f
 732 0206 73000000 		.4byte	0x73
 733 020a DD000000 		.4byte	.LLST7
 734 020e 00       		.byte	0
 735 020f 0F       		.uleb128 0xf
 736 0210 AF000000 		.4byte	.LASF73
 737 0214 01       		.byte	0x1
 738 0215 36       		.byte	0x36
 739 0216 73000000 		.4byte	0x73
ARM GAS  C:\Users\sinow\AppData\Local\Temp\cczf4fVe.s 			page 17


 740 021a 00000000 		.4byte	.LFB67
 741 021e B0010000 		.4byte	.LFE67-.LFB67
 742 0222 01       		.uleb128 0x1
 743 0223 9C       		.byte	0x9c
 744 0224 B5060000 		.4byte	0x6b5
 745 0228 10       		.uleb128 0x10
 746 0229 90000000 		.4byte	.LASF23
 747 022d 01       		.byte	0x1
 748 022e 3B       		.byte	0x3b
 749 022f B5060000 		.4byte	0x6b5
 750 0233 03       		.uleb128 0x3
 751 0234 91       		.byte	0x91
 752 0235 E07D     		.sleb128 -288
 753 0237 0E       		.uleb128 0xe
 754 0238 D6020000 		.4byte	.LASF24
 755 023c 01       		.byte	0x1
 756 023d 49       		.byte	0x49
 757 023e 73000000 		.4byte	0x73
 758 0242 00010000 		.4byte	.LLST8
 759 0246 0E       		.uleb128 0xe
 760 0247 DB020000 		.4byte	.LASF25
 761 024b 01       		.byte	0x1
 762 024c 4A       		.byte	0x4a
 763 024d 73000000 		.4byte	0x73
 764 0251 13010000 		.4byte	.LLST9
 765 0255 0E       		.uleb128 0xe
 766 0256 E0020000 		.4byte	.LASF26
 767 025a 01       		.byte	0x1
 768 025b 4B       		.byte	0x4b
 769 025c 73000000 		.4byte	0x73
 770 0260 26010000 		.4byte	.LLST10
 771 0264 0E       		.uleb128 0xe
 772 0265 E8030000 		.4byte	.LASF27
 773 0269 01       		.byte	0x1
 774 026a 4D       		.byte	0x4d
 775 026b 73000000 		.4byte	0x73
 776 026f 44010000 		.4byte	.LLST11
 777 0273 0E       		.uleb128 0xe
 778 0274 00000000 		.4byte	.LASF28
 779 0278 01       		.byte	0x1
 780 0279 4E       		.byte	0x4e
 781 027a 73000000 		.4byte	0x73
 782 027e 63010000 		.4byte	.LLST12
 783 0282 0E       		.uleb128 0xe
 784 0283 E4040000 		.4byte	.LASF29
 785 0287 01       		.byte	0x1
 786 0288 50       		.byte	0x50
 787 0289 73000000 		.4byte	0x73
 788 028d 8D010000 		.4byte	.LLST13
 789 0291 0E       		.uleb128 0xe
 790 0292 BB010000 		.4byte	.LASF30
 791 0296 01       		.byte	0x1
 792 0297 51       		.byte	0x51
 793 0298 73000000 		.4byte	0x73
 794 029c AB010000 		.4byte	.LLST14
 795 02a0 0E       		.uleb128 0xe
 796 02a1 C7010000 		.4byte	.LASF31
ARM GAS  C:\Users\sinow\AppData\Local\Temp\cczf4fVe.s 			page 18


 797 02a5 01       		.byte	0x1
 798 02a6 52       		.byte	0x52
 799 02a7 73000000 		.4byte	0x73
 800 02ab C9010000 		.4byte	.LLST15
 801 02af 11       		.uleb128 0x11
 802 02b0 0C000000 		.4byte	.LVL14
 803 02b4 3A070000 		.4byte	0x73a
 804 02b8 11       		.uleb128 0x11
 805 02b9 10000000 		.4byte	.LVL15
 806 02bd 45070000 		.4byte	0x745
 807 02c1 11       		.uleb128 0x11
 808 02c2 14000000 		.4byte	.LVL16
 809 02c6 50070000 		.4byte	0x750
 810 02ca 11       		.uleb128 0x11
 811 02cb 18000000 		.4byte	.LVL17
 812 02cf 5B070000 		.4byte	0x75b
 813 02d3 11       		.uleb128 0x11
 814 02d4 1C000000 		.4byte	.LVL18
 815 02d8 66070000 		.4byte	0x766
 816 02dc 11       		.uleb128 0x11
 817 02dd 20000000 		.4byte	.LVL19
 818 02e1 71070000 		.4byte	0x771
 819 02e5 11       		.uleb128 0x11
 820 02e6 24000000 		.4byte	.LVL20
 821 02ea 7C070000 		.4byte	0x77c
 822 02ee 11       		.uleb128 0x11
 823 02ef 28000000 		.4byte	.LVL21
 824 02f3 87070000 		.4byte	0x787
 825 02f7 11       		.uleb128 0x11
 826 02f8 2C000000 		.4byte	.LVL22
 827 02fc 92070000 		.4byte	0x792
 828 0300 11       		.uleb128 0x11
 829 0301 32000000 		.4byte	.LVL24
 830 0305 9D070000 		.4byte	0x79d
 831 0309 11       		.uleb128 0x11
 832 030a 36000000 		.4byte	.LVL25
 833 030e A8070000 		.4byte	0x7a8
 834 0312 11       		.uleb128 0x11
 835 0313 3A000000 		.4byte	.LVL26
 836 0317 B3070000 		.4byte	0x7b3
 837 031b 0C       		.uleb128 0xc
 838 031c 40000000 		.4byte	.LVL27
 839 0320 BE070000 		.4byte	0x7be
 840 0324 2E030000 		.4byte	0x32e
 841 0328 08       		.uleb128 0x8
 842 0329 01       		.uleb128 0x1
 843 032a 50       		.byte	0x50
 844 032b 01       		.uleb128 0x1
 845 032c 30       		.byte	0x30
 846 032d 00       		.byte	0
 847 032e 0C       		.uleb128 0xc
 848 032f 46000000 		.4byte	.LVL28
 849 0333 C9070000 		.4byte	0x7c9
 850 0337 41030000 		.4byte	0x341
 851 033b 08       		.uleb128 0x8
 852 033c 01       		.uleb128 0x1
 853 033d 50       		.byte	0x50
ARM GAS  C:\Users\sinow\AppData\Local\Temp\cczf4fVe.s 			page 19


 854 033e 01       		.uleb128 0x1
 855 033f 30       		.byte	0x30
 856 0340 00       		.byte	0
 857 0341 0C       		.uleb128 0xc
 858 0342 4C000000 		.4byte	.LVL29
 859 0346 D4070000 		.4byte	0x7d4
 860 034a 54030000 		.4byte	0x354
 861 034e 08       		.uleb128 0x8
 862 034f 01       		.uleb128 0x1
 863 0350 50       		.byte	0x50
 864 0351 01       		.uleb128 0x1
 865 0352 30       		.byte	0x30
 866 0353 00       		.byte	0
 867 0354 11       		.uleb128 0x11
 868 0355 50000000 		.4byte	.LVL30
 869 0359 DF070000 		.4byte	0x7df
 870 035d 11       		.uleb128 0x11
 871 035e 56000000 		.4byte	.LVL31
 872 0362 EA070000 		.4byte	0x7ea
 873 0366 11       		.uleb128 0x11
 874 0367 5A000000 		.4byte	.LVL32
 875 036b F5070000 		.4byte	0x7f5
 876 036f 11       		.uleb128 0x11
 877 0370 5E000000 		.4byte	.LVL33
 878 0374 C6000000 		.4byte	0xc6
 879 0378 11       		.uleb128 0x11
 880 0379 64000000 		.4byte	.LVL35
 881 037d 00080000 		.4byte	0x800
 882 0381 11       		.uleb128 0x11
 883 0382 6C000000 		.4byte	.LVL37
 884 0386 0B080000 		.4byte	0x80b
 885 038a 11       		.uleb128 0x11
 886 038b 72000000 		.4byte	.LVL39
 887 038f 16080000 		.4byte	0x816
 888 0393 0C       		.uleb128 0xc
 889 0394 88000000 		.4byte	.LVL41
 890 0398 A9010000 		.4byte	0x1a9
 891 039c C0030000 		.4byte	0x3c0
 892 03a0 08       		.uleb128 0x8
 893 03a1 01       		.uleb128 0x1
 894 03a2 50       		.byte	0x50
 895 03a3 02       		.uleb128 0x2
 896 03a4 78       		.byte	0x78
 897 03a5 00       		.sleb128 0
 898 03a6 08       		.uleb128 0x8
 899 03a7 01       		.uleb128 0x1
 900 03a8 51       		.byte	0x51
 901 03a9 01       		.uleb128 0x1
 902 03aa 30       		.byte	0x30
 903 03ab 08       		.uleb128 0x8
 904 03ac 01       		.uleb128 0x1
 905 03ad 52       		.byte	0x52
 906 03ae 02       		.uleb128 0x2
 907 03af 08       		.byte	0x8
 908 03b0 FF       		.byte	0xff
 909 03b1 08       		.uleb128 0x8
 910 03b2 01       		.uleb128 0x1
ARM GAS  C:\Users\sinow\AppData\Local\Temp\cczf4fVe.s 			page 20


 911 03b3 53       		.byte	0x53
 912 03b4 03       		.uleb128 0x3
 913 03b5 0A       		.byte	0xa
 914 03b6 5203     		.2byte	0x352
 915 03b8 08       		.uleb128 0x8
 916 03b9 02       		.uleb128 0x2
 917 03ba 7D       		.byte	0x7d
 918 03bb 00       		.sleb128 0
 919 03bc 02       		.uleb128 0x2
 920 03bd 76       		.byte	0x76
 921 03be 00       		.sleb128 0
 922 03bf 00       		.byte	0
 923 03c0 0C       		.uleb128 0xc
 924 03c1 9A000000 		.4byte	.LVL44
 925 03c5 A9010000 		.4byte	0x1a9
 926 03c9 ED030000 		.4byte	0x3ed
 927 03cd 08       		.uleb128 0x8
 928 03ce 01       		.uleb128 0x1
 929 03cf 50       		.byte	0x50
 930 03d0 02       		.uleb128 0x2
 931 03d1 77       		.byte	0x77
 932 03d2 00       		.sleb128 0
 933 03d3 08       		.uleb128 0x8
 934 03d4 01       		.uleb128 0x1
 935 03d5 51       		.byte	0x51
 936 03d6 01       		.uleb128 0x1
 937 03d7 30       		.byte	0x30
 938 03d8 08       		.uleb128 0x8
 939 03d9 01       		.uleb128 0x1
 940 03da 52       		.byte	0x52
 941 03db 02       		.uleb128 0x2
 942 03dc 08       		.byte	0x8
 943 03dd FF       		.byte	0xff
 944 03de 08       		.uleb128 0x8
 945 03df 01       		.uleb128 0x1
 946 03e0 53       		.byte	0x53
 947 03e1 03       		.uleb128 0x3
 948 03e2 0A       		.byte	0xa
 949 03e3 5203     		.2byte	0x352
 950 03e5 08       		.uleb128 0x8
 951 03e6 02       		.uleb128 0x2
 952 03e7 7D       		.byte	0x7d
 953 03e8 00       		.sleb128 0
 954 03e9 02       		.uleb128 0x2
 955 03ea 76       		.byte	0x76
 956 03eb 00       		.sleb128 0
 957 03ec 00       		.byte	0
 958 03ed 0C       		.uleb128 0xc
 959 03ee B0000000 		.4byte	.LVL47
 960 03f2 A9010000 		.4byte	0x1a9
 961 03f6 1B040000 		.4byte	0x41b
 962 03fa 08       		.uleb128 0x8
 963 03fb 01       		.uleb128 0x1
 964 03fc 50       		.byte	0x50
 965 03fd 02       		.uleb128 0x2
 966 03fe 79       		.byte	0x79
 967 03ff 00       		.sleb128 0
ARM GAS  C:\Users\sinow\AppData\Local\Temp\cczf4fVe.s 			page 21


 968 0400 08       		.uleb128 0x8
 969 0401 01       		.uleb128 0x1
 970 0402 51       		.byte	0x51
 971 0403 01       		.uleb128 0x1
 972 0404 3A       		.byte	0x3a
 973 0405 08       		.uleb128 0x8
 974 0406 01       		.uleb128 0x1
 975 0407 52       		.byte	0x52
 976 0408 02       		.uleb128 0x2
 977 0409 08       		.byte	0x8
 978 040a 55       		.byte	0x55
 979 040b 08       		.uleb128 0x8
 980 040c 01       		.uleb128 0x1
 981 040d 53       		.byte	0x53
 982 040e 03       		.uleb128 0x3
 983 040f 0A       		.byte	0xa
 984 0410 5203     		.2byte	0x352
 985 0412 08       		.uleb128 0x8
 986 0413 02       		.uleb128 0x2
 987 0414 7D       		.byte	0x7d
 988 0415 00       		.sleb128 0
 989 0416 03       		.uleb128 0x3
 990 0417 0A       		.byte	0xa
 991 0418 3011     		.2byte	0x1130
 992 041a 00       		.byte	0
 993 041b 0C       		.uleb128 0xc
 994 041c BA000000 		.4byte	.LVL50
 995 0420 21080000 		.4byte	0x821
 996 0424 2F040000 		.4byte	0x42f
 997 0428 08       		.uleb128 0x8
 998 0429 01       		.uleb128 0x1
 999 042a 50       		.byte	0x50
 1000 042b 02       		.uleb128 0x2
 1001 042c 78       		.byte	0x78
 1002 042d 00       		.sleb128 0
 1003 042e 00       		.byte	0
 1004 042f 0C       		.uleb128 0xc
 1005 0430 C0000000 		.4byte	.LVL51
 1006 0434 2C080000 		.4byte	0x82c
 1007 0438 43040000 		.4byte	0x443
 1008 043c 08       		.uleb128 0x8
 1009 043d 01       		.uleb128 0x1
 1010 043e 50       		.byte	0x50
 1011 043f 02       		.uleb128 0x2
 1012 0440 77       		.byte	0x77
 1013 0441 00       		.sleb128 0
 1014 0442 00       		.byte	0
 1015 0443 0C       		.uleb128 0xc
 1016 0444 C6000000 		.4byte	.LVL52
 1017 0448 37080000 		.4byte	0x837
 1018 044c 57040000 		.4byte	0x457
 1019 0450 08       		.uleb128 0x8
 1020 0451 01       		.uleb128 0x1
 1021 0452 50       		.byte	0x50
 1022 0453 02       		.uleb128 0x2
 1023 0454 76       		.byte	0x76
 1024 0455 00       		.sleb128 0
ARM GAS  C:\Users\sinow\AppData\Local\Temp\cczf4fVe.s 			page 22


 1025 0456 00       		.byte	0
 1026 0457 0C       		.uleb128 0xc
 1027 0458 DE000000 		.4byte	.LVL54
 1028 045c EF000000 		.4byte	0xef
 1029 0460 80040000 		.4byte	0x480
 1030 0464 08       		.uleb128 0x8
 1031 0465 01       		.uleb128 0x1
 1032 0466 50       		.byte	0x50
 1033 0467 01       		.uleb128 0x1
 1034 0468 31       		.byte	0x31
 1035 0469 08       		.uleb128 0x8
 1036 046a 01       		.uleb128 0x1
 1037 046b 51       		.byte	0x51
 1038 046c 01       		.uleb128 0x1
 1039 046d 30       		.byte	0x30
 1040 046e 08       		.uleb128 0x8
 1041 046f 01       		.uleb128 0x1
 1042 0470 52       		.byte	0x52
 1043 0471 01       		.uleb128 0x1
 1044 0472 30       		.byte	0x30
 1045 0473 08       		.uleb128 0x8
 1046 0474 01       		.uleb128 0x1
 1047 0475 53       		.byte	0x53
 1048 0476 01       		.uleb128 0x1
 1049 0477 30       		.byte	0x30
 1050 0478 08       		.uleb128 0x8
 1051 0479 02       		.uleb128 0x2
 1052 047a 7D       		.byte	0x7d
 1053 047b 00       		.sleb128 0
 1054 047c 02       		.uleb128 0x2
 1055 047d 79       		.byte	0x79
 1056 047e 00       		.sleb128 0
 1057 047f 00       		.byte	0
 1058 0480 0C       		.uleb128 0xc
 1059 0481 EE000000 		.4byte	.LVL55
 1060 0485 EF000000 		.4byte	0xef
 1061 0489 A9040000 		.4byte	0x4a9
 1062 048d 08       		.uleb128 0x8
 1063 048e 01       		.uleb128 0x1
 1064 048f 50       		.byte	0x50
 1065 0490 01       		.uleb128 0x1
 1066 0491 30       		.byte	0x30
 1067 0492 08       		.uleb128 0x8
 1068 0493 01       		.uleb128 0x1
 1069 0494 51       		.byte	0x51
 1070 0495 01       		.uleb128 0x1
 1071 0496 31       		.byte	0x31
 1072 0497 08       		.uleb128 0x8
 1073 0498 01       		.uleb128 0x1
 1074 0499 52       		.byte	0x52
 1075 049a 01       		.uleb128 0x1
 1076 049b 30       		.byte	0x30
 1077 049c 08       		.uleb128 0x8
 1078 049d 01       		.uleb128 0x1
 1079 049e 53       		.byte	0x53
 1080 049f 01       		.uleb128 0x1
 1081 04a0 30       		.byte	0x30
ARM GAS  C:\Users\sinow\AppData\Local\Temp\cczf4fVe.s 			page 23


 1082 04a1 08       		.uleb128 0x8
 1083 04a2 02       		.uleb128 0x2
 1084 04a3 7D       		.byte	0x7d
 1085 04a4 00       		.sleb128 0
 1086 04a5 02       		.uleb128 0x2
 1087 04a6 79       		.byte	0x79
 1088 04a7 00       		.sleb128 0
 1089 04a8 00       		.byte	0
 1090 04a9 0C       		.uleb128 0xc
 1091 04aa FE000000 		.4byte	.LVL56
 1092 04ae EF000000 		.4byte	0xef
 1093 04b2 D2040000 		.4byte	0x4d2
 1094 04b6 08       		.uleb128 0x8
 1095 04b7 01       		.uleb128 0x1
 1096 04b8 50       		.byte	0x50
 1097 04b9 01       		.uleb128 0x1
 1098 04ba 30       		.byte	0x30
 1099 04bb 08       		.uleb128 0x8
 1100 04bc 01       		.uleb128 0x1
 1101 04bd 51       		.byte	0x51
 1102 04be 01       		.uleb128 0x1
 1103 04bf 30       		.byte	0x30
 1104 04c0 08       		.uleb128 0x8
 1105 04c1 01       		.uleb128 0x1
 1106 04c2 52       		.byte	0x52
 1107 04c3 01       		.uleb128 0x1
 1108 04c4 31       		.byte	0x31
 1109 04c5 08       		.uleb128 0x8
 1110 04c6 01       		.uleb128 0x1
 1111 04c7 53       		.byte	0x53
 1112 04c8 01       		.uleb128 0x1
 1113 04c9 30       		.byte	0x30
 1114 04ca 08       		.uleb128 0x8
 1115 04cb 02       		.uleb128 0x2
 1116 04cc 7D       		.byte	0x7d
 1117 04cd 00       		.sleb128 0
 1118 04ce 02       		.uleb128 0x2
 1119 04cf 79       		.byte	0x79
 1120 04d0 00       		.sleb128 0
 1121 04d1 00       		.byte	0
 1122 04d2 0C       		.uleb128 0xc
 1123 04d3 0E010000 		.4byte	.LVL57
 1124 04d7 EF000000 		.4byte	0xef
 1125 04db FB040000 		.4byte	0x4fb
 1126 04df 08       		.uleb128 0x8
 1127 04e0 01       		.uleb128 0x1
 1128 04e1 50       		.byte	0x50
 1129 04e2 01       		.uleb128 0x1
 1130 04e3 30       		.byte	0x30
 1131 04e4 08       		.uleb128 0x8
 1132 04e5 01       		.uleb128 0x1
 1133 04e6 51       		.byte	0x51
 1134 04e7 01       		.uleb128 0x1
 1135 04e8 30       		.byte	0x30
 1136 04e9 08       		.uleb128 0x8
 1137 04ea 01       		.uleb128 0x1
 1138 04eb 52       		.byte	0x52
ARM GAS  C:\Users\sinow\AppData\Local\Temp\cczf4fVe.s 			page 24


 1139 04ec 01       		.uleb128 0x1
 1140 04ed 30       		.byte	0x30
 1141 04ee 08       		.uleb128 0x8
 1142 04ef 01       		.uleb128 0x1
 1143 04f0 53       		.byte	0x53
 1144 04f1 01       		.uleb128 0x1
 1145 04f2 31       		.byte	0x31
 1146 04f3 08       		.uleb128 0x8
 1147 04f4 02       		.uleb128 0x2
 1148 04f5 7D       		.byte	0x7d
 1149 04f6 00       		.sleb128 0
 1150 04f7 02       		.uleb128 0x2
 1151 04f8 79       		.byte	0x79
 1152 04f9 00       		.sleb128 0
 1153 04fa 00       		.byte	0
 1154 04fb 0C       		.uleb128 0xc
 1155 04fc 22010000 		.4byte	.LVL59
 1156 0500 EF000000 		.4byte	0xef
 1157 0504 24050000 		.4byte	0x524
 1158 0508 08       		.uleb128 0x8
 1159 0509 01       		.uleb128 0x1
 1160 050a 50       		.byte	0x50
 1161 050b 01       		.uleb128 0x1
 1162 050c 30       		.byte	0x30
 1163 050d 08       		.uleb128 0x8
 1164 050e 01       		.uleb128 0x1
 1165 050f 51       		.byte	0x51
 1166 0510 01       		.uleb128 0x1
 1167 0511 30       		.byte	0x30
 1168 0512 08       		.uleb128 0x8
 1169 0513 01       		.uleb128 0x1
 1170 0514 52       		.byte	0x52
 1171 0515 01       		.uleb128 0x1
 1172 0516 31       		.byte	0x31
 1173 0517 08       		.uleb128 0x8
 1174 0518 01       		.uleb128 0x1
 1175 0519 53       		.byte	0x53
 1176 051a 01       		.uleb128 0x1
 1177 051b 30       		.byte	0x30
 1178 051c 08       		.uleb128 0x8
 1179 051d 02       		.uleb128 0x2
 1180 051e 7D       		.byte	0x7d
 1181 051f 00       		.sleb128 0
 1182 0520 02       		.uleb128 0x2
 1183 0521 75       		.byte	0x75
 1184 0522 00       		.sleb128 0
 1185 0523 00       		.byte	0
 1186 0524 0C       		.uleb128 0xc
 1187 0525 30010000 		.4byte	.LVL60
 1188 0529 EF000000 		.4byte	0xef
 1189 052d 4D050000 		.4byte	0x54d
 1190 0531 08       		.uleb128 0x8
 1191 0532 01       		.uleb128 0x1
 1192 0533 50       		.byte	0x50
 1193 0534 01       		.uleb128 0x1
 1194 0535 30       		.byte	0x30
 1195 0536 08       		.uleb128 0x8
ARM GAS  C:\Users\sinow\AppData\Local\Temp\cczf4fVe.s 			page 25


 1196 0537 01       		.uleb128 0x1
 1197 0538 51       		.byte	0x51
 1198 0539 01       		.uleb128 0x1
 1199 053a 31       		.byte	0x31
 1200 053b 08       		.uleb128 0x8
 1201 053c 01       		.uleb128 0x1
 1202 053d 52       		.byte	0x52
 1203 053e 01       		.uleb128 0x1
 1204 053f 30       		.byte	0x30
 1205 0540 08       		.uleb128 0x8
 1206 0541 01       		.uleb128 0x1
 1207 0542 53       		.byte	0x53
 1208 0543 01       		.uleb128 0x1
 1209 0544 30       		.byte	0x30
 1210 0545 08       		.uleb128 0x8
 1211 0546 02       		.uleb128 0x2
 1212 0547 7D       		.byte	0x7d
 1213 0548 00       		.sleb128 0
 1214 0549 02       		.uleb128 0x2
 1215 054a 75       		.byte	0x75
 1216 054b 00       		.sleb128 0
 1217 054c 00       		.byte	0
 1218 054d 0C       		.uleb128 0xc
 1219 054e 3E010000 		.4byte	.LVL61
 1220 0552 EF000000 		.4byte	0xef
 1221 0556 76050000 		.4byte	0x576
 1222 055a 08       		.uleb128 0x8
 1223 055b 01       		.uleb128 0x1
 1224 055c 50       		.byte	0x50
 1225 055d 01       		.uleb128 0x1
 1226 055e 31       		.byte	0x31
 1227 055f 08       		.uleb128 0x8
 1228 0560 01       		.uleb128 0x1
 1229 0561 51       		.byte	0x51
 1230 0562 01       		.uleb128 0x1
 1231 0563 30       		.byte	0x30
 1232 0564 08       		.uleb128 0x8
 1233 0565 01       		.uleb128 0x1
 1234 0566 52       		.byte	0x52
 1235 0567 01       		.uleb128 0x1
 1236 0568 30       		.byte	0x30
 1237 0569 08       		.uleb128 0x8
 1238 056a 01       		.uleb128 0x1
 1239 056b 53       		.byte	0x53
 1240 056c 01       		.uleb128 0x1
 1241 056d 30       		.byte	0x30
 1242 056e 08       		.uleb128 0x8
 1243 056f 02       		.uleb128 0x2
 1244 0570 7D       		.byte	0x7d
 1245 0571 00       		.sleb128 0
 1246 0572 02       		.uleb128 0x2
 1247 0573 75       		.byte	0x75
 1248 0574 00       		.sleb128 0
 1249 0575 00       		.byte	0
 1250 0576 0C       		.uleb128 0xc
 1251 0577 4C010000 		.4byte	.LVL62
 1252 057b EF000000 		.4byte	0xef
ARM GAS  C:\Users\sinow\AppData\Local\Temp\cczf4fVe.s 			page 26


 1253 057f 9F050000 		.4byte	0x59f
 1254 0583 08       		.uleb128 0x8
 1255 0584 01       		.uleb128 0x1
 1256 0585 50       		.byte	0x50
 1257 0586 01       		.uleb128 0x1
 1258 0587 30       		.byte	0x30
 1259 0588 08       		.uleb128 0x8
 1260 0589 01       		.uleb128 0x1
 1261 058a 51       		.byte	0x51
 1262 058b 01       		.uleb128 0x1
 1263 058c 30       		.byte	0x30
 1264 058d 08       		.uleb128 0x8
 1265 058e 01       		.uleb128 0x1
 1266 058f 52       		.byte	0x52
 1267 0590 01       		.uleb128 0x1
 1268 0591 30       		.byte	0x30
 1269 0592 08       		.uleb128 0x8
 1270 0593 01       		.uleb128 0x1
 1271 0594 53       		.byte	0x53
 1272 0595 01       		.uleb128 0x1
 1273 0596 31       		.byte	0x31
 1274 0597 08       		.uleb128 0x8
 1275 0598 02       		.uleb128 0x2
 1276 0599 7D       		.byte	0x7d
 1277 059a 00       		.sleb128 0
 1278 059b 02       		.uleb128 0x2
 1279 059c 75       		.byte	0x75
 1280 059d 00       		.sleb128 0
 1281 059e 00       		.byte	0
 1282 059f 0C       		.uleb128 0xc
 1283 05a0 52010000 		.4byte	.LVL63
 1284 05a4 42080000 		.4byte	0x842
 1285 05a8 B2050000 		.4byte	0x5b2
 1286 05ac 08       		.uleb128 0x8
 1287 05ad 01       		.uleb128 0x1
 1288 05ae 50       		.byte	0x50
 1289 05af 01       		.uleb128 0x1
 1290 05b0 31       		.byte	0x31
 1291 05b1 00       		.byte	0
 1292 05b2 0C       		.uleb128 0xc
 1293 05b3 58010000 		.4byte	.LVL64
 1294 05b7 42080000 		.4byte	0x842
 1295 05bb C5050000 		.4byte	0x5c5
 1296 05bf 08       		.uleb128 0x8
 1297 05c0 01       		.uleb128 0x1
 1298 05c1 50       		.byte	0x50
 1299 05c2 01       		.uleb128 0x1
 1300 05c3 32       		.byte	0x32
 1301 05c4 00       		.byte	0
 1302 05c5 0C       		.uleb128 0xc
 1303 05c6 62010000 		.4byte	.LVL65
 1304 05ca 4D080000 		.4byte	0x84d
 1305 05ce E9050000 		.4byte	0x5e9
 1306 05d2 08       		.uleb128 0x8
 1307 05d3 01       		.uleb128 0x1
 1308 05d4 50       		.byte	0x50
 1309 05d5 03       		.uleb128 0x3
ARM GAS  C:\Users\sinow\AppData\Local\Temp\cczf4fVe.s 			page 27


 1310 05d6 91       		.byte	0x91
 1311 05d7 E07D     		.sleb128 -288
 1312 05d9 08       		.uleb128 0x8
 1313 05da 01       		.uleb128 0x1
 1314 05db 51       		.byte	0x51
 1315 05dc 05       		.uleb128 0x5
 1316 05dd 03       		.byte	0x3
 1317 05de 00000000 		.4byte	.LC0
 1318 05e2 08       		.uleb128 0x8
 1319 05e3 01       		.uleb128 0x1
 1320 05e4 52       		.byte	0x52
 1321 05e5 02       		.uleb128 0x2
 1322 05e6 78       		.byte	0x78
 1323 05e7 00       		.sleb128 0
 1324 05e8 00       		.byte	0
 1325 05e9 0C       		.uleb128 0xc
 1326 05ea 6A010000 		.4byte	.LVL66
 1327 05ee 58080000 		.4byte	0x858
 1328 05f2 01060000 		.4byte	0x601
 1329 05f6 08       		.uleb128 0x8
 1330 05f7 01       		.uleb128 0x1
 1331 05f8 50       		.byte	0x50
 1332 05f9 01       		.uleb128 0x1
 1333 05fa 30       		.byte	0x30
 1334 05fb 08       		.uleb128 0x8
 1335 05fc 01       		.uleb128 0x1
 1336 05fd 51       		.byte	0x51
 1337 05fe 01       		.uleb128 0x1
 1338 05ff 30       		.byte	0x30
 1339 0600 00       		.byte	0
 1340 0601 0C       		.uleb128 0xc
 1341 0602 70010000 		.4byte	.LVL67
 1342 0606 63080000 		.4byte	0x863
 1343 060a 16060000 		.4byte	0x616
 1344 060e 08       		.uleb128 0x8
 1345 060f 01       		.uleb128 0x1
 1346 0610 50       		.byte	0x50
 1347 0611 03       		.uleb128 0x3
 1348 0612 91       		.byte	0x91
 1349 0613 E07D     		.sleb128 -288
 1350 0615 00       		.byte	0
 1351 0616 0C       		.uleb128 0xc
 1352 0617 7A010000 		.4byte	.LVL68
 1353 061b 4D080000 		.4byte	0x84d
 1354 061f 3A060000 		.4byte	0x63a
 1355 0623 08       		.uleb128 0x8
 1356 0624 01       		.uleb128 0x1
 1357 0625 50       		.byte	0x50
 1358 0626 03       		.uleb128 0x3
 1359 0627 91       		.byte	0x91
 1360 0628 E07D     		.sleb128 -288
 1361 062a 08       		.uleb128 0x8
 1362 062b 01       		.uleb128 0x1
 1363 062c 51       		.byte	0x51
 1364 062d 05       		.uleb128 0x5
 1365 062e 03       		.byte	0x3
 1366 062f 08000000 		.4byte	.LC1
ARM GAS  C:\Users\sinow\AppData\Local\Temp\cczf4fVe.s 			page 28


 1367 0633 08       		.uleb128 0x8
 1368 0634 01       		.uleb128 0x1
 1369 0635 52       		.byte	0x52
 1370 0636 02       		.uleb128 0x2
 1371 0637 77       		.byte	0x77
 1372 0638 00       		.sleb128 0
 1373 0639 00       		.byte	0
 1374 063a 0C       		.uleb128 0xc
 1375 063b 82010000 		.4byte	.LVL69
 1376 063f 58080000 		.4byte	0x858
 1377 0643 52060000 		.4byte	0x652
 1378 0647 08       		.uleb128 0x8
 1379 0648 01       		.uleb128 0x1
 1380 0649 50       		.byte	0x50
 1381 064a 01       		.uleb128 0x1
 1382 064b 31       		.byte	0x31
 1383 064c 08       		.uleb128 0x8
 1384 064d 01       		.uleb128 0x1
 1385 064e 51       		.byte	0x51
 1386 064f 01       		.uleb128 0x1
 1387 0650 30       		.byte	0x30
 1388 0651 00       		.byte	0
 1389 0652 0C       		.uleb128 0xc
 1390 0653 88010000 		.4byte	.LVL70
 1391 0657 63080000 		.4byte	0x863
 1392 065b 67060000 		.4byte	0x667
 1393 065f 08       		.uleb128 0x8
 1394 0660 01       		.uleb128 0x1
 1395 0661 50       		.byte	0x50
 1396 0662 03       		.uleb128 0x3
 1397 0663 91       		.byte	0x91
 1398 0664 E07D     		.sleb128 -288
 1399 0666 00       		.byte	0
 1400 0667 0C       		.uleb128 0xc
 1401 0668 92010000 		.4byte	.LVL71
 1402 066c 4D080000 		.4byte	0x84d
 1403 0670 8B060000 		.4byte	0x68b
 1404 0674 08       		.uleb128 0x8
 1405 0675 01       		.uleb128 0x1
 1406 0676 50       		.byte	0x50
 1407 0677 03       		.uleb128 0x3
 1408 0678 91       		.byte	0x91
 1409 0679 E07D     		.sleb128 -288
 1410 067b 08       		.uleb128 0x8
 1411 067c 01       		.uleb128 0x1
 1412 067d 51       		.byte	0x51
 1413 067e 05       		.uleb128 0x5
 1414 067f 03       		.byte	0x3
 1415 0680 10000000 		.4byte	.LC2
 1416 0684 08       		.uleb128 0x8
 1417 0685 01       		.uleb128 0x1
 1418 0686 52       		.byte	0x52
 1419 0687 02       		.uleb128 0x2
 1420 0688 76       		.byte	0x76
 1421 0689 00       		.sleb128 0
 1422 068a 00       		.byte	0
 1423 068b 0C       		.uleb128 0xc
ARM GAS  C:\Users\sinow\AppData\Local\Temp\cczf4fVe.s 			page 29


 1424 068c 9A010000 		.4byte	.LVL72
 1425 0690 58080000 		.4byte	0x858
 1426 0694 A3060000 		.4byte	0x6a3
 1427 0698 08       		.uleb128 0x8
 1428 0699 01       		.uleb128 0x1
 1429 069a 50       		.byte	0x50
 1430 069b 01       		.uleb128 0x1
 1431 069c 38       		.byte	0x38
 1432 069d 08       		.uleb128 0x8
 1433 069e 01       		.uleb128 0x1
 1434 069f 51       		.byte	0x51
 1435 06a0 01       		.uleb128 0x1
 1436 06a1 30       		.byte	0x30
 1437 06a2 00       		.byte	0
 1438 06a3 07       		.uleb128 0x7
 1439 06a4 A0010000 		.4byte	.LVL73
 1440 06a8 63080000 		.4byte	0x863
 1441 06ac 08       		.uleb128 0x8
 1442 06ad 01       		.uleb128 0x1
 1443 06ae 50       		.byte	0x50
 1444 06af 03       		.uleb128 0x3
 1445 06b0 91       		.byte	0x91
 1446 06b1 E07D     		.sleb128 -288
 1447 06b3 00       		.byte	0
 1448 06b4 00       		.byte	0
 1449 06b5 12       		.uleb128 0x12
 1450 06b6 B1000000 		.4byte	0xb1
 1451 06ba C5060000 		.4byte	0x6c5
 1452 06be 13       		.uleb128 0x13
 1453 06bf BF000000 		.4byte	0xbf
 1454 06c3 FF       		.byte	0xff
 1455 06c4 00       		.byte	0
 1456 06c5 14       		.uleb128 0x14
 1457 06c6 39040000 		.4byte	.LASF32
 1458 06ca 05       		.byte	0x5
 1459 06cb 1207     		.2byte	0x712
 1460 06cd D1060000 		.4byte	0x6d1
 1461 06d1 15       		.uleb128 0x15
 1462 06d2 8C000000 		.4byte	0x8c
 1463 06d6 16       		.uleb128 0x16
 1464 06d7 C2020000 		.4byte	.LASF33
 1465 06db 01       		.byte	0x1
 1466 06dc 0F       		.byte	0xf
 1467 06dd 97000000 		.4byte	0x97
 1468 06e1 05       		.uleb128 0x5
 1469 06e2 03       		.byte	0x3
 1470 06e3 00000000 		.4byte	curPos
 1471 06e7 16       		.uleb128 0x16
 1472 06e8 8B030000 		.4byte	.LASF34
 1473 06ec 01       		.byte	0x1
 1474 06ed 0F       		.byte	0xf
 1475 06ee 97000000 		.4byte	0x97
 1476 06f2 05       		.uleb128 0x5
 1477 06f3 03       		.byte	0x3
 1478 06f4 00000000 		.4byte	oldPos
 1479 06f8 17       		.uleb128 0x17
 1480 06f9 36010000 		.4byte	.LASF35
ARM GAS  C:\Users\sinow\AppData\Local\Temp\cczf4fVe.s 			page 30


 1481 06fd 36010000 		.4byte	.LASF35
 1482 0701 06       		.byte	0x6
 1483 0702 A5       		.byte	0xa5
 1484 0703 17       		.uleb128 0x17
 1485 0704 B3010000 		.4byte	.LASF36
 1486 0708 B3010000 		.4byte	.LASF36
 1487 070c 07       		.byte	0x7
 1488 070d 26       		.byte	0x26
 1489 070e 17       		.uleb128 0x17
 1490 070f DC040000 		.4byte	.LASF37
 1491 0713 DC040000 		.4byte	.LASF37
 1492 0717 08       		.byte	0x8
 1493 0718 26       		.byte	0x26
 1494 0719 17       		.uleb128 0x17
 1495 071a 28020000 		.4byte	.LASF38
 1496 071e 28020000 		.4byte	.LASF38
 1497 0722 09       		.byte	0x9
 1498 0723 26       		.byte	0x26
 1499 0724 17       		.uleb128 0x17
 1500 0725 57000000 		.4byte	.LASF39
 1501 0729 57000000 		.4byte	.LASF39
 1502 072d 0A       		.byte	0xa
 1503 072e 26       		.byte	0x26
 1504 072f 17       		.uleb128 0x17
 1505 0730 D4040000 		.4byte	.LASF40
 1506 0734 D4040000 		.4byte	.LASF40
 1507 0738 0B       		.byte	0xb
 1508 0739 76       		.byte	0x76
 1509 073a 17       		.uleb128 0x17
 1510 073b DF000000 		.4byte	.LASF41
 1511 073f DF000000 		.4byte	.LASF41
 1512 0743 0C       		.byte	0xc
 1513 0744 38       		.byte	0x38
 1514 0745 17       		.uleb128 0x17
 1515 0746 6F000000 		.4byte	.LASF42
 1516 074a 6F000000 		.4byte	.LASF42
 1517 074e 0D       		.byte	0xd
 1518 074f 92       		.byte	0x92
 1519 0750 17       		.uleb128 0x17
 1520 0751 5F000000 		.4byte	.LASF43
 1521 0755 5F000000 		.4byte	.LASF43
 1522 0759 0E       		.byte	0xe
 1523 075a 34       		.byte	0x34
 1524 075b 17       		.uleb128 0x17
 1525 075c FD020000 		.4byte	.LASF44
 1526 0760 FD020000 		.4byte	.LASF44
 1527 0764 0F       		.byte	0xf
 1528 0765 92       		.byte	0x92
 1529 0766 17       		.uleb128 0x17
 1530 0767 ED020000 		.4byte	.LASF45
 1531 076b ED020000 		.4byte	.LASF45
 1532 076f 10       		.byte	0x10
 1533 0770 34       		.byte	0x34
 1534 0771 17       		.uleb128 0x17
 1535 0772 23030000 		.4byte	.LASF46
 1536 0776 23030000 		.4byte	.LASF46
 1537 077a 11       		.byte	0x11
ARM GAS  C:\Users\sinow\AppData\Local\Temp\cczf4fVe.s 			page 31


 1538 077b 3A       		.byte	0x3a
 1539 077c 17       		.uleb128 0x17
 1540 077d A3000000 		.4byte	.LASF47
 1541 0781 A3000000 		.4byte	.LASF47
 1542 0785 12       		.byte	0x12
 1543 0786 92       		.byte	0x92
 1544 0787 17       		.uleb128 0x17
 1545 0788 09020000 		.4byte	.LASF48
 1546 078c 09020000 		.4byte	.LASF48
 1547 0790 13       		.byte	0x13
 1548 0791 93       		.byte	0x93
 1549 0792 17       		.uleb128 0x17
 1550 0793 15040000 		.4byte	.LASF49
 1551 0797 15040000 		.4byte	.LASF49
 1552 079b 06       		.byte	0x6
 1553 079c 95       		.byte	0x95
 1554 079d 17       		.uleb128 0x17
 1555 079e 52030000 		.4byte	.LASF50
 1556 07a2 52030000 		.4byte	.LASF50
 1557 07a6 0E       		.byte	0xe
 1558 07a7 D1       		.byte	0xd1
 1559 07a8 17       		.uleb128 0x17
 1560 07a9 74020000 		.4byte	.LASF51
 1561 07ad 74020000 		.4byte	.LASF51
 1562 07b1 10       		.byte	0x10
 1563 07b2 D1       		.byte	0xd1
 1564 07b3 17       		.uleb128 0x17
 1565 07b4 09030000 		.4byte	.LASF52
 1566 07b8 09030000 		.4byte	.LASF52
 1567 07bc 11       		.byte	0x11
 1568 07bd 3D       		.byte	0x3d
 1569 07be 17       		.uleb128 0x17
 1570 07bf 71030000 		.4byte	.LASF53
 1571 07c3 71030000 		.4byte	.LASF53
 1572 07c7 0E       		.byte	0xe
 1573 07c8 39       		.byte	0x39
 1574 07c9 17       		.uleb128 0x17
 1575 07ca F0000000 		.4byte	.LASF54
 1576 07ce F0000000 		.4byte	.LASF54
 1577 07d2 10       		.byte	0x10
 1578 07d3 39       		.byte	0x39
 1579 07d4 17       		.uleb128 0x17
 1580 07d5 19010000 		.4byte	.LASF55
 1581 07d9 19010000 		.4byte	.LASF55
 1582 07dd 11       		.byte	0x11
 1583 07de 3F       		.byte	0x3f
 1584 07df 17       		.uleb128 0x17
 1585 07e0 F0030000 		.4byte	.LASF56
 1586 07e4 F0030000 		.4byte	.LASF56
 1587 07e8 13       		.byte	0x13
 1588 07e9 99       		.byte	0x99
 1589 07ea 17       		.uleb128 0x17
 1590 07eb 30020000 		.4byte	.LASF57
 1591 07ef 30020000 		.4byte	.LASF57
 1592 07f3 06       		.byte	0x6
 1593 07f4 99       		.byte	0x99
 1594 07f5 17       		.uleb128 0x17
ARM GAS  C:\Users\sinow\AppData\Local\Temp\cczf4fVe.s 			page 32


 1595 07f6 54020000 		.4byte	.LASF58
 1596 07fa 54020000 		.4byte	.LASF58
 1597 07fe 13       		.byte	0x13
 1598 07ff 9B       		.byte	0x9b
 1599 0800 17       		.uleb128 0x17
 1600 0801 9E010000 		.4byte	.LASF59
 1601 0805 9E010000 		.4byte	.LASF59
 1602 0809 0E       		.byte	0xe
 1603 080a 3A       		.byte	0x3a
 1604 080b 17       		.uleb128 0x17
 1605 080c D3010000 		.4byte	.LASF60
 1606 0810 D3010000 		.4byte	.LASF60
 1607 0814 10       		.byte	0x10
 1608 0815 3A       		.byte	0x3a
 1609 0816 17       		.uleb128 0x17
 1610 0817 C7000000 		.4byte	.LASF61
 1611 081b C7000000 		.4byte	.LASF61
 1612 081f 11       		.byte	0x11
 1613 0820 40       		.byte	0x40
 1614 0821 17       		.uleb128 0x17
 1615 0822 F6010000 		.4byte	.LASF62
 1616 0826 F6010000 		.4byte	.LASF62
 1617 082a 0D       		.byte	0xd
 1618 082b C3       		.byte	0xc3
 1619 082c 17       		.uleb128 0x17
 1620 082d 68010000 		.4byte	.LASF63
 1621 0831 68010000 		.4byte	.LASF63
 1622 0835 0F       		.byte	0xf
 1623 0836 C3       		.byte	0xc3
 1624 0837 17       		.uleb128 0x17
 1625 0838 B4000000 		.4byte	.LASF64
 1626 083c B4000000 		.4byte	.LASF64
 1627 0840 12       		.byte	0x12
 1628 0841 C3       		.byte	0xc3
 1629 0842 17       		.uleb128 0x17
 1630 0843 93020000 		.4byte	.LASF65
 1631 0847 93020000 		.4byte	.LASF65
 1632 084b 0C       		.byte	0xc
 1633 084c 3A       		.byte	0x3a
 1634 084d 17       		.uleb128 0x17
 1635 084e E5020000 		.4byte	.LASF66
 1636 0852 E5020000 		.4byte	.LASF66
 1637 0856 14       		.byte	0x14
 1638 0857 E7       		.byte	0xe7
 1639 0858 17       		.uleb128 0x17
 1640 0859 D4030000 		.4byte	.LASF67
 1641 085d D4030000 		.4byte	.LASF67
 1642 0861 0C       		.byte	0xc
 1643 0862 3D       		.byte	0x3d
 1644 0863 17       		.uleb128 0x17
 1645 0864 3B030000 		.4byte	.LASF68
 1646 0868 3B030000 		.4byte	.LASF68
 1647 086c 0C       		.byte	0xc
 1648 086d 3C       		.byte	0x3c
 1649 086e 00       		.byte	0
 1650              		.section	.debug_abbrev,"",%progbits
 1651              	.Ldebug_abbrev0:
ARM GAS  C:\Users\sinow\AppData\Local\Temp\cczf4fVe.s 			page 33


 1652 0000 01       		.uleb128 0x1
 1653 0001 11       		.uleb128 0x11
 1654 0002 01       		.byte	0x1
 1655 0003 25       		.uleb128 0x25
 1656 0004 0E       		.uleb128 0xe
 1657 0005 13       		.uleb128 0x13
 1658 0006 0B       		.uleb128 0xb
 1659 0007 03       		.uleb128 0x3
 1660 0008 0E       		.uleb128 0xe
 1661 0009 1B       		.uleb128 0x1b
 1662 000a 0E       		.uleb128 0xe
 1663 000b 55       		.uleb128 0x55
 1664 000c 17       		.uleb128 0x17
 1665 000d 11       		.uleb128 0x11
 1666 000e 01       		.uleb128 0x1
 1667 000f 10       		.uleb128 0x10
 1668 0010 17       		.uleb128 0x17
 1669 0011 00       		.byte	0
 1670 0012 00       		.byte	0
 1671 0013 02       		.uleb128 0x2
 1672 0014 24       		.uleb128 0x24
 1673 0015 00       		.byte	0
 1674 0016 0B       		.uleb128 0xb
 1675 0017 0B       		.uleb128 0xb
 1676 0018 3E       		.uleb128 0x3e
 1677 0019 0B       		.uleb128 0xb
 1678 001a 03       		.uleb128 0x3
 1679 001b 0E       		.uleb128 0xe
 1680 001c 00       		.byte	0
 1681 001d 00       		.byte	0
 1682 001e 03       		.uleb128 0x3
 1683 001f 16       		.uleb128 0x16
 1684 0020 00       		.byte	0
 1685 0021 03       		.uleb128 0x3
 1686 0022 0E       		.uleb128 0xe
 1687 0023 3A       		.uleb128 0x3a
 1688 0024 0B       		.uleb128 0xb
 1689 0025 3B       		.uleb128 0x3b
 1690 0026 0B       		.uleb128 0xb
 1691 0027 49       		.uleb128 0x49
 1692 0028 13       		.uleb128 0x13
 1693 0029 00       		.byte	0
 1694 002a 00       		.byte	0
 1695 002b 04       		.uleb128 0x4
 1696 002c 24       		.uleb128 0x24
 1697 002d 00       		.byte	0
 1698 002e 0B       		.uleb128 0xb
 1699 002f 0B       		.uleb128 0xb
 1700 0030 3E       		.uleb128 0x3e
 1701 0031 0B       		.uleb128 0xb
 1702 0032 03       		.uleb128 0x3
 1703 0033 08       		.uleb128 0x8
 1704 0034 00       		.byte	0
 1705 0035 00       		.byte	0
 1706 0036 05       		.uleb128 0x5
 1707 0037 16       		.uleb128 0x16
 1708 0038 00       		.byte	0
ARM GAS  C:\Users\sinow\AppData\Local\Temp\cczf4fVe.s 			page 34


 1709 0039 03       		.uleb128 0x3
 1710 003a 0E       		.uleb128 0xe
 1711 003b 3A       		.uleb128 0x3a
 1712 003c 0B       		.uleb128 0xb
 1713 003d 3B       		.uleb128 0x3b
 1714 003e 05       		.uleb128 0x5
 1715 003f 49       		.uleb128 0x49
 1716 0040 13       		.uleb128 0x13
 1717 0041 00       		.byte	0
 1718 0042 00       		.byte	0
 1719 0043 06       		.uleb128 0x6
 1720 0044 2E       		.uleb128 0x2e
 1721 0045 01       		.byte	0x1
 1722 0046 3F       		.uleb128 0x3f
 1723 0047 19       		.uleb128 0x19
 1724 0048 03       		.uleb128 0x3
 1725 0049 0E       		.uleb128 0xe
 1726 004a 3A       		.uleb128 0x3a
 1727 004b 0B       		.uleb128 0xb
 1728 004c 3B       		.uleb128 0x3b
 1729 004d 0B       		.uleb128 0xb
 1730 004e 27       		.uleb128 0x27
 1731 004f 19       		.uleb128 0x19
 1732 0050 49       		.uleb128 0x49
 1733 0051 13       		.uleb128 0x13
 1734 0052 11       		.uleb128 0x11
 1735 0053 01       		.uleb128 0x1
 1736 0054 12       		.uleb128 0x12
 1737 0055 06       		.uleb128 0x6
 1738 0056 40       		.uleb128 0x40
 1739 0057 18       		.uleb128 0x18
 1740 0058 9742     		.uleb128 0x2117
 1741 005a 19       		.uleb128 0x19
 1742 005b 01       		.uleb128 0x1
 1743 005c 13       		.uleb128 0x13
 1744 005d 00       		.byte	0
 1745 005e 00       		.byte	0
 1746 005f 07       		.uleb128 0x7
 1747 0060 898201   		.uleb128 0x4109
 1748 0063 01       		.byte	0x1
 1749 0064 11       		.uleb128 0x11
 1750 0065 01       		.uleb128 0x1
 1751 0066 31       		.uleb128 0x31
 1752 0067 13       		.uleb128 0x13
 1753 0068 00       		.byte	0
 1754 0069 00       		.byte	0
 1755 006a 08       		.uleb128 0x8
 1756 006b 8A8201   		.uleb128 0x410a
 1757 006e 00       		.byte	0
 1758 006f 02       		.uleb128 0x2
 1759 0070 18       		.uleb128 0x18
 1760 0071 9142     		.uleb128 0x2111
 1761 0073 18       		.uleb128 0x18
 1762 0074 00       		.byte	0
 1763 0075 00       		.byte	0
 1764 0076 09       		.uleb128 0x9
 1765 0077 2E       		.uleb128 0x2e
ARM GAS  C:\Users\sinow\AppData\Local\Temp\cczf4fVe.s 			page 35


 1766 0078 01       		.byte	0x1
 1767 0079 3F       		.uleb128 0x3f
 1768 007a 19       		.uleb128 0x19
 1769 007b 03       		.uleb128 0x3
 1770 007c 0E       		.uleb128 0xe
 1771 007d 3A       		.uleb128 0x3a
 1772 007e 0B       		.uleb128 0xb
 1773 007f 3B       		.uleb128 0x3b
 1774 0080 0B       		.uleb128 0xb
 1775 0081 27       		.uleb128 0x27
 1776 0082 19       		.uleb128 0x19
 1777 0083 11       		.uleb128 0x11
 1778 0084 01       		.uleb128 0x1
 1779 0085 12       		.uleb128 0x12
 1780 0086 06       		.uleb128 0x6
 1781 0087 40       		.uleb128 0x40
 1782 0088 18       		.uleb128 0x18
 1783 0089 9742     		.uleb128 0x2117
 1784 008b 19       		.uleb128 0x19
 1785 008c 01       		.uleb128 0x1
 1786 008d 13       		.uleb128 0x13
 1787 008e 00       		.byte	0
 1788 008f 00       		.byte	0
 1789 0090 0A       		.uleb128 0xa
 1790 0091 05       		.uleb128 0x5
 1791 0092 00       		.byte	0
 1792 0093 03       		.uleb128 0x3
 1793 0094 08       		.uleb128 0x8
 1794 0095 3A       		.uleb128 0x3a
 1795 0096 0B       		.uleb128 0xb
 1796 0097 3B       		.uleb128 0x3b
 1797 0098 0B       		.uleb128 0xb
 1798 0099 49       		.uleb128 0x49
 1799 009a 13       		.uleb128 0x13
 1800 009b 02       		.uleb128 0x2
 1801 009c 17       		.uleb128 0x17
 1802 009d 00       		.byte	0
 1803 009e 00       		.byte	0
 1804 009f 0B       		.uleb128 0xb
 1805 00a0 05       		.uleb128 0x5
 1806 00a1 00       		.byte	0
 1807 00a2 03       		.uleb128 0x3
 1808 00a3 0E       		.uleb128 0xe
 1809 00a4 3A       		.uleb128 0x3a
 1810 00a5 0B       		.uleb128 0xb
 1811 00a6 3B       		.uleb128 0x3b
 1812 00a7 0B       		.uleb128 0xb
 1813 00a8 49       		.uleb128 0x49
 1814 00a9 13       		.uleb128 0x13
 1815 00aa 02       		.uleb128 0x2
 1816 00ab 18       		.uleb128 0x18
 1817 00ac 00       		.byte	0
 1818 00ad 00       		.byte	0
 1819 00ae 0C       		.uleb128 0xc
 1820 00af 898201   		.uleb128 0x4109
 1821 00b2 01       		.byte	0x1
 1822 00b3 11       		.uleb128 0x11
ARM GAS  C:\Users\sinow\AppData\Local\Temp\cczf4fVe.s 			page 36


 1823 00b4 01       		.uleb128 0x1
 1824 00b5 31       		.uleb128 0x31
 1825 00b6 13       		.uleb128 0x13
 1826 00b7 01       		.uleb128 0x1
 1827 00b8 13       		.uleb128 0x13
 1828 00b9 00       		.byte	0
 1829 00ba 00       		.byte	0
 1830 00bb 0D       		.uleb128 0xd
 1831 00bc 05       		.uleb128 0x5
 1832 00bd 00       		.byte	0
 1833 00be 03       		.uleb128 0x3
 1834 00bf 08       		.uleb128 0x8
 1835 00c0 3A       		.uleb128 0x3a
 1836 00c1 0B       		.uleb128 0xb
 1837 00c2 3B       		.uleb128 0x3b
 1838 00c3 0B       		.uleb128 0xb
 1839 00c4 49       		.uleb128 0x49
 1840 00c5 13       		.uleb128 0x13
 1841 00c6 02       		.uleb128 0x2
 1842 00c7 18       		.uleb128 0x18
 1843 00c8 00       		.byte	0
 1844 00c9 00       		.byte	0
 1845 00ca 0E       		.uleb128 0xe
 1846 00cb 34       		.uleb128 0x34
 1847 00cc 00       		.byte	0
 1848 00cd 03       		.uleb128 0x3
 1849 00ce 0E       		.uleb128 0xe
 1850 00cf 3A       		.uleb128 0x3a
 1851 00d0 0B       		.uleb128 0xb
 1852 00d1 3B       		.uleb128 0x3b
 1853 00d2 0B       		.uleb128 0xb
 1854 00d3 49       		.uleb128 0x49
 1855 00d4 13       		.uleb128 0x13
 1856 00d5 02       		.uleb128 0x2
 1857 00d6 17       		.uleb128 0x17
 1858 00d7 00       		.byte	0
 1859 00d8 00       		.byte	0
 1860 00d9 0F       		.uleb128 0xf
 1861 00da 2E       		.uleb128 0x2e
 1862 00db 01       		.byte	0x1
 1863 00dc 3F       		.uleb128 0x3f
 1864 00dd 19       		.uleb128 0x19
 1865 00de 03       		.uleb128 0x3
 1866 00df 0E       		.uleb128 0xe
 1867 00e0 3A       		.uleb128 0x3a
 1868 00e1 0B       		.uleb128 0xb
 1869 00e2 3B       		.uleb128 0x3b
 1870 00e3 0B       		.uleb128 0xb
 1871 00e4 27       		.uleb128 0x27
 1872 00e5 19       		.uleb128 0x19
 1873 00e6 49       		.uleb128 0x49
 1874 00e7 13       		.uleb128 0x13
 1875 00e8 8701     		.uleb128 0x87
 1876 00ea 19       		.uleb128 0x19
 1877 00eb 11       		.uleb128 0x11
 1878 00ec 01       		.uleb128 0x1
 1879 00ed 12       		.uleb128 0x12
ARM GAS  C:\Users\sinow\AppData\Local\Temp\cczf4fVe.s 			page 37


 1880 00ee 06       		.uleb128 0x6
 1881 00ef 40       		.uleb128 0x40
 1882 00f0 18       		.uleb128 0x18
 1883 00f1 9742     		.uleb128 0x2117
 1884 00f3 19       		.uleb128 0x19
 1885 00f4 01       		.uleb128 0x1
 1886 00f5 13       		.uleb128 0x13
 1887 00f6 00       		.byte	0
 1888 00f7 00       		.byte	0
 1889 00f8 10       		.uleb128 0x10
 1890 00f9 34       		.uleb128 0x34
 1891 00fa 00       		.byte	0
 1892 00fb 03       		.uleb128 0x3
 1893 00fc 0E       		.uleb128 0xe
 1894 00fd 3A       		.uleb128 0x3a
 1895 00fe 0B       		.uleb128 0xb
 1896 00ff 3B       		.uleb128 0x3b
 1897 0100 0B       		.uleb128 0xb
 1898 0101 49       		.uleb128 0x49
 1899 0102 13       		.uleb128 0x13
 1900 0103 02       		.uleb128 0x2
 1901 0104 18       		.uleb128 0x18
 1902 0105 00       		.byte	0
 1903 0106 00       		.byte	0
 1904 0107 11       		.uleb128 0x11
 1905 0108 898201   		.uleb128 0x4109
 1906 010b 00       		.byte	0
 1907 010c 11       		.uleb128 0x11
 1908 010d 01       		.uleb128 0x1
 1909 010e 31       		.uleb128 0x31
 1910 010f 13       		.uleb128 0x13
 1911 0110 00       		.byte	0
 1912 0111 00       		.byte	0
 1913 0112 12       		.uleb128 0x12
 1914 0113 01       		.uleb128 0x1
 1915 0114 01       		.byte	0x1
 1916 0115 49       		.uleb128 0x49
 1917 0116 13       		.uleb128 0x13
 1918 0117 01       		.uleb128 0x1
 1919 0118 13       		.uleb128 0x13
 1920 0119 00       		.byte	0
 1921 011a 00       		.byte	0
 1922 011b 13       		.uleb128 0x13
 1923 011c 21       		.uleb128 0x21
 1924 011d 00       		.byte	0
 1925 011e 49       		.uleb128 0x49
 1926 011f 13       		.uleb128 0x13
 1927 0120 2F       		.uleb128 0x2f
 1928 0121 0B       		.uleb128 0xb
 1929 0122 00       		.byte	0
 1930 0123 00       		.byte	0
 1931 0124 14       		.uleb128 0x14
 1932 0125 34       		.uleb128 0x34
 1933 0126 00       		.byte	0
 1934 0127 03       		.uleb128 0x3
 1935 0128 0E       		.uleb128 0xe
 1936 0129 3A       		.uleb128 0x3a
ARM GAS  C:\Users\sinow\AppData\Local\Temp\cczf4fVe.s 			page 38


 1937 012a 0B       		.uleb128 0xb
 1938 012b 3B       		.uleb128 0x3b
 1939 012c 05       		.uleb128 0x5
 1940 012d 49       		.uleb128 0x49
 1941 012e 13       		.uleb128 0x13
 1942 012f 3F       		.uleb128 0x3f
 1943 0130 19       		.uleb128 0x19
 1944 0131 3C       		.uleb128 0x3c
 1945 0132 19       		.uleb128 0x19
 1946 0133 00       		.byte	0
 1947 0134 00       		.byte	0
 1948 0135 15       		.uleb128 0x15
 1949 0136 35       		.uleb128 0x35
 1950 0137 00       		.byte	0
 1951 0138 49       		.uleb128 0x49
 1952 0139 13       		.uleb128 0x13
 1953 013a 00       		.byte	0
 1954 013b 00       		.byte	0
 1955 013c 16       		.uleb128 0x16
 1956 013d 34       		.uleb128 0x34
 1957 013e 00       		.byte	0
 1958 013f 03       		.uleb128 0x3
 1959 0140 0E       		.uleb128 0xe
 1960 0141 3A       		.uleb128 0x3a
 1961 0142 0B       		.uleb128 0xb
 1962 0143 3B       		.uleb128 0x3b
 1963 0144 0B       		.uleb128 0xb
 1964 0145 49       		.uleb128 0x49
 1965 0146 13       		.uleb128 0x13
 1966 0147 3F       		.uleb128 0x3f
 1967 0148 19       		.uleb128 0x19
 1968 0149 02       		.uleb128 0x2
 1969 014a 18       		.uleb128 0x18
 1970 014b 00       		.byte	0
 1971 014c 00       		.byte	0
 1972 014d 17       		.uleb128 0x17
 1973 014e 2E       		.uleb128 0x2e
 1974 014f 00       		.byte	0
 1975 0150 3F       		.uleb128 0x3f
 1976 0151 19       		.uleb128 0x19
 1977 0152 3C       		.uleb128 0x3c
 1978 0153 19       		.uleb128 0x19
 1979 0154 6E       		.uleb128 0x6e
 1980 0155 0E       		.uleb128 0xe
 1981 0156 03       		.uleb128 0x3
 1982 0157 0E       		.uleb128 0xe
 1983 0158 3A       		.uleb128 0x3a
 1984 0159 0B       		.uleb128 0xb
 1985 015a 3B       		.uleb128 0x3b
 1986 015b 0B       		.uleb128 0xb
 1987 015c 00       		.byte	0
 1988 015d 00       		.byte	0
 1989 015e 00       		.byte	0
 1990              		.section	.debug_loc,"",%progbits
 1991              	.Ldebug_loc0:
 1992              	.LLST0:
 1993 0000 00000000 		.4byte	.LVL1
ARM GAS  C:\Users\sinow\AppData\Local\Temp\cczf4fVe.s 			page 39


 1994 0004 0A000000 		.4byte	.LVL2
 1995 0008 0100     		.2byte	0x1
 1996 000a 50       		.byte	0x50
 1997 000b 0A000000 		.4byte	.LVL2
 1998 000f 28000000 		.4byte	.LFE65
 1999 0013 0400     		.2byte	0x4
 2000 0015 F3       		.byte	0xf3
 2001 0016 01       		.uleb128 0x1
 2002 0017 50       		.byte	0x50
 2003 0018 9F       		.byte	0x9f
 2004 0019 00000000 		.4byte	0
 2005 001d 00000000 		.4byte	0
 2006              	.LLST1:
 2007 0021 00000000 		.4byte	.LVL1
 2008 0025 0D000000 		.4byte	.LVL3-1
 2009 0029 0100     		.2byte	0x1
 2010 002b 51       		.byte	0x51
 2011 002c 0D000000 		.4byte	.LVL3-1
 2012 0030 28000000 		.4byte	.LFE65
 2013 0034 0100     		.2byte	0x1
 2014 0036 56       		.byte	0x56
 2015 0037 00000000 		.4byte	0
 2016 003b 00000000 		.4byte	0
 2017              	.LLST2:
 2018 003f 00000000 		.4byte	.LVL1
 2019 0043 0D000000 		.4byte	.LVL3-1
 2020 0047 0100     		.2byte	0x1
 2021 0049 52       		.byte	0x52
 2022 004a 0D000000 		.4byte	.LVL3-1
 2023 004e 28000000 		.4byte	.LFE65
 2024 0052 0100     		.2byte	0x1
 2025 0054 55       		.byte	0x55
 2026 0055 00000000 		.4byte	0
 2027 0059 00000000 		.4byte	0
 2028              	.LLST3:
 2029 005d 00000000 		.4byte	.LVL1
 2030 0061 0D000000 		.4byte	.LVL3-1
 2031 0065 0100     		.2byte	0x1
 2032 0067 53       		.byte	0x53
 2033 0068 0D000000 		.4byte	.LVL3-1
 2034 006c 28000000 		.4byte	.LFE65
 2035 0070 0100     		.2byte	0x1
 2036 0072 54       		.byte	0x54
 2037 0073 00000000 		.4byte	0
 2038 0077 00000000 		.4byte	0
 2039              	.LLST4:
 2040 007b 00000000 		.4byte	.LVL8
 2041 007f 04000000 		.4byte	.LVL9
 2042 0083 0100     		.2byte	0x1
 2043 0085 50       		.byte	0x50
 2044 0086 04000000 		.4byte	.LVL9
 2045 008a 18000000 		.4byte	.LFE66
 2046 008e 0400     		.2byte	0x4
 2047 0090 F3       		.byte	0xf3
 2048 0091 01       		.uleb128 0x1
 2049 0092 50       		.byte	0x50
 2050 0093 9F       		.byte	0x9f
ARM GAS  C:\Users\sinow\AppData\Local\Temp\cczf4fVe.s 			page 40


 2051 0094 00000000 		.4byte	0
 2052 0098 00000000 		.4byte	0
 2053              	.LLST5:
 2054 009c 00000000 		.4byte	.LVL8
 2055 00a0 0E000000 		.4byte	.LVL10
 2056 00a4 0100     		.2byte	0x1
 2057 00a6 52       		.byte	0x52
 2058 00a7 0E000000 		.4byte	.LVL10
 2059 00ab 18000000 		.4byte	.LFE66
 2060 00af 0400     		.2byte	0x4
 2061 00b1 F3       		.byte	0xf3
 2062 00b2 01       		.uleb128 0x1
 2063 00b3 52       		.byte	0x52
 2064 00b4 9F       		.byte	0x9f
 2065 00b5 00000000 		.4byte	0
 2066 00b9 00000000 		.4byte	0
 2067              	.LLST6:
 2068 00bd 00000000 		.4byte	.LVL8
 2069 00c1 16000000 		.4byte	.LVL13
 2070 00c5 0200     		.2byte	0x2
 2071 00c7 91       		.byte	0x91
 2072 00c8 00       		.sleb128 0
 2073 00c9 16000000 		.4byte	.LVL13
 2074 00cd 18000000 		.4byte	.LFE66
 2075 00d1 0200     		.2byte	0x2
 2076 00d3 7D       		.byte	0x7d
 2077 00d4 00       		.sleb128 0
 2078 00d5 00000000 		.4byte	0
 2079 00d9 00000000 		.4byte	0
 2080              	.LLST7:
 2081 00dd 12000000 		.4byte	.LVL11
 2082 00e1 14000000 		.4byte	.LVL12
 2083 00e5 0600     		.2byte	0x6
 2084 00e7 73       		.byte	0x73
 2085 00e8 00       		.sleb128 0
 2086 00e9 70       		.byte	0x70
 2087 00ea 00       		.sleb128 0
 2088 00eb 22       		.byte	0x22
 2089 00ec 9F       		.byte	0x9f
 2090 00ed 14000000 		.4byte	.LVL12
 2091 00f1 18000000 		.4byte	.LFE66
 2092 00f5 0100     		.2byte	0x1
 2093 00f7 50       		.byte	0x50
 2094 00f8 00000000 		.4byte	0
 2095 00fc 00000000 		.4byte	0
 2096              	.LLST8:
 2097 0100 68000000 		.4byte	.LVL36
 2098 0104 8A000000 		.4byte	.LVL42
 2099 0108 0100     		.2byte	0x1
 2100 010a 58       		.byte	0x58
 2101 010b 00000000 		.4byte	0
 2102 010f 00000000 		.4byte	0
 2103              	.LLST9:
 2104 0113 6E000000 		.4byte	.LVL38
 2105 0117 9C000000 		.4byte	.LVL45
 2106 011b 0100     		.2byte	0x1
 2107 011d 57       		.byte	0x57
ARM GAS  C:\Users\sinow\AppData\Local\Temp\cczf4fVe.s 			page 41


 2108 011e 00000000 		.4byte	0
 2109 0122 00000000 		.4byte	0
 2110              	.LLST10:
 2111 0126 60000000 		.4byte	.LVL34
 2112 012a 63000000 		.4byte	.LVL35-1
 2113 012e 0100     		.2byte	0x1
 2114 0130 50       		.byte	0x50
 2115 0131 63000000 		.4byte	.LVL35-1
 2116 0135 CE000000 		.4byte	.LVL53
 2117 0139 0100     		.2byte	0x1
 2118 013b 59       		.byte	0x59
 2119 013c 00000000 		.4byte	0
 2120 0140 00000000 		.4byte	0
 2121              	.LLST11:
 2122 0144 2C000000 		.4byte	.LVL22
 2123 0148 2E000000 		.4byte	.LVL23
 2124 014c 0200     		.2byte	0x2
 2125 014e 30       		.byte	0x30
 2126 014f 9F       		.byte	0x9f
 2127 0150 74000000 		.4byte	.LVL40
 2128 0154 B0010000 		.4byte	.LFE67
 2129 0158 0100     		.2byte	0x1
 2130 015a 54       		.byte	0x54
 2131 015b 00000000 		.4byte	0
 2132 015f 00000000 		.4byte	0
 2133              	.LLST12:
 2134 0163 2C000000 		.4byte	.LVL22
 2135 0167 2E000000 		.4byte	.LVL23
 2136 016b 0200     		.2byte	0x2
 2137 016d 30       		.byte	0x30
 2138 016e 9F       		.byte	0x9f
 2139 016f 2E000000 		.4byte	.LVL23
 2140 0173 14010000 		.4byte	.LVL58
 2141 0177 0100     		.2byte	0x1
 2142 0179 55       		.byte	0x55
 2143 017a 4C010000 		.4byte	.LVL62
 2144 017e B0010000 		.4byte	.LFE67
 2145 0182 0100     		.2byte	0x1
 2146 0184 54       		.byte	0x54
 2147 0185 00000000 		.4byte	0
 2148 0189 00000000 		.4byte	0
 2149              	.LLST13:
 2150 018d 8A000000 		.4byte	.LVL42
 2151 0191 96000000 		.4byte	.LVL43
 2152 0195 0100     		.2byte	0x1
 2153 0197 50       		.byte	0x50
 2154 0198 96000000 		.4byte	.LVL43
 2155 019c B0010000 		.4byte	.LFE67
 2156 01a0 0100     		.2byte	0x1
 2157 01a2 58       		.byte	0x58
 2158 01a3 00000000 		.4byte	0
 2159 01a7 00000000 		.4byte	0
 2160              	.LLST14:
 2161 01ab 9C000000 		.4byte	.LVL45
 2162 01af AC000000 		.4byte	.LVL46
 2163 01b3 0100     		.2byte	0x1
 2164 01b5 50       		.byte	0x50
ARM GAS  C:\Users\sinow\AppData\Local\Temp\cczf4fVe.s 			page 42


 2165 01b6 AC000000 		.4byte	.LVL46
 2166 01ba B0010000 		.4byte	.LFE67
 2167 01be 0100     		.2byte	0x1
 2168 01c0 57       		.byte	0x57
 2169 01c1 00000000 		.4byte	0
 2170 01c5 00000000 		.4byte	0
 2171              	.LLST15:
 2172 01c9 B2000000 		.4byte	.LVL48
 2173 01cd B6000000 		.4byte	.LVL49
 2174 01d1 0100     		.2byte	0x1
 2175 01d3 50       		.byte	0x50
 2176 01d4 B6000000 		.4byte	.LVL49
 2177 01d8 B0010000 		.4byte	.LFE67
 2178 01dc 0100     		.2byte	0x1
 2179 01de 56       		.byte	0x56
 2180 01df 00000000 		.4byte	0
 2181 01e3 00000000 		.4byte	0
 2182              		.section	.debug_aranges,"",%progbits
 2183 0000 34000000 		.4byte	0x34
 2184 0004 0200     		.2byte	0x2
 2185 0006 00000000 		.4byte	.Ldebug_info0
 2186 000a 04       		.byte	0x4
 2187 000b 00       		.byte	0
 2188 000c 0000     		.2byte	0
 2189 000e 0000     		.2byte	0
 2190 0010 00000000 		.4byte	.LFB64
 2191 0014 14000000 		.4byte	.LFE64-.LFB64
 2192 0018 00000000 		.4byte	.LFB65
 2193 001c 28000000 		.4byte	.LFE65-.LFB65
 2194 0020 00000000 		.4byte	.LFB66
 2195 0024 18000000 		.4byte	.LFE66-.LFB66
 2196 0028 00000000 		.4byte	.LFB67
 2197 002c B0010000 		.4byte	.LFE67-.LFB67
 2198 0030 00000000 		.4byte	0
 2199 0034 00000000 		.4byte	0
 2200              		.section	.debug_ranges,"",%progbits
 2201              	.Ldebug_ranges0:
 2202 0000 00000000 		.4byte	.LFB64
 2203 0004 14000000 		.4byte	.LFE64
 2204 0008 00000000 		.4byte	.LFB65
 2205 000c 28000000 		.4byte	.LFE65
 2206 0010 00000000 		.4byte	.LFB66
 2207 0014 18000000 		.4byte	.LFE66
 2208 0018 00000000 		.4byte	.LFB67
 2209 001c B0010000 		.4byte	.LFE67
 2210 0020 00000000 		.4byte	0
 2211 0024 00000000 		.4byte	0
 2212              		.section	.debug_line,"",%progbits
 2213              	.Ldebug_line0:
 2214 0000 FA020000 		.section	.debug_str,"MS",%progbits,1
 2214      02007002 
 2214      00000201 
 2214      FB0E0D00 
 2214      01010101 
 2215              	.LASF28:
 2216 0000 70726576 		.ascii	"prev_val\000"
 2216      5F76616C 
ARM GAS  C:\Users\sinow\AppData\Local\Temp\cczf4fVe.s 			page 43


 2216      00
 2217              	.LASF71:
 2218 0009 433A5C55 		.ascii	"C:\\Users\\sinow\\Documents\\PSoC Creator\\Lab 5 - "
 2218      73657273 
 2218      5C73696E 
 2218      6F775C44 
 2218      6F63756D 
 2219 0037 46696E61 		.ascii	"Final Project\\Pot_Control.cydsn\000"
 2219      6C205072 
 2219      6F6A6563 
 2219      745C506F 
 2219      745F436F 
 2220              	.LASF39:
 2221 0057 445F5772 		.ascii	"D_Write\000"
 2221      69746500 
 2222              	.LASF43:
 2223 005f 4144435F 		.ascii	"ADC_SAR_1_Start\000"
 2223      5341525F 
 2223      315F5374 
 2223      61727400 
 2224              	.LASF42:
 2225 006f 50574D5F 		.ascii	"PWM_1_Start\000"
 2225      315F5374 
 2225      61727400 
 2226              	.LASF2:
 2227 007b 73686F72 		.ascii	"short int\000"
 2227      7420696E 
 2227      7400
 2228              	.LASF22:
 2229 0085 6D617070 		.ascii	"mapped_out\000"
 2229      65645F6F 
 2229      757400
 2230              	.LASF23:
 2231 0090 6C63644F 		.ascii	"lcdOutput\000"
 2231      75747075 
 2231      7400
 2232              	.LASF18:
 2233 009a 73697A65 		.ascii	"sizetype\000"
 2233      74797065 
 2233      00
 2234              	.LASF47:
 2235 00a3 50574D5F 		.ascii	"PWM_3_Start\000"
 2235      335F5374 
 2235      61727400 
 2236              	.LASF73:
 2237 00af 6D61696E 		.ascii	"main\000"
 2237      00
 2238              	.LASF64:
 2239 00b4 50574D5F 		.ascii	"PWM_3_WriteCompare\000"
 2239      335F5772 
 2239      69746543 
 2239      6F6D7061 
 2239      726500
 2240              	.LASF61:
 2241 00c7 4144435F 		.ascii	"ADC_DelSig_1_GetResult8\000"
 2241      44656C53 
 2241      69675F31 
ARM GAS  C:\Users\sinow\AppData\Local\Temp\cczf4fVe.s 			page 44


 2241      5F476574 
 2241      52657375 
 2242              	.LASF41:
 2243 00df 4C43445F 		.ascii	"LCD_Char_1_Start\000"
 2243      43686172 
 2243      5F315F53 
 2243      74617274 
 2243      00
 2244              	.LASF54:
 2245 00f0 4144435F 		.ascii	"ADC_SAR_2_IsEndConversion\000"
 2245      5341525F 
 2245      325F4973 
 2245      456E6443 
 2245      6F6E7665 
 2246              	.LASF13:
 2247 010a 75696E74 		.ascii	"uint16\000"
 2247      313600
 2248              	.LASF11:
 2249 0111 75696E74 		.ascii	"uint8_t\000"
 2249      385F7400 
 2250              	.LASF55:
 2251 0119 4144435F 		.ascii	"ADC_DelSig_1_IsEndConversion\000"
 2251      44656C53 
 2251      69675F31 
 2251      5F497345 
 2251      6E64436F 
 2252              	.LASF35:
 2253 0136 43617053 		.ascii	"CapSense_CSD_GetCentroidPos\000"
 2253      656E7365 
 2253      5F435344 
 2253      5F476574 
 2253      43656E74 
 2254              	.LASF21:
 2255 0152 72616E67 		.ascii	"range_map\000"
 2255      655F6D61 
 2255      7000
 2256              	.LASF0:
 2257 015c 7369676E 		.ascii	"signed char\000"
 2257      65642063 
 2257      68617200 
 2258              	.LASF63:
 2259 0168 50574D5F 		.ascii	"PWM_2_WriteCompare\000"
 2259      325F5772 
 2259      69746543 
 2259      6F6D7061 
 2259      726500
 2260              	.LASF14:
 2261 017b 666C6F61 		.ascii	"float\000"
 2261      7400
 2262              	.LASF8:
 2263 0181 6C6F6E67 		.ascii	"long long int\000"
 2263      206C6F6E 
 2263      6720696E 
 2263      7400
 2264              	.LASF6:
 2265 018f 6C6F6E67 		.ascii	"long int\000"
 2265      20696E74 
ARM GAS  C:\Users\sinow\AppData\Local\Temp\cczf4fVe.s 			page 45


 2265      00
 2266              	.LASF19:
 2267 0198 64656C61 		.ascii	"delay\000"
 2267      7900
 2268              	.LASF59:
 2269 019e 4144435F 		.ascii	"ADC_SAR_1_GetResult8\000"
 2269      5341525F 
 2269      315F4765 
 2269      74526573 
 2269      756C7438 
 2270              	.LASF36:
 2271 01b3 415F5772 		.ascii	"A_Write\000"
 2271      69746500 
 2272              	.LASF30:
 2273 01bb 6D617070 		.ascii	"mapped_val2\000"
 2273      65645F76 
 2273      616C3200 
 2274              	.LASF31:
 2275 01c7 6D617070 		.ascii	"mapped_val3\000"
 2275      65645F76 
 2275      616C3300 
 2276              	.LASF60:
 2277 01d3 4144435F 		.ascii	"ADC_SAR_2_GetResult8\000"
 2277      5341525F 
 2277      325F4765 
 2277      74526573 
 2277      756C7438 
 2278              	.LASF1:
 2279 01e8 756E7369 		.ascii	"unsigned char\000"
 2279      676E6564 
 2279      20636861 
 2279      7200
 2280              	.LASF62:
 2281 01f6 50574D5F 		.ascii	"PWM_1_WriteCompare\000"
 2281      315F5772 
 2281      69746543 
 2281      6F6D7061 
 2281      726500
 2282              	.LASF48:
 2283 0209 43617053 		.ascii	"CapSense_CSD_Start\000"
 2283      656E7365 
 2283      5F435344 
 2283      5F537461 
 2283      727400
 2284              	.LASF17:
 2285 021c 6C6F6E67 		.ascii	"long double\000"
 2285      20646F75 
 2285      626C6500 
 2286              	.LASF38:
 2287 0228 435F5772 		.ascii	"C_Write\000"
 2287      69746500 
 2288              	.LASF57:
 2289 0230 43617053 		.ascii	"CapSense_CSD_UpdateEnabledBaselines\000"
 2289      656E7365 
 2289      5F435344 
 2289      5F557064 
 2289      61746545 
ARM GAS  C:\Users\sinow\AppData\Local\Temp\cczf4fVe.s 			page 46


 2290              	.LASF58:
 2291 0254 43617053 		.ascii	"CapSense_CSD_ScanEnabledWidgets\000"
 2291      656E7365 
 2291      5F435344 
 2291      5F536361 
 2291      6E456E61 
 2292              	.LASF51:
 2293 0274 4144435F 		.ascii	"ADC_SAR_2_StartConvert\000"
 2293      5341525F 
 2293      325F5374 
 2293      61727443 
 2293      6F6E7665 
 2294              	.LASF72:
 2295 028b 73746570 		.ascii	"stepper\000"
 2295      70657200 
 2296              	.LASF65:
 2297 0293 4C43445F 		.ascii	"LCD_Char_1_WriteControl\000"
 2297      43686172 
 2297      5F315F57 
 2297      72697465 
 2297      436F6E74 
 2298              	.LASF9:
 2299 02ab 6C6F6E67 		.ascii	"long long unsigned int\000"
 2299      206C6F6E 
 2299      6720756E 
 2299      7369676E 
 2299      65642069 
 2300              	.LASF33:
 2301 02c2 63757250 		.ascii	"curPos\000"
 2301      6F7300
 2302              	.LASF10:
 2303 02c9 756E7369 		.ascii	"unsigned int\000"
 2303      676E6564 
 2303      20696E74 
 2303      00
 2304              	.LASF24:
 2305 02d6 76616C31 		.ascii	"val1\000"
 2305      00
 2306              	.LASF25:
 2307 02db 76616C32 		.ascii	"val2\000"
 2307      00
 2308              	.LASF26:
 2309 02e0 76616C33 		.ascii	"val3\000"
 2309      00
 2310              	.LASF66:
 2311 02e5 73707269 		.ascii	"sprintf\000"
 2311      6E746600 
 2312              	.LASF45:
 2313 02ed 4144435F 		.ascii	"ADC_SAR_2_Start\000"
 2313      5341525F 
 2313      325F5374 
 2313      61727400 
 2314              	.LASF44:
 2315 02fd 50574D5F 		.ascii	"PWM_2_Start\000"
 2315      325F5374 
 2315      61727400 
 2316              	.LASF52:
ARM GAS  C:\Users\sinow\AppData\Local\Temp\cczf4fVe.s 			page 47


 2317 0309 4144435F 		.ascii	"ADC_DelSig_1_StartConvert\000"
 2317      44656C53 
 2317      69675F31 
 2317      5F537461 
 2317      7274436F 
 2318              	.LASF46:
 2319 0323 4144435F 		.ascii	"ADC_DelSig_1_Start\000"
 2319      44656C53 
 2319      69675F31 
 2319      5F537461 
 2319      727400
 2320              	.LASF16:
 2321 0336 63686172 		.ascii	"char\000"
 2321      00
 2322              	.LASF68:
 2323 033b 4C43445F 		.ascii	"LCD_Char_1_PrintString\000"
 2323      43686172 
 2323      5F315F50 
 2323      72696E74 
 2323      53747269 
 2324              	.LASF50:
 2325 0352 4144435F 		.ascii	"ADC_SAR_1_StartConvert\000"
 2325      5341525F 
 2325      315F5374 
 2325      61727443 
 2325      6F6E7665 
 2326              	.LASF12:
 2327 0369 696E7433 		.ascii	"int32_t\000"
 2327      325F7400 
 2328              	.LASF53:
 2329 0371 4144435F 		.ascii	"ADC_SAR_1_IsEndConversion\000"
 2329      5341525F 
 2329      315F4973 
 2329      456E6443 
 2329      6F6E7665 
 2330              	.LASF34:
 2331 038b 6F6C6450 		.ascii	"oldPos\000"
 2331      6F7300
 2332              	.LASF3:
 2333 0392 73686F72 		.ascii	"short unsigned int\000"
 2333      7420756E 
 2333      7369676E 
 2333      65642069 
 2333      6E7400
 2334              	.LASF70:
 2335 03a5 6D61696E 		.ascii	"main.c\000"
 2335      2E6300
 2336              	.LASF20:
 2337 03ac 43617053 		.ascii	"CapSense_DisplayState\000"
 2337      656E7365 
 2337      5F446973 
 2337      706C6179 
 2337      53746174 
 2338              	.LASF7:
 2339 03c2 6C6F6E67 		.ascii	"long unsigned int\000"
 2339      20756E73 
 2339      69676E65 
ARM GAS  C:\Users\sinow\AppData\Local\Temp\cczf4fVe.s 			page 48


 2339      6420696E 
 2339      7400
 2340              	.LASF67:
 2341 03d4 4C43445F 		.ascii	"LCD_Char_1_Position\000"
 2341      43686172 
 2341      5F315F50 
 2341      6F736974 
 2341      696F6E00 
 2342              	.LASF27:
 2343 03e8 73746570 		.ascii	"stepVal\000"
 2343      56616C00 
 2344              	.LASF56:
 2345 03f0 43617053 		.ascii	"CapSense_CSD_IsBusy\000"
 2345      656E7365 
 2345      5F435344 
 2345      5F497342 
 2345      75737900 
 2346              	.LASF5:
 2347 0404 5F5F696E 		.ascii	"__int32_t\000"
 2347      7433325F 
 2347      7400
 2348              	.LASF15:
 2349 040e 646F7562 		.ascii	"double\000"
 2349      6C6500
 2350              	.LASF49:
 2351 0415 43617053 		.ascii	"CapSense_CSD_InitializeAllBaselines\000"
 2351      656E7365 
 2351      5F435344 
 2351      5F496E69 
 2351      7469616C 
 2352              	.LASF32:
 2353 0439 49544D5F 		.ascii	"ITM_RxBuffer\000"
 2353      52784275 
 2353      66666572 
 2353      00
 2354              	.LASF69:
 2355 0446 474E5520 		.ascii	"GNU C11 5.4.1 20160609 (release) [ARM/embedded-5-br"
 2355      43313120 
 2355      352E342E 
 2355      31203230 
 2355      31363036 
 2356 0479 616E6368 		.ascii	"anch revision 237715] -mcpu=cortex-m3 -mthumb -g -O"
 2356      20726576 
 2356      6973696F 
 2356      6E203233 
 2356      37373135 
 2357 04ac 67202D66 		.ascii	"g -ffunction-sections -ffat-lto-objects\000"
 2357      66756E63 
 2357      74696F6E 
 2357      2D736563 
 2357      74696F6E 
 2358              	.LASF40:
 2359 04d4 43794465 		.ascii	"CyDelay\000"
 2359      6C617900 
 2360              	.LASF37:
 2361 04dc 425F5772 		.ascii	"B_Write\000"
 2361      69746500 
ARM GAS  C:\Users\sinow\AppData\Local\Temp\cczf4fVe.s 			page 49


 2362              	.LASF29:
 2363 04e4 6D617070 		.ascii	"mapped_val1\000"
 2363      65645F76 
 2363      616C3100 
 2364              	.LASF4:
 2365 04f0 5F5F7569 		.ascii	"__uint8_t\000"
 2365      6E74385F 
 2365      7400
 2366              		.ident	"GCC: (GNU Tools for ARM Embedded Processors) 5.4.1 20160609 (release) [ARM/embedded-5-bran
