ARM GAS  C:\Users\sinow\AppData\Local\Temp\ccAnTmwc.s 			page 1


   1              		.syntax unified
   2              		.cpu cortex-m3
   3              		.fpu softvfp
   4              		.eabi_attribute 20, 1
   5              		.eabi_attribute 21, 1
   6              		.eabi_attribute 23, 3
   7              		.eabi_attribute 24, 1
   8              		.eabi_attribute 25, 1
   9              		.eabi_attribute 26, 1
  10              		.eabi_attribute 30, 6
  11              		.eabi_attribute 34, 1
  12              		.eabi_attribute 18, 4
  13              		.thumb
  14              		.syntax unified
  15              		.file	"cyfitter_cfg.c"
  16              		.text
  17              	.Ltext0:
  18              		.cfi_sections	.debug_frame
  19              		.section	.text.CYMEMZERO,"ax",%progbits
  20              		.align	2
  21              		.thumb
  22              		.thumb_func
  23              		.type	CYMEMZERO, %function
  24              	CYMEMZERO:
  25              	.LFB0:
  26              		.file 1 "Generated_Source\\PSoC5\\cyfitter_cfg.c"
   1:Generated_Source\PSoC5/cyfitter_cfg.c **** 
   2:Generated_Source\PSoC5/cyfitter_cfg.c **** /*******************************************************************************
   3:Generated_Source\PSoC5/cyfitter_cfg.c **** * File Name: cyfitter_cfg.c
   4:Generated_Source\PSoC5/cyfitter_cfg.c **** * 
   5:Generated_Source\PSoC5/cyfitter_cfg.c **** * PSoC Creator  4.2
   6:Generated_Source\PSoC5/cyfitter_cfg.c **** *
   7:Generated_Source\PSoC5/cyfitter_cfg.c **** * Description:
   8:Generated_Source\PSoC5/cyfitter_cfg.c **** * This file contains device initialization code.
   9:Generated_Source\PSoC5/cyfitter_cfg.c **** * Except for the user defined sections in CyClockStartupError(), this file should not be modified.
  10:Generated_Source\PSoC5/cyfitter_cfg.c **** * This file is automatically generated by PSoC Creator.
  11:Generated_Source\PSoC5/cyfitter_cfg.c **** *
  12:Generated_Source\PSoC5/cyfitter_cfg.c **** ********************************************************************************
  13:Generated_Source\PSoC5/cyfitter_cfg.c **** * Copyright (c) 2007-2018 Cypress Semiconductor.  All rights reserved.
  14:Generated_Source\PSoC5/cyfitter_cfg.c **** * You may use this file only in accordance with the license, terms, conditions, 
  15:Generated_Source\PSoC5/cyfitter_cfg.c **** * disclaimers, and limitations in the end user license agreement accompanying 
  16:Generated_Source\PSoC5/cyfitter_cfg.c **** * the software package with which this file was provided.
  17:Generated_Source\PSoC5/cyfitter_cfg.c **** ********************************************************************************/
  18:Generated_Source\PSoC5/cyfitter_cfg.c **** 
  19:Generated_Source\PSoC5/cyfitter_cfg.c **** #include <string.h>
  20:Generated_Source\PSoC5/cyfitter_cfg.c **** #include "cytypes.h"
  21:Generated_Source\PSoC5/cyfitter_cfg.c **** #include "cydevice_trm.h"
  22:Generated_Source\PSoC5/cyfitter_cfg.c **** #include "cyfitter.h"
  23:Generated_Source\PSoC5/cyfitter_cfg.c **** #include "CyLib.h"
  24:Generated_Source\PSoC5/cyfitter_cfg.c **** #include "cyfitter_cfg.h"
  25:Generated_Source\PSoC5/cyfitter_cfg.c **** #include "cyapicallbacks.h"
  26:Generated_Source\PSoC5/cyfitter_cfg.c **** 
  27:Generated_Source\PSoC5/cyfitter_cfg.c **** #define CY_NEED_CYCLOCKSTARTUPERROR 1
  28:Generated_Source\PSoC5/cyfitter_cfg.c **** 
  29:Generated_Source\PSoC5/cyfitter_cfg.c **** 
  30:Generated_Source\PSoC5/cyfitter_cfg.c **** #if defined(__GNUC__) || defined(__ARMCC_VERSION)
  31:Generated_Source\PSoC5/cyfitter_cfg.c ****     #define CYPACKED 
ARM GAS  C:\Users\sinow\AppData\Local\Temp\ccAnTmwc.s 			page 2


  32:Generated_Source\PSoC5/cyfitter_cfg.c ****     #define CYPACKED_ATTR __attribute__ ((packed))
  33:Generated_Source\PSoC5/cyfitter_cfg.c ****     #define CYALIGNED __attribute__ ((aligned))
  34:Generated_Source\PSoC5/cyfitter_cfg.c ****     #define CY_CFG_UNUSED __attribute__ ((unused))
  35:Generated_Source\PSoC5/cyfitter_cfg.c ****     #ifndef CY_CFG_SECTION
  36:Generated_Source\PSoC5/cyfitter_cfg.c ****         #define CY_CFG_SECTION __attribute__ ((section(".psocinit")))
  37:Generated_Source\PSoC5/cyfitter_cfg.c ****     #endif
  38:Generated_Source\PSoC5/cyfitter_cfg.c ****     
  39:Generated_Source\PSoC5/cyfitter_cfg.c ****     #if defined(__ARMCC_VERSION)
  40:Generated_Source\PSoC5/cyfitter_cfg.c ****         #define CY_CFG_MEMORY_BARRIER() __memory_changed()
  41:Generated_Source\PSoC5/cyfitter_cfg.c ****     #else
  42:Generated_Source\PSoC5/cyfitter_cfg.c ****         #define CY_CFG_MEMORY_BARRIER() __sync_synchronize()
  43:Generated_Source\PSoC5/cyfitter_cfg.c ****     #endif
  44:Generated_Source\PSoC5/cyfitter_cfg.c ****     
  45:Generated_Source\PSoC5/cyfitter_cfg.c **** #elif defined(__ICCARM__)
  46:Generated_Source\PSoC5/cyfitter_cfg.c ****     #include <intrinsics.h>
  47:Generated_Source\PSoC5/cyfitter_cfg.c **** 
  48:Generated_Source\PSoC5/cyfitter_cfg.c ****     #define CYPACKED __packed
  49:Generated_Source\PSoC5/cyfitter_cfg.c ****     #define CYPACKED_ATTR 
  50:Generated_Source\PSoC5/cyfitter_cfg.c ****     #define CYALIGNED _Pragma("data_alignment=4")
  51:Generated_Source\PSoC5/cyfitter_cfg.c ****     #define CY_CFG_UNUSED _Pragma("diag_suppress=Pe177")
  52:Generated_Source\PSoC5/cyfitter_cfg.c ****     #define CY_CFG_SECTION _Pragma("location=\".psocinit\"")
  53:Generated_Source\PSoC5/cyfitter_cfg.c ****     
  54:Generated_Source\PSoC5/cyfitter_cfg.c ****     #define CY_CFG_MEMORY_BARRIER() __DMB()
  55:Generated_Source\PSoC5/cyfitter_cfg.c ****     
  56:Generated_Source\PSoC5/cyfitter_cfg.c **** #else
  57:Generated_Source\PSoC5/cyfitter_cfg.c ****     #error Unsupported toolchain
  58:Generated_Source\PSoC5/cyfitter_cfg.c **** #endif
  59:Generated_Source\PSoC5/cyfitter_cfg.c **** 
  60:Generated_Source\PSoC5/cyfitter_cfg.c **** #ifndef CYCODE
  61:Generated_Source\PSoC5/cyfitter_cfg.c ****     #define CYCODE
  62:Generated_Source\PSoC5/cyfitter_cfg.c **** #endif
  63:Generated_Source\PSoC5/cyfitter_cfg.c **** #ifndef CYDATA
  64:Generated_Source\PSoC5/cyfitter_cfg.c ****     #define CYDATA
  65:Generated_Source\PSoC5/cyfitter_cfg.c **** #endif
  66:Generated_Source\PSoC5/cyfitter_cfg.c **** #ifndef CYFAR
  67:Generated_Source\PSoC5/cyfitter_cfg.c ****     #define CYFAR
  68:Generated_Source\PSoC5/cyfitter_cfg.c **** #endif
  69:Generated_Source\PSoC5/cyfitter_cfg.c **** #ifndef CYXDATA
  70:Generated_Source\PSoC5/cyfitter_cfg.c ****     #define CYXDATA
  71:Generated_Source\PSoC5/cyfitter_cfg.c **** #endif
  72:Generated_Source\PSoC5/cyfitter_cfg.c **** 
  73:Generated_Source\PSoC5/cyfitter_cfg.c **** 
  74:Generated_Source\PSoC5/cyfitter_cfg.c **** CY_CFG_UNUSED
  75:Generated_Source\PSoC5/cyfitter_cfg.c **** static void CYMEMZERO(void *s, size_t n);
  76:Generated_Source\PSoC5/cyfitter_cfg.c **** CY_CFG_UNUSED
  77:Generated_Source\PSoC5/cyfitter_cfg.c **** static void CYMEMZERO(void *s, size_t n)
  78:Generated_Source\PSoC5/cyfitter_cfg.c **** {
  27              		.loc 1 78 0
  28              		.cfi_startproc
  29              		@ args = 0, pretend = 0, frame = 8
  30              		@ frame_needed = 1, uses_anonymous_args = 0
  31 0000 80B5     		push	{r7, lr}
  32              		.cfi_def_cfa_offset 8
  33              		.cfi_offset 7, -8
  34              		.cfi_offset 14, -4
  35 0002 82B0     		sub	sp, sp, #8
  36              		.cfi_def_cfa_offset 16
ARM GAS  C:\Users\sinow\AppData\Local\Temp\ccAnTmwc.s 			page 3


  37 0004 00AF     		add	r7, sp, #0
  38              		.cfi_def_cfa_register 7
  39 0006 7860     		str	r0, [r7, #4]
  40 0008 3960     		str	r1, [r7]
  79:Generated_Source\PSoC5/cyfitter_cfg.c **** 	(void)memset(s, 0, n);
  41              		.loc 1 79 0
  42 000a 3A68     		ldr	r2, [r7]
  43 000c 0021     		movs	r1, #0
  44 000e 7868     		ldr	r0, [r7, #4]
  45 0010 FFF7FEFF 		bl	memset
  80:Generated_Source\PSoC5/cyfitter_cfg.c **** }
  46              		.loc 1 80 0
  47 0014 00BF     		nop
  48 0016 0837     		adds	r7, r7, #8
  49              		.cfi_def_cfa_offset 8
  50 0018 BD46     		mov	sp, r7
  51              		.cfi_def_cfa_register 13
  52              		@ sp needed
  53 001a 80BD     		pop	{r7, pc}
  54              		.cfi_endproc
  55              	.LFE0:
  56              		.size	CYMEMZERO, .-CYMEMZERO
  57              		.section	.text.CYCONFIGCPY,"ax",%progbits
  58              		.align	2
  59              		.thumb
  60              		.thumb_func
  61              		.type	CYCONFIGCPY, %function
  62              	CYCONFIGCPY:
  63              	.LFB1:
  81:Generated_Source\PSoC5/cyfitter_cfg.c **** CY_CFG_UNUSED
  82:Generated_Source\PSoC5/cyfitter_cfg.c **** static void CYCONFIGCPY(void *dest, const void *src, size_t n);
  83:Generated_Source\PSoC5/cyfitter_cfg.c **** CY_CFG_UNUSED
  84:Generated_Source\PSoC5/cyfitter_cfg.c **** static void CYCONFIGCPY(void *dest, const void *src, size_t n)
  85:Generated_Source\PSoC5/cyfitter_cfg.c **** {
  64              		.loc 1 85 0
  65              		.cfi_startproc
  66              		@ args = 0, pretend = 0, frame = 16
  67              		@ frame_needed = 1, uses_anonymous_args = 0
  68 0000 80B5     		push	{r7, lr}
  69              		.cfi_def_cfa_offset 8
  70              		.cfi_offset 7, -8
  71              		.cfi_offset 14, -4
  72 0002 84B0     		sub	sp, sp, #16
  73              		.cfi_def_cfa_offset 24
  74 0004 00AF     		add	r7, sp, #0
  75              		.cfi_def_cfa_register 7
  76 0006 F860     		str	r0, [r7, #12]
  77 0008 B960     		str	r1, [r7, #8]
  78 000a 7A60     		str	r2, [r7, #4]
  86:Generated_Source\PSoC5/cyfitter_cfg.c **** 	(void)memcpy(dest, src, n);
  79              		.loc 1 86 0
  80 000c 7A68     		ldr	r2, [r7, #4]
  81 000e B968     		ldr	r1, [r7, #8]
  82 0010 F868     		ldr	r0, [r7, #12]
  83 0012 FFF7FEFF 		bl	memcpy
  87:Generated_Source\PSoC5/cyfitter_cfg.c **** }
  84              		.loc 1 87 0
ARM GAS  C:\Users\sinow\AppData\Local\Temp\ccAnTmwc.s 			page 4


  85 0016 00BF     		nop
  86 0018 1037     		adds	r7, r7, #16
  87              		.cfi_def_cfa_offset 8
  88 001a BD46     		mov	sp, r7
  89              		.cfi_def_cfa_register 13
  90              		@ sp needed
  91 001c 80BD     		pop	{r7, pc}
  92              		.cfi_endproc
  93              	.LFE1:
  94              		.size	CYCONFIGCPY, .-CYCONFIGCPY
  95 001e 00BF     		.section	.text.CYCONFIGCPYCODE,"ax",%progbits
  96              		.align	2
  97              		.thumb
  98              		.thumb_func
  99              		.type	CYCONFIGCPYCODE, %function
 100              	CYCONFIGCPYCODE:
 101              	.LFB2:
  88:Generated_Source\PSoC5/cyfitter_cfg.c **** CY_CFG_UNUSED
  89:Generated_Source\PSoC5/cyfitter_cfg.c **** static void CYCONFIGCPYCODE(void *dest, const void *src, size_t n);
  90:Generated_Source\PSoC5/cyfitter_cfg.c **** CY_CFG_UNUSED
  91:Generated_Source\PSoC5/cyfitter_cfg.c **** static void CYCONFIGCPYCODE(void *dest, const void *src, size_t n)
  92:Generated_Source\PSoC5/cyfitter_cfg.c **** {
 102              		.loc 1 92 0
 103              		.cfi_startproc
 104              		@ args = 0, pretend = 0, frame = 16
 105              		@ frame_needed = 1, uses_anonymous_args = 0
 106 0000 80B5     		push	{r7, lr}
 107              		.cfi_def_cfa_offset 8
 108              		.cfi_offset 7, -8
 109              		.cfi_offset 14, -4
 110 0002 84B0     		sub	sp, sp, #16
 111              		.cfi_def_cfa_offset 24
 112 0004 00AF     		add	r7, sp, #0
 113              		.cfi_def_cfa_register 7
 114 0006 F860     		str	r0, [r7, #12]
 115 0008 B960     		str	r1, [r7, #8]
 116 000a 7A60     		str	r2, [r7, #4]
  93:Generated_Source\PSoC5/cyfitter_cfg.c **** 	(void)memcpy(dest, src, n);
 117              		.loc 1 93 0
 118 000c 7A68     		ldr	r2, [r7, #4]
 119 000e B968     		ldr	r1, [r7, #8]
 120 0010 F868     		ldr	r0, [r7, #12]
 121 0012 FFF7FEFF 		bl	memcpy
  94:Generated_Source\PSoC5/cyfitter_cfg.c **** }
 122              		.loc 1 94 0
 123 0016 00BF     		nop
 124 0018 1037     		adds	r7, r7, #16
 125              		.cfi_def_cfa_offset 8
 126 001a BD46     		mov	sp, r7
 127              		.cfi_def_cfa_register 13
 128              		@ sp needed
 129 001c 80BD     		pop	{r7, pc}
 130              		.cfi_endproc
 131              	.LFE2:
 132              		.size	CYCONFIGCPYCODE, .-CYCONFIGCPYCODE
 133 001e 00BF     		.section	.text.CyClockStartupError,"ax",%progbits
 134              		.align	2
ARM GAS  C:\Users\sinow\AppData\Local\Temp\ccAnTmwc.s 			page 5


 135              		.thumb
 136              		.thumb_func
 137              		.type	CyClockStartupError, %function
 138              	CyClockStartupError:
 139              	.LFB3:
  95:Generated_Source\PSoC5/cyfitter_cfg.c **** 
  96:Generated_Source\PSoC5/cyfitter_cfg.c **** 
  97:Generated_Source\PSoC5/cyfitter_cfg.c **** 
  98:Generated_Source\PSoC5/cyfitter_cfg.c **** 
  99:Generated_Source\PSoC5/cyfitter_cfg.c **** /* Clock startup error codes                                                   */
 100:Generated_Source\PSoC5/cyfitter_cfg.c **** #define CYCLOCKSTART_NO_ERROR    0u
 101:Generated_Source\PSoC5/cyfitter_cfg.c **** #define CYCLOCKSTART_XTAL_ERROR  1u
 102:Generated_Source\PSoC5/cyfitter_cfg.c **** #define CYCLOCKSTART_32KHZ_ERROR 2u
 103:Generated_Source\PSoC5/cyfitter_cfg.c **** #define CYCLOCKSTART_PLL_ERROR   3u
 104:Generated_Source\PSoC5/cyfitter_cfg.c **** #define CYCLOCKSTART_FLL_ERROR   4u
 105:Generated_Source\PSoC5/cyfitter_cfg.c **** #define CYCLOCKSTART_WCO_ERROR   5u
 106:Generated_Source\PSoC5/cyfitter_cfg.c **** 
 107:Generated_Source\PSoC5/cyfitter_cfg.c **** 
 108:Generated_Source\PSoC5/cyfitter_cfg.c **** #ifdef CY_NEED_CYCLOCKSTARTUPERROR
 109:Generated_Source\PSoC5/cyfitter_cfg.c **** /*******************************************************************************
 110:Generated_Source\PSoC5/cyfitter_cfg.c **** * Function Name: CyClockStartupError
 111:Generated_Source\PSoC5/cyfitter_cfg.c **** ********************************************************************************
 112:Generated_Source\PSoC5/cyfitter_cfg.c **** * Summary:
 113:Generated_Source\PSoC5/cyfitter_cfg.c **** *  If an error is encountered during clock configuration (crystal startup error,
 114:Generated_Source\PSoC5/cyfitter_cfg.c **** *  PLL lock error, etc.), the system will end up here.  Unless reimplemented by
 115:Generated_Source\PSoC5/cyfitter_cfg.c **** *  the customer, this function will stop in an infinite loop.
 116:Generated_Source\PSoC5/cyfitter_cfg.c **** *
 117:Generated_Source\PSoC5/cyfitter_cfg.c **** * Parameters:
 118:Generated_Source\PSoC5/cyfitter_cfg.c **** *   void
 119:Generated_Source\PSoC5/cyfitter_cfg.c **** *
 120:Generated_Source\PSoC5/cyfitter_cfg.c **** * Return:
 121:Generated_Source\PSoC5/cyfitter_cfg.c **** *   void
 122:Generated_Source\PSoC5/cyfitter_cfg.c **** *
 123:Generated_Source\PSoC5/cyfitter_cfg.c **** *******************************************************************************/
 124:Generated_Source\PSoC5/cyfitter_cfg.c **** CY_CFG_UNUSED
 125:Generated_Source\PSoC5/cyfitter_cfg.c **** static void CyClockStartupError(uint8 errorCode);
 126:Generated_Source\PSoC5/cyfitter_cfg.c **** CY_CFG_UNUSED
 127:Generated_Source\PSoC5/cyfitter_cfg.c **** static void CyClockStartupError(uint8 errorCode)
 128:Generated_Source\PSoC5/cyfitter_cfg.c **** {
 140              		.loc 1 128 0
 141              		.cfi_startproc
 142              		@ args = 0, pretend = 0, frame = 8
 143              		@ frame_needed = 1, uses_anonymous_args = 0
 144              		@ link register save eliminated.
 145 0000 80B4     		push	{r7}
 146              		.cfi_def_cfa_offset 4
 147              		.cfi_offset 7, -4
 148 0002 83B0     		sub	sp, sp, #12
 149              		.cfi_def_cfa_offset 16
 150 0004 00AF     		add	r7, sp, #0
 151              		.cfi_def_cfa_register 7
 152 0006 0346     		mov	r3, r0
 153 0008 FB71     		strb	r3, [r7, #7]
 154              	.L5:
 129:Generated_Source\PSoC5/cyfitter_cfg.c ****     /* To remove the compiler warning if errorCode not used.                */
 130:Generated_Source\PSoC5/cyfitter_cfg.c ****     errorCode = errorCode;
 131:Generated_Source\PSoC5/cyfitter_cfg.c **** 
ARM GAS  C:\Users\sinow\AppData\Local\Temp\ccAnTmwc.s 			page 6


 132:Generated_Source\PSoC5/cyfitter_cfg.c ****     /* If we have a clock startup error (bad MHz crystal, PLL lock, etc.),  */
 133:Generated_Source\PSoC5/cyfitter_cfg.c ****     /* we will end up here to allow the customer to implement something to  */
 134:Generated_Source\PSoC5/cyfitter_cfg.c ****     /* deal with the clock condition.                                       */
 135:Generated_Source\PSoC5/cyfitter_cfg.c **** 
 136:Generated_Source\PSoC5/cyfitter_cfg.c **** #ifdef CY_CFG_CLOCK_STARTUP_ERROR_CALLBACK
 137:Generated_Source\PSoC5/cyfitter_cfg.c ****     CY_CFG_Clock_Startup_ErrorCallback();
 138:Generated_Source\PSoC5/cyfitter_cfg.c **** #else
 139:Generated_Source\PSoC5/cyfitter_cfg.c ****     /*  If not using CY_CFG_CLOCK_STARTUP_ERROR_CALLBACK, place your clock startup code here. */
 140:Generated_Source\PSoC5/cyfitter_cfg.c ****     /* `#START CyClockStartupError` */
 141:Generated_Source\PSoC5/cyfitter_cfg.c **** 
 142:Generated_Source\PSoC5/cyfitter_cfg.c **** 
 143:Generated_Source\PSoC5/cyfitter_cfg.c **** 
 144:Generated_Source\PSoC5/cyfitter_cfg.c ****     /* `#END` */
 145:Generated_Source\PSoC5/cyfitter_cfg.c **** 
 146:Generated_Source\PSoC5/cyfitter_cfg.c ****     while(1) {}
 155              		.loc 1 146 0 discriminator 1
 156 000a FEE7     		b	.L5
 157              		.cfi_endproc
 158              	.LFE3:
 159              		.size	CyClockStartupError, .-CyClockStartupError
 160              		.section	.text.ClockSetup,"ax",%progbits
 161              		.align	2
 162              		.thumb
 163              		.thumb_func
 164              		.type	ClockSetup, %function
 165              	ClockSetup:
 166              	.LFB4:
 147:Generated_Source\PSoC5/cyfitter_cfg.c **** #endif /* CY_CFG_CLOCK_STARTUP_ERROR_CALLBACK */
 148:Generated_Source\PSoC5/cyfitter_cfg.c **** }
 149:Generated_Source\PSoC5/cyfitter_cfg.c **** #endif
 150:Generated_Source\PSoC5/cyfitter_cfg.c **** 
 151:Generated_Source\PSoC5/cyfitter_cfg.c **** /* IOPINS0_0 Address: CYREG_PRT0_DM0 Size (bytes): 8 */
 152:Generated_Source\PSoC5/cyfitter_cfg.c **** #define BS_IOPINS0_0_VAL ((const uint8 CYFAR *)0x48000000u)
 153:Generated_Source\PSoC5/cyfitter_cfg.c **** 
 154:Generated_Source\PSoC5/cyfitter_cfg.c **** /* IOPINS0_1 Address: CYREG_PRT1_DM0 Size (bytes): 8 */
 155:Generated_Source\PSoC5/cyfitter_cfg.c **** #define BS_IOPINS0_1_VAL ((const uint8 CYFAR *)0x48000008u)
 156:Generated_Source\PSoC5/cyfitter_cfg.c **** 
 157:Generated_Source\PSoC5/cyfitter_cfg.c **** 
 158:Generated_Source\PSoC5/cyfitter_cfg.c **** /*******************************************************************************
 159:Generated_Source\PSoC5/cyfitter_cfg.c **** * Function Name: ClockSetup
 160:Generated_Source\PSoC5/cyfitter_cfg.c **** ********************************************************************************
 161:Generated_Source\PSoC5/cyfitter_cfg.c **** *
 162:Generated_Source\PSoC5/cyfitter_cfg.c **** * Summary:
 163:Generated_Source\PSoC5/cyfitter_cfg.c **** *  Performs the initialization of all of the clocks in the device based on the
 164:Generated_Source\PSoC5/cyfitter_cfg.c **** *  settings in the Clock tab of the DWR.  This includes enabling the requested
 165:Generated_Source\PSoC5/cyfitter_cfg.c **** *  clocks and setting the necessary dividers to produce the desired frequency. 
 166:Generated_Source\PSoC5/cyfitter_cfg.c **** *
 167:Generated_Source\PSoC5/cyfitter_cfg.c **** * Parameters:
 168:Generated_Source\PSoC5/cyfitter_cfg.c **** *  void
 169:Generated_Source\PSoC5/cyfitter_cfg.c **** *
 170:Generated_Source\PSoC5/cyfitter_cfg.c **** * Return:
 171:Generated_Source\PSoC5/cyfitter_cfg.c **** *  void
 172:Generated_Source\PSoC5/cyfitter_cfg.c **** *
 173:Generated_Source\PSoC5/cyfitter_cfg.c **** *******************************************************************************/
 174:Generated_Source\PSoC5/cyfitter_cfg.c **** static void ClockSetup(void);
 175:Generated_Source\PSoC5/cyfitter_cfg.c **** static void ClockSetup(void)
 176:Generated_Source\PSoC5/cyfitter_cfg.c **** {
ARM GAS  C:\Users\sinow\AppData\Local\Temp\ccAnTmwc.s 			page 7


 167              		.loc 1 176 0
 168              		.cfi_startproc
 169              		@ args = 0, pretend = 0, frame = 8
 170              		@ frame_needed = 1, uses_anonymous_args = 0
 171 0000 80B5     		push	{r7, lr}
 172              		.cfi_def_cfa_offset 8
 173              		.cfi_offset 7, -8
 174              		.cfi_offset 14, -4
 175 0002 82B0     		sub	sp, sp, #8
 176              		.cfi_def_cfa_offset 16
 177 0004 00AF     		add	r7, sp, #0
 178              		.cfi_def_cfa_register 7
 177:Generated_Source\PSoC5/cyfitter_cfg.c **** 	uint32 timeout;
 178:Generated_Source\PSoC5/cyfitter_cfg.c **** 	uint8 pllLock;
 179:Generated_Source\PSoC5/cyfitter_cfg.c **** 
 180:Generated_Source\PSoC5/cyfitter_cfg.c **** 
 181:Generated_Source\PSoC5/cyfitter_cfg.c **** 	/* Configure ILO based on settings from Clock DWR */
 182:Generated_Source\PSoC5/cyfitter_cfg.c **** 	CY_SET_XTND_REG8((void CYFAR *)(CYREG_SLOWCLK_ILO_CR0), 0x02u);
 179              		.loc 1 182 0
 180 0006 294B     		ldr	r3, .L11
 181 0008 0222     		movs	r2, #2
 182 000a 1A70     		strb	r2, [r3]
 183:Generated_Source\PSoC5/cyfitter_cfg.c **** 	CY_SET_XTND_REG8((void CYFAR *)(CYREG_CLKDIST_CR), 0x08u);
 183              		.loc 1 183 0
 184 000c 4FF04023 		mov	r3, #1073758208
 185 0010 0822     		movs	r2, #8
 186 0012 1A70     		strb	r2, [r3]
 184:Generated_Source\PSoC5/cyfitter_cfg.c **** 
 185:Generated_Source\PSoC5/cyfitter_cfg.c **** 	/* Configure IMO based on settings from Clock DWR */
 186:Generated_Source\PSoC5/cyfitter_cfg.c **** 	CY_SET_XTND_REG8((void CYFAR *)(CYREG_FASTCLK_IMO_CR), 0x03u);
 187              		.loc 1 186 0
 188 0014 264B     		ldr	r3, .L11+4
 189 0016 0322     		movs	r2, #3
 190 0018 1A70     		strb	r2, [r3]
 187:Generated_Source\PSoC5/cyfitter_cfg.c **** 	CY_SET_XTND_REG8((void CYFAR *)(CYREG_IMO_TR1), (CY_GET_XTND_REG8((void CYFAR *)CYREG_FLSHID_CUST_
 191              		.loc 1 187 0
 192 001a 264B     		ldr	r3, .L11+8
 193 001c 264A     		ldr	r2, .L11+12
 194 001e 1278     		ldrb	r2, [r2]
 195 0020 D2B2     		uxtb	r2, r2
 196 0022 1A70     		strb	r2, [r3]
 188:Generated_Source\PSoC5/cyfitter_cfg.c **** 
 189:Generated_Source\PSoC5/cyfitter_cfg.c **** 	/* Configure PLL based on settings from Clock DWR */
 190:Generated_Source\PSoC5/cyfitter_cfg.c **** 	CY_SET_XTND_REG16((void CYFAR *)(CYREG_FASTCLK_PLL_P), 0x0008u);
 197              		.loc 1 190 0
 198 0024 254B     		ldr	r3, .L11+16
 199 0026 0822     		movs	r2, #8
 200 0028 1A80     		strh	r2, [r3]	@ movhi
 191:Generated_Source\PSoC5/cyfitter_cfg.c **** 	CY_SET_XTND_REG16((void CYFAR *)(CYREG_FASTCLK_PLL_CFG0), 0x1251u);
 201              		.loc 1 191 0
 202 002a 254B     		ldr	r3, .L11+20
 203 002c 41F25122 		movw	r2, #4689
 204 0030 1A80     		strh	r2, [r3]	@ movhi
 192:Generated_Source\PSoC5/cyfitter_cfg.c **** 	/* Wait up to 250us for the PLL to lock */
 193:Generated_Source\PSoC5/cyfitter_cfg.c **** 	pllLock = 0u;
 205              		.loc 1 193 0
 206 0032 0023     		movs	r3, #0
ARM GAS  C:\Users\sinow\AppData\Local\Temp\ccAnTmwc.s 			page 8


 207 0034 FB70     		strb	r3, [r7, #3]
 194:Generated_Source\PSoC5/cyfitter_cfg.c **** 	for (timeout = 250u / 10u; (timeout > 0u) && (pllLock != 0x03u); timeout--)
 208              		.loc 1 194 0
 209 0036 1923     		movs	r3, #25
 210 0038 7B60     		str	r3, [r7, #4]
 211 003a 14E0     		b	.L7
 212              	.L9:
 195:Generated_Source\PSoC5/cyfitter_cfg.c **** 	{ 
 196:Generated_Source\PSoC5/cyfitter_cfg.c **** 		pllLock = 0x03u & ((uint8)((uint8)pllLock << 1) | ((CY_GET_XTND_REG8((void CYFAR *)CYREG_FASTCLK_
 213              		.loc 1 196 0 discriminator 4
 214 003c FB78     		ldrb	r3, [r7, #3]
 215 003e 5B00     		lsls	r3, r3, #1
 216 0040 DAB2     		uxtb	r2, r3
 217 0042 204B     		ldr	r3, .L11+24
 218 0044 1B78     		ldrb	r3, [r3]
 219 0046 DBB2     		uxtb	r3, r3
 220 0048 03F00103 		and	r3, r3, #1
 221 004c DBB2     		uxtb	r3, r3
 222 004e 1343     		orrs	r3, r3, r2
 223 0050 DBB2     		uxtb	r3, r3
 224 0052 03F00303 		and	r3, r3, #3
 225 0056 FB70     		strb	r3, [r7, #3]
 197:Generated_Source\PSoC5/cyfitter_cfg.c **** 		CyDelayCycles(10u * 48u); /* Delay 10us based on 48MHz clock */
 226              		.loc 1 197 0 discriminator 4
 227 0058 4FF4F070 		mov	r0, #480
 228 005c FFF7FEFF 		bl	CyDelayCycles
 194:Generated_Source\PSoC5/cyfitter_cfg.c **** 	for (timeout = 250u / 10u; (timeout > 0u) && (pllLock != 0x03u); timeout--)
 229              		.loc 1 194 0 discriminator 4
 230 0060 7B68     		ldr	r3, [r7, #4]
 231 0062 013B     		subs	r3, r3, #1
 232 0064 7B60     		str	r3, [r7, #4]
 233              	.L7:
 194:Generated_Source\PSoC5/cyfitter_cfg.c **** 	for (timeout = 250u / 10u; (timeout > 0u) && (pllLock != 0x03u); timeout--)
 234              		.loc 1 194 0 is_stmt 0 discriminator 1
 235 0066 7B68     		ldr	r3, [r7, #4]
 236 0068 002B     		cmp	r3, #0
 237 006a 02D0     		beq	.L8
 194:Generated_Source\PSoC5/cyfitter_cfg.c **** 	for (timeout = 250u / 10u; (timeout > 0u) && (pllLock != 0x03u); timeout--)
 238              		.loc 1 194 0 discriminator 3
 239 006c FB78     		ldrb	r3, [r7, #3]	@ zero_extendqisi2
 240 006e 032B     		cmp	r3, #3
 241 0070 E4D1     		bne	.L9
 242              	.L8:
 198:Generated_Source\PSoC5/cyfitter_cfg.c **** 	}
 199:Generated_Source\PSoC5/cyfitter_cfg.c **** 	/* If we ran out of time the PLL didn't lock so go to the error function */
 200:Generated_Source\PSoC5/cyfitter_cfg.c **** 	if (timeout == 0u)
 243              		.loc 1 200 0 is_stmt 1
 244 0072 7B68     		ldr	r3, [r7, #4]
 245 0074 002B     		cmp	r3, #0
 246 0076 02D1     		bne	.L10
 201:Generated_Source\PSoC5/cyfitter_cfg.c **** 	{
 202:Generated_Source\PSoC5/cyfitter_cfg.c **** 		CyClockStartupError(CYCLOCKSTART_PLL_ERROR);
 247              		.loc 1 202 0
 248 0078 0320     		movs	r0, #3
 249 007a FFF7FEFF 		bl	CyClockStartupError
 250              	.L10:
 203:Generated_Source\PSoC5/cyfitter_cfg.c **** 	}
ARM GAS  C:\Users\sinow\AppData\Local\Temp\ccAnTmwc.s 			page 9


 204:Generated_Source\PSoC5/cyfitter_cfg.c **** 
 205:Generated_Source\PSoC5/cyfitter_cfg.c **** 	/* Configure Bus/Master Clock based on settings from Clock DWR */
 206:Generated_Source\PSoC5/cyfitter_cfg.c **** 	CY_SET_XTND_REG16((void CYFAR *)(CYREG_CLKDIST_MSTR0), 0x0100u);
 251              		.loc 1 206 0
 252 007e 124B     		ldr	r3, .L11+28
 253 0080 4FF48072 		mov	r2, #256
 254 0084 1A80     		strh	r2, [r3]	@ movhi
 207:Generated_Source\PSoC5/cyfitter_cfg.c **** 	CY_SET_XTND_REG8((void CYFAR *)(CYREG_CLKDIST_MSTR0), 0x07u);
 255              		.loc 1 207 0
 256 0086 104B     		ldr	r3, .L11+28
 257 0088 0722     		movs	r2, #7
 258 008a 1A70     		strb	r2, [r3]
 208:Generated_Source\PSoC5/cyfitter_cfg.c **** 	CY_SET_XTND_REG8((void CYFAR *)(CYREG_CLKDIST_BCFG0), 0x00u);
 259              		.loc 1 208 0
 260 008c 0F4B     		ldr	r3, .L11+32
 261 008e 0022     		movs	r2, #0
 262 0090 1A70     		strb	r2, [r3]
 209:Generated_Source\PSoC5/cyfitter_cfg.c **** 	CY_SET_XTND_REG8((void CYFAR *)(CYREG_CLKDIST_BCFG2), 0x48u);
 263              		.loc 1 209 0
 264 0092 0F4B     		ldr	r3, .L11+36
 265 0094 4822     		movs	r2, #72
 266 0096 1A70     		strb	r2, [r3]
 210:Generated_Source\PSoC5/cyfitter_cfg.c **** 	CY_SET_XTND_REG8((void CYFAR *)(CYREG_CLKDIST_MSTR0), 0x00u);
 267              		.loc 1 210 0
 268 0098 0B4B     		ldr	r3, .L11+28
 269 009a 0022     		movs	r2, #0
 270 009c 1A70     		strb	r2, [r3]
 211:Generated_Source\PSoC5/cyfitter_cfg.c **** 	CY_SET_XTND_REG8((void CYFAR *)(CYREG_CLKDIST_LD), 0x02u);
 271              		.loc 1 211 0
 272 009e 0D4B     		ldr	r3, .L11+40
 273 00a0 0222     		movs	r2, #2
 274 00a2 1A70     		strb	r2, [r3]
 212:Generated_Source\PSoC5/cyfitter_cfg.c **** }
 275              		.loc 1 212 0
 276 00a4 00BF     		nop
 277 00a6 0837     		adds	r7, r7, #8
 278              		.cfi_def_cfa_offset 8
 279 00a8 BD46     		mov	sp, r7
 280              		.cfi_def_cfa_register 13
 281              		@ sp needed
 282 00aa 80BD     		pop	{r7, pc}
 283              	.L12:
 284              		.align	2
 285              	.L11:
 286 00ac 00430040 		.word	1073758976
 287 00b0 00420040 		.word	1073758720
 288 00b4 A1460040 		.word	1073759905
 289 00b8 08010049 		.word	1224737032
 290 00bc 22420040 		.word	1073758754
 291 00c0 20420040 		.word	1073758752
 292 00c4 25420040 		.word	1073758757
 293 00c8 04400040 		.word	1073758212
 294 00cc 06400040 		.word	1073758214
 295 00d0 08400040 		.word	1073758216
 296 00d4 01400040 		.word	1073758209
 297              		.cfi_endproc
 298              	.LFE4:
ARM GAS  C:\Users\sinow\AppData\Local\Temp\ccAnTmwc.s 			page 10


 299              		.size	ClockSetup, .-ClockSetup
 300              		.section	.text.AnalogSetDefault,"ax",%progbits
 301              		.align	2
 302              		.thumb
 303              		.thumb_func
 304              		.type	AnalogSetDefault, %function
 305              	AnalogSetDefault:
 306              	.LFB5:
 213:Generated_Source\PSoC5/cyfitter_cfg.c **** 
 214:Generated_Source\PSoC5/cyfitter_cfg.c **** 
 215:Generated_Source\PSoC5/cyfitter_cfg.c **** /* Analog API Functions */
 216:Generated_Source\PSoC5/cyfitter_cfg.c **** 
 217:Generated_Source\PSoC5/cyfitter_cfg.c **** 
 218:Generated_Source\PSoC5/cyfitter_cfg.c **** /*******************************************************************************
 219:Generated_Source\PSoC5/cyfitter_cfg.c **** * Function Name: AnalogSetDefault
 220:Generated_Source\PSoC5/cyfitter_cfg.c **** ********************************************************************************
 221:Generated_Source\PSoC5/cyfitter_cfg.c **** *
 222:Generated_Source\PSoC5/cyfitter_cfg.c **** * Summary:
 223:Generated_Source\PSoC5/cyfitter_cfg.c **** *  Sets up the analog portions of the chip to default values based on chip
 224:Generated_Source\PSoC5/cyfitter_cfg.c **** *  configuration options from the project.
 225:Generated_Source\PSoC5/cyfitter_cfg.c **** *
 226:Generated_Source\PSoC5/cyfitter_cfg.c **** * Parameters:
 227:Generated_Source\PSoC5/cyfitter_cfg.c **** *  void
 228:Generated_Source\PSoC5/cyfitter_cfg.c **** *
 229:Generated_Source\PSoC5/cyfitter_cfg.c **** * Return:
 230:Generated_Source\PSoC5/cyfitter_cfg.c **** *  void
 231:Generated_Source\PSoC5/cyfitter_cfg.c **** *
 232:Generated_Source\PSoC5/cyfitter_cfg.c **** *******************************************************************************/
 233:Generated_Source\PSoC5/cyfitter_cfg.c **** static void AnalogSetDefault(void);
 234:Generated_Source\PSoC5/cyfitter_cfg.c **** static void AnalogSetDefault(void)
 235:Generated_Source\PSoC5/cyfitter_cfg.c **** {
 307              		.loc 1 235 0
 308              		.cfi_startproc
 309              		@ args = 0, pretend = 0, frame = 8
 310              		@ frame_needed = 1, uses_anonymous_args = 0
 311              		@ link register save eliminated.
 312 0000 80B4     		push	{r7}
 313              		.cfi_def_cfa_offset 4
 314              		.cfi_offset 7, -4
 315 0002 83B0     		sub	sp, sp, #12
 316              		.cfi_def_cfa_offset 16
 317 0004 00AF     		add	r7, sp, #0
 318              		.cfi_def_cfa_register 7
 236:Generated_Source\PSoC5/cyfitter_cfg.c **** 	uint8 bg_xover_inl_trim = CY_GET_XTND_REG8((void CYFAR *)(CYREG_FLSHID_MFG_CFG_BG_XOVER_INL_TRIM +
 319              		.loc 1 236 0
 320 0006 0B4B     		ldr	r3, .L14
 321 0008 1B78     		ldrb	r3, [r3]
 322 000a FB71     		strb	r3, [r7, #7]
 237:Generated_Source\PSoC5/cyfitter_cfg.c **** 	CY_SET_XTND_REG8((void CYFAR *)(CYREG_BG_DFT0), (bg_xover_inl_trim & 0x07u));
 323              		.loc 1 237 0
 324 000c 0A4A     		ldr	r2, .L14+4
 325 000e FB79     		ldrb	r3, [r7, #7]
 326 0010 03F00703 		and	r3, r3, #7
 327 0014 DBB2     		uxtb	r3, r3
 328 0016 1370     		strb	r3, [r2]
 238:Generated_Source\PSoC5/cyfitter_cfg.c **** 	CY_SET_XTND_REG8((void CYFAR *)(CYREG_BG_DFT1), ((bg_xover_inl_trim >> 4) & 0x0Fu));
 329              		.loc 1 238 0
ARM GAS  C:\Users\sinow\AppData\Local\Temp\ccAnTmwc.s 			page 11


 330 0018 084A     		ldr	r2, .L14+8
 331 001a FB79     		ldrb	r3, [r7, #7]	@ zero_extendqisi2
 332 001c 1B09     		lsrs	r3, r3, #4
 333 001e DBB2     		uxtb	r3, r3
 334 0020 1370     		strb	r3, [r2]
 239:Generated_Source\PSoC5/cyfitter_cfg.c **** 	CY_SET_XTND_REG8((void CYFAR *)CYREG_PUMP_CR0, 0x44u);
 335              		.loc 1 239 0
 336 0022 074B     		ldr	r3, .L14+12
 337 0024 4422     		movs	r2, #68
 338 0026 1A70     		strb	r2, [r3]
 240:Generated_Source\PSoC5/cyfitter_cfg.c **** }
 339              		.loc 1 240 0
 340 0028 00BF     		nop
 341 002a 0C37     		adds	r7, r7, #12
 342              		.cfi_def_cfa_offset 4
 343 002c BD46     		mov	sp, r7
 344              		.cfi_def_cfa_register 13
 345              		@ sp needed
 346 002e 80BC     		pop	{r7}
 347              		.cfi_restore 7
 348              		.cfi_def_cfa_offset 0
 349 0030 7047     		bx	lr
 350              	.L15:
 351 0032 00BF     		.align	2
 352              	.L14:
 353 0034 CF010049 		.word	1224737231
 354 0038 6E580040 		.word	1073764462
 355 003c 6F580040 		.word	1073764463
 356 0040 76580040 		.word	1073764470
 357              		.cfi_endproc
 358              	.LFE5:
 359              		.size	AnalogSetDefault, .-AnalogSetDefault
 360              		.section	.text.SetAnalogRoutingPumps,"ax",%progbits
 361              		.align	2
 362              		.global	SetAnalogRoutingPumps
 363              		.thumb
 364              		.thumb_func
 365              		.type	SetAnalogRoutingPumps, %function
 366              	SetAnalogRoutingPumps:
 367              	.LFB6:
 241:Generated_Source\PSoC5/cyfitter_cfg.c **** 
 242:Generated_Source\PSoC5/cyfitter_cfg.c **** 
 243:Generated_Source\PSoC5/cyfitter_cfg.c **** /*******************************************************************************
 244:Generated_Source\PSoC5/cyfitter_cfg.c **** * Function Name: SetAnalogRoutingPumps
 245:Generated_Source\PSoC5/cyfitter_cfg.c **** ********************************************************************************
 246:Generated_Source\PSoC5/cyfitter_cfg.c **** *
 247:Generated_Source\PSoC5/cyfitter_cfg.c **** * Summary:
 248:Generated_Source\PSoC5/cyfitter_cfg.c **** * Enables or disables the analog pumps feeding analog routing switches.
 249:Generated_Source\PSoC5/cyfitter_cfg.c **** * Intended to be called at startup, based on the Vdda system configuration;
 250:Generated_Source\PSoC5/cyfitter_cfg.c **** * may be called during operation when the user informs us that the Vdda voltage
 251:Generated_Source\PSoC5/cyfitter_cfg.c **** * crossed the pump threshold.
 252:Generated_Source\PSoC5/cyfitter_cfg.c **** *
 253:Generated_Source\PSoC5/cyfitter_cfg.c **** * Parameters:
 254:Generated_Source\PSoC5/cyfitter_cfg.c **** *  enabled - 1 to enable the pumps, 0 to disable the pumps
 255:Generated_Source\PSoC5/cyfitter_cfg.c **** *
 256:Generated_Source\PSoC5/cyfitter_cfg.c **** * Return:
 257:Generated_Source\PSoC5/cyfitter_cfg.c **** *  void
ARM GAS  C:\Users\sinow\AppData\Local\Temp\ccAnTmwc.s 			page 12


 258:Generated_Source\PSoC5/cyfitter_cfg.c **** *
 259:Generated_Source\PSoC5/cyfitter_cfg.c **** *******************************************************************************/
 260:Generated_Source\PSoC5/cyfitter_cfg.c **** void SetAnalogRoutingPumps(uint8 enabled)
 261:Generated_Source\PSoC5/cyfitter_cfg.c **** {
 368              		.loc 1 261 0
 369              		.cfi_startproc
 370              		@ args = 0, pretend = 0, frame = 16
 371              		@ frame_needed = 1, uses_anonymous_args = 0
 372              		@ link register save eliminated.
 373 0000 80B4     		push	{r7}
 374              		.cfi_def_cfa_offset 4
 375              		.cfi_offset 7, -4
 376 0002 85B0     		sub	sp, sp, #20
 377              		.cfi_def_cfa_offset 24
 378 0004 00AF     		add	r7, sp, #0
 379              		.cfi_def_cfa_register 7
 380 0006 0346     		mov	r3, r0
 381 0008 FB71     		strb	r3, [r7, #7]
 262:Generated_Source\PSoC5/cyfitter_cfg.c **** 	uint8 regValue = CY_GET_XTND_REG8((void CYFAR *)CYREG_PUMP_CR0);
 382              		.loc 1 262 0
 383 000a 064B     		ldr	r3, .L19
 384 000c 1B78     		ldrb	r3, [r3]
 385 000e FB73     		strb	r3, [r7, #15]
 263:Generated_Source\PSoC5/cyfitter_cfg.c **** 	if (enabled != 0u)
 386              		.loc 1 263 0
 387 0010 FB79     		ldrb	r3, [r7, #7]	@ zero_extendqisi2
 388 0012 002B     		cmp	r3, #0
 264:Generated_Source\PSoC5/cyfitter_cfg.c **** 	{
 265:Generated_Source\PSoC5/cyfitter_cfg.c **** 		regValue |= 0x00u;
 266:Generated_Source\PSoC5/cyfitter_cfg.c **** 	}
 267:Generated_Source\PSoC5/cyfitter_cfg.c **** 	else
 268:Generated_Source\PSoC5/cyfitter_cfg.c **** 	{
 269:Generated_Source\PSoC5/cyfitter_cfg.c **** 		regValue &= (uint8)~0x00u;
 270:Generated_Source\PSoC5/cyfitter_cfg.c **** 	}
 271:Generated_Source\PSoC5/cyfitter_cfg.c **** 	CY_SET_XTND_REG8((void CYFAR *)CYREG_PUMP_CR0, regValue);
 389              		.loc 1 271 0
 390 0014 034A     		ldr	r2, .L19
 391 0016 FB7B     		ldrb	r3, [r7, #15]
 392 0018 1370     		strb	r3, [r2]
 272:Generated_Source\PSoC5/cyfitter_cfg.c **** }
 393              		.loc 1 272 0
 394 001a 00BF     		nop
 395 001c 1437     		adds	r7, r7, #20
 396              		.cfi_def_cfa_offset 4
 397 001e BD46     		mov	sp, r7
 398              		.cfi_def_cfa_register 13
 399              		@ sp needed
 400 0020 80BC     		pop	{r7}
 401              		.cfi_restore 7
 402              		.cfi_def_cfa_offset 0
 403 0022 7047     		bx	lr
 404              	.L20:
 405              		.align	2
 406              	.L19:
 407 0024 76580040 		.word	1073764470
 408              		.cfi_endproc
 409              	.LFE6:
ARM GAS  C:\Users\sinow\AppData\Local\Temp\ccAnTmwc.s 			page 13


 410              		.size	SetAnalogRoutingPumps, .-SetAnalogRoutingPumps
 411              		.section	.text.cyfitter_cfg,"ax",%progbits
 412              		.align	2
 413              		.global	cyfitter_cfg
 414              		.thumb
 415              		.thumb_func
 416              		.type	cyfitter_cfg, %function
 417              	cyfitter_cfg:
 418              	.LFB7:
 273:Generated_Source\PSoC5/cyfitter_cfg.c **** 
 274:Generated_Source\PSoC5/cyfitter_cfg.c **** 
 275:Generated_Source\PSoC5/cyfitter_cfg.c **** 
 276:Generated_Source\PSoC5/cyfitter_cfg.c **** 
 277:Generated_Source\PSoC5/cyfitter_cfg.c **** /*******************************************************************************
 278:Generated_Source\PSoC5/cyfitter_cfg.c **** * Function Name: cyfitter_cfg
 279:Generated_Source\PSoC5/cyfitter_cfg.c **** ********************************************************************************
 280:Generated_Source\PSoC5/cyfitter_cfg.c **** * Summary:
 281:Generated_Source\PSoC5/cyfitter_cfg.c **** *  This function is called by the start-up code for the selected device. It
 282:Generated_Source\PSoC5/cyfitter_cfg.c **** *  performs all of the necessary device configuration based on the design
 283:Generated_Source\PSoC5/cyfitter_cfg.c **** *  settings.  This includes settings from the Design Wide Resources (DWR) such
 284:Generated_Source\PSoC5/cyfitter_cfg.c **** *  as Clocks and Pins as well as any component configuration that is necessary.
 285:Generated_Source\PSoC5/cyfitter_cfg.c **** *
 286:Generated_Source\PSoC5/cyfitter_cfg.c **** * Parameters:
 287:Generated_Source\PSoC5/cyfitter_cfg.c **** *   void
 288:Generated_Source\PSoC5/cyfitter_cfg.c **** *
 289:Generated_Source\PSoC5/cyfitter_cfg.c **** * Return:
 290:Generated_Source\PSoC5/cyfitter_cfg.c **** *   void
 291:Generated_Source\PSoC5/cyfitter_cfg.c **** *
 292:Generated_Source\PSoC5/cyfitter_cfg.c **** *******************************************************************************/
 293:Generated_Source\PSoC5/cyfitter_cfg.c **** 
 294:Generated_Source\PSoC5/cyfitter_cfg.c **** void cyfitter_cfg(void)
 295:Generated_Source\PSoC5/cyfitter_cfg.c **** {
 419              		.loc 1 295 0
 420              		.cfi_startproc
 421              		@ args = 0, pretend = 0, frame = 8
 422              		@ frame_needed = 1, uses_anonymous_args = 0
 423 0000 80B5     		push	{r7, lr}
 424              		.cfi_def_cfa_offset 8
 425              		.cfi_offset 7, -8
 426              		.cfi_offset 14, -4
 427 0002 82B0     		sub	sp, sp, #8
 428              		.cfi_def_cfa_offset 16
 429 0004 00AF     		add	r7, sp, #0
 430              		.cfi_def_cfa_register 7
 296:Generated_Source\PSoC5/cyfitter_cfg.c **** #ifdef CYGlobalIntDisable
 297:Generated_Source\PSoC5/cyfitter_cfg.c **** 	/* Disable interrupts by default. Let user enable if/when they want. */
 298:Generated_Source\PSoC5/cyfitter_cfg.c **** 	CYGlobalIntDisable
 431              		.loc 1 298 0
 432              		.syntax unified
 433              	@ 298 "Generated_Source\PSoC5\cyfitter_cfg.c" 1
 434 0006 72B6     		CPSID   i
 435              	@ 0 "" 2
 299:Generated_Source\PSoC5/cyfitter_cfg.c **** #endif
 300:Generated_Source\PSoC5/cyfitter_cfg.c **** 
 301:Generated_Source\PSoC5/cyfitter_cfg.c **** 	/* Enable/Disable Debug functionality based on settings from System DWR */
 302:Generated_Source\PSoC5/cyfitter_cfg.c **** 	CY_SET_XTND_REG8((void CYFAR *)CYREG_MLOGIC_DEBUG, (CY_GET_XTND_REG8((void CYFAR *)CYREG_MLOGIC_DE
 436              		.loc 1 302 0
ARM GAS  C:\Users\sinow\AppData\Local\Temp\ccAnTmwc.s 			page 14


 437              		.thumb
 438              		.syntax unified
 439 0008 2D4A     		ldr	r2, .L24
 440 000a 2D4B     		ldr	r3, .L24
 441 000c 1B78     		ldrb	r3, [r3]
 442 000e DBB2     		uxtb	r3, r3
 443 0010 43F00403 		orr	r3, r3, #4
 444 0014 DBB2     		uxtb	r3, r3
 445 0016 1370     		strb	r3, [r2]
 446              	.LBB2:
 303:Generated_Source\PSoC5/cyfitter_cfg.c **** 
 304:Generated_Source\PSoC5/cyfitter_cfg.c **** 	{
 305:Generated_Source\PSoC5/cyfitter_cfg.c **** 
 306:Generated_Source\PSoC5/cyfitter_cfg.c **** 		CYPACKED typedef struct {
 307:Generated_Source\PSoC5/cyfitter_cfg.c **** 			void CYFAR *address;
 308:Generated_Source\PSoC5/cyfitter_cfg.c **** 			uint16 size;
 309:Generated_Source\PSoC5/cyfitter_cfg.c **** 		} CYPACKED_ATTR cfg_memset_t;
 310:Generated_Source\PSoC5/cyfitter_cfg.c **** 
 311:Generated_Source\PSoC5/cyfitter_cfg.c **** 		static const cfg_memset_t CYCODE cfg_memset_list[] = {
 312:Generated_Source\PSoC5/cyfitter_cfg.c **** 			/* address, size */
 313:Generated_Source\PSoC5/cyfitter_cfg.c **** 			{(void CYFAR *)(CYREG_PRT2_DR), 80u},
 314:Generated_Source\PSoC5/cyfitter_cfg.c **** 			{(void CYFAR *)(CYREG_PRT12_DR), 16u},
 315:Generated_Source\PSoC5/cyfitter_cfg.c **** 			{(void CYFAR *)(CYREG_PRT15_DR), 16u},
 316:Generated_Source\PSoC5/cyfitter_cfg.c **** 			{(void CYFAR *)(CYDEV_UCFG_B0_P0_U0_BASE), 4096u},
 317:Generated_Source\PSoC5/cyfitter_cfg.c **** 			{(void CYFAR *)(CYDEV_UCFG_B1_P2_U0_BASE), 2048u},
 318:Generated_Source\PSoC5/cyfitter_cfg.c **** 			{(void CYFAR *)(CYDEV_UCFG_DSI0_BASE), 2560u},
 319:Generated_Source\PSoC5/cyfitter_cfg.c **** 			{(void CYFAR *)(CYDEV_UCFG_DSI12_BASE), 512u},
 320:Generated_Source\PSoC5/cyfitter_cfg.c **** 			{(void CYFAR *)(CYREG_BCTL0_MDCLK_EN), 32u},
 321:Generated_Source\PSoC5/cyfitter_cfg.c **** 		};
 322:Generated_Source\PSoC5/cyfitter_cfg.c **** 
 323:Generated_Source\PSoC5/cyfitter_cfg.c **** 		uint8 CYDATA i;
 324:Generated_Source\PSoC5/cyfitter_cfg.c **** 
 325:Generated_Source\PSoC5/cyfitter_cfg.c **** 		/* Zero out critical memory blocks before beginning configuration */
 326:Generated_Source\PSoC5/cyfitter_cfg.c **** 		for (i = 0u; i < (sizeof(cfg_memset_list)/sizeof(cfg_memset_list[0])); i++)
 447              		.loc 1 326 0
 448 0018 0023     		movs	r3, #0
 449 001a FB71     		strb	r3, [r7, #7]
 450 001c 13E0     		b	.L22
 451              	.L23:
 452              	.LBB3:
 327:Generated_Source\PSoC5/cyfitter_cfg.c **** 		{
 328:Generated_Source\PSoC5/cyfitter_cfg.c **** 			const cfg_memset_t CYCODE * CYDATA ms = &cfg_memset_list[i];
 453              		.loc 1 328 0 discriminator 3
 454 001e FA79     		ldrb	r2, [r7, #7]	@ zero_extendqisi2
 455 0020 1346     		mov	r3, r2
 456 0022 5B00     		lsls	r3, r3, #1
 457 0024 1344     		add	r3, r3, r2
 458 0026 5B00     		lsls	r3, r3, #1
 459 0028 264A     		ldr	r2, .L24+4
 460 002a 1344     		add	r3, r3, r2
 461 002c 3B60     		str	r3, [r7]
 329:Generated_Source\PSoC5/cyfitter_cfg.c **** 			CYMEMZERO(ms->address, (size_t)(uint32)(ms->size));
 462              		.loc 1 329 0 discriminator 3
 463 002e 3B68     		ldr	r3, [r7]
 464 0030 1A68     		ldr	r2, [r3]	@ unaligned
 465 0032 3B68     		ldr	r3, [r7]
 466 0034 9B88     		ldrh	r3, [r3, #4]	@ unaligned
ARM GAS  C:\Users\sinow\AppData\Local\Temp\ccAnTmwc.s 			page 15


 467 0036 9BB2     		uxth	r3, r3
 468 0038 1946     		mov	r1, r3
 469 003a 1046     		mov	r0, r2
 470 003c FFF7FEFF 		bl	CYMEMZERO
 471              	.LBE3:
 326:Generated_Source\PSoC5/cyfitter_cfg.c **** 		{
 472              		.loc 1 326 0 discriminator 3
 473 0040 FB79     		ldrb	r3, [r7, #7]	@ zero_extendqisi2
 474 0042 0133     		adds	r3, r3, #1
 475 0044 FB71     		strb	r3, [r7, #7]
 476              	.L22:
 326:Generated_Source\PSoC5/cyfitter_cfg.c **** 		{
 477              		.loc 1 326 0 is_stmt 0 discriminator 1
 478 0046 FB79     		ldrb	r3, [r7, #7]	@ zero_extendqisi2
 479 0048 072B     		cmp	r3, #7
 480 004a E8D9     		bls	.L23
 330:Generated_Source\PSoC5/cyfitter_cfg.c **** 		}
 331:Generated_Source\PSoC5/cyfitter_cfg.c **** 
 332:Generated_Source\PSoC5/cyfitter_cfg.c **** 		/* Enable digital routing */
 333:Generated_Source\PSoC5/cyfitter_cfg.c **** 		CY_SET_XTND_REG8((void CYFAR *)CYREG_BCTL0_BANK_CTL, CY_GET_XTND_REG8((void CYFAR *)CYREG_BCTL0_B
 481              		.loc 1 333 0 is_stmt 1
 482 004c 1E4A     		ldr	r2, .L24+8
 483 004e 1E4B     		ldr	r3, .L24+8
 484 0050 1B78     		ldrb	r3, [r3]
 485 0052 DBB2     		uxtb	r3, r3
 486 0054 43F00203 		orr	r3, r3, #2
 487 0058 DBB2     		uxtb	r3, r3
 488 005a 1370     		strb	r3, [r2]
 334:Generated_Source\PSoC5/cyfitter_cfg.c **** 		CY_SET_XTND_REG8((void CYFAR *)CYREG_BCTL1_BANK_CTL, CY_GET_XTND_REG8((void CYFAR *)CYREG_BCTL1_B
 489              		.loc 1 334 0
 490 005c 1B4A     		ldr	r2, .L24+12
 491 005e 1B4B     		ldr	r3, .L24+12
 492 0060 1B78     		ldrb	r3, [r3]
 493 0062 DBB2     		uxtb	r3, r3
 494 0064 43F00203 		orr	r3, r3, #2
 495 0068 DBB2     		uxtb	r3, r3
 496 006a 1370     		strb	r3, [r2]
 497              	.LBE2:
 335:Generated_Source\PSoC5/cyfitter_cfg.c **** 	}
 336:Generated_Source\PSoC5/cyfitter_cfg.c **** 
 337:Generated_Source\PSoC5/cyfitter_cfg.c **** 
 338:Generated_Source\PSoC5/cyfitter_cfg.c **** 	/* Perform second pass device configuration. These items must be configured in specific order afte
 339:Generated_Source\PSoC5/cyfitter_cfg.c **** 	CYCONFIGCPY((void CYFAR *)(CYREG_PRT0_DM0), (const void CYFAR *)(BS_IOPINS0_0_VAL), 8u);
 498              		.loc 1 339 0
 499 006c 0822     		movs	r2, #8
 500 006e 4FF09041 		mov	r1, #1207959552
 501 0072 1748     		ldr	r0, .L24+16
 502 0074 FFF7FEFF 		bl	CYCONFIGCPY
 340:Generated_Source\PSoC5/cyfitter_cfg.c **** 	CYCONFIGCPY((void CYFAR *)(CYREG_PRT1_DM0), (const void CYFAR *)(BS_IOPINS0_1_VAL), 8u);
 503              		.loc 1 340 0
 504 0078 0822     		movs	r2, #8
 505 007a 1649     		ldr	r1, .L24+20
 506 007c 1648     		ldr	r0, .L24+24
 507 007e FFF7FEFF 		bl	CYCONFIGCPY
 341:Generated_Source\PSoC5/cyfitter_cfg.c **** 	/* Switch Boost to the precision bandgap reference from its internal reference */
 342:Generated_Source\PSoC5/cyfitter_cfg.c **** 	CY_SET_REG8((void CYXDATA *)CYREG_BOOST_CR2, (CY_GET_REG8((void CYXDATA *)CYREG_BOOST_CR2) | 0x08u
 508              		.loc 1 342 0
ARM GAS  C:\Users\sinow\AppData\Local\Temp\ccAnTmwc.s 			page 16


 509 0082 164A     		ldr	r2, .L24+28
 510 0084 154B     		ldr	r3, .L24+28
 511 0086 1B78     		ldrb	r3, [r3]
 512 0088 DBB2     		uxtb	r3, r3
 513 008a 43F00803 		orr	r3, r3, #8
 514 008e DBB2     		uxtb	r3, r3
 515 0090 1370     		strb	r3, [r2]
 343:Generated_Source\PSoC5/cyfitter_cfg.c **** 
 344:Generated_Source\PSoC5/cyfitter_cfg.c **** 	/* Set Flash Cycles based on max possible frequency in case a glitch occurs during ClockSetup(). *
 345:Generated_Source\PSoC5/cyfitter_cfg.c **** 	CY_SET_XTND_REG8((void CYFAR *)(CYREG_CACHE_CC_CTL), (((CYDEV_INSTRUCT_CACHE_ENABLED) != 0) ? 0x61
 516              		.loc 1 345 0
 517 0092 134B     		ldr	r3, .L24+32
 518 0094 6122     		movs	r2, #97
 519 0096 1A70     		strb	r2, [r3]
 346:Generated_Source\PSoC5/cyfitter_cfg.c **** 	/* Setup clocks based on selections from Clock DWR */
 347:Generated_Source\PSoC5/cyfitter_cfg.c **** 	ClockSetup();
 520              		.loc 1 347 0
 521 0098 FFF7FEFF 		bl	ClockSetup
 348:Generated_Source\PSoC5/cyfitter_cfg.c **** 	/* Set Flash Cycles based on newly configured 24.00MHz Bus Clock. */
 349:Generated_Source\PSoC5/cyfitter_cfg.c **** 	CY_SET_XTND_REG8((void CYFAR *)(CYREG_CACHE_CC_CTL), (((CYDEV_INSTRUCT_CACHE_ENABLED) != 0) ? 0x81
 522              		.loc 1 349 0
 523 009c 104B     		ldr	r3, .L24+32
 524 009e 8122     		movs	r2, #129
 525 00a0 1A70     		strb	r2, [r3]
 350:Generated_Source\PSoC5/cyfitter_cfg.c **** 	CY_SET_XTND_REG8((void CYFAR *)(CYREG_PANTHER_WAITPIPE), 0x01u);
 526              		.loc 1 350 0
 527 00a2 104B     		ldr	r3, .L24+36
 528 00a4 0122     		movs	r2, #1
 529 00a6 1A70     		strb	r2, [r3]
 351:Generated_Source\PSoC5/cyfitter_cfg.c **** 
 352:Generated_Source\PSoC5/cyfitter_cfg.c **** 	/* Perform basic analog initialization to defaults */
 353:Generated_Source\PSoC5/cyfitter_cfg.c **** 	AnalogSetDefault();
 530              		.loc 1 353 0
 531 00a8 FFF7FEFF 		bl	AnalogSetDefault
 354:Generated_Source\PSoC5/cyfitter_cfg.c **** 
 355:Generated_Source\PSoC5/cyfitter_cfg.c **** 	/* Configure alternate active mode */
 356:Generated_Source\PSoC5/cyfitter_cfg.c **** 	CYCONFIGCPY((void CYFAR *)CYDEV_PM_STBY_BASE, (const void CYFAR *)CYDEV_PM_ACT_BASE, 14u);
 532              		.loc 1 356 0
 533 00ac 0E22     		movs	r2, #14
 534 00ae 0E49     		ldr	r1, .L24+40
 535 00b0 0E48     		ldr	r0, .L24+44
 536 00b2 FFF7FEFF 		bl	CYCONFIGCPY
 357:Generated_Source\PSoC5/cyfitter_cfg.c **** }
 537              		.loc 1 357 0
 538 00b6 00BF     		nop
 539 00b8 0837     		adds	r7, r7, #8
 540              		.cfi_def_cfa_offset 8
 541 00ba BD46     		mov	sp, r7
 542              		.cfi_def_cfa_register 13
 543              		@ sp needed
 544 00bc 80BD     		pop	{r7, pc}
 545              	.L25:
 546 00be 00BF     		.align	2
 547              	.L24:
 548 00c0 E8460040 		.word	1073759976
 549 00c4 00000000 		.word	cfg_memset_list.4992
 550 00c8 03500140 		.word	1073827843
ARM GAS  C:\Users\sinow\AppData\Local\Temp\ccAnTmwc.s 			page 17


 551 00cc 13500140 		.word	1073827859
 552 00d0 02510040 		.word	1073762562
 553 00d4 08000048 		.word	1207959560
 554 00d8 12510040 		.word	1073762578
 555 00dc 22430040 		.word	1073759010
 556 00e0 00480040 		.word	1073760256
 557 00e4 04000840 		.word	1074266116
 558 00e8 A0430040 		.word	1073759136
 559 00ec B0430040 		.word	1073759152
 560              		.cfi_endproc
 561              	.LFE7:
 562              		.size	cyfitter_cfg, .-cyfitter_cfg
 563              		.section	.rodata
 564              		.align	2
 565              		.type	cfg_memset_list.4992, %object
 566              		.size	cfg_memset_list.4992, 48
 567              	cfg_memset_list.4992:
 568 0000 20510040 		.word	1073762592
 569 0004 5000     		.short	80
 570 0006 C0510040 		.4byte	1073762752
 571 000a 1000     		.short	16
 572 000c F0510040 		.word	1073762800
 573 0010 1000     		.short	16
 574 0012 00000140 		.4byte	1073807360
 575 0016 0010     		.short	4096
 576 0018 00140140 		.word	1073812480
 577 001c 0008     		.short	2048
 578 001e 00400140 		.4byte	1073823744
 579 0022 000A     		.short	2560
 580 0024 004C0140 		.word	1073826816
 581 0028 0002     		.short	512
 582 002a 00500140 		.4byte	1073827840
 583 002e 2000     		.short	32
 584              		.text
 585              	.Letext0:
 586              		.file 2 "c:\\program files (x86)\\cypress\\psoc creator\\4.2\\psoc creator\\import\\gnu\\arm\\5.4.
 587              		.file 3 "Generated_Source\\PSoC5\\cytypes.h"
 588              		.section	.debug_info,"",%progbits
 589              	.Ldebug_info0:
 590 0000 E2020000 		.4byte	0x2e2
 591 0004 0400     		.2byte	0x4
 592 0006 00000000 		.4byte	.Ldebug_abbrev0
 593 000a 04       		.byte	0x4
 594 000b 01       		.uleb128 0x1
 595 000c 0D000000 		.4byte	.LASF37
 596 0010 0C       		.byte	0xc
 597 0011 AC000000 		.4byte	.LASF38
 598 0015 18010000 		.4byte	.LASF39
 599 0019 00000000 		.4byte	.Ldebug_ranges0+0
 600 001d 00000000 		.4byte	0
 601 0021 00000000 		.4byte	.Ldebug_line0
 602 0025 02       		.uleb128 0x2
 603 0026 04       		.byte	0x4
 604 0027 05       		.byte	0x5
 605 0028 696E7400 		.ascii	"int\000"
 606 002c 03       		.uleb128 0x3
 607 002d 06000000 		.4byte	.LASF12
ARM GAS  C:\Users\sinow\AppData\Local\Temp\ccAnTmwc.s 			page 18


 608 0031 02       		.byte	0x2
 609 0032 D8       		.byte	0xd8
 610 0033 37000000 		.4byte	0x37
 611 0037 04       		.uleb128 0x4
 612 0038 04       		.byte	0x4
 613 0039 07       		.byte	0x7
 614 003a FC010000 		.4byte	.LASF0
 615 003e 04       		.uleb128 0x4
 616 003f 08       		.byte	0x8
 617 0040 05       		.byte	0x5
 618 0041 3E020000 		.4byte	.LASF1
 619 0045 04       		.uleb128 0x4
 620 0046 08       		.byte	0x8
 621 0047 04       		.byte	0x4
 622 0048 74020000 		.4byte	.LASF2
 623 004c 04       		.uleb128 0x4
 624 004d 01       		.byte	0x1
 625 004e 06       		.byte	0x6
 626 004f 92020000 		.4byte	.LASF3
 627 0053 04       		.uleb128 0x4
 628 0054 01       		.byte	0x1
 629 0055 08       		.byte	0x8
 630 0056 C2010000 		.4byte	.LASF4
 631 005a 04       		.uleb128 0x4
 632 005b 02       		.byte	0x2
 633 005c 05       		.byte	0x5
 634 005d 54020000 		.4byte	.LASF5
 635 0061 04       		.uleb128 0x4
 636 0062 02       		.byte	0x2
 637 0063 07       		.byte	0x7
 638 0064 FD000000 		.4byte	.LASF6
 639 0068 04       		.uleb128 0x4
 640 0069 04       		.byte	0x4
 641 006a 05       		.byte	0x5
 642 006b 66020000 		.4byte	.LASF7
 643 006f 04       		.uleb128 0x4
 644 0070 04       		.byte	0x4
 645 0071 07       		.byte	0x7
 646 0072 8A010000 		.4byte	.LASF8
 647 0076 04       		.uleb128 0x4
 648 0077 08       		.byte	0x8
 649 0078 07       		.byte	0x7
 650 0079 11020000 		.4byte	.LASF9
 651 007d 04       		.uleb128 0x4
 652 007e 04       		.byte	0x4
 653 007f 07       		.byte	0x7
 654 0080 35020000 		.4byte	.LASF10
 655 0084 05       		.uleb128 0x5
 656 0085 04       		.byte	0x4
 657 0086 04       		.uleb128 0x4
 658 0087 01       		.byte	0x1
 659 0088 08       		.byte	0x8
 660 0089 6F020000 		.4byte	.LASF11
 661 008d 06       		.uleb128 0x6
 662 008e 9C010000 		.4byte	.LASF13
 663 0092 03       		.byte	0x3
 664 0093 E401     		.2byte	0x1e4
ARM GAS  C:\Users\sinow\AppData\Local\Temp\ccAnTmwc.s 			page 19


 665 0095 53000000 		.4byte	0x53
 666 0099 06       		.uleb128 0x6
 667 009a E4010000 		.4byte	.LASF14
 668 009e 03       		.byte	0x3
 669 009f E501     		.2byte	0x1e5
 670 00a1 61000000 		.4byte	0x61
 671 00a5 06       		.uleb128 0x6
 672 00a6 F5010000 		.4byte	.LASF15
 673 00aa 03       		.byte	0x3
 674 00ab E601     		.2byte	0x1e6
 675 00ad 6F000000 		.4byte	0x6f
 676 00b1 04       		.uleb128 0x4
 677 00b2 04       		.byte	0x4
 678 00b3 04       		.byte	0x4
 679 00b4 61010000 		.4byte	.LASF16
 680 00b8 04       		.uleb128 0x4
 681 00b9 08       		.byte	0x8
 682 00ba 04       		.byte	0x4
 683 00bb D0010000 		.4byte	.LASF17
 684 00bf 06       		.uleb128 0x6
 685 00c0 85010000 		.4byte	.LASF18
 686 00c4 03       		.byte	0x3
 687 00c5 8E02     		.2byte	0x28e
 688 00c7 CB000000 		.4byte	0xcb
 689 00cb 07       		.uleb128 0x7
 690 00cc 8D000000 		.4byte	0x8d
 691 00d0 06       		.uleb128 0x6
 692 00d1 00000000 		.4byte	.LASF19
 693 00d5 03       		.byte	0x3
 694 00d6 8F02     		.2byte	0x28f
 695 00d8 DC000000 		.4byte	0xdc
 696 00dc 07       		.uleb128 0x7
 697 00dd 99000000 		.4byte	0x99
 698 00e1 08       		.uleb128 0x8
 699 00e2 A2010000 		.4byte	.LASF20
 700 00e6 01       		.byte	0x1
 701 00e7 4D       		.byte	0x4d
 702 00e8 00000000 		.4byte	.LFB0
 703 00ec 1C000000 		.4byte	.LFE0-.LFB0
 704 00f0 01       		.uleb128 0x1
 705 00f1 9C       		.byte	0x9c
 706 00f2 0F010000 		.4byte	0x10f
 707 00f6 09       		.uleb128 0x9
 708 00f7 7300     		.ascii	"s\000"
 709 00f9 01       		.byte	0x1
 710 00fa 4D       		.byte	0x4d
 711 00fb 84000000 		.4byte	0x84
 712 00ff 02       		.uleb128 0x2
 713 0100 91       		.byte	0x91
 714 0101 74       		.sleb128 -12
 715 0102 09       		.uleb128 0x9
 716 0103 6E00     		.ascii	"n\000"
 717 0105 01       		.byte	0x1
 718 0106 4D       		.byte	0x4d
 719 0107 2C000000 		.4byte	0x2c
 720 010b 02       		.uleb128 0x2
 721 010c 91       		.byte	0x91
ARM GAS  C:\Users\sinow\AppData\Local\Temp\ccAnTmwc.s 			page 20


 722 010d 70       		.sleb128 -16
 723 010e 00       		.byte	0
 724 010f 08       		.uleb128 0x8
 725 0110 A7020000 		.4byte	.LASF21
 726 0114 01       		.byte	0x1
 727 0115 54       		.byte	0x54
 728 0116 00000000 		.4byte	.LFB1
 729 011a 1E000000 		.4byte	.LFE1-.LFB1
 730 011e 01       		.uleb128 0x1
 731 011f 9C       		.byte	0x9c
 732 0120 4D010000 		.4byte	0x14d
 733 0124 0A       		.uleb128 0xa
 734 0125 7B010000 		.4byte	.LASF22
 735 0129 01       		.byte	0x1
 736 012a 54       		.byte	0x54
 737 012b 84000000 		.4byte	0x84
 738 012f 02       		.uleb128 0x2
 739 0130 91       		.byte	0x91
 740 0131 74       		.sleb128 -12
 741 0132 09       		.uleb128 0x9
 742 0133 73726300 		.ascii	"src\000"
 743 0137 01       		.byte	0x1
 744 0138 54       		.byte	0x54
 745 0139 4D010000 		.4byte	0x14d
 746 013d 02       		.uleb128 0x2
 747 013e 91       		.byte	0x91
 748 013f 70       		.sleb128 -16
 749 0140 09       		.uleb128 0x9
 750 0141 6E00     		.ascii	"n\000"
 751 0143 01       		.byte	0x1
 752 0144 54       		.byte	0x54
 753 0145 2C000000 		.4byte	0x2c
 754 0149 02       		.uleb128 0x2
 755 014a 91       		.byte	0x91
 756 014b 6C       		.sleb128 -20
 757 014c 00       		.byte	0
 758 014d 0B       		.uleb128 0xb
 759 014e 04       		.byte	0x4
 760 014f 53010000 		.4byte	0x153
 761 0153 0C       		.uleb128 0xc
 762 0154 08       		.uleb128 0x8
 763 0155 E2000000 		.4byte	.LASF23
 764 0159 01       		.byte	0x1
 765 015a 5B       		.byte	0x5b
 766 015b 00000000 		.4byte	.LFB2
 767 015f 1E000000 		.4byte	.LFE2-.LFB2
 768 0163 01       		.uleb128 0x1
 769 0164 9C       		.byte	0x9c
 770 0165 92010000 		.4byte	0x192
 771 0169 0A       		.uleb128 0xa
 772 016a 7B010000 		.4byte	.LASF22
 773 016e 01       		.byte	0x1
 774 016f 5B       		.byte	0x5b
 775 0170 84000000 		.4byte	0x84
 776 0174 02       		.uleb128 0x2
 777 0175 91       		.byte	0x91
 778 0176 74       		.sleb128 -12
ARM GAS  C:\Users\sinow\AppData\Local\Temp\ccAnTmwc.s 			page 21


 779 0177 09       		.uleb128 0x9
 780 0178 73726300 		.ascii	"src\000"
 781 017c 01       		.byte	0x1
 782 017d 5B       		.byte	0x5b
 783 017e 4D010000 		.4byte	0x14d
 784 0182 02       		.uleb128 0x2
 785 0183 91       		.byte	0x91
 786 0184 70       		.sleb128 -16
 787 0185 09       		.uleb128 0x9
 788 0186 6E00     		.ascii	"n\000"
 789 0188 01       		.byte	0x1
 790 0189 5B       		.byte	0x5b
 791 018a 2C000000 		.4byte	0x2c
 792 018e 02       		.uleb128 0x2
 793 018f 91       		.byte	0x91
 794 0190 6C       		.sleb128 -20
 795 0191 00       		.byte	0
 796 0192 0D       		.uleb128 0xd
 797 0193 67010000 		.4byte	.LASF24
 798 0197 01       		.byte	0x1
 799 0198 7F       		.byte	0x7f
 800 0199 00000000 		.4byte	.LFB3
 801 019d 0C000000 		.4byte	.LFE3-.LFB3
 802 01a1 01       		.uleb128 0x1
 803 01a2 9C       		.byte	0x9c
 804 01a3 B6010000 		.4byte	0x1b6
 805 01a7 0A       		.uleb128 0xa
 806 01a8 EB010000 		.4byte	.LASF25
 807 01ac 01       		.byte	0x1
 808 01ad 7F       		.byte	0x7f
 809 01ae 8D000000 		.4byte	0x8d
 810 01b2 02       		.uleb128 0x2
 811 01b3 91       		.byte	0x91
 812 01b4 77       		.sleb128 -9
 813 01b5 00       		.byte	0
 814 01b6 08       		.uleb128 0x8
 815 01b7 F2000000 		.4byte	.LASF26
 816 01bb 01       		.byte	0x1
 817 01bc AF       		.byte	0xaf
 818 01bd 00000000 		.4byte	.LFB4
 819 01c1 D8000000 		.4byte	.LFE4-.LFB4
 820 01c5 01       		.uleb128 0x1
 821 01c6 9C       		.byte	0x9c
 822 01c7 E8010000 		.4byte	0x1e8
 823 01cb 0E       		.uleb128 0xe
 824 01cc 4C020000 		.4byte	.LASF27
 825 01d0 01       		.byte	0x1
 826 01d1 B1       		.byte	0xb1
 827 01d2 A5000000 		.4byte	0xa5
 828 01d6 02       		.uleb128 0x2
 829 01d7 91       		.byte	0x91
 830 01d8 74       		.sleb128 -12
 831 01d9 0E       		.uleb128 0xe
 832 01da 10010000 		.4byte	.LASF28
 833 01de 01       		.byte	0x1
 834 01df B2       		.byte	0xb2
 835 01e0 8D000000 		.4byte	0x8d
ARM GAS  C:\Users\sinow\AppData\Local\Temp\ccAnTmwc.s 			page 22


 836 01e4 02       		.uleb128 0x2
 837 01e5 91       		.byte	0x91
 838 01e6 73       		.sleb128 -13
 839 01e7 00       		.byte	0
 840 01e8 0D       		.uleb128 0xd
 841 01e9 9B000000 		.4byte	.LASF29
 842 01ed 01       		.byte	0x1
 843 01ee EA       		.byte	0xea
 844 01ef 00000000 		.4byte	.LFB5
 845 01f3 44000000 		.4byte	.LFE5-.LFB5
 846 01f7 01       		.uleb128 0x1
 847 01f8 9C       		.byte	0x9c
 848 01f9 0C020000 		.4byte	0x20c
 849 01fd 0E       		.uleb128 0xe
 850 01fe 80020000 		.4byte	.LASF30
 851 0202 01       		.byte	0x1
 852 0203 EC       		.byte	0xec
 853 0204 8D000000 		.4byte	0x8d
 854 0208 02       		.uleb128 0x2
 855 0209 91       		.byte	0x91
 856 020a 77       		.sleb128 -9
 857 020b 00       		.byte	0
 858 020c 0F       		.uleb128 0xf
 859 020d AC010000 		.4byte	.LASF40
 860 0211 01       		.byte	0x1
 861 0212 0401     		.2byte	0x104
 862 0214 00000000 		.4byte	.LFB6
 863 0218 28000000 		.4byte	.LFE6-.LFB6
 864 021c 01       		.uleb128 0x1
 865 021d 9C       		.byte	0x9c
 866 021e 41020000 		.4byte	0x241
 867 0222 10       		.uleb128 0x10
 868 0223 5E020000 		.4byte	.LASF31
 869 0227 01       		.byte	0x1
 870 0228 0401     		.2byte	0x104
 871 022a 8D000000 		.4byte	0x8d
 872 022e 02       		.uleb128 0x2
 873 022f 91       		.byte	0x91
 874 0230 6F       		.sleb128 -17
 875 0231 11       		.uleb128 0x11
 876 0232 9E020000 		.4byte	.LASF32
 877 0236 01       		.byte	0x1
 878 0237 0601     		.2byte	0x106
 879 0239 8D000000 		.4byte	0x8d
 880 023d 02       		.uleb128 0x2
 881 023e 91       		.byte	0x91
 882 023f 77       		.sleb128 -9
 883 0240 00       		.byte	0
 884 0241 12       		.uleb128 0x12
 885 0242 D7010000 		.4byte	.LASF41
 886 0246 01       		.byte	0x1
 887 0247 2601     		.2byte	0x126
 888 0249 00000000 		.4byte	.LFB7
 889 024d F0000000 		.4byte	.LFE7-.LFB7
 890 0251 01       		.uleb128 0x1
 891 0252 9C       		.byte	0x9c
 892 0253 13       		.uleb128 0x13
ARM GAS  C:\Users\sinow\AppData\Local\Temp\ccAnTmwc.s 			page 23


 893 0254 18000000 		.4byte	.LBB2
 894 0258 54000000 		.4byte	.LBE2-.LBB2
 895 025c 14       		.uleb128 0x14
 896 025d 06       		.byte	0x6
 897 025e 01       		.byte	0x1
 898 025f 3201     		.2byte	0x132
 899 0261 80020000 		.4byte	0x280
 900 0265 15       		.uleb128 0x15
 901 0266 09020000 		.4byte	.LASF33
 902 026a 01       		.byte	0x1
 903 026b 3301     		.2byte	0x133
 904 026d 84000000 		.4byte	0x84
 905 0271 00       		.byte	0
 906 0272 15       		.uleb128 0x15
 907 0273 80010000 		.4byte	.LASF34
 908 0277 01       		.byte	0x1
 909 0278 3401     		.2byte	0x134
 910 027a 99000000 		.4byte	0x99
 911 027e 04       		.byte	0x4
 912 027f 00       		.byte	0
 913 0280 06       		.uleb128 0x6
 914 0281 28020000 		.4byte	.LASF35
 915 0285 01       		.byte	0x1
 916 0286 3501     		.2byte	0x135
 917 0288 5C020000 		.4byte	0x25c
 918 028c 16       		.uleb128 0x16
 919 028d 9C020000 		.4byte	0x29c
 920 0291 9C020000 		.4byte	0x29c
 921 0295 17       		.uleb128 0x17
 922 0296 7D000000 		.4byte	0x7d
 923 029a 07       		.byte	0x7
 924 029b 00       		.byte	0
 925 029c 18       		.uleb128 0x18
 926 029d 80020000 		.4byte	0x280
 927 02a1 11       		.uleb128 0x11
 928 02a2 D2000000 		.4byte	.LASF36
 929 02a6 01       		.byte	0x1
 930 02a7 3701     		.2byte	0x137
 931 02a9 B3020000 		.4byte	0x2b3
 932 02ad 05       		.uleb128 0x5
 933 02ae 03       		.byte	0x3
 934 02af 00000000 		.4byte	cfg_memset_list.4992
 935 02b3 18       		.uleb128 0x18
 936 02b4 8C020000 		.4byte	0x28c
 937 02b8 19       		.uleb128 0x19
 938 02b9 6900     		.ascii	"i\000"
 939 02bb 01       		.byte	0x1
 940 02bc 4301     		.2byte	0x143
 941 02be 8D000000 		.4byte	0x8d
 942 02c2 02       		.uleb128 0x2
 943 02c3 91       		.byte	0x91
 944 02c4 77       		.sleb128 -9
 945 02c5 13       		.uleb128 0x13
 946 02c6 1E000000 		.4byte	.LBB3
 947 02ca 22000000 		.4byte	.LBE3-.LBB3
 948 02ce 19       		.uleb128 0x19
 949 02cf 6D7300   		.ascii	"ms\000"
ARM GAS  C:\Users\sinow\AppData\Local\Temp\ccAnTmwc.s 			page 24


 950 02d2 01       		.byte	0x1
 951 02d3 4801     		.2byte	0x148
 952 02d5 DC020000 		.4byte	0x2dc
 953 02d9 02       		.uleb128 0x2
 954 02da 91       		.byte	0x91
 955 02db 70       		.sleb128 -16
 956 02dc 0B       		.uleb128 0xb
 957 02dd 04       		.byte	0x4
 958 02de 9C020000 		.4byte	0x29c
 959 02e2 00       		.byte	0
 960 02e3 00       		.byte	0
 961 02e4 00       		.byte	0
 962 02e5 00       		.byte	0
 963              		.section	.debug_abbrev,"",%progbits
 964              	.Ldebug_abbrev0:
 965 0000 01       		.uleb128 0x1
 966 0001 11       		.uleb128 0x11
 967 0002 01       		.byte	0x1
 968 0003 25       		.uleb128 0x25
 969 0004 0E       		.uleb128 0xe
 970 0005 13       		.uleb128 0x13
 971 0006 0B       		.uleb128 0xb
 972 0007 03       		.uleb128 0x3
 973 0008 0E       		.uleb128 0xe
 974 0009 1B       		.uleb128 0x1b
 975 000a 0E       		.uleb128 0xe
 976 000b 55       		.uleb128 0x55
 977 000c 17       		.uleb128 0x17
 978 000d 11       		.uleb128 0x11
 979 000e 01       		.uleb128 0x1
 980 000f 10       		.uleb128 0x10
 981 0010 17       		.uleb128 0x17
 982 0011 00       		.byte	0
 983 0012 00       		.byte	0
 984 0013 02       		.uleb128 0x2
 985 0014 24       		.uleb128 0x24
 986 0015 00       		.byte	0
 987 0016 0B       		.uleb128 0xb
 988 0017 0B       		.uleb128 0xb
 989 0018 3E       		.uleb128 0x3e
 990 0019 0B       		.uleb128 0xb
 991 001a 03       		.uleb128 0x3
 992 001b 08       		.uleb128 0x8
 993 001c 00       		.byte	0
 994 001d 00       		.byte	0
 995 001e 03       		.uleb128 0x3
 996 001f 16       		.uleb128 0x16
 997 0020 00       		.byte	0
 998 0021 03       		.uleb128 0x3
 999 0022 0E       		.uleb128 0xe
 1000 0023 3A       		.uleb128 0x3a
 1001 0024 0B       		.uleb128 0xb
 1002 0025 3B       		.uleb128 0x3b
 1003 0026 0B       		.uleb128 0xb
 1004 0027 49       		.uleb128 0x49
 1005 0028 13       		.uleb128 0x13
 1006 0029 00       		.byte	0
ARM GAS  C:\Users\sinow\AppData\Local\Temp\ccAnTmwc.s 			page 25


 1007 002a 00       		.byte	0
 1008 002b 04       		.uleb128 0x4
 1009 002c 24       		.uleb128 0x24
 1010 002d 00       		.byte	0
 1011 002e 0B       		.uleb128 0xb
 1012 002f 0B       		.uleb128 0xb
 1013 0030 3E       		.uleb128 0x3e
 1014 0031 0B       		.uleb128 0xb
 1015 0032 03       		.uleb128 0x3
 1016 0033 0E       		.uleb128 0xe
 1017 0034 00       		.byte	0
 1018 0035 00       		.byte	0
 1019 0036 05       		.uleb128 0x5
 1020 0037 0F       		.uleb128 0xf
 1021 0038 00       		.byte	0
 1022 0039 0B       		.uleb128 0xb
 1023 003a 0B       		.uleb128 0xb
 1024 003b 00       		.byte	0
 1025 003c 00       		.byte	0
 1026 003d 06       		.uleb128 0x6
 1027 003e 16       		.uleb128 0x16
 1028 003f 00       		.byte	0
 1029 0040 03       		.uleb128 0x3
 1030 0041 0E       		.uleb128 0xe
 1031 0042 3A       		.uleb128 0x3a
 1032 0043 0B       		.uleb128 0xb
 1033 0044 3B       		.uleb128 0x3b
 1034 0045 05       		.uleb128 0x5
 1035 0046 49       		.uleb128 0x49
 1036 0047 13       		.uleb128 0x13
 1037 0048 00       		.byte	0
 1038 0049 00       		.byte	0
 1039 004a 07       		.uleb128 0x7
 1040 004b 35       		.uleb128 0x35
 1041 004c 00       		.byte	0
 1042 004d 49       		.uleb128 0x49
 1043 004e 13       		.uleb128 0x13
 1044 004f 00       		.byte	0
 1045 0050 00       		.byte	0
 1046 0051 08       		.uleb128 0x8
 1047 0052 2E       		.uleb128 0x2e
 1048 0053 01       		.byte	0x1
 1049 0054 03       		.uleb128 0x3
 1050 0055 0E       		.uleb128 0xe
 1051 0056 3A       		.uleb128 0x3a
 1052 0057 0B       		.uleb128 0xb
 1053 0058 3B       		.uleb128 0x3b
 1054 0059 0B       		.uleb128 0xb
 1055 005a 27       		.uleb128 0x27
 1056 005b 19       		.uleb128 0x19
 1057 005c 11       		.uleb128 0x11
 1058 005d 01       		.uleb128 0x1
 1059 005e 12       		.uleb128 0x12
 1060 005f 06       		.uleb128 0x6
 1061 0060 40       		.uleb128 0x40
 1062 0061 18       		.uleb128 0x18
 1063 0062 9642     		.uleb128 0x2116
ARM GAS  C:\Users\sinow\AppData\Local\Temp\ccAnTmwc.s 			page 26


 1064 0064 19       		.uleb128 0x19
 1065 0065 01       		.uleb128 0x1
 1066 0066 13       		.uleb128 0x13
 1067 0067 00       		.byte	0
 1068 0068 00       		.byte	0
 1069 0069 09       		.uleb128 0x9
 1070 006a 05       		.uleb128 0x5
 1071 006b 00       		.byte	0
 1072 006c 03       		.uleb128 0x3
 1073 006d 08       		.uleb128 0x8
 1074 006e 3A       		.uleb128 0x3a
 1075 006f 0B       		.uleb128 0xb
 1076 0070 3B       		.uleb128 0x3b
 1077 0071 0B       		.uleb128 0xb
 1078 0072 49       		.uleb128 0x49
 1079 0073 13       		.uleb128 0x13
 1080 0074 02       		.uleb128 0x2
 1081 0075 18       		.uleb128 0x18
 1082 0076 00       		.byte	0
 1083 0077 00       		.byte	0
 1084 0078 0A       		.uleb128 0xa
 1085 0079 05       		.uleb128 0x5
 1086 007a 00       		.byte	0
 1087 007b 03       		.uleb128 0x3
 1088 007c 0E       		.uleb128 0xe
 1089 007d 3A       		.uleb128 0x3a
 1090 007e 0B       		.uleb128 0xb
 1091 007f 3B       		.uleb128 0x3b
 1092 0080 0B       		.uleb128 0xb
 1093 0081 49       		.uleb128 0x49
 1094 0082 13       		.uleb128 0x13
 1095 0083 02       		.uleb128 0x2
 1096 0084 18       		.uleb128 0x18
 1097 0085 00       		.byte	0
 1098 0086 00       		.byte	0
 1099 0087 0B       		.uleb128 0xb
 1100 0088 0F       		.uleb128 0xf
 1101 0089 00       		.byte	0
 1102 008a 0B       		.uleb128 0xb
 1103 008b 0B       		.uleb128 0xb
 1104 008c 49       		.uleb128 0x49
 1105 008d 13       		.uleb128 0x13
 1106 008e 00       		.byte	0
 1107 008f 00       		.byte	0
 1108 0090 0C       		.uleb128 0xc
 1109 0091 26       		.uleb128 0x26
 1110 0092 00       		.byte	0
 1111 0093 00       		.byte	0
 1112 0094 00       		.byte	0
 1113 0095 0D       		.uleb128 0xd
 1114 0096 2E       		.uleb128 0x2e
 1115 0097 01       		.byte	0x1
 1116 0098 03       		.uleb128 0x3
 1117 0099 0E       		.uleb128 0xe
 1118 009a 3A       		.uleb128 0x3a
 1119 009b 0B       		.uleb128 0xb
 1120 009c 3B       		.uleb128 0x3b
ARM GAS  C:\Users\sinow\AppData\Local\Temp\ccAnTmwc.s 			page 27


 1121 009d 0B       		.uleb128 0xb
 1122 009e 27       		.uleb128 0x27
 1123 009f 19       		.uleb128 0x19
 1124 00a0 11       		.uleb128 0x11
 1125 00a1 01       		.uleb128 0x1
 1126 00a2 12       		.uleb128 0x12
 1127 00a3 06       		.uleb128 0x6
 1128 00a4 40       		.uleb128 0x40
 1129 00a5 18       		.uleb128 0x18
 1130 00a6 9742     		.uleb128 0x2117
 1131 00a8 19       		.uleb128 0x19
 1132 00a9 01       		.uleb128 0x1
 1133 00aa 13       		.uleb128 0x13
 1134 00ab 00       		.byte	0
 1135 00ac 00       		.byte	0
 1136 00ad 0E       		.uleb128 0xe
 1137 00ae 34       		.uleb128 0x34
 1138 00af 00       		.byte	0
 1139 00b0 03       		.uleb128 0x3
 1140 00b1 0E       		.uleb128 0xe
 1141 00b2 3A       		.uleb128 0x3a
 1142 00b3 0B       		.uleb128 0xb
 1143 00b4 3B       		.uleb128 0x3b
 1144 00b5 0B       		.uleb128 0xb
 1145 00b6 49       		.uleb128 0x49
 1146 00b7 13       		.uleb128 0x13
 1147 00b8 02       		.uleb128 0x2
 1148 00b9 18       		.uleb128 0x18
 1149 00ba 00       		.byte	0
 1150 00bb 00       		.byte	0
 1151 00bc 0F       		.uleb128 0xf
 1152 00bd 2E       		.uleb128 0x2e
 1153 00be 01       		.byte	0x1
 1154 00bf 3F       		.uleb128 0x3f
 1155 00c0 19       		.uleb128 0x19
 1156 00c1 03       		.uleb128 0x3
 1157 00c2 0E       		.uleb128 0xe
 1158 00c3 3A       		.uleb128 0x3a
 1159 00c4 0B       		.uleb128 0xb
 1160 00c5 3B       		.uleb128 0x3b
 1161 00c6 05       		.uleb128 0x5
 1162 00c7 27       		.uleb128 0x27
 1163 00c8 19       		.uleb128 0x19
 1164 00c9 11       		.uleb128 0x11
 1165 00ca 01       		.uleb128 0x1
 1166 00cb 12       		.uleb128 0x12
 1167 00cc 06       		.uleb128 0x6
 1168 00cd 40       		.uleb128 0x40
 1169 00ce 18       		.uleb128 0x18
 1170 00cf 9742     		.uleb128 0x2117
 1171 00d1 19       		.uleb128 0x19
 1172 00d2 01       		.uleb128 0x1
 1173 00d3 13       		.uleb128 0x13
 1174 00d4 00       		.byte	0
 1175 00d5 00       		.byte	0
 1176 00d6 10       		.uleb128 0x10
 1177 00d7 05       		.uleb128 0x5
ARM GAS  C:\Users\sinow\AppData\Local\Temp\ccAnTmwc.s 			page 28


 1178 00d8 00       		.byte	0
 1179 00d9 03       		.uleb128 0x3
 1180 00da 0E       		.uleb128 0xe
 1181 00db 3A       		.uleb128 0x3a
 1182 00dc 0B       		.uleb128 0xb
 1183 00dd 3B       		.uleb128 0x3b
 1184 00de 05       		.uleb128 0x5
 1185 00df 49       		.uleb128 0x49
 1186 00e0 13       		.uleb128 0x13
 1187 00e1 02       		.uleb128 0x2
 1188 00e2 18       		.uleb128 0x18
 1189 00e3 00       		.byte	0
 1190 00e4 00       		.byte	0
 1191 00e5 11       		.uleb128 0x11
 1192 00e6 34       		.uleb128 0x34
 1193 00e7 00       		.byte	0
 1194 00e8 03       		.uleb128 0x3
 1195 00e9 0E       		.uleb128 0xe
 1196 00ea 3A       		.uleb128 0x3a
 1197 00eb 0B       		.uleb128 0xb
 1198 00ec 3B       		.uleb128 0x3b
 1199 00ed 05       		.uleb128 0x5
 1200 00ee 49       		.uleb128 0x49
 1201 00ef 13       		.uleb128 0x13
 1202 00f0 02       		.uleb128 0x2
 1203 00f1 18       		.uleb128 0x18
 1204 00f2 00       		.byte	0
 1205 00f3 00       		.byte	0
 1206 00f4 12       		.uleb128 0x12
 1207 00f5 2E       		.uleb128 0x2e
 1208 00f6 01       		.byte	0x1
 1209 00f7 3F       		.uleb128 0x3f
 1210 00f8 19       		.uleb128 0x19
 1211 00f9 03       		.uleb128 0x3
 1212 00fa 0E       		.uleb128 0xe
 1213 00fb 3A       		.uleb128 0x3a
 1214 00fc 0B       		.uleb128 0xb
 1215 00fd 3B       		.uleb128 0x3b
 1216 00fe 05       		.uleb128 0x5
 1217 00ff 27       		.uleb128 0x27
 1218 0100 19       		.uleb128 0x19
 1219 0101 11       		.uleb128 0x11
 1220 0102 01       		.uleb128 0x1
 1221 0103 12       		.uleb128 0x12
 1222 0104 06       		.uleb128 0x6
 1223 0105 40       		.uleb128 0x40
 1224 0106 18       		.uleb128 0x18
 1225 0107 9642     		.uleb128 0x2116
 1226 0109 19       		.uleb128 0x19
 1227 010a 00       		.byte	0
 1228 010b 00       		.byte	0
 1229 010c 13       		.uleb128 0x13
 1230 010d 0B       		.uleb128 0xb
 1231 010e 01       		.byte	0x1
 1232 010f 11       		.uleb128 0x11
 1233 0110 01       		.uleb128 0x1
 1234 0111 12       		.uleb128 0x12
ARM GAS  C:\Users\sinow\AppData\Local\Temp\ccAnTmwc.s 			page 29


 1235 0112 06       		.uleb128 0x6
 1236 0113 00       		.byte	0
 1237 0114 00       		.byte	0
 1238 0115 14       		.uleb128 0x14
 1239 0116 13       		.uleb128 0x13
 1240 0117 01       		.byte	0x1
 1241 0118 0B       		.uleb128 0xb
 1242 0119 0B       		.uleb128 0xb
 1243 011a 3A       		.uleb128 0x3a
 1244 011b 0B       		.uleb128 0xb
 1245 011c 3B       		.uleb128 0x3b
 1246 011d 05       		.uleb128 0x5
 1247 011e 01       		.uleb128 0x1
 1248 011f 13       		.uleb128 0x13
 1249 0120 00       		.byte	0
 1250 0121 00       		.byte	0
 1251 0122 15       		.uleb128 0x15
 1252 0123 0D       		.uleb128 0xd
 1253 0124 00       		.byte	0
 1254 0125 03       		.uleb128 0x3
 1255 0126 0E       		.uleb128 0xe
 1256 0127 3A       		.uleb128 0x3a
 1257 0128 0B       		.uleb128 0xb
 1258 0129 3B       		.uleb128 0x3b
 1259 012a 05       		.uleb128 0x5
 1260 012b 49       		.uleb128 0x49
 1261 012c 13       		.uleb128 0x13
 1262 012d 38       		.uleb128 0x38
 1263 012e 0B       		.uleb128 0xb
 1264 012f 00       		.byte	0
 1265 0130 00       		.byte	0
 1266 0131 16       		.uleb128 0x16
 1267 0132 01       		.uleb128 0x1
 1268 0133 01       		.byte	0x1
 1269 0134 49       		.uleb128 0x49
 1270 0135 13       		.uleb128 0x13
 1271 0136 01       		.uleb128 0x1
 1272 0137 13       		.uleb128 0x13
 1273 0138 00       		.byte	0
 1274 0139 00       		.byte	0
 1275 013a 17       		.uleb128 0x17
 1276 013b 21       		.uleb128 0x21
 1277 013c 00       		.byte	0
 1278 013d 49       		.uleb128 0x49
 1279 013e 13       		.uleb128 0x13
 1280 013f 2F       		.uleb128 0x2f
 1281 0140 0B       		.uleb128 0xb
 1282 0141 00       		.byte	0
 1283 0142 00       		.byte	0
 1284 0143 18       		.uleb128 0x18
 1285 0144 26       		.uleb128 0x26
 1286 0145 00       		.byte	0
 1287 0146 49       		.uleb128 0x49
 1288 0147 13       		.uleb128 0x13
 1289 0148 00       		.byte	0
 1290 0149 00       		.byte	0
 1291 014a 19       		.uleb128 0x19
ARM GAS  C:\Users\sinow\AppData\Local\Temp\ccAnTmwc.s 			page 30


 1292 014b 34       		.uleb128 0x34
 1293 014c 00       		.byte	0
 1294 014d 03       		.uleb128 0x3
 1295 014e 08       		.uleb128 0x8
 1296 014f 3A       		.uleb128 0x3a
 1297 0150 0B       		.uleb128 0xb
 1298 0151 3B       		.uleb128 0x3b
 1299 0152 05       		.uleb128 0x5
 1300 0153 49       		.uleb128 0x49
 1301 0154 13       		.uleb128 0x13
 1302 0155 02       		.uleb128 0x2
 1303 0156 18       		.uleb128 0x18
 1304 0157 00       		.byte	0
 1305 0158 00       		.byte	0
 1306 0159 00       		.byte	0
 1307              		.section	.debug_aranges,"",%progbits
 1308 0000 54000000 		.4byte	0x54
 1309 0004 0200     		.2byte	0x2
 1310 0006 00000000 		.4byte	.Ldebug_info0
 1311 000a 04       		.byte	0x4
 1312 000b 00       		.byte	0
 1313 000c 0000     		.2byte	0
 1314 000e 0000     		.2byte	0
 1315 0010 00000000 		.4byte	.LFB0
 1316 0014 1C000000 		.4byte	.LFE0-.LFB0
 1317 0018 00000000 		.4byte	.LFB1
 1318 001c 1E000000 		.4byte	.LFE1-.LFB1
 1319 0020 00000000 		.4byte	.LFB2
 1320 0024 1E000000 		.4byte	.LFE2-.LFB2
 1321 0028 00000000 		.4byte	.LFB3
 1322 002c 0C000000 		.4byte	.LFE3-.LFB3
 1323 0030 00000000 		.4byte	.LFB4
 1324 0034 D8000000 		.4byte	.LFE4-.LFB4
 1325 0038 00000000 		.4byte	.LFB5
 1326 003c 44000000 		.4byte	.LFE5-.LFB5
 1327 0040 00000000 		.4byte	.LFB6
 1328 0044 28000000 		.4byte	.LFE6-.LFB6
 1329 0048 00000000 		.4byte	.LFB7
 1330 004c F0000000 		.4byte	.LFE7-.LFB7
 1331 0050 00000000 		.4byte	0
 1332 0054 00000000 		.4byte	0
 1333              		.section	.debug_ranges,"",%progbits
 1334              	.Ldebug_ranges0:
 1335 0000 00000000 		.4byte	.LFB0
 1336 0004 1C000000 		.4byte	.LFE0
 1337 0008 00000000 		.4byte	.LFB1
 1338 000c 1E000000 		.4byte	.LFE1
 1339 0010 00000000 		.4byte	.LFB2
 1340 0014 1E000000 		.4byte	.LFE2
 1341 0018 00000000 		.4byte	.LFB3
 1342 001c 0C000000 		.4byte	.LFE3
 1343 0020 00000000 		.4byte	.LFB4
 1344 0024 D8000000 		.4byte	.LFE4
 1345 0028 00000000 		.4byte	.LFB5
 1346 002c 44000000 		.4byte	.LFE5
 1347 0030 00000000 		.4byte	.LFB6
 1348 0034 28000000 		.4byte	.LFE6
ARM GAS  C:\Users\sinow\AppData\Local\Temp\ccAnTmwc.s 			page 31


 1349 0038 00000000 		.4byte	.LFB7
 1350 003c F0000000 		.4byte	.LFE7
 1351 0040 00000000 		.4byte	0
 1352 0044 00000000 		.4byte	0
 1353              		.section	.debug_line,"",%progbits
 1354              	.Ldebug_line0:
 1355 0000 BA010000 		.section	.debug_str,"MS",%progbits,1
 1355      0200CB00 
 1355      00000201 
 1355      FB0E0D00 
 1355      01010101 
 1356              	.LASF19:
 1357 0000 72656731 		.ascii	"reg16\000"
 1357      3600
 1358              	.LASF12:
 1359 0006 73697A65 		.ascii	"size_t\000"
 1359      5F7400
 1360              	.LASF37:
 1361 000d 474E5520 		.ascii	"GNU C11 5.4.1 20160609 (release) [ARM/embedded-5-br"
 1361      43313120 
 1361      352E342E 
 1361      31203230 
 1361      31363036 
 1362 0040 616E6368 		.ascii	"anch revision 237715] -mcpu=cortex-m3 -mthumb -g -O"
 1362      20726576 
 1362      6973696F 
 1362      6E203233 
 1362      37373135 
 1363 0073 30202D66 		.ascii	"0 -ffunction-sections -ffat-lto-objects\000"
 1363      66756E63 
 1363      74696F6E 
 1363      2D736563 
 1363      74696F6E 
 1364              	.LASF29:
 1365 009b 416E616C 		.ascii	"AnalogSetDefault\000"
 1365      6F675365 
 1365      74446566 
 1365      61756C74 
 1365      00
 1366              	.LASF38:
 1367 00ac 47656E65 		.ascii	"Generated_Source\\PSoC5\\cyfitter_cfg.c\000"
 1367      72617465 
 1367      645F536F 
 1367      75726365 
 1367      5C50536F 
 1368              	.LASF36:
 1369 00d2 6366675F 		.ascii	"cfg_memset_list\000"
 1369      6D656D73 
 1369      65745F6C 
 1369      69737400 
 1370              	.LASF23:
 1371 00e2 4359434F 		.ascii	"CYCONFIGCPYCODE\000"
 1371      4E464947 
 1371      43505943 
 1371      4F444500 
 1372              	.LASF26:
 1373 00f2 436C6F63 		.ascii	"ClockSetup\000"
ARM GAS  C:\Users\sinow\AppData\Local\Temp\ccAnTmwc.s 			page 32


 1373      6B536574 
 1373      757000
 1374              	.LASF6:
 1375 00fd 73686F72 		.ascii	"short unsigned int\000"
 1375      7420756E 
 1375      7369676E 
 1375      65642069 
 1375      6E7400
 1376              	.LASF28:
 1377 0110 706C6C4C 		.ascii	"pllLock\000"
 1377      6F636B00 
 1378              	.LASF39:
 1379 0118 433A5C55 		.ascii	"C:\\Users\\sinow\\Documents\\PSoC Creator\\Design A"
 1379      73657273 
 1379      5C73696E 
 1379      6F775C44 
 1379      6F63756D 
 1380 0146 73736967 		.ascii	"ssignment 2\\Design01.cydsn\000"
 1380      6E6D656E 
 1380      7420325C 
 1380      44657369 
 1380      676E3031 
 1381              	.LASF16:
 1382 0161 666C6F61 		.ascii	"float\000"
 1382      7400
 1383              	.LASF24:
 1384 0167 4379436C 		.ascii	"CyClockStartupError\000"
 1384      6F636B53 
 1384      74617274 
 1384      75704572 
 1384      726F7200 
 1385              	.LASF22:
 1386 017b 64657374 		.ascii	"dest\000"
 1386      00
 1387              	.LASF34:
 1388 0180 73697A65 		.ascii	"size\000"
 1388      00
 1389              	.LASF18:
 1390 0185 72656738 		.ascii	"reg8\000"
 1390      00
 1391              	.LASF8:
 1392 018a 6C6F6E67 		.ascii	"long unsigned int\000"
 1392      20756E73 
 1392      69676E65 
 1392      6420696E 
 1392      7400
 1393              	.LASF13:
 1394 019c 75696E74 		.ascii	"uint8\000"
 1394      3800
 1395              	.LASF20:
 1396 01a2 43594D45 		.ascii	"CYMEMZERO\000"
 1396      4D5A4552 
 1396      4F00
 1397              	.LASF40:
 1398 01ac 53657441 		.ascii	"SetAnalogRoutingPumps\000"
 1398      6E616C6F 
 1398      67526F75 
ARM GAS  C:\Users\sinow\AppData\Local\Temp\ccAnTmwc.s 			page 33


 1398      74696E67 
 1398      50756D70 
 1399              	.LASF4:
 1400 01c2 756E7369 		.ascii	"unsigned char\000"
 1400      676E6564 
 1400      20636861 
 1400      7200
 1401              	.LASF17:
 1402 01d0 646F7562 		.ascii	"double\000"
 1402      6C6500
 1403              	.LASF41:
 1404 01d7 63796669 		.ascii	"cyfitter_cfg\000"
 1404      74746572 
 1404      5F636667 
 1404      00
 1405              	.LASF14:
 1406 01e4 75696E74 		.ascii	"uint16\000"
 1406      313600
 1407              	.LASF25:
 1408 01eb 6572726F 		.ascii	"errorCode\000"
 1408      72436F64 
 1408      6500
 1409              	.LASF15:
 1410 01f5 75696E74 		.ascii	"uint32\000"
 1410      333200
 1411              	.LASF0:
 1412 01fc 756E7369 		.ascii	"unsigned int\000"
 1412      676E6564 
 1412      20696E74 
 1412      00
 1413              	.LASF33:
 1414 0209 61646472 		.ascii	"address\000"
 1414      65737300 
 1415              	.LASF9:
 1416 0211 6C6F6E67 		.ascii	"long long unsigned int\000"
 1416      206C6F6E 
 1416      6720756E 
 1416      7369676E 
 1416      65642069 
 1417              	.LASF35:
 1418 0228 6366675F 		.ascii	"cfg_memset_t\000"
 1418      6D656D73 
 1418      65745F74 
 1418      00
 1419              	.LASF10:
 1420 0235 73697A65 		.ascii	"sizetype\000"
 1420      74797065 
 1420      00
 1421              	.LASF1:
 1422 023e 6C6F6E67 		.ascii	"long long int\000"
 1422      206C6F6E 
 1422      6720696E 
 1422      7400
 1423              	.LASF27:
 1424 024c 74696D65 		.ascii	"timeout\000"
 1424      6F757400 
 1425              	.LASF5:
ARM GAS  C:\Users\sinow\AppData\Local\Temp\ccAnTmwc.s 			page 34


 1426 0254 73686F72 		.ascii	"short int\000"
 1426      7420696E 
 1426      7400
 1427              	.LASF31:
 1428 025e 656E6162 		.ascii	"enabled\000"
 1428      6C656400 
 1429              	.LASF7:
 1430 0266 6C6F6E67 		.ascii	"long int\000"
 1430      20696E74 
 1430      00
 1431              	.LASF11:
 1432 026f 63686172 		.ascii	"char\000"
 1432      00
 1433              	.LASF2:
 1434 0274 6C6F6E67 		.ascii	"long double\000"
 1434      20646F75 
 1434      626C6500 
 1435              	.LASF30:
 1436 0280 62675F78 		.ascii	"bg_xover_inl_trim\000"
 1436      6F766572 
 1436      5F696E6C 
 1436      5F747269 
 1436      6D00
 1437              	.LASF3:
 1438 0292 7369676E 		.ascii	"signed char\000"
 1438      65642063 
 1438      68617200 
 1439              	.LASF32:
 1440 029e 72656756 		.ascii	"regValue\000"
 1440      616C7565 
 1440      00
 1441              	.LASF21:
 1442 02a7 4359434F 		.ascii	"CYCONFIGCPY\000"
 1442      4E464947 
 1442      43505900 
 1443              		.ident	"GCC: (GNU Tools for ARM Embedded Processors) 5.4.1 20160609 (release) [ARM/embedded-5-bran
