#-----------------------------------------------------------
# Vivado v2017.4 (64-bit)
# SW Build 2086221 on Fri Dec 15 20:55:39 MST 2017
# IP Build 2085800 on Fri Dec 15 22:25:07 MST 2017
# Start of session at: Tue Dec  3 19:14:47 2019
# Process ID: 2812
# Current directory: H:/ELC 363/project_5
# Command line: vivado.exe -gui_launcher_event rodinguilauncherevent11408 H:\ELC 363\project_5\project_5.xpr
# Log file: H:/ELC 363/project_5/vivado.log
# Journal file: H:/ELC 363/project_5\vivado.jou
#-----------------------------------------------------------
start_gui
open_project {H:/ELC 363/project_5/project_5.xpr}
Scanning sources...
Finished scanning sources
INFO: [IP_Flow 19-234] Refreshing IP repositories
INFO: [IP_Flow 19-1704] No user IP repositories specified
INFO: [IP_Flow 19-2313] Loaded Vivado IP repository 'C:/Xilinx/Vivado/2017.4/data/ip'.
open_project: Time (s): cpu = 00:00:10 ; elapsed = 00:00:07 . Memory (MB): peak = 715.148 ; gain = 28.289
update_compile_order -fileset sources_1
launch_runs synth_1 -jobs 2
[Tue Dec  3 19:15:22 2019] Launched synth_1...
Run output will be captured here: H:/ELC 363/project_5/project_5.runs/synth_1/runme.log
reset_run synth_1
launch_runs synth_1 -jobs 2 -scripts_only
reset_run synth_1
launch_runs synth_1 -jobs 2
[Tue Dec  3 19:19:03 2019] Launched synth_1...
Run output will be captured here: H:/ELC 363/project_5/project_5.runs/synth_1/runme.log
exit
INFO: [Common 17-206] Exiting Vivado at Tue Dec  3 19:26:58 2019...
