
*** Running vivado
    with args -log mux1.vds -m64 -product Vivado -mode batch -messageDb vivado.pb -notrace -source mux1.tcl


****** Vivado v2019.1 (64-bit)
  **** SW Build 2552052 on Fri May 24 14:49:42 MDT 2019
  **** IP Build 2548770 on Fri May 24 18:01:18 MDT 2019
    ** Copyright 1986-2019 Xilinx, Inc. All Rights Reserved.

source mux1.tcl -notrace
Command: synth_design -top mux1 -part xc7a50tcsg324-1
Starting synth_design
Attempting to get a license for feature 'Synthesis' and/or device 'xc7a50t'
INFO: [Common 17-349] Got license for feature 'Synthesis' and/or device 'xc7a50t'
INFO: Launching helper process for spawning children vivado processes
INFO: Helper process launched with PID 10524 
---------------------------------------------------------------------------------
Starting Synthesize : Time (s): cpu = 00:00:10 ; elapsed = 00:00:13 . Memory (MB): peak = 470.262 ; gain = 173.848
---------------------------------------------------------------------------------
INFO: [Synth 8-6157] synthesizing module 'mux1' [C:/Users/sinow/Documents/VLSI/HW1/HW1.srcs/sources_1/new/mux1.v:17]
WARNING: [Synth 8-151] case item 3'b010 is unreachable [C:/Users/sinow/Documents/VLSI/HW1/HW1.srcs/sources_1/new/mux1.v:32]
WARNING: [Synth 8-151] case item 3'b011 is unreachable [C:/Users/sinow/Documents/VLSI/HW1/HW1.srcs/sources_1/new/mux1.v:33]
WARNING: [Synth 8-151] case item 3'b100 is unreachable [C:/Users/sinow/Documents/VLSI/HW1/HW1.srcs/sources_1/new/mux1.v:34]
WARNING: [Synth 8-151] case item 3'b101 is unreachable [C:/Users/sinow/Documents/VLSI/HW1/HW1.srcs/sources_1/new/mux1.v:35]
WARNING: [Synth 8-151] case item 3'b110 is unreachable [C:/Users/sinow/Documents/VLSI/HW1/HW1.srcs/sources_1/new/mux1.v:36]
WARNING: [Synth 8-151] case item 3'b111 is unreachable [C:/Users/sinow/Documents/VLSI/HW1/HW1.srcs/sources_1/new/mux1.v:37]
WARNING: [Synth 8-567] referenced signal 'sel' should be on the sensitivity list [C:/Users/sinow/Documents/VLSI/HW1/HW1.srcs/sources_1/new/mux1.v:27]
INFO: [Synth 8-6155] done synthesizing module 'mux1' (1#1) [C:/Users/sinow/Documents/VLSI/HW1/HW1.srcs/sources_1/new/mux1.v:17]
WARNING: [Synth 8-3331] design mux1 has unconnected port d2
WARNING: [Synth 8-3331] design mux1 has unconnected port d3
WARNING: [Synth 8-3331] design mux1 has unconnected port d4
WARNING: [Synth 8-3331] design mux1 has unconnected port d5
WARNING: [Synth 8-3331] design mux1 has unconnected port d6
WARNING: [Synth 8-3331] design mux1 has unconnected port d7
---------------------------------------------------------------------------------
Finished Synthesize : Time (s): cpu = 00:00:14 ; elapsed = 00:00:18 . Memory (MB): peak = 532.691 ; gain = 236.277
---------------------------------------------------------------------------------
---------------------------------------------------------------------------------
Finished Constraint Validation : Time (s): cpu = 00:00:15 ; elapsed = 00:00:19 . Memory (MB): peak = 532.691 ; gain = 236.277
---------------------------------------------------------------------------------
---------------------------------------------------------------------------------
Start Loading Part and Timing Information
---------------------------------------------------------------------------------
Loading part: xc7a50tcsg324-1
---------------------------------------------------------------------------------
INFO: [Device 21-403] Loading part xc7a50tcsg324-1
Finished Loading Part and Timing Information : Time (s): cpu = 00:00:15 ; elapsed = 00:00:19 . Memory (MB): peak = 532.691 ; gain = 236.277
---------------------------------------------------------------------------------
---------------------------------------------------------------------------------
Finished RTL Optimization Phase 2 : Time (s): cpu = 00:00:15 ; elapsed = 00:00:20 . Memory (MB): peak = 532.691 ; gain = 236.277
---------------------------------------------------------------------------------

Report RTL Partitions: 
+-+--------------+------------+----------+
| |RTL Partition |Replication |Instances |
+-+--------------+------------+----------+
+-+--------------+------------+----------+
No constraint files found.
---------------------------------------------------------------------------------
Start RTL Component Statistics 
---------------------------------------------------------------------------------
Detailed RTL Component Info : 
+---Muxes : 
	   2 Input      1 Bit        Muxes := 1     
---------------------------------------------------------------------------------
Finished RTL Component Statistics 
---------------------------------------------------------------------------------
---------------------------------------------------------------------------------
Start RTL Hierarchical Component Statistics 
---------------------------------------------------------------------------------
Hierarchical RTL Component report 
Module mux1 
Detailed RTL Component Info : 
+---Muxes : 
	   2 Input      1 Bit        Muxes := 1     
---------------------------------------------------------------------------------
Finished RTL Hierarchical Component Statistics
---------------------------------------------------------------------------------
---------------------------------------------------------------------------------
Start Part Resource Summary
---------------------------------------------------------------------------------
Part Resources:
DSPs: 120 (col length:60)
BRAMs: 150 (col length: RAMB18 60 RAMB36 30)
---------------------------------------------------------------------------------
Finished Part Resource Summary
---------------------------------------------------------------------------------
No constraint files found.
---------------------------------------------------------------------------------
Start Cross Boundary and Area Optimization
---------------------------------------------------------------------------------
Warning: Parallel synthesis criteria is not met 
WARNING: [Synth 8-3331] design mux1 has unconnected port d2
WARNING: [Synth 8-3331] design mux1 has unconnected port d3
WARNING: [Synth 8-3331] design mux1 has unconnected port d4
WARNING: [Synth 8-3331] design mux1 has unconnected port d5
WARNING: [Synth 8-3331] design mux1 has unconnected port d6
WARNING: [Synth 8-3331] design mux1 has unconnected port d7
---------------------------------------------------------------------------------
Finished Cross Boundary and Area Optimization : Time (s): cpu = 00:00:24 ; elapsed = 00:00:29 . Memory (MB): peak = 671.574 ; gain = 375.160
---------------------------------------------------------------------------------

Report RTL Partitions: 
+-+--------------+------------+----------+
| |RTL Partition |Replication |Instances |
+-+--------------+------------+----------+
+-+--------------+------------+----------+
No constraint files found.
---------------------------------------------------------------------------------
Start Timing Optimization
---------------------------------------------------------------------------------
---------------------------------------------------------------------------------
Finished Timing Optimization : Time (s): cpu = 00:00:24 ; elapsed = 00:00:29 . Memory (MB): peak = 672.512 ; gain = 376.098
---------------------------------------------------------------------------------

Report RTL Partitions: 
+-+--------------+------------+----------+
| |RTL Partition |Replication |Instances |
+-+--------------+------------+----------+
+-+--------------+------------+----------+
---------------------------------------------------------------------------------
Start Technology Mapping
---------------------------------------------------------------------------------
---------------------------------------------------------------------------------
Finished Technology Mapping : Time (s): cpu = 00:00:24 ; elapsed = 00:00:29 . Memory (MB): peak = 672.512 ; gain = 376.098
---------------------------------------------------------------------------------

Report RTL Partitions: 
+-+--------------+------------+----------+
| |RTL Partition |Replication |Instances |
+-+--------------+------------+----------+
+-+--------------+------------+----------+
---------------------------------------------------------------------------------
Start IO Insertion
---------------------------------------------------------------------------------
---------------------------------------------------------------------------------
Start Flattening Before IO Insertion
---------------------------------------------------------------------------------
---------------------------------------------------------------------------------
Finished Flattening Before IO Insertion
---------------------------------------------------------------------------------
---------------------------------------------------------------------------------
Start Final Netlist Cleanup
---------------------------------------------------------------------------------
---------------------------------------------------------------------------------
Finished Final Netlist Cleanup
---------------------------------------------------------------------------------
---------------------------------------------------------------------------------
Finished IO Insertion : Time (s): cpu = 00:00:31 ; elapsed = 00:00:37 . Memory (MB): peak = 674.500 ; gain = 378.086
---------------------------------------------------------------------------------

Report Check Netlist: 
+------+------------------+-------+---------+-------+------------------+
|      |Item              |Errors |Warnings |Status |Description       |
+------+------------------+-------+---------+-------+------------------+
|1     |multi_driven_nets |      0|        0|Passed |Multi driven nets |
+------+------------------+-------+---------+-------+------------------+
---------------------------------------------------------------------------------
Start Renaming Generated Instances
---------------------------------------------------------------------------------
---------------------------------------------------------------------------------
Finished Renaming Generated Instances : Time (s): cpu = 00:00:31 ; elapsed = 00:00:37 . Memory (MB): peak = 674.500 ; gain = 378.086
---------------------------------------------------------------------------------

Report RTL Partitions: 
+-+--------------+------------+----------+
| |RTL Partition |Replication |Instances |
+-+--------------+------------+----------+
+-+--------------+------------+----------+
---------------------------------------------------------------------------------
Start Rebuilding User Hierarchy
---------------------------------------------------------------------------------
---------------------------------------------------------------------------------
Finished Rebuilding User Hierarchy : Time (s): cpu = 00:00:31 ; elapsed = 00:00:37 . Memory (MB): peak = 674.500 ; gain = 378.086
---------------------------------------------------------------------------------
---------------------------------------------------------------------------------
Start Renaming Generated Ports
---------------------------------------------------------------------------------
---------------------------------------------------------------------------------
Finished Renaming Generated Ports : Time (s): cpu = 00:00:31 ; elapsed = 00:00:37 . Memory (MB): peak = 674.500 ; gain = 378.086
---------------------------------------------------------------------------------
---------------------------------------------------------------------------------
Start Handling Custom Attributes
---------------------------------------------------------------------------------
---------------------------------------------------------------------------------
Finished Handling Custom Attributes : Time (s): cpu = 00:00:31 ; elapsed = 00:00:37 . Memory (MB): peak = 674.500 ; gain = 378.086
---------------------------------------------------------------------------------
---------------------------------------------------------------------------------
Start Renaming Generated Nets
---------------------------------------------------------------------------------
---------------------------------------------------------------------------------
Finished Renaming Generated Nets : Time (s): cpu = 00:00:31 ; elapsed = 00:00:37 . Memory (MB): peak = 674.500 ; gain = 378.086
---------------------------------------------------------------------------------
---------------------------------------------------------------------------------
Start Writing Synthesis Report
---------------------------------------------------------------------------------

Report BlackBoxes: 
+-+--------------+----------+
| |BlackBox name |Instances |
+-+--------------+----------+
+-+--------------+----------+

Report Cell Usage: 
+------+-----+------+
|      |Cell |Count |
+------+-----+------+
|1     |LUT3 |     1|
|2     |IBUF |     3|
|3     |OBUF |     1|
+------+-----+------+

Report Instance Areas: 
+------+---------+-------+------+
|      |Instance |Module |Cells |
+------+---------+-------+------+
|1     |top      |       |     5|
+------+---------+-------+------+
---------------------------------------------------------------------------------
Finished Writing Synthesis Report : Time (s): cpu = 00:00:31 ; elapsed = 00:00:37 . Memory (MB): peak = 674.500 ; gain = 378.086
---------------------------------------------------------------------------------
Synthesis finished with 0 errors, 0 critical warnings and 19 warnings.
Synthesis Optimization Runtime : Time (s): cpu = 00:00:31 ; elapsed = 00:00:37 . Memory (MB): peak = 674.500 ; gain = 378.086
Synthesis Optimization Complete : Time (s): cpu = 00:00:31 ; elapsed = 00:00:37 . Memory (MB): peak = 674.500 ; gain = 378.086
INFO: [Project 1-571] Translating synthesized netlist
INFO: [Project 1-570] Preparing netlist for logic optimization
INFO: [Opt 31-138] Pushed 0 inverter(s) to 0 load pin(s).
Netlist sorting complete. Time (s): cpu = 00:00:00 ; elapsed = 00:00:00 . Memory (MB): peak = 785.117 ; gain = 0.000
INFO: [Project 1-111] Unisim Transformation Summary:
No Unisim elements were transformed.

INFO: [Common 17-83] Releasing license: Synthesis
9 Infos, 19 Warnings, 0 Critical Warnings and 0 Errors encountered.
synth_design completed successfully
synth_design: Time (s): cpu = 00:00:45 ; elapsed = 00:00:55 . Memory (MB): peak = 785.117 ; gain = 488.703
Netlist sorting complete. Time (s): cpu = 00:00:00 ; elapsed = 00:00:00 . Memory (MB): peak = 785.117 ; gain = 0.000
WARNING: [Constraints 18-5210] No constraints selected for write.
Resolution: This message can indicate that there are no constraints for the design, or it can indicate that the used_in flags are set such that the constraints are ignored. This later case is used when running synth_design to not write synthesis constraints to the resulting checkpoint. Instead, project constraints are read when the synthesized design is opened.
INFO: [Common 17-1381] The checkpoint 'C:/Users/sinow/Documents/VLSI/HW1/HW1.runs/synth_1/mux1.dcp' has been generated.
INFO: [runtcl-4] Executing : report_utilization -file mux1_utilization_synth.rpt -pb mux1_utilization_synth.pb
INFO: [Common 17-206] Exiting Vivado at Sat Aug 29 16:08:33 2020...
