ARM GAS  C:\Users\sinow\AppData\Local\Temp\cccdru9v.s 			page 1


   1              		.syntax unified
   2              		.cpu cortex-m3
   3              		.fpu softvfp
   4              		.eabi_attribute 20, 1
   5              		.eabi_attribute 21, 1
   6              		.eabi_attribute 23, 3
   7              		.eabi_attribute 24, 1
   8              		.eabi_attribute 25, 1
   9              		.eabi_attribute 26, 1
  10              		.eabi_attribute 30, 1
  11              		.eabi_attribute 34, 1
  12              		.eabi_attribute 18, 4
  13              		.thumb
  14              		.syntax unified
  15              		.file	"build_plot_str.c"
  16              		.text
  17              	.Ltext0:
  18              		.cfi_sections	.debug_frame
  19              		.section	.text.build_plot_str,"ax",%progbits
  20              		.align	2
  21              		.global	build_plot_str
  22              		.thumb
  23              		.thumb_func
  24              		.type	build_plot_str, %function
  25              	build_plot_str:
  26              	.LFB0:
  27              		.file 1 "build_plot_str.c"
   1:build_plot_str.c **** #include "build_plot_str.h"
   2:build_plot_str.c **** 
   3:build_plot_str.c **** /*
   4:build_plot_str.c ****     Procedure:
   5:build_plot_str.c ****         build_plot_str
   6:build_plot_str.c ****     
   7:build_plot_str.c ****     Behavior:
   8:build_plot_str.c ****         For two input values (assumed scale factor is +/-32768) builds a string
   9:build_plot_str.c ****         where the values are plotting using characters 'x' and '+', assuming 64-character
  10:build_plot_str.c ****         wide terminal
  11:build_plot_str.c ****     
  12:build_plot_str.c ****     Inputs:
  13:build_plot_str.c ****         msg_str: pointer to the string where the output will be placed.  Must be allocated to be at
  14:build_plot_str.c ****     
  15:build_plot_str.c ****         x:       first value to be plotted (with character 'x')
  16:build_plot_str.c ****         y:       second value to be plotted (with character '+')
  17:build_plot_str.c ****         
  18:build_plot_str.c ****     Outputs:
  19:build_plot_str.c ****         None
  20:build_plot_str.c **** */
  21:build_plot_str.c **** void build_plot_str( char str[], int x, int y )
  22:build_plot_str.c **** {
  28              		.loc 1 22 0
  29              		.cfi_startproc
  30              		@ args = 0, pretend = 0, frame = 0
  31              		@ frame_needed = 0, uses_anonymous_args = 0
  32              	.LVL0:
  33 0000 70B5     		push	{r4, r5, r6, lr}
  34              		.cfi_def_cfa_offset 16
  35              		.cfi_offset 4, -16
ARM GAS  C:\Users\sinow\AppData\Local\Temp\cccdru9v.s 			page 2


  36              		.cfi_offset 5, -12
  37              		.cfi_offset 6, -8
  38              		.cfi_offset 14, -4
  39 0002 0646     		mov	r6, r0
  40 0004 0C46     		mov	r4, r1
  41 0006 1546     		mov	r5, r2
  23:build_plot_str.c ****     memset(str, ' ', 64);                       // sets string to sppaces
  42              		.loc 1 23 0
  43 0008 4022     		movs	r2, #64
  44              	.LVL1:
  45 000a 2021     		movs	r1, #32
  46              	.LVL2:
  47 000c FFF7FEFF 		bl	memset
  48              	.LVL3:
  24:build_plot_str.c ****     str[64] = '\r';                             // carriage return
  49              		.loc 1 24 0
  50 0010 0D23     		movs	r3, #13
  51 0012 86F84030 		strb	r3, [r6, #64]
  25:build_plot_str.c ****     str[65] = '\n';                             // line feed
  52              		.loc 1 25 0
  53 0016 0A23     		movs	r3, #10
  54 0018 86F84130 		strb	r3, [r6, #65]
  26:build_plot_str.c ****     str[66] = '\0';                             // NULL termination
  55              		.loc 1 26 0
  56 001c 0023     		movs	r3, #0
  57 001e 86F84230 		strb	r3, [r6, #66]
  27:build_plot_str.c ****     str[32] = '|';                              // Draw the axis line
  58              		.loc 1 27 0
  59 0022 7C23     		movs	r3, #124
  60 0024 86F82030 		strb	r3, [r6, #32]
  28:build_plot_str.c ****     
  29:build_plot_str.c ****     x = x >> 10;                                // Remaps to range +/-32
  61              		.loc 1 29 0
  62 0028 A112     		asrs	r1, r4, #10
  63              	.LVL4:
  30:build_plot_str.c ****     x = x + 32;                                 // Remaps to range 0..63
  31:build_plot_str.c ****     if (x < 0) x = 0;       if (x > 63) x = 63; // Clip to range 0..64
  64              		.loc 1 31 0
  65 002a 2031     		adds	r1, r1, #32
  66              	.LVL5:
  67 002c 00D5     		bpl	.L2
  68 002e 0021     		movs	r1, #0
  69              	.LVL6:
  70              	.L2:
  71              		.loc 1 31 0 is_stmt 0 discriminator 3
  72 0030 3F29     		cmp	r1, #63
  73 0032 00DD     		ble	.L3
  74              		.loc 1 31 0
  75 0034 3F21     		movs	r1, #63
  76              	.LVL7:
  77              	.L3:
  32:build_plot_str.c ****     
  33:build_plot_str.c ****     y = y >> 10;                                // Remaps to range +/-32
  78              		.loc 1 33 0 is_stmt 1
  79 0036 AA12     		asrs	r2, r5, #10
  80              	.LVL8:
  34:build_plot_str.c ****     y = y + 32;                                 // Remaps to range 0..63
ARM GAS  C:\Users\sinow\AppData\Local\Temp\cccdru9v.s 			page 3


  35:build_plot_str.c ****     if (y < 0) y = 0;       if (y > 63) y = 63; // Clip to range 0..64
  81              		.loc 1 35 0
  82 0038 2032     		adds	r2, r2, #32
  83              	.LVL9:
  84 003a 00D5     		bpl	.L4
  85 003c 0022     		movs	r2, #0
  86              	.LVL10:
  87              	.L4:
  88              		.loc 1 35 0 is_stmt 0 discriminator 3
  89 003e 3F2A     		cmp	r2, #63
  90 0040 00DD     		ble	.L5
  91              		.loc 1 35 0
  92 0042 3F22     		movs	r2, #63
  93              	.LVL11:
  94              	.L5:
  36:build_plot_str.c **** 
  37:build_plot_str.c ****     // Special case x = y, draw '*'
  38:build_plot_str.c ****     if (x == y)
  95              		.loc 1 38 0 is_stmt 1
  96 0044 9142     		cmp	r1, r2
  97 0046 02D1     		bne	.L6
  39:build_plot_str.c ****         str[x] = '*';
  98              		.loc 1 39 0
  99 0048 2A23     		movs	r3, #42
 100 004a 7354     		strb	r3, [r6, r1]
 101 004c 70BD     		pop	{r4, r5, r6, pc}
 102              	.LVL12:
 103              	.L6:
  40:build_plot_str.c ****     else
  41:build_plot_str.c ****     {
  42:build_plot_str.c ****         str[x] = 'x';
 104              		.loc 1 42 0
 105 004e 7823     		movs	r3, #120
 106 0050 7354     		strb	r3, [r6, r1]
  43:build_plot_str.c ****         str[y] = '+';
 107              		.loc 1 43 0
 108 0052 2B23     		movs	r3, #43
 109 0054 B354     		strb	r3, [r6, r2]
 110 0056 70BD     		pop	{r4, r5, r6, pc}
 111              		.cfi_endproc
 112              	.LFE0:
 113              		.size	build_plot_str, .-build_plot_str
 114              		.text
 115              	.Letext0:
 116              		.file 2 "<built-in>"
 117              		.section	.debug_info,"",%progbits
 118              	.Ldebug_info0:
 119 0000 C4000000 		.4byte	0xc4
 120 0004 0400     		.2byte	0x4
 121 0006 00000000 		.4byte	.Ldebug_abbrev0
 122 000a 04       		.byte	0x4
 123 000b 01       		.uleb128 0x1
 124 000c 96000000 		.4byte	.LASF2
 125 0010 0C       		.byte	0xc
 126 0011 1C000000 		.4byte	.LASF3
 127 0015 39000000 		.4byte	.LASF4
 128 0019 00000000 		.4byte	.Ldebug_ranges0+0
ARM GAS  C:\Users\sinow\AppData\Local\Temp\cccdru9v.s 			page 4


 129 001d 00000000 		.4byte	0
 130 0021 00000000 		.4byte	.Ldebug_line0
 131 0025 02       		.uleb128 0x2
 132 0026 0D000000 		.4byte	.LASF5
 133 002a 01       		.byte	0x1
 134 002b 15       		.byte	0x15
 135 002c 00000000 		.4byte	.LFB0
 136 0030 58000000 		.4byte	.LFE0-.LFB0
 137 0034 01       		.uleb128 0x1
 138 0035 9C       		.byte	0x9c
 139 0036 9F000000 		.4byte	0x9f
 140 003a 03       		.uleb128 0x3
 141 003b 73747200 		.ascii	"str\000"
 142 003f 01       		.byte	0x1
 143 0040 15       		.byte	0x15
 144 0041 9F000000 		.4byte	0x9f
 145 0045 00000000 		.4byte	.LLST0
 146 0049 03       		.uleb128 0x3
 147 004a 7800     		.ascii	"x\000"
 148 004c 01       		.byte	0x1
 149 004d 15       		.byte	0x15
 150 004e AC000000 		.4byte	0xac
 151 0052 1E000000 		.4byte	.LLST1
 152 0056 03       		.uleb128 0x3
 153 0057 7900     		.ascii	"y\000"
 154 0059 01       		.byte	0x1
 155 005a 15       		.byte	0x15
 156 005b AC000000 		.4byte	0xac
 157 005f 54000000 		.4byte	.LLST2
 158 0063 04       		.uleb128 0x4
 159 0064 32000000 		.4byte	.LASF6
 160 0068 02       		.byte	0x2
 161 0069 00       		.byte	0
 162 006a B3000000 		.4byte	0xb3
 163 006e 82000000 		.4byte	0x82
 164 0072 05       		.uleb128 0x5
 165 0073 B3000000 		.4byte	0xb3
 166 0077 05       		.uleb128 0x5
 167 0078 AC000000 		.4byte	0xac
 168 007c 05       		.uleb128 0x5
 169 007d B5000000 		.4byte	0xb5
 170 0081 00       		.byte	0
 171 0082 06       		.uleb128 0x6
 172 0083 10000000 		.4byte	.LVL3
 173 0087 BC000000 		.4byte	0xbc
 174 008b 07       		.uleb128 0x7
 175 008c 01       		.uleb128 0x1
 176 008d 50       		.byte	0x50
 177 008e 02       		.uleb128 0x2
 178 008f 76       		.byte	0x76
 179 0090 00       		.sleb128 0
 180 0091 07       		.uleb128 0x7
 181 0092 01       		.uleb128 0x1
 182 0093 51       		.byte	0x51
 183 0094 02       		.uleb128 0x2
 184 0095 08       		.byte	0x8
 185 0096 20       		.byte	0x20
ARM GAS  C:\Users\sinow\AppData\Local\Temp\cccdru9v.s 			page 5


 186 0097 07       		.uleb128 0x7
 187 0098 01       		.uleb128 0x1
 188 0099 52       		.byte	0x52
 189 009a 02       		.uleb128 0x2
 190 009b 08       		.byte	0x8
 191 009c 40       		.byte	0x40
 192 009d 00       		.byte	0
 193 009e 00       		.byte	0
 194 009f 08       		.uleb128 0x8
 195 00a0 04       		.byte	0x4
 196 00a1 A5000000 		.4byte	0xa5
 197 00a5 09       		.uleb128 0x9
 198 00a6 01       		.byte	0x1
 199 00a7 08       		.byte	0x8
 200 00a8 2D000000 		.4byte	.LASF0
 201 00ac 0A       		.uleb128 0xa
 202 00ad 04       		.byte	0x4
 203 00ae 05       		.byte	0x5
 204 00af 696E7400 		.ascii	"int\000"
 205 00b3 0B       		.uleb128 0xb
 206 00b4 04       		.byte	0x4
 207 00b5 09       		.uleb128 0x9
 208 00b6 04       		.byte	0x4
 209 00b7 07       		.byte	0x7
 210 00b8 00000000 		.4byte	.LASF1
 211 00bc 0C       		.uleb128 0xc
 212 00bd 32000000 		.4byte	.LASF6
 213 00c1 32000000 		.4byte	.LASF6
 214 00c5 02       		.byte	0x2
 215 00c6 00       		.byte	0
 216 00c7 00       		.byte	0
 217              		.section	.debug_abbrev,"",%progbits
 218              	.Ldebug_abbrev0:
 219 0000 01       		.uleb128 0x1
 220 0001 11       		.uleb128 0x11
 221 0002 01       		.byte	0x1
 222 0003 25       		.uleb128 0x25
 223 0004 0E       		.uleb128 0xe
 224 0005 13       		.uleb128 0x13
 225 0006 0B       		.uleb128 0xb
 226 0007 03       		.uleb128 0x3
 227 0008 0E       		.uleb128 0xe
 228 0009 1B       		.uleb128 0x1b
 229 000a 0E       		.uleb128 0xe
 230 000b 55       		.uleb128 0x55
 231 000c 17       		.uleb128 0x17
 232 000d 11       		.uleb128 0x11
 233 000e 01       		.uleb128 0x1
 234 000f 10       		.uleb128 0x10
 235 0010 17       		.uleb128 0x17
 236 0011 00       		.byte	0
 237 0012 00       		.byte	0
 238 0013 02       		.uleb128 0x2
 239 0014 2E       		.uleb128 0x2e
 240 0015 01       		.byte	0x1
 241 0016 3F       		.uleb128 0x3f
 242 0017 19       		.uleb128 0x19
ARM GAS  C:\Users\sinow\AppData\Local\Temp\cccdru9v.s 			page 6


 243 0018 03       		.uleb128 0x3
 244 0019 0E       		.uleb128 0xe
 245 001a 3A       		.uleb128 0x3a
 246 001b 0B       		.uleb128 0xb
 247 001c 3B       		.uleb128 0x3b
 248 001d 0B       		.uleb128 0xb
 249 001e 27       		.uleb128 0x27
 250 001f 19       		.uleb128 0x19
 251 0020 11       		.uleb128 0x11
 252 0021 01       		.uleb128 0x1
 253 0022 12       		.uleb128 0x12
 254 0023 06       		.uleb128 0x6
 255 0024 40       		.uleb128 0x40
 256 0025 18       		.uleb128 0x18
 257 0026 9742     		.uleb128 0x2117
 258 0028 19       		.uleb128 0x19
 259 0029 01       		.uleb128 0x1
 260 002a 13       		.uleb128 0x13
 261 002b 00       		.byte	0
 262 002c 00       		.byte	0
 263 002d 03       		.uleb128 0x3
 264 002e 05       		.uleb128 0x5
 265 002f 00       		.byte	0
 266 0030 03       		.uleb128 0x3
 267 0031 08       		.uleb128 0x8
 268 0032 3A       		.uleb128 0x3a
 269 0033 0B       		.uleb128 0xb
 270 0034 3B       		.uleb128 0x3b
 271 0035 0B       		.uleb128 0xb
 272 0036 49       		.uleb128 0x49
 273 0037 13       		.uleb128 0x13
 274 0038 02       		.uleb128 0x2
 275 0039 17       		.uleb128 0x17
 276 003a 00       		.byte	0
 277 003b 00       		.byte	0
 278 003c 04       		.uleb128 0x4
 279 003d 2E       		.uleb128 0x2e
 280 003e 01       		.byte	0x1
 281 003f 3F       		.uleb128 0x3f
 282 0040 19       		.uleb128 0x19
 283 0041 03       		.uleb128 0x3
 284 0042 0E       		.uleb128 0xe
 285 0043 3A       		.uleb128 0x3a
 286 0044 0B       		.uleb128 0xb
 287 0045 3B       		.uleb128 0x3b
 288 0046 0B       		.uleb128 0xb
 289 0047 27       		.uleb128 0x27
 290 0048 19       		.uleb128 0x19
 291 0049 49       		.uleb128 0x49
 292 004a 13       		.uleb128 0x13
 293 004b 3C       		.uleb128 0x3c
 294 004c 19       		.uleb128 0x19
 295 004d 01       		.uleb128 0x1
 296 004e 13       		.uleb128 0x13
 297 004f 00       		.byte	0
 298 0050 00       		.byte	0
 299 0051 05       		.uleb128 0x5
ARM GAS  C:\Users\sinow\AppData\Local\Temp\cccdru9v.s 			page 7


 300 0052 05       		.uleb128 0x5
 301 0053 00       		.byte	0
 302 0054 49       		.uleb128 0x49
 303 0055 13       		.uleb128 0x13
 304 0056 00       		.byte	0
 305 0057 00       		.byte	0
 306 0058 06       		.uleb128 0x6
 307 0059 898201   		.uleb128 0x4109
 308 005c 01       		.byte	0x1
 309 005d 11       		.uleb128 0x11
 310 005e 01       		.uleb128 0x1
 311 005f 31       		.uleb128 0x31
 312 0060 13       		.uleb128 0x13
 313 0061 00       		.byte	0
 314 0062 00       		.byte	0
 315 0063 07       		.uleb128 0x7
 316 0064 8A8201   		.uleb128 0x410a
 317 0067 00       		.byte	0
 318 0068 02       		.uleb128 0x2
 319 0069 18       		.uleb128 0x18
 320 006a 9142     		.uleb128 0x2111
 321 006c 18       		.uleb128 0x18
 322 006d 00       		.byte	0
 323 006e 00       		.byte	0
 324 006f 08       		.uleb128 0x8
 325 0070 0F       		.uleb128 0xf
 326 0071 00       		.byte	0
 327 0072 0B       		.uleb128 0xb
 328 0073 0B       		.uleb128 0xb
 329 0074 49       		.uleb128 0x49
 330 0075 13       		.uleb128 0x13
 331 0076 00       		.byte	0
 332 0077 00       		.byte	0
 333 0078 09       		.uleb128 0x9
 334 0079 24       		.uleb128 0x24
 335 007a 00       		.byte	0
 336 007b 0B       		.uleb128 0xb
 337 007c 0B       		.uleb128 0xb
 338 007d 3E       		.uleb128 0x3e
 339 007e 0B       		.uleb128 0xb
 340 007f 03       		.uleb128 0x3
 341 0080 0E       		.uleb128 0xe
 342 0081 00       		.byte	0
 343 0082 00       		.byte	0
 344 0083 0A       		.uleb128 0xa
 345 0084 24       		.uleb128 0x24
 346 0085 00       		.byte	0
 347 0086 0B       		.uleb128 0xb
 348 0087 0B       		.uleb128 0xb
 349 0088 3E       		.uleb128 0x3e
 350 0089 0B       		.uleb128 0xb
 351 008a 03       		.uleb128 0x3
 352 008b 08       		.uleb128 0x8
 353 008c 00       		.byte	0
 354 008d 00       		.byte	0
 355 008e 0B       		.uleb128 0xb
 356 008f 0F       		.uleb128 0xf
ARM GAS  C:\Users\sinow\AppData\Local\Temp\cccdru9v.s 			page 8


 357 0090 00       		.byte	0
 358 0091 0B       		.uleb128 0xb
 359 0092 0B       		.uleb128 0xb
 360 0093 00       		.byte	0
 361 0094 00       		.byte	0
 362 0095 0C       		.uleb128 0xc
 363 0096 2E       		.uleb128 0x2e
 364 0097 00       		.byte	0
 365 0098 3F       		.uleb128 0x3f
 366 0099 19       		.uleb128 0x19
 367 009a 3C       		.uleb128 0x3c
 368 009b 19       		.uleb128 0x19
 369 009c 6E       		.uleb128 0x6e
 370 009d 0E       		.uleb128 0xe
 371 009e 03       		.uleb128 0x3
 372 009f 0E       		.uleb128 0xe
 373 00a0 3A       		.uleb128 0x3a
 374 00a1 0B       		.uleb128 0xb
 375 00a2 3B       		.uleb128 0x3b
 376 00a3 0B       		.uleb128 0xb
 377 00a4 00       		.byte	0
 378 00a5 00       		.byte	0
 379 00a6 00       		.byte	0
 380              		.section	.debug_loc,"",%progbits
 381              	.Ldebug_loc0:
 382              	.LLST0:
 383 0000 00000000 		.4byte	.LVL0
 384 0004 0F000000 		.4byte	.LVL3-1
 385 0008 0100     		.2byte	0x1
 386 000a 50       		.byte	0x50
 387 000b 0F000000 		.4byte	.LVL3-1
 388 000f 58000000 		.4byte	.LFE0
 389 0013 0100     		.2byte	0x1
 390 0015 56       		.byte	0x56
 391 0016 00000000 		.4byte	0
 392 001a 00000000 		.4byte	0
 393              	.LLST1:
 394 001e 00000000 		.4byte	.LVL0
 395 0022 0C000000 		.4byte	.LVL2
 396 0026 0100     		.2byte	0x1
 397 0028 51       		.byte	0x51
 398 0029 0C000000 		.4byte	.LVL2
 399 002d 2A000000 		.4byte	.LVL4
 400 0031 0100     		.2byte	0x1
 401 0033 54       		.byte	0x54
 402 0034 2A000000 		.4byte	.LVL4
 403 0038 2C000000 		.4byte	.LVL5
 404 003c 0300     		.2byte	0x3
 405 003e 71       		.byte	0x71
 406 003f 20       		.sleb128 32
 407 0040 9F       		.byte	0x9f
 408 0041 2C000000 		.4byte	.LVL5
 409 0045 58000000 		.4byte	.LFE0
 410 0049 0100     		.2byte	0x1
 411 004b 51       		.byte	0x51
 412 004c 00000000 		.4byte	0
 413 0050 00000000 		.4byte	0
ARM GAS  C:\Users\sinow\AppData\Local\Temp\cccdru9v.s 			page 9


 414              	.LLST2:
 415 0054 00000000 		.4byte	.LVL0
 416 0058 0A000000 		.4byte	.LVL1
 417 005c 0100     		.2byte	0x1
 418 005e 52       		.byte	0x52
 419 005f 0A000000 		.4byte	.LVL1
 420 0063 38000000 		.4byte	.LVL8
 421 0067 0100     		.2byte	0x1
 422 0069 55       		.byte	0x55
 423 006a 38000000 		.4byte	.LVL8
 424 006e 3A000000 		.4byte	.LVL9
 425 0072 0300     		.2byte	0x3
 426 0074 72       		.byte	0x72
 427 0075 20       		.sleb128 32
 428 0076 9F       		.byte	0x9f
 429 0077 3A000000 		.4byte	.LVL9
 430 007b 58000000 		.4byte	.LFE0
 431 007f 0100     		.2byte	0x1
 432 0081 52       		.byte	0x52
 433 0082 00000000 		.4byte	0
 434 0086 00000000 		.4byte	0
 435              		.section	.debug_aranges,"",%progbits
 436 0000 1C000000 		.4byte	0x1c
 437 0004 0200     		.2byte	0x2
 438 0006 00000000 		.4byte	.Ldebug_info0
 439 000a 04       		.byte	0x4
 440 000b 00       		.byte	0
 441 000c 0000     		.2byte	0
 442 000e 0000     		.2byte	0
 443 0010 00000000 		.4byte	.LFB0
 444 0014 58000000 		.4byte	.LFE0-.LFB0
 445 0018 00000000 		.4byte	0
 446 001c 00000000 		.4byte	0
 447              		.section	.debug_ranges,"",%progbits
 448              	.Ldebug_ranges0:
 449 0000 00000000 		.4byte	.LFB0
 450 0004 58000000 		.4byte	.LFE0
 451 0008 00000000 		.4byte	0
 452 000c 00000000 		.4byte	0
 453              		.section	.debug_line,"",%progbits
 454              	.Ldebug_line0:
 455 0000 67000000 		.section	.debug_str,"MS",%progbits,1
 455      02003500 
 455      00000201 
 455      FB0E0D00 
 455      01010101 
 456              	.LASF1:
 457 0000 756E7369 		.ascii	"unsigned int\000"
 457      676E6564 
 457      20696E74 
 457      00
 458              	.LASF5:
 459 000d 6275696C 		.ascii	"build_plot_str\000"
 459      645F706C 
 459      6F745F73 
 459      747200
 460              	.LASF3:
ARM GAS  C:\Users\sinow\AppData\Local\Temp\cccdru9v.s 			page 10


 461 001c 6275696C 		.ascii	"build_plot_str.c\000"
 461      645F706C 
 461      6F745F73 
 461      74722E63 
 461      00
 462              	.LASF0:
 463 002d 63686172 		.ascii	"char\000"
 463      00
 464              	.LASF6:
 465 0032 6D656D73 		.ascii	"memset\000"
 465      657400
 466              	.LASF4:
 467 0039 433A5C55 		.ascii	"C:\\Users\\sinow\\Documents\\PSoC Creator\\DA4_ELC4"
 467      73657273 
 467      5C73696E 
 467      6F775C44 
 467      6F63756D 
 468 0067 31315C66 		.ascii	"11\\fixed_point_osc_w_timer_and_interrupt.cydsn\000"
 468      69786564 
 468      5F706F69 
 468      6E745F6F 
 468      73635F77 
 469              	.LASF2:
 470 0096 474E5520 		.ascii	"GNU C11 5.4.1 20160609 (release) [ARM/embedded-5-br"
 470      43313120 
 470      352E342E 
 470      31203230 
 470      31363036 
 471 00c9 616E6368 		.ascii	"anch revision 237715] -mcpu=cortex-m3 -mthumb -g -O"
 471      20726576 
 471      6973696F 
 471      6E203233 
 471      37373135 
 472 00fc 67202D66 		.ascii	"g -ffunction-sections -ffat-lto-objects\000"
 472      66756E63 
 472      74696F6E 
 472      2D736563 
 472      74696F6E 
 473              		.ident	"GCC: (GNU Tools for ARM Embedded Processors) 5.4.1 20160609 (release) [ARM/embedded-5-bran
