ARM GAS  C:\Users\sinow\AppData\Local\Temp\ccSMzgPZ.s 			page 1


   1              		.syntax unified
   2              		.cpu cortex-m3
   3              		.fpu softvfp
   4              		.eabi_attribute 20, 1
   5              		.eabi_attribute 21, 1
   6              		.eabi_attribute 23, 3
   7              		.eabi_attribute 24, 1
   8              		.eabi_attribute 25, 1
   9              		.eabi_attribute 26, 1
  10              		.eabi_attribute 30, 1
  11              		.eabi_attribute 34, 1
  12              		.eabi_attribute 18, 4
  13              		.thumb
  14              		.syntax unified
  15              		.file	"isr_3.c"
  16              		.text
  17              	.Ltext0:
  18              		.cfi_sections	.debug_frame
  19              		.section	.text.isr_3_Interrupt,"ax",%progbits
  20              		.align	2
  21              		.global	isr_3_Interrupt
  22              		.thumb
  23              		.thumb_func
  24              		.type	isr_3_Interrupt, %function
  25              	isr_3_Interrupt:
  26              	.LFB67:
  27              		.file 1 "Generated_Source\\PSoC5\\isr_3.c"
   1:Generated_Source\PSoC5/isr_3.c **** /*******************************************************************************
   2:Generated_Source\PSoC5/isr_3.c **** * File Name: isr_3.c  
   3:Generated_Source\PSoC5/isr_3.c **** * Version 1.70
   4:Generated_Source\PSoC5/isr_3.c **** *
   5:Generated_Source\PSoC5/isr_3.c **** *  Description:
   6:Generated_Source\PSoC5/isr_3.c **** *   API for controlling the state of an interrupt.
   7:Generated_Source\PSoC5/isr_3.c **** *
   8:Generated_Source\PSoC5/isr_3.c **** *
   9:Generated_Source\PSoC5/isr_3.c **** *  Note:
  10:Generated_Source\PSoC5/isr_3.c **** *
  11:Generated_Source\PSoC5/isr_3.c **** ********************************************************************************
  12:Generated_Source\PSoC5/isr_3.c **** * Copyright 2008-2015, Cypress Semiconductor Corporation.  All rights reserved.
  13:Generated_Source\PSoC5/isr_3.c **** * You may use this file only in accordance with the license, terms, conditions, 
  14:Generated_Source\PSoC5/isr_3.c **** * disclaimers, and limitations in the end user license agreement accompanying 
  15:Generated_Source\PSoC5/isr_3.c **** * the software package with which this file was provided.
  16:Generated_Source\PSoC5/isr_3.c **** *******************************************************************************/
  17:Generated_Source\PSoC5/isr_3.c **** 
  18:Generated_Source\PSoC5/isr_3.c **** 
  19:Generated_Source\PSoC5/isr_3.c **** #include <cydevice_trm.h>
  20:Generated_Source\PSoC5/isr_3.c **** #include <CyLib.h>
  21:Generated_Source\PSoC5/isr_3.c **** #include <isr_3.h>
  22:Generated_Source\PSoC5/isr_3.c **** #include "cyapicallbacks.h"
  23:Generated_Source\PSoC5/isr_3.c **** 
  24:Generated_Source\PSoC5/isr_3.c **** #if !defined(isr_3__REMOVED) /* Check for removal by optimization */
  25:Generated_Source\PSoC5/isr_3.c **** 
  26:Generated_Source\PSoC5/isr_3.c **** /*******************************************************************************
  27:Generated_Source\PSoC5/isr_3.c **** *  Place your includes, defines and code here 
  28:Generated_Source\PSoC5/isr_3.c **** ********************************************************************************/
  29:Generated_Source\PSoC5/isr_3.c **** /* `#START isr_3_intc` */
  30:Generated_Source\PSoC5/isr_3.c ****    #include "project.h"
ARM GAS  C:\Users\sinow\AppData\Local\Temp\ccSMzgPZ.s 			page 2


  31:Generated_Source\PSoC5/isr_3.c ****    #include <stdio.h>
  32:Generated_Source\PSoC5/isr_3.c **** /* `#END` */
  33:Generated_Source\PSoC5/isr_3.c **** 
  34:Generated_Source\PSoC5/isr_3.c **** #ifndef CYINT_IRQ_BASE
  35:Generated_Source\PSoC5/isr_3.c **** #define CYINT_IRQ_BASE      16
  36:Generated_Source\PSoC5/isr_3.c **** #endif /* CYINT_IRQ_BASE */
  37:Generated_Source\PSoC5/isr_3.c **** #ifndef CYINT_VECT_TABLE
  38:Generated_Source\PSoC5/isr_3.c **** #define CYINT_VECT_TABLE    ((cyisraddress **) CYREG_NVIC_VECT_OFFSET)
  39:Generated_Source\PSoC5/isr_3.c **** #endif /* CYINT_VECT_TABLE */
  40:Generated_Source\PSoC5/isr_3.c **** 
  41:Generated_Source\PSoC5/isr_3.c **** /* Declared in startup, used to set unused interrupts to. */
  42:Generated_Source\PSoC5/isr_3.c **** CY_ISR_PROTO(IntDefaultHandler);
  43:Generated_Source\PSoC5/isr_3.c **** 
  44:Generated_Source\PSoC5/isr_3.c **** 
  45:Generated_Source\PSoC5/isr_3.c **** /*******************************************************************************
  46:Generated_Source\PSoC5/isr_3.c **** * Function Name: isr_3_Start
  47:Generated_Source\PSoC5/isr_3.c **** ********************************************************************************
  48:Generated_Source\PSoC5/isr_3.c **** *
  49:Generated_Source\PSoC5/isr_3.c **** * Summary:
  50:Generated_Source\PSoC5/isr_3.c **** *  Set up the interrupt and enable it. This function disables the interrupt, 
  51:Generated_Source\PSoC5/isr_3.c **** *  sets the default interrupt vector, sets the priority from the value in the
  52:Generated_Source\PSoC5/isr_3.c **** *  Design Wide Resources Interrupt Editor, then enables the interrupt to the 
  53:Generated_Source\PSoC5/isr_3.c **** *  interrupt controller.
  54:Generated_Source\PSoC5/isr_3.c **** *
  55:Generated_Source\PSoC5/isr_3.c **** * Parameters:  
  56:Generated_Source\PSoC5/isr_3.c **** *   None
  57:Generated_Source\PSoC5/isr_3.c **** *
  58:Generated_Source\PSoC5/isr_3.c **** * Return:
  59:Generated_Source\PSoC5/isr_3.c **** *   None
  60:Generated_Source\PSoC5/isr_3.c **** *
  61:Generated_Source\PSoC5/isr_3.c **** *******************************************************************************/
  62:Generated_Source\PSoC5/isr_3.c **** void isr_3_Start(void)
  63:Generated_Source\PSoC5/isr_3.c **** {
  64:Generated_Source\PSoC5/isr_3.c ****     /* For all we know the interrupt is active. */
  65:Generated_Source\PSoC5/isr_3.c ****     isr_3_Disable();
  66:Generated_Source\PSoC5/isr_3.c **** 
  67:Generated_Source\PSoC5/isr_3.c ****     /* Set the ISR to point to the isr_3 Interrupt. */
  68:Generated_Source\PSoC5/isr_3.c ****     isr_3_SetVector(&isr_3_Interrupt);
  69:Generated_Source\PSoC5/isr_3.c **** 
  70:Generated_Source\PSoC5/isr_3.c ****     /* Set the priority. */
  71:Generated_Source\PSoC5/isr_3.c ****     isr_3_SetPriority((uint8)isr_3_INTC_PRIOR_NUMBER);
  72:Generated_Source\PSoC5/isr_3.c **** 
  73:Generated_Source\PSoC5/isr_3.c ****     /* Enable it. */
  74:Generated_Source\PSoC5/isr_3.c ****     isr_3_Enable();
  75:Generated_Source\PSoC5/isr_3.c **** }
  76:Generated_Source\PSoC5/isr_3.c **** 
  77:Generated_Source\PSoC5/isr_3.c **** 
  78:Generated_Source\PSoC5/isr_3.c **** /*******************************************************************************
  79:Generated_Source\PSoC5/isr_3.c **** * Function Name: isr_3_StartEx
  80:Generated_Source\PSoC5/isr_3.c **** ********************************************************************************
  81:Generated_Source\PSoC5/isr_3.c **** *
  82:Generated_Source\PSoC5/isr_3.c **** * Summary:
  83:Generated_Source\PSoC5/isr_3.c **** *  Sets up the interrupt and enables it. This function disables the interrupt,
  84:Generated_Source\PSoC5/isr_3.c **** *  sets the interrupt vector based on the address passed in, sets the priority 
  85:Generated_Source\PSoC5/isr_3.c **** *  from the value in the Design Wide Resources Interrupt Editor, then enables 
  86:Generated_Source\PSoC5/isr_3.c **** *  the interrupt to the interrupt controller.
  87:Generated_Source\PSoC5/isr_3.c **** *  
ARM GAS  C:\Users\sinow\AppData\Local\Temp\ccSMzgPZ.s 			page 3


  88:Generated_Source\PSoC5/isr_3.c **** *  When defining ISR functions, the CY_ISR and CY_ISR_PROTO macros should be 
  89:Generated_Source\PSoC5/isr_3.c **** *  used to provide consistent definition across compilers:
  90:Generated_Source\PSoC5/isr_3.c **** *  
  91:Generated_Source\PSoC5/isr_3.c **** *  Function definition example:
  92:Generated_Source\PSoC5/isr_3.c **** *   CY_ISR(MyISR)
  93:Generated_Source\PSoC5/isr_3.c **** *   {
  94:Generated_Source\PSoC5/isr_3.c **** *   }
  95:Generated_Source\PSoC5/isr_3.c **** *   Function prototype example:
  96:Generated_Source\PSoC5/isr_3.c **** *   CY_ISR_PROTO(MyISR);
  97:Generated_Source\PSoC5/isr_3.c **** *
  98:Generated_Source\PSoC5/isr_3.c **** * Parameters:  
  99:Generated_Source\PSoC5/isr_3.c **** *   address: Address of the ISR to set in the interrupt vector table.
 100:Generated_Source\PSoC5/isr_3.c **** *
 101:Generated_Source\PSoC5/isr_3.c **** * Return:
 102:Generated_Source\PSoC5/isr_3.c **** *   None
 103:Generated_Source\PSoC5/isr_3.c **** *
 104:Generated_Source\PSoC5/isr_3.c **** *******************************************************************************/
 105:Generated_Source\PSoC5/isr_3.c **** void isr_3_StartEx(cyisraddress address)
 106:Generated_Source\PSoC5/isr_3.c **** {
 107:Generated_Source\PSoC5/isr_3.c ****     /* For all we know the interrupt is active. */
 108:Generated_Source\PSoC5/isr_3.c ****     isr_3_Disable();
 109:Generated_Source\PSoC5/isr_3.c **** 
 110:Generated_Source\PSoC5/isr_3.c ****     /* Set the ISR to point to the isr_3 Interrupt. */
 111:Generated_Source\PSoC5/isr_3.c ****     isr_3_SetVector(address);
 112:Generated_Source\PSoC5/isr_3.c **** 
 113:Generated_Source\PSoC5/isr_3.c ****     /* Set the priority. */
 114:Generated_Source\PSoC5/isr_3.c ****     isr_3_SetPriority((uint8)isr_3_INTC_PRIOR_NUMBER);
 115:Generated_Source\PSoC5/isr_3.c **** 
 116:Generated_Source\PSoC5/isr_3.c ****     /* Enable it. */
 117:Generated_Source\PSoC5/isr_3.c ****     isr_3_Enable();
 118:Generated_Source\PSoC5/isr_3.c **** }
 119:Generated_Source\PSoC5/isr_3.c **** 
 120:Generated_Source\PSoC5/isr_3.c **** 
 121:Generated_Source\PSoC5/isr_3.c **** /*******************************************************************************
 122:Generated_Source\PSoC5/isr_3.c **** * Function Name: isr_3_Stop
 123:Generated_Source\PSoC5/isr_3.c **** ********************************************************************************
 124:Generated_Source\PSoC5/isr_3.c **** *
 125:Generated_Source\PSoC5/isr_3.c **** * Summary:
 126:Generated_Source\PSoC5/isr_3.c **** *   Disables and removes the interrupt.
 127:Generated_Source\PSoC5/isr_3.c **** *
 128:Generated_Source\PSoC5/isr_3.c **** * Parameters:  
 129:Generated_Source\PSoC5/isr_3.c **** *   None
 130:Generated_Source\PSoC5/isr_3.c **** *
 131:Generated_Source\PSoC5/isr_3.c **** * Return:
 132:Generated_Source\PSoC5/isr_3.c **** *   None
 133:Generated_Source\PSoC5/isr_3.c **** *
 134:Generated_Source\PSoC5/isr_3.c **** *******************************************************************************/
 135:Generated_Source\PSoC5/isr_3.c **** void isr_3_Stop(void)
 136:Generated_Source\PSoC5/isr_3.c **** {
 137:Generated_Source\PSoC5/isr_3.c ****     /* Disable this interrupt. */
 138:Generated_Source\PSoC5/isr_3.c ****     isr_3_Disable();
 139:Generated_Source\PSoC5/isr_3.c **** 
 140:Generated_Source\PSoC5/isr_3.c ****     /* Set the ISR to point to the passive one. */
 141:Generated_Source\PSoC5/isr_3.c ****     isr_3_SetVector(&IntDefaultHandler);
 142:Generated_Source\PSoC5/isr_3.c **** }
 143:Generated_Source\PSoC5/isr_3.c **** 
 144:Generated_Source\PSoC5/isr_3.c **** 
ARM GAS  C:\Users\sinow\AppData\Local\Temp\ccSMzgPZ.s 			page 4


 145:Generated_Source\PSoC5/isr_3.c **** /*******************************************************************************
 146:Generated_Source\PSoC5/isr_3.c **** * Function Name: isr_3_Interrupt
 147:Generated_Source\PSoC5/isr_3.c **** ********************************************************************************
 148:Generated_Source\PSoC5/isr_3.c **** *
 149:Generated_Source\PSoC5/isr_3.c **** * Summary:
 150:Generated_Source\PSoC5/isr_3.c **** *   The default Interrupt Service Routine for isr_3.
 151:Generated_Source\PSoC5/isr_3.c **** *
 152:Generated_Source\PSoC5/isr_3.c **** *   Add custom code between the coments to keep the next version of this file
 153:Generated_Source\PSoC5/isr_3.c **** *   from over writting your code.
 154:Generated_Source\PSoC5/isr_3.c **** *
 155:Generated_Source\PSoC5/isr_3.c **** * Parameters:  
 156:Generated_Source\PSoC5/isr_3.c **** *
 157:Generated_Source\PSoC5/isr_3.c **** * Return:
 158:Generated_Source\PSoC5/isr_3.c **** *   None
 159:Generated_Source\PSoC5/isr_3.c **** *
 160:Generated_Source\PSoC5/isr_3.c **** *******************************************************************************/
 161:Generated_Source\PSoC5/isr_3.c **** CY_ISR(isr_3_Interrupt)
 162:Generated_Source\PSoC5/isr_3.c **** {
  28              		.loc 1 162 0
  29              		.cfi_startproc
  30              		@ args = 0, pretend = 0, frame = 32
  31              		@ frame_needed = 0, uses_anonymous_args = 0
  32 0000 00B5     		push	{lr}
  33              		.cfi_def_cfa_offset 4
  34              		.cfi_offset 14, -4
  35 0002 89B0     		sub	sp, sp, #36
  36              		.cfi_def_cfa_offset 40
 163:Generated_Source\PSoC5/isr_3.c ****     #ifdef isr_3_INTERRUPT_INTERRUPT_CALLBACK
 164:Generated_Source\PSoC5/isr_3.c ****         isr_3_Interrupt_InterruptCallback();
 165:Generated_Source\PSoC5/isr_3.c ****     #endif /* isr_3_INTERRUPT_INTERRUPT_CALLBACK */ 
 166:Generated_Source\PSoC5/isr_3.c **** 
 167:Generated_Source\PSoC5/isr_3.c ****     /*  Place your Interrupt code here. */
 168:Generated_Source\PSoC5/isr_3.c ****     /* `#START isr_3_Interrupt` */
 169:Generated_Source\PSoC5/isr_3.c ****     
 170:Generated_Source\PSoC5/isr_3.c ****     char msg[32];
 171:Generated_Source\PSoC5/isr_3.c ****     
 172:Generated_Source\PSoC5/isr_3.c ****     sprintf(msg, "Twist It!\r\n");
  37              		.loc 1 172 0
  38 0004 054A     		ldr	r2, .L3
  39 0006 07CA     		ldmia	r2, {r0, r1, r2}
  40 0008 8DE80700 		stmia	sp, {r0, r1, r2}
 173:Generated_Source\PSoC5/isr_3.c ****     UART_PutString(msg);
  41              		.loc 1 173 0
  42 000c 6846     		mov	r0, sp
  43 000e FFF7FEFF 		bl	UART_PutString
  44              	.LVL0:
 174:Generated_Source\PSoC5/isr_3.c ****     Timer_3_ReadStatusRegister();
  45              		.loc 1 174 0
  46 0012 FFF7FEFF 		bl	Timer_3_ReadStatusRegister
  47              	.LVL1:
 175:Generated_Source\PSoC5/isr_3.c **** 
 176:Generated_Source\PSoC5/isr_3.c ****     /* `#END` */
 177:Generated_Source\PSoC5/isr_3.c **** }
  48              		.loc 1 177 0
  49 0016 09B0     		add	sp, sp, #36
  50              		.cfi_def_cfa_offset 4
  51              		@ sp needed
ARM GAS  C:\Users\sinow\AppData\Local\Temp\ccSMzgPZ.s 			page 5


  52 0018 5DF804FB 		ldr	pc, [sp], #4
  53              	.L4:
  54              		.align	2
  55              	.L3:
  56 001c 00000000 		.word	.LC0
  57              		.cfi_endproc
  58              	.LFE67:
  59              		.size	isr_3_Interrupt, .-isr_3_Interrupt
  60              		.section	.text.isr_3_SetVector,"ax",%progbits
  61              		.align	2
  62              		.global	isr_3_SetVector
  63              		.thumb
  64              		.thumb_func
  65              		.type	isr_3_SetVector, %function
  66              	isr_3_SetVector:
  67              	.LFB68:
 178:Generated_Source\PSoC5/isr_3.c **** 
 179:Generated_Source\PSoC5/isr_3.c **** 
 180:Generated_Source\PSoC5/isr_3.c **** /*******************************************************************************
 181:Generated_Source\PSoC5/isr_3.c **** * Function Name: isr_3_SetVector
 182:Generated_Source\PSoC5/isr_3.c **** ********************************************************************************
 183:Generated_Source\PSoC5/isr_3.c **** *
 184:Generated_Source\PSoC5/isr_3.c **** * Summary:
 185:Generated_Source\PSoC5/isr_3.c **** *   Change the ISR vector for the Interrupt. Note calling isr_3_Start
 186:Generated_Source\PSoC5/isr_3.c **** *   will override any effect this method would have had. To set the vector 
 187:Generated_Source\PSoC5/isr_3.c **** *   before the component has been started use isr_3_StartEx instead.
 188:Generated_Source\PSoC5/isr_3.c **** * 
 189:Generated_Source\PSoC5/isr_3.c **** *   When defining ISR functions, the CY_ISR and CY_ISR_PROTO macros should be 
 190:Generated_Source\PSoC5/isr_3.c **** *   used to provide consistent definition across compilers:
 191:Generated_Source\PSoC5/isr_3.c **** *
 192:Generated_Source\PSoC5/isr_3.c **** *   Function definition example:
 193:Generated_Source\PSoC5/isr_3.c **** *   CY_ISR(MyISR)
 194:Generated_Source\PSoC5/isr_3.c **** *   {
 195:Generated_Source\PSoC5/isr_3.c **** *   }
 196:Generated_Source\PSoC5/isr_3.c **** *
 197:Generated_Source\PSoC5/isr_3.c **** *   Function prototype example:
 198:Generated_Source\PSoC5/isr_3.c **** *     CY_ISR_PROTO(MyISR);
 199:Generated_Source\PSoC5/isr_3.c **** *
 200:Generated_Source\PSoC5/isr_3.c **** * Parameters:
 201:Generated_Source\PSoC5/isr_3.c **** *   address: Address of the ISR to set in the interrupt vector table.
 202:Generated_Source\PSoC5/isr_3.c **** *
 203:Generated_Source\PSoC5/isr_3.c **** * Return:
 204:Generated_Source\PSoC5/isr_3.c **** *   None
 205:Generated_Source\PSoC5/isr_3.c **** *
 206:Generated_Source\PSoC5/isr_3.c **** *******************************************************************************/
 207:Generated_Source\PSoC5/isr_3.c **** void isr_3_SetVector(cyisraddress address)
 208:Generated_Source\PSoC5/isr_3.c **** {
  68              		.loc 1 208 0
  69              		.cfi_startproc
  70              		@ args = 0, pretend = 0, frame = 0
  71              		@ frame_needed = 0, uses_anonymous_args = 0
  72              		@ link register save eliminated.
  73              	.LVL2:
 209:Generated_Source\PSoC5/isr_3.c ****     cyisraddress * ramVectorTable;
 210:Generated_Source\PSoC5/isr_3.c **** 
 211:Generated_Source\PSoC5/isr_3.c ****     ramVectorTable = (cyisraddress *) *CYINT_VECT_TABLE;
  74              		.loc 1 211 0
ARM GAS  C:\Users\sinow\AppData\Local\Temp\ccSMzgPZ.s 			page 6


  75 0000 014B     		ldr	r3, .L6
  76 0002 1B68     		ldr	r3, [r3]
  77              	.LVL3:
 212:Generated_Source\PSoC5/isr_3.c **** 
 213:Generated_Source\PSoC5/isr_3.c ****     ramVectorTable[CYINT_IRQ_BASE + (uint32)isr_3__INTC_NUMBER] = address;
  78              		.loc 1 213 0
  79 0004 9864     		str	r0, [r3, #72]
  80 0006 7047     		bx	lr
  81              	.L7:
  82              		.align	2
  83              	.L6:
  84 0008 08ED00E0 		.word	-536810232
  85              		.cfi_endproc
  86              	.LFE68:
  87              		.size	isr_3_SetVector, .-isr_3_SetVector
  88              		.section	.text.isr_3_GetVector,"ax",%progbits
  89              		.align	2
  90              		.global	isr_3_GetVector
  91              		.thumb
  92              		.thumb_func
  93              		.type	isr_3_GetVector, %function
  94              	isr_3_GetVector:
  95              	.LFB69:
 214:Generated_Source\PSoC5/isr_3.c **** }
 215:Generated_Source\PSoC5/isr_3.c **** 
 216:Generated_Source\PSoC5/isr_3.c **** 
 217:Generated_Source\PSoC5/isr_3.c **** /*******************************************************************************
 218:Generated_Source\PSoC5/isr_3.c **** * Function Name: isr_3_GetVector
 219:Generated_Source\PSoC5/isr_3.c **** ********************************************************************************
 220:Generated_Source\PSoC5/isr_3.c **** *
 221:Generated_Source\PSoC5/isr_3.c **** * Summary:
 222:Generated_Source\PSoC5/isr_3.c **** *   Gets the "address" of the current ISR vector for the Interrupt.
 223:Generated_Source\PSoC5/isr_3.c **** *
 224:Generated_Source\PSoC5/isr_3.c **** * Parameters:
 225:Generated_Source\PSoC5/isr_3.c **** *   None
 226:Generated_Source\PSoC5/isr_3.c **** *
 227:Generated_Source\PSoC5/isr_3.c **** * Return:
 228:Generated_Source\PSoC5/isr_3.c **** *   Address of the ISR in the interrupt vector table.
 229:Generated_Source\PSoC5/isr_3.c **** *
 230:Generated_Source\PSoC5/isr_3.c **** *******************************************************************************/
 231:Generated_Source\PSoC5/isr_3.c **** cyisraddress isr_3_GetVector(void)
 232:Generated_Source\PSoC5/isr_3.c **** {
  96              		.loc 1 232 0
  97              		.cfi_startproc
  98              		@ args = 0, pretend = 0, frame = 0
  99              		@ frame_needed = 0, uses_anonymous_args = 0
 100              		@ link register save eliminated.
 233:Generated_Source\PSoC5/isr_3.c ****     cyisraddress * ramVectorTable;
 234:Generated_Source\PSoC5/isr_3.c **** 
 235:Generated_Source\PSoC5/isr_3.c ****     ramVectorTable = (cyisraddress *) *CYINT_VECT_TABLE;
 101              		.loc 1 235 0
 102 0000 014B     		ldr	r3, .L9
 103 0002 1B68     		ldr	r3, [r3]
 104              	.LVL4:
 236:Generated_Source\PSoC5/isr_3.c **** 
 237:Generated_Source\PSoC5/isr_3.c ****     return ramVectorTable[CYINT_IRQ_BASE + (uint32)isr_3__INTC_NUMBER];
 238:Generated_Source\PSoC5/isr_3.c **** }
ARM GAS  C:\Users\sinow\AppData\Local\Temp\ccSMzgPZ.s 			page 7


 105              		.loc 1 238 0
 106 0004 986C     		ldr	r0, [r3, #72]
 107 0006 7047     		bx	lr
 108              	.L10:
 109              		.align	2
 110              	.L9:
 111 0008 08ED00E0 		.word	-536810232
 112              		.cfi_endproc
 113              	.LFE69:
 114              		.size	isr_3_GetVector, .-isr_3_GetVector
 115              		.section	.text.isr_3_SetPriority,"ax",%progbits
 116              		.align	2
 117              		.global	isr_3_SetPriority
 118              		.thumb
 119              		.thumb_func
 120              		.type	isr_3_SetPriority, %function
 121              	isr_3_SetPriority:
 122              	.LFB70:
 239:Generated_Source\PSoC5/isr_3.c **** 
 240:Generated_Source\PSoC5/isr_3.c **** 
 241:Generated_Source\PSoC5/isr_3.c **** /*******************************************************************************
 242:Generated_Source\PSoC5/isr_3.c **** * Function Name: isr_3_SetPriority
 243:Generated_Source\PSoC5/isr_3.c **** ********************************************************************************
 244:Generated_Source\PSoC5/isr_3.c **** *
 245:Generated_Source\PSoC5/isr_3.c **** * Summary:
 246:Generated_Source\PSoC5/isr_3.c **** *   Sets the Priority of the Interrupt. 
 247:Generated_Source\PSoC5/isr_3.c **** *
 248:Generated_Source\PSoC5/isr_3.c **** *   Note calling isr_3_Start or isr_3_StartEx will 
 249:Generated_Source\PSoC5/isr_3.c **** *   override any effect this API would have had. This API should only be called
 250:Generated_Source\PSoC5/isr_3.c **** *   after isr_3_Start or isr_3_StartEx has been called. 
 251:Generated_Source\PSoC5/isr_3.c **** *   To set the initial priority for the component, use the Design-Wide Resources
 252:Generated_Source\PSoC5/isr_3.c **** *   Interrupt Editor.
 253:Generated_Source\PSoC5/isr_3.c **** *
 254:Generated_Source\PSoC5/isr_3.c **** *   Note This API has no effect on Non-maskable interrupt NMI).
 255:Generated_Source\PSoC5/isr_3.c **** *
 256:Generated_Source\PSoC5/isr_3.c **** * Parameters:
 257:Generated_Source\PSoC5/isr_3.c **** *   priority: Priority of the interrupt, 0 being the highest priority
 258:Generated_Source\PSoC5/isr_3.c **** *             PSoC 3 and PSoC 5LP: Priority is from 0 to 7.
 259:Generated_Source\PSoC5/isr_3.c **** *             PSoC 4: Priority is from 0 to 3.
 260:Generated_Source\PSoC5/isr_3.c **** *
 261:Generated_Source\PSoC5/isr_3.c **** * Return:
 262:Generated_Source\PSoC5/isr_3.c **** *   None
 263:Generated_Source\PSoC5/isr_3.c **** *
 264:Generated_Source\PSoC5/isr_3.c **** *******************************************************************************/
 265:Generated_Source\PSoC5/isr_3.c **** void isr_3_SetPriority(uint8 priority)
 266:Generated_Source\PSoC5/isr_3.c **** {
 123              		.loc 1 266 0
 124              		.cfi_startproc
 125              		@ args = 0, pretend = 0, frame = 0
 126              		@ frame_needed = 0, uses_anonymous_args = 0
 127              		@ link register save eliminated.
 128              	.LVL5:
 267:Generated_Source\PSoC5/isr_3.c ****     *isr_3_INTC_PRIOR = priority << 5;
 129              		.loc 1 267 0
 130 0000 4001     		lsls	r0, r0, #5
 131              	.LVL6:
 132 0002 C0B2     		uxtb	r0, r0
ARM GAS  C:\Users\sinow\AppData\Local\Temp\ccSMzgPZ.s 			page 8


 133 0004 014B     		ldr	r3, .L12
 134 0006 1870     		strb	r0, [r3]
 135 0008 7047     		bx	lr
 136              	.L13:
 137 000a 00BF     		.align	2
 138              	.L12:
 139 000c 02E400E0 		.word	-536812542
 140              		.cfi_endproc
 141              	.LFE70:
 142              		.size	isr_3_SetPriority, .-isr_3_SetPriority
 143              		.section	.text.isr_3_GetPriority,"ax",%progbits
 144              		.align	2
 145              		.global	isr_3_GetPriority
 146              		.thumb
 147              		.thumb_func
 148              		.type	isr_3_GetPriority, %function
 149              	isr_3_GetPriority:
 150              	.LFB71:
 268:Generated_Source\PSoC5/isr_3.c **** }
 269:Generated_Source\PSoC5/isr_3.c **** 
 270:Generated_Source\PSoC5/isr_3.c **** 
 271:Generated_Source\PSoC5/isr_3.c **** /*******************************************************************************
 272:Generated_Source\PSoC5/isr_3.c **** * Function Name: isr_3_GetPriority
 273:Generated_Source\PSoC5/isr_3.c **** ********************************************************************************
 274:Generated_Source\PSoC5/isr_3.c **** *
 275:Generated_Source\PSoC5/isr_3.c **** * Summary:
 276:Generated_Source\PSoC5/isr_3.c **** *   Gets the Priority of the Interrupt.
 277:Generated_Source\PSoC5/isr_3.c **** *
 278:Generated_Source\PSoC5/isr_3.c **** * Parameters:
 279:Generated_Source\PSoC5/isr_3.c **** *   None
 280:Generated_Source\PSoC5/isr_3.c **** *
 281:Generated_Source\PSoC5/isr_3.c **** * Return:
 282:Generated_Source\PSoC5/isr_3.c **** *   Priority of the interrupt, 0 being the highest priority
 283:Generated_Source\PSoC5/isr_3.c **** *    PSoC 3 and PSoC 5LP: Priority is from 0 to 7.
 284:Generated_Source\PSoC5/isr_3.c **** *    PSoC 4: Priority is from 0 to 3.
 285:Generated_Source\PSoC5/isr_3.c **** *
 286:Generated_Source\PSoC5/isr_3.c **** *******************************************************************************/
 287:Generated_Source\PSoC5/isr_3.c **** uint8 isr_3_GetPriority(void)
 288:Generated_Source\PSoC5/isr_3.c **** {
 151              		.loc 1 288 0
 152              		.cfi_startproc
 153              		@ args = 0, pretend = 0, frame = 0
 154              		@ frame_needed = 0, uses_anonymous_args = 0
 155              		@ link register save eliminated.
 289:Generated_Source\PSoC5/isr_3.c ****     uint8 priority;
 290:Generated_Source\PSoC5/isr_3.c **** 
 291:Generated_Source\PSoC5/isr_3.c **** 
 292:Generated_Source\PSoC5/isr_3.c ****     priority = *isr_3_INTC_PRIOR >> 5;
 156              		.loc 1 292 0
 157 0000 014B     		ldr	r3, .L15
 158 0002 1878     		ldrb	r0, [r3]	@ zero_extendqisi2
 159              	.LVL7:
 293:Generated_Source\PSoC5/isr_3.c **** 
 294:Generated_Source\PSoC5/isr_3.c ****     return priority;
 295:Generated_Source\PSoC5/isr_3.c **** }
 160              		.loc 1 295 0
 161 0004 4009     		lsrs	r0, r0, #5
ARM GAS  C:\Users\sinow\AppData\Local\Temp\ccSMzgPZ.s 			page 9


 162              	.LVL8:
 163 0006 7047     		bx	lr
 164              	.L16:
 165              		.align	2
 166              	.L15:
 167 0008 02E400E0 		.word	-536812542
 168              		.cfi_endproc
 169              	.LFE71:
 170              		.size	isr_3_GetPriority, .-isr_3_GetPriority
 171              		.section	.text.isr_3_Enable,"ax",%progbits
 172              		.align	2
 173              		.global	isr_3_Enable
 174              		.thumb
 175              		.thumb_func
 176              		.type	isr_3_Enable, %function
 177              	isr_3_Enable:
 178              	.LFB72:
 296:Generated_Source\PSoC5/isr_3.c **** 
 297:Generated_Source\PSoC5/isr_3.c **** 
 298:Generated_Source\PSoC5/isr_3.c **** /*******************************************************************************
 299:Generated_Source\PSoC5/isr_3.c **** * Function Name: isr_3_Enable
 300:Generated_Source\PSoC5/isr_3.c **** ********************************************************************************
 301:Generated_Source\PSoC5/isr_3.c **** *
 302:Generated_Source\PSoC5/isr_3.c **** * Summary:
 303:Generated_Source\PSoC5/isr_3.c **** *   Enables the interrupt to the interrupt controller. Do not call this function
 304:Generated_Source\PSoC5/isr_3.c **** *   unless ISR_Start() has been called or the functionality of the ISR_Start() 
 305:Generated_Source\PSoC5/isr_3.c **** *   function, which sets the vector and the priority, has been called.
 306:Generated_Source\PSoC5/isr_3.c **** *
 307:Generated_Source\PSoC5/isr_3.c **** * Parameters:
 308:Generated_Source\PSoC5/isr_3.c **** *   None
 309:Generated_Source\PSoC5/isr_3.c **** *
 310:Generated_Source\PSoC5/isr_3.c **** * Return:
 311:Generated_Source\PSoC5/isr_3.c **** *   None
 312:Generated_Source\PSoC5/isr_3.c **** *
 313:Generated_Source\PSoC5/isr_3.c **** *******************************************************************************/
 314:Generated_Source\PSoC5/isr_3.c **** void isr_3_Enable(void)
 315:Generated_Source\PSoC5/isr_3.c **** {
 179              		.loc 1 315 0
 180              		.cfi_startproc
 181              		@ args = 0, pretend = 0, frame = 0
 182              		@ frame_needed = 0, uses_anonymous_args = 0
 183              		@ link register save eliminated.
 316:Generated_Source\PSoC5/isr_3.c ****     /* Enable the general interrupt. */
 317:Generated_Source\PSoC5/isr_3.c ****     *isr_3_INTC_SET_EN = isr_3__INTC_MASK;
 184              		.loc 1 317 0
 185 0000 0422     		movs	r2, #4
 186 0002 014B     		ldr	r3, .L18
 187 0004 1A60     		str	r2, [r3]
 188 0006 7047     		bx	lr
 189              	.L19:
 190              		.align	2
 191              	.L18:
 192 0008 00E100E0 		.word	-536813312
 193              		.cfi_endproc
 194              	.LFE72:
 195              		.size	isr_3_Enable, .-isr_3_Enable
 196              		.section	.text.isr_3_GetState,"ax",%progbits
ARM GAS  C:\Users\sinow\AppData\Local\Temp\ccSMzgPZ.s 			page 10


 197              		.align	2
 198              		.global	isr_3_GetState
 199              		.thumb
 200              		.thumb_func
 201              		.type	isr_3_GetState, %function
 202              	isr_3_GetState:
 203              	.LFB73:
 318:Generated_Source\PSoC5/isr_3.c **** }
 319:Generated_Source\PSoC5/isr_3.c **** 
 320:Generated_Source\PSoC5/isr_3.c **** 
 321:Generated_Source\PSoC5/isr_3.c **** /*******************************************************************************
 322:Generated_Source\PSoC5/isr_3.c **** * Function Name: isr_3_GetState
 323:Generated_Source\PSoC5/isr_3.c **** ********************************************************************************
 324:Generated_Source\PSoC5/isr_3.c **** *
 325:Generated_Source\PSoC5/isr_3.c **** * Summary:
 326:Generated_Source\PSoC5/isr_3.c **** *   Gets the state (enabled, disabled) of the Interrupt.
 327:Generated_Source\PSoC5/isr_3.c **** *
 328:Generated_Source\PSoC5/isr_3.c **** * Parameters:
 329:Generated_Source\PSoC5/isr_3.c **** *   None
 330:Generated_Source\PSoC5/isr_3.c **** *
 331:Generated_Source\PSoC5/isr_3.c **** * Return:
 332:Generated_Source\PSoC5/isr_3.c **** *   1 if enabled, 0 if disabled.
 333:Generated_Source\PSoC5/isr_3.c **** *
 334:Generated_Source\PSoC5/isr_3.c **** *******************************************************************************/
 335:Generated_Source\PSoC5/isr_3.c **** uint8 isr_3_GetState(void)
 336:Generated_Source\PSoC5/isr_3.c **** {
 204              		.loc 1 336 0
 205              		.cfi_startproc
 206              		@ args = 0, pretend = 0, frame = 0
 207              		@ frame_needed = 0, uses_anonymous_args = 0
 208              		@ link register save eliminated.
 337:Generated_Source\PSoC5/isr_3.c ****     /* Get the state of the general interrupt. */
 338:Generated_Source\PSoC5/isr_3.c ****     return ((*isr_3_INTC_SET_EN & (uint32)isr_3__INTC_MASK) != 0u) ? 1u:0u;
 209              		.loc 1 338 0
 210 0000 044B     		ldr	r3, .L23
 211 0002 1B68     		ldr	r3, [r3]
 212 0004 13F0040F 		tst	r3, #4
 213 0008 01D0     		beq	.L22
 214 000a 0120     		movs	r0, #1
 215 000c 7047     		bx	lr
 216              	.L22:
 217 000e 0020     		movs	r0, #0
 339:Generated_Source\PSoC5/isr_3.c **** }
 218              		.loc 1 339 0
 219 0010 7047     		bx	lr
 220              	.L24:
 221 0012 00BF     		.align	2
 222              	.L23:
 223 0014 00E100E0 		.word	-536813312
 224              		.cfi_endproc
 225              	.LFE73:
 226              		.size	isr_3_GetState, .-isr_3_GetState
 227              		.section	.text.isr_3_Disable,"ax",%progbits
 228              		.align	2
 229              		.global	isr_3_Disable
 230              		.thumb
 231              		.thumb_func
ARM GAS  C:\Users\sinow\AppData\Local\Temp\ccSMzgPZ.s 			page 11


 232              		.type	isr_3_Disable, %function
 233              	isr_3_Disable:
 234              	.LFB74:
 340:Generated_Source\PSoC5/isr_3.c **** 
 341:Generated_Source\PSoC5/isr_3.c **** 
 342:Generated_Source\PSoC5/isr_3.c **** /*******************************************************************************
 343:Generated_Source\PSoC5/isr_3.c **** * Function Name: isr_3_Disable
 344:Generated_Source\PSoC5/isr_3.c **** ********************************************************************************
 345:Generated_Source\PSoC5/isr_3.c **** *
 346:Generated_Source\PSoC5/isr_3.c **** * Summary:
 347:Generated_Source\PSoC5/isr_3.c **** *   Disables the Interrupt in the interrupt controller.
 348:Generated_Source\PSoC5/isr_3.c **** *
 349:Generated_Source\PSoC5/isr_3.c **** * Parameters:
 350:Generated_Source\PSoC5/isr_3.c **** *   None
 351:Generated_Source\PSoC5/isr_3.c **** *
 352:Generated_Source\PSoC5/isr_3.c **** * Return:
 353:Generated_Source\PSoC5/isr_3.c **** *   None
 354:Generated_Source\PSoC5/isr_3.c **** *
 355:Generated_Source\PSoC5/isr_3.c **** *******************************************************************************/
 356:Generated_Source\PSoC5/isr_3.c **** void isr_3_Disable(void)
 357:Generated_Source\PSoC5/isr_3.c **** {
 235              		.loc 1 357 0
 236              		.cfi_startproc
 237              		@ args = 0, pretend = 0, frame = 0
 238              		@ frame_needed = 0, uses_anonymous_args = 0
 239              		@ link register save eliminated.
 358:Generated_Source\PSoC5/isr_3.c ****     /* Disable the general interrupt. */
 359:Generated_Source\PSoC5/isr_3.c ****     *isr_3_INTC_CLR_EN = isr_3__INTC_MASK;
 240              		.loc 1 359 0
 241 0000 0422     		movs	r2, #4
 242 0002 014B     		ldr	r3, .L26
 243 0004 1A60     		str	r2, [r3]
 244 0006 7047     		bx	lr
 245              	.L27:
 246              		.align	2
 247              	.L26:
 248 0008 80E100E0 		.word	-536813184
 249              		.cfi_endproc
 250              	.LFE74:
 251              		.size	isr_3_Disable, .-isr_3_Disable
 252              		.section	.text.isr_3_Start,"ax",%progbits
 253              		.align	2
 254              		.global	isr_3_Start
 255              		.thumb
 256              		.thumb_func
 257              		.type	isr_3_Start, %function
 258              	isr_3_Start:
 259              	.LFB64:
  63:Generated_Source\PSoC5/isr_3.c ****     /* For all we know the interrupt is active. */
 260              		.loc 1 63 0
 261              		.cfi_startproc
 262              		@ args = 0, pretend = 0, frame = 0
 263              		@ frame_needed = 0, uses_anonymous_args = 0
 264 0000 08B5     		push	{r3, lr}
 265              		.cfi_def_cfa_offset 8
 266              		.cfi_offset 3, -8
 267              		.cfi_offset 14, -4
ARM GAS  C:\Users\sinow\AppData\Local\Temp\ccSMzgPZ.s 			page 12


  65:Generated_Source\PSoC5/isr_3.c **** 
 268              		.loc 1 65 0
 269 0002 FFF7FEFF 		bl	isr_3_Disable
 270              	.LVL9:
  68:Generated_Source\PSoC5/isr_3.c **** 
 271              		.loc 1 68 0
 272 0006 0448     		ldr	r0, .L30
 273 0008 FFF7FEFF 		bl	isr_3_SetVector
 274              	.LVL10:
  71:Generated_Source\PSoC5/isr_3.c **** 
 275              		.loc 1 71 0
 276 000c 0220     		movs	r0, #2
 277 000e FFF7FEFF 		bl	isr_3_SetPriority
 278              	.LVL11:
  74:Generated_Source\PSoC5/isr_3.c **** }
 279              		.loc 1 74 0
 280 0012 FFF7FEFF 		bl	isr_3_Enable
 281              	.LVL12:
 282 0016 08BD     		pop	{r3, pc}
 283              	.L31:
 284              		.align	2
 285              	.L30:
 286 0018 00000000 		.word	isr_3_Interrupt
 287              		.cfi_endproc
 288              	.LFE64:
 289              		.size	isr_3_Start, .-isr_3_Start
 290              		.section	.text.isr_3_StartEx,"ax",%progbits
 291              		.align	2
 292              		.global	isr_3_StartEx
 293              		.thumb
 294              		.thumb_func
 295              		.type	isr_3_StartEx, %function
 296              	isr_3_StartEx:
 297              	.LFB65:
 106:Generated_Source\PSoC5/isr_3.c ****     /* For all we know the interrupt is active. */
 298              		.loc 1 106 0
 299              		.cfi_startproc
 300              		@ args = 0, pretend = 0, frame = 0
 301              		@ frame_needed = 0, uses_anonymous_args = 0
 302              	.LVL13:
 303 0000 10B5     		push	{r4, lr}
 304              		.cfi_def_cfa_offset 8
 305              		.cfi_offset 4, -8
 306              		.cfi_offset 14, -4
 307 0002 0446     		mov	r4, r0
 108:Generated_Source\PSoC5/isr_3.c **** 
 308              		.loc 1 108 0
 309 0004 FFF7FEFF 		bl	isr_3_Disable
 310              	.LVL14:
 111:Generated_Source\PSoC5/isr_3.c **** 
 311              		.loc 1 111 0
 312 0008 2046     		mov	r0, r4
 313 000a FFF7FEFF 		bl	isr_3_SetVector
 314              	.LVL15:
 114:Generated_Source\PSoC5/isr_3.c **** 
 315              		.loc 1 114 0
 316 000e 0220     		movs	r0, #2
ARM GAS  C:\Users\sinow\AppData\Local\Temp\ccSMzgPZ.s 			page 13


 317 0010 FFF7FEFF 		bl	isr_3_SetPriority
 318              	.LVL16:
 117:Generated_Source\PSoC5/isr_3.c **** }
 319              		.loc 1 117 0
 320 0014 FFF7FEFF 		bl	isr_3_Enable
 321              	.LVL17:
 322 0018 10BD     		pop	{r4, pc}
 323              		.cfi_endproc
 324              	.LFE65:
 325              		.size	isr_3_StartEx, .-isr_3_StartEx
 326 001a 00BF     		.section	.text.isr_3_Stop,"ax",%progbits
 327              		.align	2
 328              		.global	isr_3_Stop
 329              		.thumb
 330              		.thumb_func
 331              		.type	isr_3_Stop, %function
 332              	isr_3_Stop:
 333              	.LFB66:
 136:Generated_Source\PSoC5/isr_3.c ****     /* Disable this interrupt. */
 334              		.loc 1 136 0
 335              		.cfi_startproc
 336              		@ args = 0, pretend = 0, frame = 0
 337              		@ frame_needed = 0, uses_anonymous_args = 0
 338 0000 08B5     		push	{r3, lr}
 339              		.cfi_def_cfa_offset 8
 340              		.cfi_offset 3, -8
 341              		.cfi_offset 14, -4
 138:Generated_Source\PSoC5/isr_3.c **** 
 342              		.loc 1 138 0
 343 0002 FFF7FEFF 		bl	isr_3_Disable
 344              	.LVL18:
 141:Generated_Source\PSoC5/isr_3.c **** }
 345              		.loc 1 141 0
 346 0006 0248     		ldr	r0, .L36
 347 0008 FFF7FEFF 		bl	isr_3_SetVector
 348              	.LVL19:
 349 000c 08BD     		pop	{r3, pc}
 350              	.L37:
 351 000e 00BF     		.align	2
 352              	.L36:
 353 0010 00000000 		.word	IntDefaultHandler
 354              		.cfi_endproc
 355              	.LFE66:
 356              		.size	isr_3_Stop, .-isr_3_Stop
 357              		.section	.text.isr_3_SetPending,"ax",%progbits
 358              		.align	2
 359              		.global	isr_3_SetPending
 360              		.thumb
 361              		.thumb_func
 362              		.type	isr_3_SetPending, %function
 363              	isr_3_SetPending:
 364              	.LFB75:
 360:Generated_Source\PSoC5/isr_3.c **** }
 361:Generated_Source\PSoC5/isr_3.c **** 
 362:Generated_Source\PSoC5/isr_3.c **** 
 363:Generated_Source\PSoC5/isr_3.c **** /*******************************************************************************
 364:Generated_Source\PSoC5/isr_3.c **** * Function Name: isr_3_SetPending
ARM GAS  C:\Users\sinow\AppData\Local\Temp\ccSMzgPZ.s 			page 14


 365:Generated_Source\PSoC5/isr_3.c **** ********************************************************************************
 366:Generated_Source\PSoC5/isr_3.c **** *
 367:Generated_Source\PSoC5/isr_3.c **** * Summary:
 368:Generated_Source\PSoC5/isr_3.c **** *   Causes the Interrupt to enter the pending state, a software method of
 369:Generated_Source\PSoC5/isr_3.c **** *   generating the interrupt.
 370:Generated_Source\PSoC5/isr_3.c **** *
 371:Generated_Source\PSoC5/isr_3.c **** * Parameters:
 372:Generated_Source\PSoC5/isr_3.c **** *   None
 373:Generated_Source\PSoC5/isr_3.c **** *
 374:Generated_Source\PSoC5/isr_3.c **** * Return:
 375:Generated_Source\PSoC5/isr_3.c **** *   None
 376:Generated_Source\PSoC5/isr_3.c **** *
 377:Generated_Source\PSoC5/isr_3.c **** * Side Effects:
 378:Generated_Source\PSoC5/isr_3.c **** *   If interrupts are enabled and the interrupt is set up properly, the ISR is
 379:Generated_Source\PSoC5/isr_3.c **** *   entered (depending on the priority of this interrupt and other pending 
 380:Generated_Source\PSoC5/isr_3.c **** *   interrupts).
 381:Generated_Source\PSoC5/isr_3.c **** *
 382:Generated_Source\PSoC5/isr_3.c **** *******************************************************************************/
 383:Generated_Source\PSoC5/isr_3.c **** void isr_3_SetPending(void)
 384:Generated_Source\PSoC5/isr_3.c **** {
 365              		.loc 1 384 0
 366              		.cfi_startproc
 367              		@ args = 0, pretend = 0, frame = 0
 368              		@ frame_needed = 0, uses_anonymous_args = 0
 369              		@ link register save eliminated.
 385:Generated_Source\PSoC5/isr_3.c ****     *isr_3_INTC_SET_PD = isr_3__INTC_MASK;
 370              		.loc 1 385 0
 371 0000 0422     		movs	r2, #4
 372 0002 014B     		ldr	r3, .L39
 373 0004 1A60     		str	r2, [r3]
 374 0006 7047     		bx	lr
 375              	.L40:
 376              		.align	2
 377              	.L39:
 378 0008 00E200E0 		.word	-536813056
 379              		.cfi_endproc
 380              	.LFE75:
 381              		.size	isr_3_SetPending, .-isr_3_SetPending
 382              		.section	.text.isr_3_ClearPending,"ax",%progbits
 383              		.align	2
 384              		.global	isr_3_ClearPending
 385              		.thumb
 386              		.thumb_func
 387              		.type	isr_3_ClearPending, %function
 388              	isr_3_ClearPending:
 389              	.LFB76:
 386:Generated_Source\PSoC5/isr_3.c **** }
 387:Generated_Source\PSoC5/isr_3.c **** 
 388:Generated_Source\PSoC5/isr_3.c **** 
 389:Generated_Source\PSoC5/isr_3.c **** /*******************************************************************************
 390:Generated_Source\PSoC5/isr_3.c **** * Function Name: isr_3_ClearPending
 391:Generated_Source\PSoC5/isr_3.c **** ********************************************************************************
 392:Generated_Source\PSoC5/isr_3.c **** *
 393:Generated_Source\PSoC5/isr_3.c **** * Summary:
 394:Generated_Source\PSoC5/isr_3.c **** *   Clears a pending interrupt in the interrupt controller.
 395:Generated_Source\PSoC5/isr_3.c **** *
 396:Generated_Source\PSoC5/isr_3.c **** *   Note Some interrupt sources are clear-on-read and require the block 
ARM GAS  C:\Users\sinow\AppData\Local\Temp\ccSMzgPZ.s 			page 15


 397:Generated_Source\PSoC5/isr_3.c **** *   interrupt/status register to be read/cleared with the appropriate block API 
 398:Generated_Source\PSoC5/isr_3.c **** *   (GPIO, UART, and so on). Otherwise the ISR will continue to remain in 
 399:Generated_Source\PSoC5/isr_3.c **** *   pending state even though the interrupt itself is cleared using this API.
 400:Generated_Source\PSoC5/isr_3.c **** *
 401:Generated_Source\PSoC5/isr_3.c **** * Parameters:
 402:Generated_Source\PSoC5/isr_3.c **** *   None
 403:Generated_Source\PSoC5/isr_3.c **** *
 404:Generated_Source\PSoC5/isr_3.c **** * Return:
 405:Generated_Source\PSoC5/isr_3.c **** *   None
 406:Generated_Source\PSoC5/isr_3.c **** *
 407:Generated_Source\PSoC5/isr_3.c **** *******************************************************************************/
 408:Generated_Source\PSoC5/isr_3.c **** void isr_3_ClearPending(void)
 409:Generated_Source\PSoC5/isr_3.c **** {
 390              		.loc 1 409 0
 391              		.cfi_startproc
 392              		@ args = 0, pretend = 0, frame = 0
 393              		@ frame_needed = 0, uses_anonymous_args = 0
 394              		@ link register save eliminated.
 410:Generated_Source\PSoC5/isr_3.c ****     *isr_3_INTC_CLR_PD = isr_3__INTC_MASK;
 395              		.loc 1 410 0
 396 0000 0422     		movs	r2, #4
 397 0002 014B     		ldr	r3, .L42
 398 0004 1A60     		str	r2, [r3]
 399 0006 7047     		bx	lr
 400              	.L43:
 401              		.align	2
 402              	.L42:
 403 0008 80E200E0 		.word	-536812928
 404              		.cfi_endproc
 405              	.LFE76:
 406              		.size	isr_3_ClearPending, .-isr_3_ClearPending
 407              		.section	.rodata.str1.4,"aMS",%progbits,1
 408              		.align	2
 409              	.LC0:
 410 0000 54776973 		.ascii	"Twist It!\015\012\000"
 410      74204974 
 410      210D0A00 
 411              		.text
 412              	.Letext0:
 413              		.file 2 "c:\\program files (x86)\\cypress\\psoc creator\\4.2\\psoc creator\\import\\gnu\\arm\\5.4.
 414              		.file 3 "c:\\program files (x86)\\cypress\\psoc creator\\4.2\\psoc creator\\import\\gnu\\arm\\5.4.
 415              		.file 4 "Generated_Source\\PSoC5/cytypes.h"
 416              		.file 5 "Generated_Source\\PSoC5\\UART.h"
 417              		.file 6 "Generated_Source\\PSoC5\\Timer_3.h"
 418              		.file 7 "Generated_Source\\PSoC5/core_cm3.h"
 419              		.section	.debug_info,"",%progbits
 420              	.Ldebug_info0:
 421 0000 4B030000 		.4byte	0x34b
 422 0004 0400     		.2byte	0x4
 423 0006 00000000 		.4byte	.Ldebug_abbrev0
 424 000a 04       		.byte	0x4
 425 000b 01       		.uleb128 0x1
 426 000c 86000000 		.4byte	.LASF38
 427 0010 0C       		.byte	0xc
 428 0011 43000000 		.4byte	.LASF39
 429 0015 64010000 		.4byte	.LASF40
 430 0019 00000000 		.4byte	.Ldebug_ranges0+0
ARM GAS  C:\Users\sinow\AppData\Local\Temp\ccSMzgPZ.s 			page 16


 431 001d 00000000 		.4byte	0
 432 0021 00000000 		.4byte	.Ldebug_line0
 433 0025 02       		.uleb128 0x2
 434 0026 04       		.byte	0x4
 435 0027 05       		.byte	0x5
 436 0028 696E7400 		.ascii	"int\000"
 437 002c 03       		.uleb128 0x3
 438 002d 04       		.byte	0x4
 439 002e 07       		.byte	0x7
 440 002f EA010000 		.4byte	.LASF0
 441 0033 03       		.uleb128 0x3
 442 0034 08       		.byte	0x8
 443 0035 05       		.byte	0x5
 444 0036 5D020000 		.4byte	.LASF1
 445 003a 03       		.uleb128 0x3
 446 003b 08       		.byte	0x8
 447 003c 04       		.byte	0x4
 448 003d C0020000 		.4byte	.LASF2
 449 0041 03       		.uleb128 0x3
 450 0042 01       		.byte	0x1
 451 0043 06       		.byte	0x6
 452 0044 CC020000 		.4byte	.LASF3
 453 0048 03       		.uleb128 0x3
 454 0049 01       		.byte	0x1
 455 004a 08       		.byte	0x8
 456 004b 78000000 		.4byte	.LASF4
 457 004f 03       		.uleb128 0x3
 458 0050 02       		.byte	0x2
 459 0051 05       		.byte	0x5
 460 0052 7F020000 		.4byte	.LASF5
 461 0056 03       		.uleb128 0x3
 462 0057 02       		.byte	0x2
 463 0058 07       		.byte	0x7
 464 0059 30000000 		.4byte	.LASF6
 465 005d 04       		.uleb128 0x4
 466 005e 13000000 		.4byte	.LASF12
 467 0062 02       		.byte	0x2
 468 0063 3F       		.byte	0x3f
 469 0064 68000000 		.4byte	0x68
 470 0068 03       		.uleb128 0x3
 471 0069 04       		.byte	0x4
 472 006a 05       		.byte	0x5
 473 006b A8020000 		.4byte	.LASF7
 474 006f 03       		.uleb128 0x3
 475 0070 04       		.byte	0x4
 476 0071 07       		.byte	0x7
 477 0072 25010000 		.4byte	.LASF8
 478 0076 03       		.uleb128 0x3
 479 0077 08       		.byte	0x8
 480 0078 07       		.byte	0x7
 481 0079 FF010000 		.4byte	.LASF9
 482 007d 03       		.uleb128 0x3
 483 007e 04       		.byte	0x4
 484 007f 07       		.byte	0x7
 485 0080 46020000 		.4byte	.LASF10
 486 0084 03       		.uleb128 0x3
 487 0085 01       		.byte	0x1
ARM GAS  C:\Users\sinow\AppData\Local\Temp\ccSMzgPZ.s 			page 17


 488 0086 08       		.byte	0x8
 489 0087 6B020000 		.4byte	.LASF11
 490 008b 05       		.uleb128 0x5
 491 008c 04       		.byte	0x4
 492 008d 91000000 		.4byte	0x91
 493 0091 06       		.uleb128 0x6
 494 0092 04       		.uleb128 0x4
 495 0093 3E020000 		.4byte	.LASF13
 496 0097 03       		.byte	0x3
 497 0098 2C       		.byte	0x2c
 498 0099 5D000000 		.4byte	0x5d
 499 009d 07       		.uleb128 0x7
 500 009e 89020000 		.4byte	.LASF14
 501 00a2 04       		.byte	0x4
 502 00a3 E401     		.2byte	0x1e4
 503 00a5 48000000 		.4byte	0x48
 504 00a9 07       		.uleb128 0x7
 505 00aa E3010000 		.4byte	.LASF15
 506 00ae 04       		.byte	0x4
 507 00af E601     		.2byte	0x1e6
 508 00b1 6F000000 		.4byte	0x6f
 509 00b5 03       		.uleb128 0x3
 510 00b6 04       		.byte	0x4
 511 00b7 04       		.byte	0x4
 512 00b8 62000000 		.4byte	.LASF16
 513 00bc 03       		.uleb128 0x3
 514 00bd 08       		.byte	0x8
 515 00be 04       		.byte	0x4
 516 00bf C1010000 		.4byte	.LASF17
 517 00c3 07       		.uleb128 0x7
 518 00c4 20010000 		.4byte	.LASF18
 519 00c8 04       		.byte	0x4
 520 00c9 8E02     		.2byte	0x28e
 521 00cb CF000000 		.4byte	0xcf
 522 00cf 08       		.uleb128 0x8
 523 00d0 9D000000 		.4byte	0x9d
 524 00d4 07       		.uleb128 0x7
 525 00d5 00000000 		.4byte	.LASF19
 526 00d9 04       		.byte	0x4
 527 00da 9002     		.2byte	0x290
 528 00dc E0000000 		.4byte	0xe0
 529 00e0 08       		.uleb128 0x8
 530 00e1 A9000000 		.4byte	0xa9
 531 00e5 07       		.uleb128 0x7
 532 00e6 16020000 		.4byte	.LASF20
 533 00ea 04       		.byte	0x4
 534 00eb A002     		.2byte	0x2a0
 535 00ed 8B000000 		.4byte	0x8b
 536 00f1 09       		.uleb128 0x9
 537 00f2 47010000 		.4byte	.LASF21
 538 00f6 01       		.byte	0x1
 539 00f7 A1       		.byte	0xa1
 540 00f8 00000000 		.4byte	.LFB67
 541 00fc 20000000 		.4byte	.LFE67-.LFB67
 542 0100 01       		.uleb128 0x1
 543 0101 9C       		.byte	0x9c
 544 0102 32010000 		.4byte	0x132
ARM GAS  C:\Users\sinow\AppData\Local\Temp\ccSMzgPZ.s 			page 18


 545 0106 0A       		.uleb128 0xa
 546 0107 6D736700 		.ascii	"msg\000"
 547 010b 01       		.byte	0x1
 548 010c AA       		.byte	0xaa
 549 010d 32010000 		.4byte	0x132
 550 0111 02       		.uleb128 0x2
 551 0112 91       		.byte	0x91
 552 0113 58       		.sleb128 -40
 553 0114 0B       		.uleb128 0xb
 554 0115 12000000 		.4byte	.LVL0
 555 0119 38030000 		.4byte	0x338
 556 011d 28010000 		.4byte	0x128
 557 0121 0C       		.uleb128 0xc
 558 0122 01       		.uleb128 0x1
 559 0123 50       		.byte	0x50
 560 0124 02       		.uleb128 0x2
 561 0125 7D       		.byte	0x7d
 562 0126 00       		.sleb128 0
 563 0127 00       		.byte	0
 564 0128 0D       		.uleb128 0xd
 565 0129 16000000 		.4byte	.LVL1
 566 012d 43030000 		.4byte	0x343
 567 0131 00       		.byte	0
 568 0132 0E       		.uleb128 0xe
 569 0133 84000000 		.4byte	0x84
 570 0137 42010000 		.4byte	0x142
 571 013b 0F       		.uleb128 0xf
 572 013c 7D000000 		.4byte	0x7d
 573 0140 1F       		.byte	0x1f
 574 0141 00       		.byte	0
 575 0142 09       		.uleb128 0x9
 576 0143 37010000 		.4byte	.LASF22
 577 0147 01       		.byte	0x1
 578 0148 CF       		.byte	0xcf
 579 0149 00000000 		.4byte	.LFB68
 580 014d 0C000000 		.4byte	.LFE68-.LFB68
 581 0151 01       		.uleb128 0x1
 582 0152 9C       		.byte	0x9c
 583 0153 72010000 		.4byte	0x172
 584 0157 10       		.uleb128 0x10
 585 0158 F7010000 		.4byte	.LASF25
 586 015c 01       		.byte	0x1
 587 015d CF       		.byte	0xcf
 588 015e E5000000 		.4byte	0xe5
 589 0162 01       		.uleb128 0x1
 590 0163 50       		.byte	0x50
 591 0164 11       		.uleb128 0x11
 592 0165 70020000 		.4byte	.LASF23
 593 0169 01       		.byte	0x1
 594 016a D1       		.byte	0xd1
 595 016b 72010000 		.4byte	0x172
 596 016f 01       		.uleb128 0x1
 597 0170 53       		.byte	0x53
 598 0171 00       		.byte	0
 599 0172 05       		.uleb128 0x5
 600 0173 04       		.byte	0x4
 601 0174 E5000000 		.4byte	0xe5
ARM GAS  C:\Users\sinow\AppData\Local\Temp\ccSMzgPZ.s 			page 19


 602 0178 12       		.uleb128 0x12
 603 0179 68000000 		.4byte	.LASF27
 604 017d 01       		.byte	0x1
 605 017e E7       		.byte	0xe7
 606 017f E5000000 		.4byte	0xe5
 607 0183 00000000 		.4byte	.LFB69
 608 0187 0C000000 		.4byte	.LFE69-.LFB69
 609 018b 01       		.uleb128 0x1
 610 018c 9C       		.byte	0x9c
 611 018d 9F010000 		.4byte	0x19f
 612 0191 11       		.uleb128 0x11
 613 0192 70020000 		.4byte	.LASF23
 614 0196 01       		.byte	0x1
 615 0197 E9       		.byte	0xe9
 616 0198 72010000 		.4byte	0x172
 617 019c 01       		.uleb128 0x1
 618 019d 53       		.byte	0x53
 619 019e 00       		.byte	0
 620 019f 13       		.uleb128 0x13
 621 01a0 D8020000 		.4byte	.LASF24
 622 01a4 01       		.byte	0x1
 623 01a5 0901     		.2byte	0x109
 624 01a7 00000000 		.4byte	.LFB70
 625 01ab 10000000 		.4byte	.LFE70-.LFB70
 626 01af 01       		.uleb128 0x1
 627 01b0 9C       		.byte	0x9c
 628 01b1 C6010000 		.4byte	0x1c6
 629 01b5 14       		.uleb128 0x14
 630 01b6 C8010000 		.4byte	.LASF26
 631 01ba 01       		.byte	0x1
 632 01bb 0901     		.2byte	0x109
 633 01bd 9D000000 		.4byte	0x9d
 634 01c1 00000000 		.4byte	.LLST0
 635 01c5 00       		.byte	0
 636 01c6 15       		.uleb128 0x15
 637 01c7 D1010000 		.4byte	.LASF28
 638 01cb 01       		.byte	0x1
 639 01cc 1F01     		.2byte	0x11f
 640 01ce 9D000000 		.4byte	0x9d
 641 01d2 00000000 		.4byte	.LFB71
 642 01d6 0C000000 		.4byte	.LFE71-.LFB71
 643 01da 01       		.uleb128 0x1
 644 01db 9C       		.byte	0x9c
 645 01dc F1010000 		.4byte	0x1f1
 646 01e0 16       		.uleb128 0x16
 647 01e1 C8010000 		.4byte	.LASF26
 648 01e5 01       		.byte	0x1
 649 01e6 2101     		.2byte	0x121
 650 01e8 9D000000 		.4byte	0x9d
 651 01ec 21000000 		.4byte	.LLST1
 652 01f0 00       		.byte	0
 653 01f1 17       		.uleb128 0x17
 654 01f2 06000000 		.4byte	.LASF29
 655 01f6 01       		.byte	0x1
 656 01f7 3A01     		.2byte	0x13a
 657 01f9 00000000 		.4byte	.LFB72
 658 01fd 0C000000 		.4byte	.LFE72-.LFB72
ARM GAS  C:\Users\sinow\AppData\Local\Temp\ccSMzgPZ.s 			page 20


 659 0201 01       		.uleb128 0x1
 660 0202 9C       		.byte	0x9c
 661 0203 18       		.uleb128 0x18
 662 0204 B1020000 		.4byte	.LASF41
 663 0208 01       		.byte	0x1
 664 0209 4F01     		.2byte	0x14f
 665 020b 9D000000 		.4byte	0x9d
 666 020f 00000000 		.4byte	.LFB73
 667 0213 18000000 		.4byte	.LFE73-.LFB73
 668 0217 01       		.uleb128 0x1
 669 0218 9C       		.byte	0x9c
 670 0219 17       		.uleb128 0x17
 671 021a 9A020000 		.4byte	.LASF30
 672 021e 01       		.byte	0x1
 673 021f 6401     		.2byte	0x164
 674 0221 00000000 		.4byte	.LFB74
 675 0225 0C000000 		.4byte	.LFE74-.LFB74
 676 0229 01       		.uleb128 0x1
 677 022a 9C       		.byte	0x9c
 678 022b 09       		.uleb128 0x9
 679 022c 14010000 		.4byte	.LASF31
 680 0230 01       		.byte	0x1
 681 0231 3E       		.byte	0x3e
 682 0232 00000000 		.4byte	.LFB64
 683 0236 1C000000 		.4byte	.LFE64-.LFB64
 684 023a 01       		.uleb128 0x1
 685 023b 9C       		.byte	0x9c
 686 023c 7D020000 		.4byte	0x27d
 687 0240 0D       		.uleb128 0xd
 688 0241 06000000 		.4byte	.LVL9
 689 0245 19020000 		.4byte	0x219
 690 0249 0B       		.uleb128 0xb
 691 024a 0C000000 		.4byte	.LVL10
 692 024e 42010000 		.4byte	0x142
 693 0252 60020000 		.4byte	0x260
 694 0256 0C       		.uleb128 0xc
 695 0257 01       		.uleb128 0x1
 696 0258 50       		.byte	0x50
 697 0259 05       		.uleb128 0x5
 698 025a 03       		.byte	0x3
 699 025b 00000000 		.4byte	isr_3_Interrupt
 700 025f 00       		.byte	0
 701 0260 0B       		.uleb128 0xb
 702 0261 12000000 		.4byte	.LVL11
 703 0265 9F010000 		.4byte	0x19f
 704 0269 73020000 		.4byte	0x273
 705 026d 0C       		.uleb128 0xc
 706 026e 01       		.uleb128 0x1
 707 026f 50       		.byte	0x50
 708 0270 01       		.uleb128 0x1
 709 0271 32       		.byte	0x32
 710 0272 00       		.byte	0
 711 0273 0D       		.uleb128 0xd
 712 0274 16000000 		.4byte	.LVL12
 713 0278 F1010000 		.4byte	0x1f1
 714 027c 00       		.byte	0
 715 027d 09       		.uleb128 0x9
ARM GAS  C:\Users\sinow\AppData\Local\Temp\ccSMzgPZ.s 			page 21


 716 027e 4F020000 		.4byte	.LASF32
 717 0282 01       		.byte	0x1
 718 0283 69       		.byte	0x69
 719 0284 00000000 		.4byte	.LFB65
 720 0288 1A000000 		.4byte	.LFE65-.LFB65
 721 028c 01       		.uleb128 0x1
 722 028d 9C       		.byte	0x9c
 723 028e DB020000 		.4byte	0x2db
 724 0292 19       		.uleb128 0x19
 725 0293 F7010000 		.4byte	.LASF25
 726 0297 01       		.byte	0x1
 727 0298 69       		.byte	0x69
 728 0299 E5000000 		.4byte	0xe5
 729 029d 38000000 		.4byte	.LLST2
 730 02a1 0D       		.uleb128 0xd
 731 02a2 08000000 		.4byte	.LVL14
 732 02a6 19020000 		.4byte	0x219
 733 02aa 0B       		.uleb128 0xb
 734 02ab 0E000000 		.4byte	.LVL15
 735 02af 42010000 		.4byte	0x142
 736 02b3 BE020000 		.4byte	0x2be
 737 02b7 0C       		.uleb128 0xc
 738 02b8 01       		.uleb128 0x1
 739 02b9 50       		.byte	0x50
 740 02ba 02       		.uleb128 0x2
 741 02bb 74       		.byte	0x74
 742 02bc 00       		.sleb128 0
 743 02bd 00       		.byte	0
 744 02be 0B       		.uleb128 0xb
 745 02bf 14000000 		.4byte	.LVL16
 746 02c3 9F010000 		.4byte	0x19f
 747 02c7 D1020000 		.4byte	0x2d1
 748 02cb 0C       		.uleb128 0xc
 749 02cc 01       		.uleb128 0x1
 750 02cd 50       		.byte	0x50
 751 02ce 01       		.uleb128 0x1
 752 02cf 32       		.byte	0x32
 753 02d0 00       		.byte	0
 754 02d1 0D       		.uleb128 0xd
 755 02d2 18000000 		.4byte	.LVL17
 756 02d6 F1010000 		.4byte	0x1f1
 757 02da 00       		.byte	0
 758 02db 09       		.uleb128 0x9
 759 02dc 8F020000 		.4byte	.LASF33
 760 02e0 01       		.byte	0x1
 761 02e1 87       		.byte	0x87
 762 02e2 00000000 		.4byte	.LFB66
 763 02e6 14000000 		.4byte	.LFE66-.LFB66
 764 02ea 01       		.uleb128 0x1
 765 02eb 9C       		.byte	0x9c
 766 02ec 03030000 		.4byte	0x303
 767 02f0 0D       		.uleb128 0xd
 768 02f1 06000000 		.4byte	.LVL18
 769 02f5 19020000 		.4byte	0x219
 770 02f9 0D       		.uleb128 0xd
 771 02fa 0C000000 		.4byte	.LVL19
 772 02fe 42010000 		.4byte	0x142
ARM GAS  C:\Users\sinow\AppData\Local\Temp\ccSMzgPZ.s 			page 22


 773 0302 00       		.byte	0
 774 0303 17       		.uleb128 0x17
 775 0304 F9020000 		.4byte	.LASF34
 776 0308 01       		.byte	0x1
 777 0309 7F01     		.2byte	0x17f
 778 030b 00000000 		.4byte	.LFB75
 779 030f 0C000000 		.4byte	.LFE75-.LFB75
 780 0313 01       		.uleb128 0x1
 781 0314 9C       		.byte	0x9c
 782 0315 17       		.uleb128 0x17
 783 0316 1D000000 		.4byte	.LASF35
 784 031a 01       		.byte	0x1
 785 031b 9801     		.2byte	0x198
 786 031d 00000000 		.4byte	.LFB76
 787 0321 0C000000 		.4byte	.LFE76-.LFB76
 788 0325 01       		.uleb128 0x1
 789 0326 9C       		.byte	0x9c
 790 0327 1A       		.uleb128 0x1a
 791 0328 57010000 		.4byte	.LASF42
 792 032c 07       		.byte	0x7
 793 032d 1207     		.2byte	0x712
 794 032f 33030000 		.4byte	0x333
 795 0333 08       		.uleb128 0x8
 796 0334 92000000 		.4byte	0x92
 797 0338 1B       		.uleb128 0x1b
 798 0339 EA020000 		.4byte	.LASF36
 799 033d EA020000 		.4byte	.LASF36
 800 0341 05       		.byte	0x5
 801 0342 8B       		.byte	0x8b
 802 0343 1B       		.uleb128 0x1b
 803 0344 23020000 		.4byte	.LASF37
 804 0348 23020000 		.4byte	.LASF37
 805 034c 06       		.byte	0x6
 806 034d 5E       		.byte	0x5e
 807 034e 00       		.byte	0
 808              		.section	.debug_abbrev,"",%progbits
 809              	.Ldebug_abbrev0:
 810 0000 01       		.uleb128 0x1
 811 0001 11       		.uleb128 0x11
 812 0002 01       		.byte	0x1
 813 0003 25       		.uleb128 0x25
 814 0004 0E       		.uleb128 0xe
 815 0005 13       		.uleb128 0x13
 816 0006 0B       		.uleb128 0xb
 817 0007 03       		.uleb128 0x3
 818 0008 0E       		.uleb128 0xe
 819 0009 1B       		.uleb128 0x1b
 820 000a 0E       		.uleb128 0xe
 821 000b 55       		.uleb128 0x55
 822 000c 17       		.uleb128 0x17
 823 000d 11       		.uleb128 0x11
 824 000e 01       		.uleb128 0x1
 825 000f 10       		.uleb128 0x10
 826 0010 17       		.uleb128 0x17
 827 0011 00       		.byte	0
 828 0012 00       		.byte	0
 829 0013 02       		.uleb128 0x2
ARM GAS  C:\Users\sinow\AppData\Local\Temp\ccSMzgPZ.s 			page 23


 830 0014 24       		.uleb128 0x24
 831 0015 00       		.byte	0
 832 0016 0B       		.uleb128 0xb
 833 0017 0B       		.uleb128 0xb
 834 0018 3E       		.uleb128 0x3e
 835 0019 0B       		.uleb128 0xb
 836 001a 03       		.uleb128 0x3
 837 001b 08       		.uleb128 0x8
 838 001c 00       		.byte	0
 839 001d 00       		.byte	0
 840 001e 03       		.uleb128 0x3
 841 001f 24       		.uleb128 0x24
 842 0020 00       		.byte	0
 843 0021 0B       		.uleb128 0xb
 844 0022 0B       		.uleb128 0xb
 845 0023 3E       		.uleb128 0x3e
 846 0024 0B       		.uleb128 0xb
 847 0025 03       		.uleb128 0x3
 848 0026 0E       		.uleb128 0xe
 849 0027 00       		.byte	0
 850 0028 00       		.byte	0
 851 0029 04       		.uleb128 0x4
 852 002a 16       		.uleb128 0x16
 853 002b 00       		.byte	0
 854 002c 03       		.uleb128 0x3
 855 002d 0E       		.uleb128 0xe
 856 002e 3A       		.uleb128 0x3a
 857 002f 0B       		.uleb128 0xb
 858 0030 3B       		.uleb128 0x3b
 859 0031 0B       		.uleb128 0xb
 860 0032 49       		.uleb128 0x49
 861 0033 13       		.uleb128 0x13
 862 0034 00       		.byte	0
 863 0035 00       		.byte	0
 864 0036 05       		.uleb128 0x5
 865 0037 0F       		.uleb128 0xf
 866 0038 00       		.byte	0
 867 0039 0B       		.uleb128 0xb
 868 003a 0B       		.uleb128 0xb
 869 003b 49       		.uleb128 0x49
 870 003c 13       		.uleb128 0x13
 871 003d 00       		.byte	0
 872 003e 00       		.byte	0
 873 003f 06       		.uleb128 0x6
 874 0040 15       		.uleb128 0x15
 875 0041 00       		.byte	0
 876 0042 27       		.uleb128 0x27
 877 0043 19       		.uleb128 0x19
 878 0044 00       		.byte	0
 879 0045 00       		.byte	0
 880 0046 07       		.uleb128 0x7
 881 0047 16       		.uleb128 0x16
 882 0048 00       		.byte	0
 883 0049 03       		.uleb128 0x3
 884 004a 0E       		.uleb128 0xe
 885 004b 3A       		.uleb128 0x3a
 886 004c 0B       		.uleb128 0xb
ARM GAS  C:\Users\sinow\AppData\Local\Temp\ccSMzgPZ.s 			page 24


 887 004d 3B       		.uleb128 0x3b
 888 004e 05       		.uleb128 0x5
 889 004f 49       		.uleb128 0x49
 890 0050 13       		.uleb128 0x13
 891 0051 00       		.byte	0
 892 0052 00       		.byte	0
 893 0053 08       		.uleb128 0x8
 894 0054 35       		.uleb128 0x35
 895 0055 00       		.byte	0
 896 0056 49       		.uleb128 0x49
 897 0057 13       		.uleb128 0x13
 898 0058 00       		.byte	0
 899 0059 00       		.byte	0
 900 005a 09       		.uleb128 0x9
 901 005b 2E       		.uleb128 0x2e
 902 005c 01       		.byte	0x1
 903 005d 3F       		.uleb128 0x3f
 904 005e 19       		.uleb128 0x19
 905 005f 03       		.uleb128 0x3
 906 0060 0E       		.uleb128 0xe
 907 0061 3A       		.uleb128 0x3a
 908 0062 0B       		.uleb128 0xb
 909 0063 3B       		.uleb128 0x3b
 910 0064 0B       		.uleb128 0xb
 911 0065 27       		.uleb128 0x27
 912 0066 19       		.uleb128 0x19
 913 0067 11       		.uleb128 0x11
 914 0068 01       		.uleb128 0x1
 915 0069 12       		.uleb128 0x12
 916 006a 06       		.uleb128 0x6
 917 006b 40       		.uleb128 0x40
 918 006c 18       		.uleb128 0x18
 919 006d 9742     		.uleb128 0x2117
 920 006f 19       		.uleb128 0x19
 921 0070 01       		.uleb128 0x1
 922 0071 13       		.uleb128 0x13
 923 0072 00       		.byte	0
 924 0073 00       		.byte	0
 925 0074 0A       		.uleb128 0xa
 926 0075 34       		.uleb128 0x34
 927 0076 00       		.byte	0
 928 0077 03       		.uleb128 0x3
 929 0078 08       		.uleb128 0x8
 930 0079 3A       		.uleb128 0x3a
 931 007a 0B       		.uleb128 0xb
 932 007b 3B       		.uleb128 0x3b
 933 007c 0B       		.uleb128 0xb
 934 007d 49       		.uleb128 0x49
 935 007e 13       		.uleb128 0x13
 936 007f 02       		.uleb128 0x2
 937 0080 18       		.uleb128 0x18
 938 0081 00       		.byte	0
 939 0082 00       		.byte	0
 940 0083 0B       		.uleb128 0xb
 941 0084 898201   		.uleb128 0x4109
 942 0087 01       		.byte	0x1
 943 0088 11       		.uleb128 0x11
ARM GAS  C:\Users\sinow\AppData\Local\Temp\ccSMzgPZ.s 			page 25


 944 0089 01       		.uleb128 0x1
 945 008a 31       		.uleb128 0x31
 946 008b 13       		.uleb128 0x13
 947 008c 01       		.uleb128 0x1
 948 008d 13       		.uleb128 0x13
 949 008e 00       		.byte	0
 950 008f 00       		.byte	0
 951 0090 0C       		.uleb128 0xc
 952 0091 8A8201   		.uleb128 0x410a
 953 0094 00       		.byte	0
 954 0095 02       		.uleb128 0x2
 955 0096 18       		.uleb128 0x18
 956 0097 9142     		.uleb128 0x2111
 957 0099 18       		.uleb128 0x18
 958 009a 00       		.byte	0
 959 009b 00       		.byte	0
 960 009c 0D       		.uleb128 0xd
 961 009d 898201   		.uleb128 0x4109
 962 00a0 00       		.byte	0
 963 00a1 11       		.uleb128 0x11
 964 00a2 01       		.uleb128 0x1
 965 00a3 31       		.uleb128 0x31
 966 00a4 13       		.uleb128 0x13
 967 00a5 00       		.byte	0
 968 00a6 00       		.byte	0
 969 00a7 0E       		.uleb128 0xe
 970 00a8 01       		.uleb128 0x1
 971 00a9 01       		.byte	0x1
 972 00aa 49       		.uleb128 0x49
 973 00ab 13       		.uleb128 0x13
 974 00ac 01       		.uleb128 0x1
 975 00ad 13       		.uleb128 0x13
 976 00ae 00       		.byte	0
 977 00af 00       		.byte	0
 978 00b0 0F       		.uleb128 0xf
 979 00b1 21       		.uleb128 0x21
 980 00b2 00       		.byte	0
 981 00b3 49       		.uleb128 0x49
 982 00b4 13       		.uleb128 0x13
 983 00b5 2F       		.uleb128 0x2f
 984 00b6 0B       		.uleb128 0xb
 985 00b7 00       		.byte	0
 986 00b8 00       		.byte	0
 987 00b9 10       		.uleb128 0x10
 988 00ba 05       		.uleb128 0x5
 989 00bb 00       		.byte	0
 990 00bc 03       		.uleb128 0x3
 991 00bd 0E       		.uleb128 0xe
 992 00be 3A       		.uleb128 0x3a
 993 00bf 0B       		.uleb128 0xb
 994 00c0 3B       		.uleb128 0x3b
 995 00c1 0B       		.uleb128 0xb
 996 00c2 49       		.uleb128 0x49
 997 00c3 13       		.uleb128 0x13
 998 00c4 02       		.uleb128 0x2
 999 00c5 18       		.uleb128 0x18
 1000 00c6 00       		.byte	0
ARM GAS  C:\Users\sinow\AppData\Local\Temp\ccSMzgPZ.s 			page 26


 1001 00c7 00       		.byte	0
 1002 00c8 11       		.uleb128 0x11
 1003 00c9 34       		.uleb128 0x34
 1004 00ca 00       		.byte	0
 1005 00cb 03       		.uleb128 0x3
 1006 00cc 0E       		.uleb128 0xe
 1007 00cd 3A       		.uleb128 0x3a
 1008 00ce 0B       		.uleb128 0xb
 1009 00cf 3B       		.uleb128 0x3b
 1010 00d0 0B       		.uleb128 0xb
 1011 00d1 49       		.uleb128 0x49
 1012 00d2 13       		.uleb128 0x13
 1013 00d3 02       		.uleb128 0x2
 1014 00d4 18       		.uleb128 0x18
 1015 00d5 00       		.byte	0
 1016 00d6 00       		.byte	0
 1017 00d7 12       		.uleb128 0x12
 1018 00d8 2E       		.uleb128 0x2e
 1019 00d9 01       		.byte	0x1
 1020 00da 3F       		.uleb128 0x3f
 1021 00db 19       		.uleb128 0x19
 1022 00dc 03       		.uleb128 0x3
 1023 00dd 0E       		.uleb128 0xe
 1024 00de 3A       		.uleb128 0x3a
 1025 00df 0B       		.uleb128 0xb
 1026 00e0 3B       		.uleb128 0x3b
 1027 00e1 0B       		.uleb128 0xb
 1028 00e2 27       		.uleb128 0x27
 1029 00e3 19       		.uleb128 0x19
 1030 00e4 49       		.uleb128 0x49
 1031 00e5 13       		.uleb128 0x13
 1032 00e6 11       		.uleb128 0x11
 1033 00e7 01       		.uleb128 0x1
 1034 00e8 12       		.uleb128 0x12
 1035 00e9 06       		.uleb128 0x6
 1036 00ea 40       		.uleb128 0x40
 1037 00eb 18       		.uleb128 0x18
 1038 00ec 9742     		.uleb128 0x2117
 1039 00ee 19       		.uleb128 0x19
 1040 00ef 01       		.uleb128 0x1
 1041 00f0 13       		.uleb128 0x13
 1042 00f1 00       		.byte	0
 1043 00f2 00       		.byte	0
 1044 00f3 13       		.uleb128 0x13
 1045 00f4 2E       		.uleb128 0x2e
 1046 00f5 01       		.byte	0x1
 1047 00f6 3F       		.uleb128 0x3f
 1048 00f7 19       		.uleb128 0x19
 1049 00f8 03       		.uleb128 0x3
 1050 00f9 0E       		.uleb128 0xe
 1051 00fa 3A       		.uleb128 0x3a
 1052 00fb 0B       		.uleb128 0xb
 1053 00fc 3B       		.uleb128 0x3b
 1054 00fd 05       		.uleb128 0x5
 1055 00fe 27       		.uleb128 0x27
 1056 00ff 19       		.uleb128 0x19
 1057 0100 11       		.uleb128 0x11
ARM GAS  C:\Users\sinow\AppData\Local\Temp\ccSMzgPZ.s 			page 27


 1058 0101 01       		.uleb128 0x1
 1059 0102 12       		.uleb128 0x12
 1060 0103 06       		.uleb128 0x6
 1061 0104 40       		.uleb128 0x40
 1062 0105 18       		.uleb128 0x18
 1063 0106 9742     		.uleb128 0x2117
 1064 0108 19       		.uleb128 0x19
 1065 0109 01       		.uleb128 0x1
 1066 010a 13       		.uleb128 0x13
 1067 010b 00       		.byte	0
 1068 010c 00       		.byte	0
 1069 010d 14       		.uleb128 0x14
 1070 010e 05       		.uleb128 0x5
 1071 010f 00       		.byte	0
 1072 0110 03       		.uleb128 0x3
 1073 0111 0E       		.uleb128 0xe
 1074 0112 3A       		.uleb128 0x3a
 1075 0113 0B       		.uleb128 0xb
 1076 0114 3B       		.uleb128 0x3b
 1077 0115 05       		.uleb128 0x5
 1078 0116 49       		.uleb128 0x49
 1079 0117 13       		.uleb128 0x13
 1080 0118 02       		.uleb128 0x2
 1081 0119 17       		.uleb128 0x17
 1082 011a 00       		.byte	0
 1083 011b 00       		.byte	0
 1084 011c 15       		.uleb128 0x15
 1085 011d 2E       		.uleb128 0x2e
 1086 011e 01       		.byte	0x1
 1087 011f 3F       		.uleb128 0x3f
 1088 0120 19       		.uleb128 0x19
 1089 0121 03       		.uleb128 0x3
 1090 0122 0E       		.uleb128 0xe
 1091 0123 3A       		.uleb128 0x3a
 1092 0124 0B       		.uleb128 0xb
 1093 0125 3B       		.uleb128 0x3b
 1094 0126 05       		.uleb128 0x5
 1095 0127 27       		.uleb128 0x27
 1096 0128 19       		.uleb128 0x19
 1097 0129 49       		.uleb128 0x49
 1098 012a 13       		.uleb128 0x13
 1099 012b 11       		.uleb128 0x11
 1100 012c 01       		.uleb128 0x1
 1101 012d 12       		.uleb128 0x12
 1102 012e 06       		.uleb128 0x6
 1103 012f 40       		.uleb128 0x40
 1104 0130 18       		.uleb128 0x18
 1105 0131 9742     		.uleb128 0x2117
 1106 0133 19       		.uleb128 0x19
 1107 0134 01       		.uleb128 0x1
 1108 0135 13       		.uleb128 0x13
 1109 0136 00       		.byte	0
 1110 0137 00       		.byte	0
 1111 0138 16       		.uleb128 0x16
 1112 0139 34       		.uleb128 0x34
 1113 013a 00       		.byte	0
 1114 013b 03       		.uleb128 0x3
ARM GAS  C:\Users\sinow\AppData\Local\Temp\ccSMzgPZ.s 			page 28


 1115 013c 0E       		.uleb128 0xe
 1116 013d 3A       		.uleb128 0x3a
 1117 013e 0B       		.uleb128 0xb
 1118 013f 3B       		.uleb128 0x3b
 1119 0140 05       		.uleb128 0x5
 1120 0141 49       		.uleb128 0x49
 1121 0142 13       		.uleb128 0x13
 1122 0143 02       		.uleb128 0x2
 1123 0144 17       		.uleb128 0x17
 1124 0145 00       		.byte	0
 1125 0146 00       		.byte	0
 1126 0147 17       		.uleb128 0x17
 1127 0148 2E       		.uleb128 0x2e
 1128 0149 00       		.byte	0
 1129 014a 3F       		.uleb128 0x3f
 1130 014b 19       		.uleb128 0x19
 1131 014c 03       		.uleb128 0x3
 1132 014d 0E       		.uleb128 0xe
 1133 014e 3A       		.uleb128 0x3a
 1134 014f 0B       		.uleb128 0xb
 1135 0150 3B       		.uleb128 0x3b
 1136 0151 05       		.uleb128 0x5
 1137 0152 27       		.uleb128 0x27
 1138 0153 19       		.uleb128 0x19
 1139 0154 11       		.uleb128 0x11
 1140 0155 01       		.uleb128 0x1
 1141 0156 12       		.uleb128 0x12
 1142 0157 06       		.uleb128 0x6
 1143 0158 40       		.uleb128 0x40
 1144 0159 18       		.uleb128 0x18
 1145 015a 9742     		.uleb128 0x2117
 1146 015c 19       		.uleb128 0x19
 1147 015d 00       		.byte	0
 1148 015e 00       		.byte	0
 1149 015f 18       		.uleb128 0x18
 1150 0160 2E       		.uleb128 0x2e
 1151 0161 00       		.byte	0
 1152 0162 3F       		.uleb128 0x3f
 1153 0163 19       		.uleb128 0x19
 1154 0164 03       		.uleb128 0x3
 1155 0165 0E       		.uleb128 0xe
 1156 0166 3A       		.uleb128 0x3a
 1157 0167 0B       		.uleb128 0xb
 1158 0168 3B       		.uleb128 0x3b
 1159 0169 05       		.uleb128 0x5
 1160 016a 27       		.uleb128 0x27
 1161 016b 19       		.uleb128 0x19
 1162 016c 49       		.uleb128 0x49
 1163 016d 13       		.uleb128 0x13
 1164 016e 11       		.uleb128 0x11
 1165 016f 01       		.uleb128 0x1
 1166 0170 12       		.uleb128 0x12
 1167 0171 06       		.uleb128 0x6
 1168 0172 40       		.uleb128 0x40
 1169 0173 18       		.uleb128 0x18
 1170 0174 9742     		.uleb128 0x2117
 1171 0176 19       		.uleb128 0x19
ARM GAS  C:\Users\sinow\AppData\Local\Temp\ccSMzgPZ.s 			page 29


 1172 0177 00       		.byte	0
 1173 0178 00       		.byte	0
 1174 0179 19       		.uleb128 0x19
 1175 017a 05       		.uleb128 0x5
 1176 017b 00       		.byte	0
 1177 017c 03       		.uleb128 0x3
 1178 017d 0E       		.uleb128 0xe
 1179 017e 3A       		.uleb128 0x3a
 1180 017f 0B       		.uleb128 0xb
 1181 0180 3B       		.uleb128 0x3b
 1182 0181 0B       		.uleb128 0xb
 1183 0182 49       		.uleb128 0x49
 1184 0183 13       		.uleb128 0x13
 1185 0184 02       		.uleb128 0x2
 1186 0185 17       		.uleb128 0x17
 1187 0186 00       		.byte	0
 1188 0187 00       		.byte	0
 1189 0188 1A       		.uleb128 0x1a
 1190 0189 34       		.uleb128 0x34
 1191 018a 00       		.byte	0
 1192 018b 03       		.uleb128 0x3
 1193 018c 0E       		.uleb128 0xe
 1194 018d 3A       		.uleb128 0x3a
 1195 018e 0B       		.uleb128 0xb
 1196 018f 3B       		.uleb128 0x3b
 1197 0190 05       		.uleb128 0x5
 1198 0191 49       		.uleb128 0x49
 1199 0192 13       		.uleb128 0x13
 1200 0193 3F       		.uleb128 0x3f
 1201 0194 19       		.uleb128 0x19
 1202 0195 3C       		.uleb128 0x3c
 1203 0196 19       		.uleb128 0x19
 1204 0197 00       		.byte	0
 1205 0198 00       		.byte	0
 1206 0199 1B       		.uleb128 0x1b
 1207 019a 2E       		.uleb128 0x2e
 1208 019b 00       		.byte	0
 1209 019c 3F       		.uleb128 0x3f
 1210 019d 19       		.uleb128 0x19
 1211 019e 3C       		.uleb128 0x3c
 1212 019f 19       		.uleb128 0x19
 1213 01a0 6E       		.uleb128 0x6e
 1214 01a1 0E       		.uleb128 0xe
 1215 01a2 03       		.uleb128 0x3
 1216 01a3 0E       		.uleb128 0xe
 1217 01a4 3A       		.uleb128 0x3a
 1218 01a5 0B       		.uleb128 0xb
 1219 01a6 3B       		.uleb128 0x3b
 1220 01a7 0B       		.uleb128 0xb
 1221 01a8 00       		.byte	0
 1222 01a9 00       		.byte	0
 1223 01aa 00       		.byte	0
 1224              		.section	.debug_loc,"",%progbits
 1225              	.Ldebug_loc0:
 1226              	.LLST0:
 1227 0000 00000000 		.4byte	.LVL5
 1228 0004 02000000 		.4byte	.LVL6
ARM GAS  C:\Users\sinow\AppData\Local\Temp\ccSMzgPZ.s 			page 30


 1229 0008 0100     		.2byte	0x1
 1230 000a 50       		.byte	0x50
 1231 000b 02000000 		.4byte	.LVL6
 1232 000f 10000000 		.4byte	.LFE70
 1233 0013 0400     		.2byte	0x4
 1234 0015 F3       		.byte	0xf3
 1235 0016 01       		.uleb128 0x1
 1236 0017 50       		.byte	0x50
 1237 0018 9F       		.byte	0x9f
 1238 0019 00000000 		.4byte	0
 1239 001d 00000000 		.4byte	0
 1240              	.LLST1:
 1241 0021 04000000 		.4byte	.LVL7
 1242 0025 06000000 		.4byte	.LVL8
 1243 0029 0500     		.2byte	0x5
 1244 002b 70       		.byte	0x70
 1245 002c 00       		.sleb128 0
 1246 002d 35       		.byte	0x35
 1247 002e 25       		.byte	0x25
 1248 002f 9F       		.byte	0x9f
 1249 0030 00000000 		.4byte	0
 1250 0034 00000000 		.4byte	0
 1251              	.LLST2:
 1252 0038 00000000 		.4byte	.LVL13
 1253 003c 07000000 		.4byte	.LVL14-1
 1254 0040 0100     		.2byte	0x1
 1255 0042 50       		.byte	0x50
 1256 0043 07000000 		.4byte	.LVL14-1
 1257 0047 1A000000 		.4byte	.LFE65
 1258 004b 0100     		.2byte	0x1
 1259 004d 54       		.byte	0x54
 1260 004e 00000000 		.4byte	0
 1261 0052 00000000 		.4byte	0
 1262              		.section	.debug_aranges,"",%progbits
 1263 0000 7C000000 		.4byte	0x7c
 1264 0004 0200     		.2byte	0x2
 1265 0006 00000000 		.4byte	.Ldebug_info0
 1266 000a 04       		.byte	0x4
 1267 000b 00       		.byte	0
 1268 000c 0000     		.2byte	0
 1269 000e 0000     		.2byte	0
 1270 0010 00000000 		.4byte	.LFB67
 1271 0014 20000000 		.4byte	.LFE67-.LFB67
 1272 0018 00000000 		.4byte	.LFB68
 1273 001c 0C000000 		.4byte	.LFE68-.LFB68
 1274 0020 00000000 		.4byte	.LFB69
 1275 0024 0C000000 		.4byte	.LFE69-.LFB69
 1276 0028 00000000 		.4byte	.LFB70
 1277 002c 10000000 		.4byte	.LFE70-.LFB70
 1278 0030 00000000 		.4byte	.LFB71
 1279 0034 0C000000 		.4byte	.LFE71-.LFB71
 1280 0038 00000000 		.4byte	.LFB72
 1281 003c 0C000000 		.4byte	.LFE72-.LFB72
 1282 0040 00000000 		.4byte	.LFB73
 1283 0044 18000000 		.4byte	.LFE73-.LFB73
 1284 0048 00000000 		.4byte	.LFB74
 1285 004c 0C000000 		.4byte	.LFE74-.LFB74
ARM GAS  C:\Users\sinow\AppData\Local\Temp\ccSMzgPZ.s 			page 31


 1286 0050 00000000 		.4byte	.LFB64
 1287 0054 1C000000 		.4byte	.LFE64-.LFB64
 1288 0058 00000000 		.4byte	.LFB65
 1289 005c 1A000000 		.4byte	.LFE65-.LFB65
 1290 0060 00000000 		.4byte	.LFB66
 1291 0064 14000000 		.4byte	.LFE66-.LFB66
 1292 0068 00000000 		.4byte	.LFB75
 1293 006c 0C000000 		.4byte	.LFE75-.LFB75
 1294 0070 00000000 		.4byte	.LFB76
 1295 0074 0C000000 		.4byte	.LFE76-.LFB76
 1296 0078 00000000 		.4byte	0
 1297 007c 00000000 		.4byte	0
 1298              		.section	.debug_ranges,"",%progbits
 1299              	.Ldebug_ranges0:
 1300 0000 00000000 		.4byte	.LFB67
 1301 0004 20000000 		.4byte	.LFE67
 1302 0008 00000000 		.4byte	.LFB68
 1303 000c 0C000000 		.4byte	.LFE68
 1304 0010 00000000 		.4byte	.LFB69
 1305 0014 0C000000 		.4byte	.LFE69
 1306 0018 00000000 		.4byte	.LFB70
 1307 001c 10000000 		.4byte	.LFE70
 1308 0020 00000000 		.4byte	.LFB71
 1309 0024 0C000000 		.4byte	.LFE71
 1310 0028 00000000 		.4byte	.LFB72
 1311 002c 0C000000 		.4byte	.LFE72
 1312 0030 00000000 		.4byte	.LFB73
 1313 0034 18000000 		.4byte	.LFE73
 1314 0038 00000000 		.4byte	.LFB74
 1315 003c 0C000000 		.4byte	.LFE74
 1316 0040 00000000 		.4byte	.LFB64
 1317 0044 1C000000 		.4byte	.LFE64
 1318 0048 00000000 		.4byte	.LFB65
 1319 004c 1A000000 		.4byte	.LFE65
 1320 0050 00000000 		.4byte	.LFB66
 1321 0054 14000000 		.4byte	.LFE66
 1322 0058 00000000 		.4byte	.LFB75
 1323 005c 0C000000 		.4byte	.LFE75
 1324 0060 00000000 		.4byte	.LFB76
 1325 0064 0C000000 		.4byte	.LFE76
 1326 0068 00000000 		.4byte	0
 1327 006c 00000000 		.4byte	0
 1328              		.section	.debug_line,"",%progbits
 1329              	.Ldebug_line0:
 1330 0000 56020000 		.section	.debug_str,"MS",%progbits,1
 1330      02006401 
 1330      00000201 
 1330      FB0E0D00 
 1330      01010101 
 1331              	.LASF19:
 1332 0000 72656733 		.ascii	"reg32\000"
 1332      3200
 1333              	.LASF29:
 1334 0006 6973725F 		.ascii	"isr_3_Enable\000"
 1334      335F456E 
 1334      61626C65 
 1334      00
ARM GAS  C:\Users\sinow\AppData\Local\Temp\ccSMzgPZ.s 			page 32


 1335              	.LASF12:
 1336 0013 5F5F696E 		.ascii	"__int32_t\000"
 1336      7433325F 
 1336      7400
 1337              	.LASF35:
 1338 001d 6973725F 		.ascii	"isr_3_ClearPending\000"
 1338      335F436C 
 1338      65617250 
 1338      656E6469 
 1338      6E6700
 1339              	.LASF6:
 1340 0030 73686F72 		.ascii	"short unsigned int\000"
 1340      7420756E 
 1340      7369676E 
 1340      65642069 
 1340      6E7400
 1341              	.LASF39:
 1342 0043 47656E65 		.ascii	"Generated_Source\\PSoC5\\isr_3.c\000"
 1342      72617465 
 1342      645F536F 
 1342      75726365 
 1342      5C50536F 
 1343              	.LASF16:
 1344 0062 666C6F61 		.ascii	"float\000"
 1344      7400
 1345              	.LASF27:
 1346 0068 6973725F 		.ascii	"isr_3_GetVector\000"
 1346      335F4765 
 1346      74566563 
 1346      746F7200 
 1347              	.LASF4:
 1348 0078 756E7369 		.ascii	"unsigned char\000"
 1348      676E6564 
 1348      20636861 
 1348      7200
 1349              	.LASF38:
 1350 0086 474E5520 		.ascii	"GNU C11 5.4.1 20160609 (release) [ARM/embedded-5-br"
 1350      43313120 
 1350      352E342E 
 1350      31203230 
 1350      31363036 
 1351 00b9 616E6368 		.ascii	"anch revision 237715] -mcpu=cortex-m3 -mthumb -g -O"
 1351      20726576 
 1351      6973696F 
 1351      6E203233 
 1351      37373135 
 1352 00ec 67202D66 		.ascii	"g -ffunction-sections -ffat-lto-objects\000"
 1352      66756E63 
 1352      74696F6E 
 1352      2D736563 
 1352      74696F6E 
 1353              	.LASF31:
 1354 0114 6973725F 		.ascii	"isr_3_Start\000"
 1354      335F5374 
 1354      61727400 
 1355              	.LASF18:
 1356 0120 72656738 		.ascii	"reg8\000"
ARM GAS  C:\Users\sinow\AppData\Local\Temp\ccSMzgPZ.s 			page 33


 1356      00
 1357              	.LASF8:
 1358 0125 6C6F6E67 		.ascii	"long unsigned int\000"
 1358      20756E73 
 1358      69676E65 
 1358      6420696E 
 1358      7400
 1359              	.LASF22:
 1360 0137 6973725F 		.ascii	"isr_3_SetVector\000"
 1360      335F5365 
 1360      74566563 
 1360      746F7200 
 1361              	.LASF21:
 1362 0147 6973725F 		.ascii	"isr_3_Interrupt\000"
 1362      335F496E 
 1362      74657272 
 1362      75707400 
 1363              	.LASF42:
 1364 0157 49544D5F 		.ascii	"ITM_RxBuffer\000"
 1364      52784275 
 1364      66666572 
 1364      00
 1365              	.LASF40:
 1366 0164 433A5C55 		.ascii	"C:\\Users\\sinow\\Documents\\PSoC Creator\\DA4_ELC4"
 1366      73657273 
 1366      5C73696E 
 1366      6F775C44 
 1366      6F63756D 
 1367 0192 31315C66 		.ascii	"11\\fixed_point_osc_w_timer_and_interrupt.cydsn\000"
 1367      69786564 
 1367      5F706F69 
 1367      6E745F6F 
 1367      73635F77 
 1368              	.LASF17:
 1369 01c1 646F7562 		.ascii	"double\000"
 1369      6C6500
 1370              	.LASF26:
 1371 01c8 7072696F 		.ascii	"priority\000"
 1371      72697479 
 1371      00
 1372              	.LASF28:
 1373 01d1 6973725F 		.ascii	"isr_3_GetPriority\000"
 1373      335F4765 
 1373      74507269 
 1373      6F726974 
 1373      7900
 1374              	.LASF15:
 1375 01e3 75696E74 		.ascii	"uint32\000"
 1375      333200
 1376              	.LASF0:
 1377 01ea 756E7369 		.ascii	"unsigned int\000"
 1377      676E6564 
 1377      20696E74 
 1377      00
 1378              	.LASF25:
 1379 01f7 61646472 		.ascii	"address\000"
 1379      65737300 
ARM GAS  C:\Users\sinow\AppData\Local\Temp\ccSMzgPZ.s 			page 34


 1380              	.LASF9:
 1381 01ff 6C6F6E67 		.ascii	"long long unsigned int\000"
 1381      206C6F6E 
 1381      6720756E 
 1381      7369676E 
 1381      65642069 
 1382              	.LASF20:
 1383 0216 63796973 		.ascii	"cyisraddress\000"
 1383      72616464 
 1383      72657373 
 1383      00
 1384              	.LASF37:
 1385 0223 54696D65 		.ascii	"Timer_3_ReadStatusRegister\000"
 1385      725F335F 
 1385      52656164 
 1385      53746174 
 1385      75735265 
 1386              	.LASF13:
 1387 023e 696E7433 		.ascii	"int32_t\000"
 1387      325F7400 
 1388              	.LASF10:
 1389 0246 73697A65 		.ascii	"sizetype\000"
 1389      74797065 
 1389      00
 1390              	.LASF32:
 1391 024f 6973725F 		.ascii	"isr_3_StartEx\000"
 1391      335F5374 
 1391      61727445 
 1391      7800
 1392              	.LASF1:
 1393 025d 6C6F6E67 		.ascii	"long long int\000"
 1393      206C6F6E 
 1393      6720696E 
 1393      7400
 1394              	.LASF11:
 1395 026b 63686172 		.ascii	"char\000"
 1395      00
 1396              	.LASF23:
 1397 0270 72616D56 		.ascii	"ramVectorTable\000"
 1397      6563746F 
 1397      72546162 
 1397      6C6500
 1398              	.LASF5:
 1399 027f 73686F72 		.ascii	"short int\000"
 1399      7420696E 
 1399      7400
 1400              	.LASF14:
 1401 0289 75696E74 		.ascii	"uint8\000"
 1401      3800
 1402              	.LASF33:
 1403 028f 6973725F 		.ascii	"isr_3_Stop\000"
 1403      335F5374 
 1403      6F7000
 1404              	.LASF30:
 1405 029a 6973725F 		.ascii	"isr_3_Disable\000"
 1405      335F4469 
 1405      7361626C 
ARM GAS  C:\Users\sinow\AppData\Local\Temp\ccSMzgPZ.s 			page 35


 1405      6500
 1406              	.LASF7:
 1407 02a8 6C6F6E67 		.ascii	"long int\000"
 1407      20696E74 
 1407      00
 1408              	.LASF41:
 1409 02b1 6973725F 		.ascii	"isr_3_GetState\000"
 1409      335F4765 
 1409      74537461 
 1409      746500
 1410              	.LASF2:
 1411 02c0 6C6F6E67 		.ascii	"long double\000"
 1411      20646F75 
 1411      626C6500 
 1412              	.LASF3:
 1413 02cc 7369676E 		.ascii	"signed char\000"
 1413      65642063 
 1413      68617200 
 1414              	.LASF24:
 1415 02d8 6973725F 		.ascii	"isr_3_SetPriority\000"
 1415      335F5365 
 1415      74507269 
 1415      6F726974 
 1415      7900
 1416              	.LASF36:
 1417 02ea 55415254 		.ascii	"UART_PutString\000"
 1417      5F507574 
 1417      53747269 
 1417      6E6700
 1418              	.LASF34:
 1419 02f9 6973725F 		.ascii	"isr_3_SetPending\000"
 1419      335F5365 
 1419      7450656E 
 1419      64696E67 
 1419      00
 1420              		.ident	"GCC: (GNU Tools for ARM Embedded Processors) 5.4.1 20160609 (release) [ARM/embedded-5-bran
