ARM GAS  C:\Users\sinow\AppData\Local\Temp\ccIPSZ8U.s 			page 1


   1              		.syntax unified
   2              		.cpu cortex-m3
   3              		.fpu softvfp
   4              		.eabi_attribute 20, 1
   5              		.eabi_attribute 21, 1
   6              		.eabi_attribute 23, 3
   7              		.eabi_attribute 24, 1
   8              		.eabi_attribute 25, 1
   9              		.eabi_attribute 26, 1
  10              		.eabi_attribute 30, 1
  11              		.eabi_attribute 34, 1
  12              		.eabi_attribute 18, 4
  13              		.thumb
  14              		.syntax unified
  15              		.file	"main.c"
  16              		.text
  17              	.Ltext0:
  18              		.cfi_sections	.debug_frame
  19              		.section	.text.main,"ax",%progbits
  20              		.align	2
  21              		.global	main
  22              		.thumb
  23              		.thumb_func
  24              		.type	main, %function
  25              	main:
  26              	.LFB63:
  27              		.file 1 "main.c"
   1:main.c        **** 
   2:main.c        **** #include "project.h"
   3:main.c        **** 
   4:main.c        **** int main(void)
   5:main.c        **** {
  28              		.loc 1 5 0
  29              		.cfi_startproc
  30              		@ Volatile: function does not return.
  31              		@ args = 0, pretend = 0, frame = 0
  32              		@ frame_needed = 0, uses_anonymous_args = 0
  33 0000 08B5     		push	{r3, lr}
  34              		.cfi_def_cfa_offset 8
  35              		.cfi_offset 3, -8
  36              		.cfi_offset 14, -4
   6:main.c        ****     CyGlobalIntEnable; /* Enable global interrupts. */
  37              		.loc 1 6 0
  38              		.syntax unified
  39              	@ 6 "main.c" 1
  40 0002 62B6     		CPSIE   i
  41              	@ 0 "" 2
  42              		.thumb
  43              		.syntax unified
  44              	.L2:
   7:main.c        **** 
   8:main.c        ****     /* Place your initialization/startup code here (e.g. MyInst_Start()) */
   9:main.c        **** 
  10:main.c        ****     for(;;)
  11:main.c        ****     {
  12:main.c        ****         
  13:main.c        ****         Pin_1_Write(1);
ARM GAS  C:\Users\sinow\AppData\Local\Temp\ccIPSZ8U.s 			page 2


  45              		.loc 1 13 0 discriminator 1
  46 0004 0120     		movs	r0, #1
  47 0006 FFF7FEFF 		bl	Pin_1_Write
  48              	.LVL0:
  49 000a FBE7     		b	.L2
  50              		.cfi_endproc
  51              	.LFE63:
  52              		.size	main, .-main
  53              		.text
  54              	.Letext0:
  55              		.file 2 "c:\\program files (x86)\\cypress\\psoc creator\\4.2\\psoc creator\\import\\gnu\\arm\\5.4.
  56              		.file 3 "c:\\program files (x86)\\cypress\\psoc creator\\4.2\\psoc creator\\import\\gnu\\arm\\5.4.
  57              		.file 4 "Generated_Source\\PSoC5/core_cm3.h"
  58              		.file 5 "Generated_Source\\PSoC5/Pin_1.h"
  59              		.section	.debug_info,"",%progbits
  60              	.Ldebug_info0:
  61 0000 E6000000 		.4byte	0xe6
  62 0004 0400     		.2byte	0x4
  63 0006 00000000 		.4byte	.Ldebug_abbrev0
  64 000a 04       		.byte	0x4
  65 000b 01       		.uleb128 0x1
  66 000c 55000000 		.4byte	.LASF16
  67 0010 0C       		.byte	0xc
  68 0011 49000000 		.4byte	.LASF17
  69 0015 2D010000 		.4byte	.LASF18
  70 0019 00000000 		.4byte	.Ldebug_ranges0+0
  71 001d 00000000 		.4byte	0
  72 0021 00000000 		.4byte	.Ldebug_line0
  73 0025 02       		.uleb128 0x2
  74 0026 01       		.byte	0x1
  75 0027 06       		.byte	0x6
  76 0028 67010000 		.4byte	.LASF0
  77 002c 02       		.uleb128 0x2
  78 002d 01       		.byte	0x1
  79 002e 08       		.byte	0x8
  80 002f 3B000000 		.4byte	.LASF1
  81 0033 02       		.uleb128 0x2
  82 0034 02       		.byte	0x2
  83 0035 05       		.byte	0x5
  84 0036 8F010000 		.4byte	.LASF2
  85 003a 02       		.uleb128 0x2
  86 003b 02       		.byte	0x2
  87 003c 07       		.byte	0x7
  88 003d 0E000000 		.4byte	.LASF3
  89 0041 03       		.uleb128 0x3
  90 0042 7F010000 		.4byte	.LASF9
  91 0046 02       		.byte	0x2
  92 0047 3F       		.byte	0x3f
  93 0048 4C000000 		.4byte	0x4c
  94 004c 02       		.uleb128 0x2
  95 004d 04       		.byte	0x4
  96 004e 05       		.byte	0x5
  97 004f 1D010000 		.4byte	.LASF4
  98 0053 02       		.uleb128 0x2
  99 0054 04       		.byte	0x4
 100 0055 07       		.byte	0x7
 101 0056 E3000000 		.4byte	.LASF5
ARM GAS  C:\Users\sinow\AppData\Local\Temp\ccIPSZ8U.s 			page 3


 102 005a 02       		.uleb128 0x2
 103 005b 08       		.byte	0x8
 104 005c 05       		.byte	0x5
 105 005d 00000000 		.4byte	.LASF6
 106 0061 02       		.uleb128 0x2
 107 0062 08       		.byte	0x8
 108 0063 07       		.byte	0x7
 109 0064 F5000000 		.4byte	.LASF7
 110 0068 04       		.uleb128 0x4
 111 0069 04       		.byte	0x4
 112 006a 05       		.byte	0x5
 113 006b 696E7400 		.ascii	"int\000"
 114 006f 02       		.uleb128 0x2
 115 0070 04       		.byte	0x4
 116 0071 07       		.byte	0x7
 117 0072 2E000000 		.4byte	.LASF8
 118 0076 03       		.uleb128 0x3
 119 0077 99010000 		.4byte	.LASF10
 120 007b 03       		.byte	0x3
 121 007c 2C       		.byte	0x2c
 122 007d 41000000 		.4byte	0x41
 123 0081 02       		.uleb128 0x2
 124 0082 04       		.byte	0x4
 125 0083 04       		.byte	0x4
 126 0084 89010000 		.4byte	.LASF11
 127 0088 02       		.uleb128 0x2
 128 0089 08       		.byte	0x8
 129 008a 04       		.byte	0x4
 130 008b 26010000 		.4byte	.LASF12
 131 008f 02       		.uleb128 0x2
 132 0090 01       		.byte	0x1
 133 0091 08       		.byte	0x8
 134 0092 18010000 		.4byte	.LASF13
 135 0096 02       		.uleb128 0x2
 136 0097 04       		.byte	0x4
 137 0098 07       		.byte	0x7
 138 0099 A1010000 		.4byte	.LASF14
 139 009d 02       		.uleb128 0x2
 140 009e 08       		.byte	0x8
 141 009f 04       		.byte	0x4
 142 00a0 73010000 		.4byte	.LASF15
 143 00a4 05       		.uleb128 0x5
 144 00a5 50000000 		.4byte	.LASF19
 145 00a9 01       		.byte	0x1
 146 00aa 04       		.byte	0x4
 147 00ab 68000000 		.4byte	0x68
 148 00af 00000000 		.4byte	.LFB63
 149 00b3 0C000000 		.4byte	.LFE63-.LFB63
 150 00b7 01       		.uleb128 0x1
 151 00b8 9C       		.byte	0x9c
 152 00b9 CD000000 		.4byte	0xcd
 153 00bd 06       		.uleb128 0x6
 154 00be 0A000000 		.4byte	.LVL0
 155 00c2 DE000000 		.4byte	0xde
 156 00c6 07       		.uleb128 0x7
 157 00c7 01       		.uleb128 0x1
 158 00c8 50       		.byte	0x50
ARM GAS  C:\Users\sinow\AppData\Local\Temp\ccIPSZ8U.s 			page 4


 159 00c9 01       		.uleb128 0x1
 160 00ca 31       		.byte	0x31
 161 00cb 00       		.byte	0
 162 00cc 00       		.byte	0
 163 00cd 08       		.uleb128 0x8
 164 00ce 21000000 		.4byte	.LASF20
 165 00d2 04       		.byte	0x4
 166 00d3 1207     		.2byte	0x712
 167 00d5 D9000000 		.4byte	0xd9
 168 00d9 09       		.uleb128 0x9
 169 00da 76000000 		.4byte	0x76
 170 00de 0A       		.uleb128 0xa
 171 00df 0C010000 		.4byte	.LASF21
 172 00e3 0C010000 		.4byte	.LASF21
 173 00e7 05       		.byte	0x5
 174 00e8 26       		.byte	0x26
 175 00e9 00       		.byte	0
 176              		.section	.debug_abbrev,"",%progbits
 177              	.Ldebug_abbrev0:
 178 0000 01       		.uleb128 0x1
 179 0001 11       		.uleb128 0x11
 180 0002 01       		.byte	0x1
 181 0003 25       		.uleb128 0x25
 182 0004 0E       		.uleb128 0xe
 183 0005 13       		.uleb128 0x13
 184 0006 0B       		.uleb128 0xb
 185 0007 03       		.uleb128 0x3
 186 0008 0E       		.uleb128 0xe
 187 0009 1B       		.uleb128 0x1b
 188 000a 0E       		.uleb128 0xe
 189 000b 55       		.uleb128 0x55
 190 000c 17       		.uleb128 0x17
 191 000d 11       		.uleb128 0x11
 192 000e 01       		.uleb128 0x1
 193 000f 10       		.uleb128 0x10
 194 0010 17       		.uleb128 0x17
 195 0011 00       		.byte	0
 196 0012 00       		.byte	0
 197 0013 02       		.uleb128 0x2
 198 0014 24       		.uleb128 0x24
 199 0015 00       		.byte	0
 200 0016 0B       		.uleb128 0xb
 201 0017 0B       		.uleb128 0xb
 202 0018 3E       		.uleb128 0x3e
 203 0019 0B       		.uleb128 0xb
 204 001a 03       		.uleb128 0x3
 205 001b 0E       		.uleb128 0xe
 206 001c 00       		.byte	0
 207 001d 00       		.byte	0
 208 001e 03       		.uleb128 0x3
 209 001f 16       		.uleb128 0x16
 210 0020 00       		.byte	0
 211 0021 03       		.uleb128 0x3
 212 0022 0E       		.uleb128 0xe
 213 0023 3A       		.uleb128 0x3a
 214 0024 0B       		.uleb128 0xb
 215 0025 3B       		.uleb128 0x3b
ARM GAS  C:\Users\sinow\AppData\Local\Temp\ccIPSZ8U.s 			page 5


 216 0026 0B       		.uleb128 0xb
 217 0027 49       		.uleb128 0x49
 218 0028 13       		.uleb128 0x13
 219 0029 00       		.byte	0
 220 002a 00       		.byte	0
 221 002b 04       		.uleb128 0x4
 222 002c 24       		.uleb128 0x24
 223 002d 00       		.byte	0
 224 002e 0B       		.uleb128 0xb
 225 002f 0B       		.uleb128 0xb
 226 0030 3E       		.uleb128 0x3e
 227 0031 0B       		.uleb128 0xb
 228 0032 03       		.uleb128 0x3
 229 0033 08       		.uleb128 0x8
 230 0034 00       		.byte	0
 231 0035 00       		.byte	0
 232 0036 05       		.uleb128 0x5
 233 0037 2E       		.uleb128 0x2e
 234 0038 01       		.byte	0x1
 235 0039 3F       		.uleb128 0x3f
 236 003a 19       		.uleb128 0x19
 237 003b 03       		.uleb128 0x3
 238 003c 0E       		.uleb128 0xe
 239 003d 3A       		.uleb128 0x3a
 240 003e 0B       		.uleb128 0xb
 241 003f 3B       		.uleb128 0x3b
 242 0040 0B       		.uleb128 0xb
 243 0041 27       		.uleb128 0x27
 244 0042 19       		.uleb128 0x19
 245 0043 49       		.uleb128 0x49
 246 0044 13       		.uleb128 0x13
 247 0045 8701     		.uleb128 0x87
 248 0047 19       		.uleb128 0x19
 249 0048 11       		.uleb128 0x11
 250 0049 01       		.uleb128 0x1
 251 004a 12       		.uleb128 0x12
 252 004b 06       		.uleb128 0x6
 253 004c 40       		.uleb128 0x40
 254 004d 18       		.uleb128 0x18
 255 004e 9742     		.uleb128 0x2117
 256 0050 19       		.uleb128 0x19
 257 0051 01       		.uleb128 0x1
 258 0052 13       		.uleb128 0x13
 259 0053 00       		.byte	0
 260 0054 00       		.byte	0
 261 0055 06       		.uleb128 0x6
 262 0056 898201   		.uleb128 0x4109
 263 0059 01       		.byte	0x1
 264 005a 11       		.uleb128 0x11
 265 005b 01       		.uleb128 0x1
 266 005c 31       		.uleb128 0x31
 267 005d 13       		.uleb128 0x13
 268 005e 00       		.byte	0
 269 005f 00       		.byte	0
 270 0060 07       		.uleb128 0x7
 271 0061 8A8201   		.uleb128 0x410a
 272 0064 00       		.byte	0
ARM GAS  C:\Users\sinow\AppData\Local\Temp\ccIPSZ8U.s 			page 6


 273 0065 02       		.uleb128 0x2
 274 0066 18       		.uleb128 0x18
 275 0067 9142     		.uleb128 0x2111
 276 0069 18       		.uleb128 0x18
 277 006a 00       		.byte	0
 278 006b 00       		.byte	0
 279 006c 08       		.uleb128 0x8
 280 006d 34       		.uleb128 0x34
 281 006e 00       		.byte	0
 282 006f 03       		.uleb128 0x3
 283 0070 0E       		.uleb128 0xe
 284 0071 3A       		.uleb128 0x3a
 285 0072 0B       		.uleb128 0xb
 286 0073 3B       		.uleb128 0x3b
 287 0074 05       		.uleb128 0x5
 288 0075 49       		.uleb128 0x49
 289 0076 13       		.uleb128 0x13
 290 0077 3F       		.uleb128 0x3f
 291 0078 19       		.uleb128 0x19
 292 0079 3C       		.uleb128 0x3c
 293 007a 19       		.uleb128 0x19
 294 007b 00       		.byte	0
 295 007c 00       		.byte	0
 296 007d 09       		.uleb128 0x9
 297 007e 35       		.uleb128 0x35
 298 007f 00       		.byte	0
 299 0080 49       		.uleb128 0x49
 300 0081 13       		.uleb128 0x13
 301 0082 00       		.byte	0
 302 0083 00       		.byte	0
 303 0084 0A       		.uleb128 0xa
 304 0085 2E       		.uleb128 0x2e
 305 0086 00       		.byte	0
 306 0087 3F       		.uleb128 0x3f
 307 0088 19       		.uleb128 0x19
 308 0089 3C       		.uleb128 0x3c
 309 008a 19       		.uleb128 0x19
 310 008b 6E       		.uleb128 0x6e
 311 008c 0E       		.uleb128 0xe
 312 008d 03       		.uleb128 0x3
 313 008e 0E       		.uleb128 0xe
 314 008f 3A       		.uleb128 0x3a
 315 0090 0B       		.uleb128 0xb
 316 0091 3B       		.uleb128 0x3b
 317 0092 0B       		.uleb128 0xb
 318 0093 00       		.byte	0
 319 0094 00       		.byte	0
 320 0095 00       		.byte	0
 321              		.section	.debug_aranges,"",%progbits
 322 0000 1C000000 		.4byte	0x1c
 323 0004 0200     		.2byte	0x2
 324 0006 00000000 		.4byte	.Ldebug_info0
 325 000a 04       		.byte	0x4
 326 000b 00       		.byte	0
 327 000c 0000     		.2byte	0
 328 000e 0000     		.2byte	0
 329 0010 00000000 		.4byte	.LFB63
ARM GAS  C:\Users\sinow\AppData\Local\Temp\ccIPSZ8U.s 			page 7


 330 0014 0C000000 		.4byte	.LFE63-.LFB63
 331 0018 00000000 		.4byte	0
 332 001c 00000000 		.4byte	0
 333              		.section	.debug_ranges,"",%progbits
 334              	.Ldebug_ranges0:
 335 0000 00000000 		.4byte	.LFB63
 336 0004 0C000000 		.4byte	.LFE63
 337 0008 00000000 		.4byte	0
 338 000c 00000000 		.4byte	0
 339              		.section	.debug_line,"",%progbits
 340              	.Ldebug_line0:
 341 0000 63010000 		.section	.debug_str,"MS",%progbits,1
 341      02004A01 
 341      00000201 
 341      FB0E0D00 
 341      01010101 
 342              	.LASF6:
 343 0000 6C6F6E67 		.ascii	"long long int\000"
 343      206C6F6E 
 343      6720696E 
 343      7400
 344              	.LASF3:
 345 000e 73686F72 		.ascii	"short unsigned int\000"
 345      7420756E 
 345      7369676E 
 345      65642069 
 345      6E7400
 346              	.LASF20:
 347 0021 49544D5F 		.ascii	"ITM_RxBuffer\000"
 347      52784275 
 347      66666572 
 347      00
 348              	.LASF8:
 349 002e 756E7369 		.ascii	"unsigned int\000"
 349      676E6564 
 349      20696E74 
 349      00
 350              	.LASF1:
 351 003b 756E7369 		.ascii	"unsigned char\000"
 351      676E6564 
 351      20636861 
 351      7200
 352              	.LASF17:
 353 0049 6D61696E 		.ascii	"main.c\000"
 353      2E6300
 354              	.LASF19:
 355 0050 6D61696E 		.ascii	"main\000"
 355      00
 356              	.LASF16:
 357 0055 474E5520 		.ascii	"GNU C11 5.4.1 20160609 (release) [ARM/embedded-5-br"
 357      43313120 
 357      352E342E 
 357      31203230 
 357      31363036 
 358 0088 616E6368 		.ascii	"anch revision 237715] -mcpu=cortex-m3 -mthumb -g -O"
 358      20726576 
 358      6973696F 
ARM GAS  C:\Users\sinow\AppData\Local\Temp\ccIPSZ8U.s 			page 8


 358      6E203233 
 358      37373135 
 359 00bb 67202D66 		.ascii	"g -ffunction-sections -ffat-lto-objects\000"
 359      66756E63 
 359      74696F6E 
 359      2D736563 
 359      74696F6E 
 360              	.LASF5:
 361 00e3 6C6F6E67 		.ascii	"long unsigned int\000"
 361      20756E73 
 361      69676E65 
 361      6420696E 
 361      7400
 362              	.LASF7:
 363 00f5 6C6F6E67 		.ascii	"long long unsigned int\000"
 363      206C6F6E 
 363      6720756E 
 363      7369676E 
 363      65642069 
 364              	.LASF21:
 365 010c 50696E5F 		.ascii	"Pin_1_Write\000"
 365      315F5772 
 365      69746500 
 366              	.LASF13:
 367 0118 63686172 		.ascii	"char\000"
 367      00
 368              	.LASF4:
 369 011d 6C6F6E67 		.ascii	"long int\000"
 369      20696E74 
 369      00
 370              	.LASF12:
 371 0126 646F7562 		.ascii	"double\000"
 371      6C6500
 372              	.LASF18:
 373 012d 433A5C55 		.ascii	"C:\\Users\\sinow\\Documents\\PSoC Creator\\Lab2\\De"
 373      73657273 
 373      5C73696E 
 373      6F775C44 
 373      6F63756D 
 374 015a 7369676E 		.ascii	"sign01.cydsn\000"
 374      30312E63 
 374      7964736E 
 374      00
 375              	.LASF0:
 376 0167 7369676E 		.ascii	"signed char\000"
 376      65642063 
 376      68617200 
 377              	.LASF15:
 378 0173 6C6F6E67 		.ascii	"long double\000"
 378      20646F75 
 378      626C6500 
 379              	.LASF9:
 380 017f 5F5F696E 		.ascii	"__int32_t\000"
 380      7433325F 
 380      7400
 381              	.LASF11:
 382 0189 666C6F61 		.ascii	"float\000"
ARM GAS  C:\Users\sinow\AppData\Local\Temp\ccIPSZ8U.s 			page 9


 382      7400
 383              	.LASF2:
 384 018f 73686F72 		.ascii	"short int\000"
 384      7420696E 
 384      7400
 385              	.LASF10:
 386 0199 696E7433 		.ascii	"int32_t\000"
 386      325F7400 
 387              	.LASF14:
 388 01a1 73697A65 		.ascii	"sizetype\000"
 388      74797065 
 388      00
 389              		.ident	"GCC: (GNU Tools for ARM Embedded Processors) 5.4.1 20160609 (release) [ARM/embedded-5-bran
