ARM GAS  C:\Users\sinow\AppData\Local\Temp\ccWRuhsg.s 			page 1


   1              		.syntax unified
   2              		.cpu cortex-m3
   3              		.fpu softvfp
   4              		.eabi_attribute 20, 1
   5              		.eabi_attribute 21, 1
   6              		.eabi_attribute 23, 3
   7              		.eabi_attribute 24, 1
   8              		.eabi_attribute 25, 1
   9              		.eabi_attribute 26, 1
  10              		.eabi_attribute 30, 1
  11              		.eabi_attribute 34, 1
  12              		.eabi_attribute 18, 4
  13              		.thumb
  14              		.syntax unified
  15              		.file	"main.c"
  16              		.text
  17              	.Ltext0:
  18              		.cfi_sections	.debug_frame
  19              		.section	.text.main,"ax",%progbits
  20              		.align	2
  21              		.global	main
  22              		.thumb
  23              		.thumb_func
  24              		.type	main, %function
  25              	main:
  26              	.LFB63:
  27              		.file 1 "main.c"
   1:main.c        **** #include "project.h"
   2:main.c        **** #include "string.h"
   3:main.c        **** 
   4:main.c        **** int main(void)
   5:main.c        **** {
  28              		.loc 1 5 0
  29              		.cfi_startproc
  30              		@ args = 0, pretend = 0, frame = 0
  31              		@ frame_needed = 0, uses_anonymous_args = 0
  32 0000 10B5     		push	{r4, lr}
  33              		.cfi_def_cfa_offset 8
  34              		.cfi_offset 4, -8
  35              		.cfi_offset 14, -4
   6:main.c        ****     //initalization
   7:main.c        ****     CyGlobalIntEnable; 
  36              		.loc 1 7 0
  37              		.syntax unified
  38              	@ 7 "main.c" 1
  39 0002 62B6     		CPSIE   i
  40              	@ 0 "" 2
   8:main.c        ****     LCD_Char_1_Start();
  41              		.loc 1 8 0
  42              		.thumb
  43              		.syntax unified
  44 0004 FFF7FEFF 		bl	LCD_Char_1_Start
  45              	.LVL0:
  46 0008 4DE0     		b	.L2
  47              	.LVL1:
  48              	.L7:
   9:main.c        ****     int i = 0;
ARM GAS  C:\Users\sinow\AppData\Local\Temp\ccWRuhsg.s 			page 2


  10:main.c        ****     for(;;)
  11:main.c        ****     {
  12:main.c        ****         //poll for button-down event
  13:main.c        ****         //Idle loop
  14:main.c        ****         while (Button_Read()== 1) 
  15:main.c        ****         {   
  16:main.c        ****             
  17:main.c        ****             LCD_Char_1_ClearDisplay();
  49              		.loc 1 17 0
  50 000a 0120     		movs	r0, #1
  51 000c FFF7FEFF 		bl	LCD_Char_1_WriteControl
  52              	.LVL2:
  18:main.c        ****             LCD_Char_1_WriteControl(LCD_Char_1_CURSOR_HOME);
  53              		.loc 1 18 0
  54 0010 0220     		movs	r0, #2
  55 0012 FFF7FEFF 		bl	LCD_Char_1_WriteControl
  56              	.LVL3:
  19:main.c        ****             LCD_Char_1_Position(0,0);
  57              		.loc 1 19 0
  58 0016 0021     		movs	r1, #0
  59 0018 0846     		mov	r0, r1
  60 001a FFF7FEFF 		bl	LCD_Char_1_Position
  61              	.LVL4:
  20:main.c        ****             LCD_Char_1_PrintString("My First Microcontroller");
  62              		.loc 1 20 0
  63 001e 3348     		ldr	r0, .L12
  64 0020 FFF7FEFF 		bl	LCD_Char_1_PrintString
  65              	.LVL5:
  21:main.c        ****             LCD_Char_1_Position(1,0);
  66              		.loc 1 21 0
  67 0024 0021     		movs	r1, #0
  68 0026 0120     		movs	r0, #1
  69 0028 FFF7FEFF 		bl	LCD_Char_1_Position
  70              	.LVL6:
  22:main.c        ****             LCD_Char_1_PrintString("I/0 Console Program");
  71              		.loc 1 22 0
  72 002c 3048     		ldr	r0, .L12+4
  73 002e FFF7FEFF 		bl	LCD_Char_1_PrintString
  74              	.LVL7:
  23:main.c        ****             CyDelay(1000);
  75              		.loc 1 23 0
  76 0032 4FF47A70 		mov	r0, #1000
  77 0036 FFF7FEFF 		bl	CyDelay
  78              	.LVL8:
  24:main.c        ****             for(i = 0; i <= 10; i++)
  79              		.loc 1 24 0
  80 003a 0024     		movs	r4, #0
  81 003c 06E0     		b	.L3
  82              	.LVL9:
  83              	.L4:
  25:main.c        ****             {
  26:main.c        ****                 LCD_Char_1_WriteControl(LCD_Char_1_DISPLAY_SCRL_LEFT);
  84              		.loc 1 26 0 discriminator 3
  85 003e 1820     		movs	r0, #24
  86 0040 FFF7FEFF 		bl	LCD_Char_1_WriteControl
  87              	.LVL10:
  27:main.c        ****                 CyDelay(200);
ARM GAS  C:\Users\sinow\AppData\Local\Temp\ccWRuhsg.s 			page 3


  88              		.loc 1 27 0 discriminator 3
  89 0044 C820     		movs	r0, #200
  90 0046 FFF7FEFF 		bl	CyDelay
  91              	.LVL11:
  24:main.c        ****             for(i = 0; i <= 10; i++)
  92              		.loc 1 24 0 discriminator 3
  93 004a 0134     		adds	r4, r4, #1
  94              	.LVL12:
  95              	.L3:
  24:main.c        ****             for(i = 0; i <= 10; i++)
  96              		.loc 1 24 0 is_stmt 0 discriminator 1
  97 004c 0A2C     		cmp	r4, #10
  98 004e F6DD     		ble	.L4
  28:main.c        ****             }
  29:main.c        ****             CyDelay(1000);
  99              		.loc 1 29 0 is_stmt 1
 100 0050 4FF47A70 		mov	r0, #1000
 101 0054 FFF7FEFF 		bl	CyDelay
 102              	.LVL13:
  30:main.c        ****             
  31:main.c        ****             LCD_Char_1_ClearDisplay();
 103              		.loc 1 31 0
 104 0058 0120     		movs	r0, #1
 105 005a FFF7FEFF 		bl	LCD_Char_1_WriteControl
 106              	.LVL14:
  32:main.c        ****             LCD_Char_1_WriteControl(LCD_Char_1_CURSOR_HOME);
 107              		.loc 1 32 0
 108 005e 0220     		movs	r0, #2
 109 0060 FFF7FEFF 		bl	LCD_Char_1_WriteControl
 110              	.LVL15:
  33:main.c        ****             LCD_Char_1_Position(0,0);
 111              		.loc 1 33 0
 112 0064 0021     		movs	r1, #0
 113 0066 0846     		mov	r0, r1
 114 0068 FFF7FEFF 		bl	LCD_Char_1_Position
 115              	.LVL16:
  34:main.c        ****             LCD_Char_1_PrintString("Microcontroller Programmer");
 116              		.loc 1 34 0
 117 006c 2148     		ldr	r0, .L12+8
 118 006e FFF7FEFF 		bl	LCD_Char_1_PrintString
 119              	.LVL17:
  35:main.c        ****             LCD_Char_1_Position(1,0);
 120              		.loc 1 35 0
 121 0072 0021     		movs	r1, #0
 122 0074 0120     		movs	r0, #1
 123 0076 FFF7FEFF 		bl	LCD_Char_1_Position
 124              	.LVL18:
  36:main.c        ****             LCD_Char_1_PrintString("Press a switch to continue...");
 125              		.loc 1 36 0
 126 007a 1F48     		ldr	r0, .L12+12
 127 007c FFF7FEFF 		bl	LCD_Char_1_PrintString
 128              	.LVL19:
  37:main.c        ****             CyDelay(1000);
 129              		.loc 1 37 0
 130 0080 4FF47A70 		mov	r0, #1000
 131 0084 FFF7FEFF 		bl	CyDelay
 132              	.LVL20:
ARM GAS  C:\Users\sinow\AppData\Local\Temp\ccWRuhsg.s 			page 4


  38:main.c        ****             for(i = 0; i <= 10; i++)
 133              		.loc 1 38 0
 134 0088 0024     		movs	r4, #0
 135 008a 06E0     		b	.L5
 136              	.LVL21:
 137              	.L6:
  39:main.c        ****             {
  40:main.c        ****                 LCD_Char_1_WriteControl(LCD_Char_1_DISPLAY_SCRL_LEFT);
 138              		.loc 1 40 0 discriminator 3
 139 008c 1820     		movs	r0, #24
 140 008e FFF7FEFF 		bl	LCD_Char_1_WriteControl
 141              	.LVL22:
  41:main.c        ****                 CyDelay(200);
 142              		.loc 1 41 0 discriminator 3
 143 0092 C820     		movs	r0, #200
 144 0094 FFF7FEFF 		bl	CyDelay
 145              	.LVL23:
  38:main.c        ****             for(i = 0; i <= 10; i++)
 146              		.loc 1 38 0 discriminator 3
 147 0098 0134     		adds	r4, r4, #1
 148              	.LVL24:
 149              	.L5:
  38:main.c        ****             for(i = 0; i <= 10; i++)
 150              		.loc 1 38 0 is_stmt 0 discriminator 1
 151 009a 0A2C     		cmp	r4, #10
 152 009c F6DD     		ble	.L6
  42:main.c        ****             }
  43:main.c        ****             CyDelay(1000);
 153              		.loc 1 43 0 is_stmt 1
 154 009e 4FF47A70 		mov	r0, #1000
 155 00a2 FFF7FEFF 		bl	CyDelay
 156              	.LVL25:
 157              	.L2:
  14:main.c        ****         {   
 158              		.loc 1 14 0
 159 00a6 FFF7FEFF 		bl	Button_Read
 160              	.LVL26:
 161 00aa 0128     		cmp	r0, #1
 162 00ac ADD0     		beq	.L7
  44:main.c        ****                         
  45:main.c        ****            
  46:main.c        ****             
  47:main.c        ****         } //idle loop waiting for button down
  48:main.c        ****         //do action on button down event
  49:main.c        ****         CyDelay(100); //debounce delay
 163              		.loc 1 49 0
 164 00ae 6420     		movs	r0, #100
 165 00b0 FFF7FEFF 		bl	CyDelay
 166              	.LVL27:
  50:main.c        ****         while (Button_Read() == 0) { //idle loop waiting for button up
 167              		.loc 1 50 0
 168 00b4 14E0     		b	.L8
 169              	.L9:
  51:main.c        ****         LCD_Char_1_ClearDisplay();
 170              		.loc 1 51 0
 171 00b6 0120     		movs	r0, #1
 172 00b8 FFF7FEFF 		bl	LCD_Char_1_WriteControl
ARM GAS  C:\Users\sinow\AppData\Local\Temp\ccWRuhsg.s 			page 5


 173              	.LVL28:
  52:main.c        ****         LCD_Char_1_Position(0,0);
 174              		.loc 1 52 0
 175 00bc 0021     		movs	r1, #0
 176 00be 0846     		mov	r0, r1
 177 00c0 FFF7FEFF 		bl	LCD_Char_1_Position
 178              	.LVL29:
  53:main.c        ****         LCD_Char_1_PrintString("Program completion");
 179              		.loc 1 53 0
 180 00c4 0D48     		ldr	r0, .L12+16
 181 00c6 FFF7FEFF 		bl	LCD_Char_1_PrintString
 182              	.LVL30:
  54:main.c        ****         LCD_Char_1_Position(1,0);
 183              		.loc 1 54 0
 184 00ca 0021     		movs	r1, #0
 185 00cc 0120     		movs	r0, #1
 186 00ce FFF7FEFF 		bl	LCD_Char_1_Position
 187              	.LVL31:
  55:main.c        ****         LCD_Char_1_PrintString("Succeeded ");
 188              		.loc 1 55 0
 189 00d2 0B48     		ldr	r0, .L12+20
 190 00d4 FFF7FEFF 		bl	LCD_Char_1_PrintString
 191              	.LVL32:
  56:main.c        ****         CyDelay(10000); //debounce delay
 192              		.loc 1 56 0
 193 00d8 42F21070 		movw	r0, #10000
 194 00dc FFF7FEFF 		bl	CyDelay
 195              	.LVL33:
 196              	.L8:
  50:main.c        ****         LCD_Char_1_ClearDisplay();
 197              		.loc 1 50 0
 198 00e0 FFF7FEFF 		bl	Button_Read
 199              	.LVL34:
 200 00e4 0028     		cmp	r0, #0
 201 00e6 E6D0     		beq	.L9
 202 00e8 DDE7     		b	.L2
 203              	.L13:
 204 00ea 00BF     		.align	2
 205              	.L12:
 206 00ec 00000000 		.word	.LC0
 207 00f0 1C000000 		.word	.LC1
 208 00f4 30000000 		.word	.LC2
 209 00f8 4C000000 		.word	.LC3
 210 00fc 6C000000 		.word	.LC4
 211 0100 80000000 		.word	.LC5
 212              		.cfi_endproc
 213              	.LFE63:
 214              		.size	main, .-main
 215              		.section	.rodata.str1.4,"aMS",%progbits,1
 216              		.align	2
 217              	.LC0:
 218 0000 4D792046 		.ascii	"My First Microcontroller\000"
 218      69727374 
 218      204D6963 
 218      726F636F 
 218      6E74726F 
 219 0019 000000   		.space	3
ARM GAS  C:\Users\sinow\AppData\Local\Temp\ccWRuhsg.s 			page 6


 220              	.LC1:
 221 001c 492F3020 		.ascii	"I/0 Console Program\000"
 221      436F6E73 
 221      6F6C6520 
 221      50726F67 
 221      72616D00 
 222              	.LC2:
 223 0030 4D696372 		.ascii	"Microcontroller Programmer\000"
 223      6F636F6E 
 223      74726F6C 
 223      6C657220 
 223      50726F67 
 224 004b 00       		.space	1
 225              	.LC3:
 226 004c 50726573 		.ascii	"Press a switch to continue...\000"
 226      73206120 
 226      73776974 
 226      63682074 
 226      6F20636F 
 227 006a 0000     		.space	2
 228              	.LC4:
 229 006c 50726F67 		.ascii	"Program completion\000"
 229      72616D20 
 229      636F6D70 
 229      6C657469 
 229      6F6E00
 230 007f 00       		.space	1
 231              	.LC5:
 232 0080 53756363 		.ascii	"Succeeded \000"
 232      65656465 
 232      642000
 233              		.text
 234              	.Letext0:
 235              		.file 2 "c:\\program files (x86)\\cypress\\psoc creator\\4.2\\psoc creator\\import\\gnu\\arm\\5.4.
 236              		.file 3 "c:\\program files (x86)\\cypress\\psoc creator\\4.2\\psoc creator\\import\\gnu\\arm\\5.4.
 237              		.file 4 "Generated_Source\\PSoC5/LCD_Char_1.h"
 238              		.file 5 "Generated_Source\\PSoC5/CyLib.h"
 239              		.file 6 "Generated_Source\\PSoC5/Button.h"
 240              		.file 7 "Generated_Source\\PSoC5/core_cm3.h"
 241              		.section	.debug_info,"",%progbits
 242              	.Ldebug_info0:
 243 0000 7A030000 		.4byte	0x37a
 244 0004 0400     		.2byte	0x4
 245 0006 00000000 		.4byte	.Ldebug_abbrev0
 246 000a 04       		.byte	0x4
 247 000b 01       		.uleb128 0x1
 248 000c 75000000 		.4byte	.LASF22
 249 0010 0C       		.byte	0xc
 250 0011 45000000 		.4byte	.LASF23
 251 0015 03010000 		.4byte	.LASF24
 252 0019 00000000 		.4byte	.Ldebug_ranges0+0
 253 001d 00000000 		.4byte	0
 254 0021 00000000 		.4byte	.Ldebug_line0
 255 0025 02       		.uleb128 0x2
 256 0026 01       		.byte	0x1
 257 0027 06       		.byte	0x6
 258 0028 B7010000 		.4byte	.LASF0
ARM GAS  C:\Users\sinow\AppData\Local\Temp\ccWRuhsg.s 			page 7


 259 002c 02       		.uleb128 0x2
 260 002d 01       		.byte	0x1
 261 002e 08       		.byte	0x8
 262 002f 73010000 		.4byte	.LASF1
 263 0033 02       		.uleb128 0x2
 264 0034 02       		.byte	0x2
 265 0035 05       		.byte	0x5
 266 0036 DF010000 		.4byte	.LASF2
 267 003a 02       		.uleb128 0x2
 268 003b 02       		.byte	0x2
 269 003c 07       		.byte	0x7
 270 003d 0E000000 		.4byte	.LASF3
 271 0041 03       		.uleb128 0x3
 272 0042 CF010000 		.4byte	.LASF9
 273 0046 02       		.byte	0x2
 274 0047 3F       		.byte	0x3f
 275 0048 4C000000 		.4byte	0x4c
 276 004c 02       		.uleb128 0x2
 277 004d 04       		.byte	0x4
 278 004e 05       		.byte	0x5
 279 004f 9A010000 		.4byte	.LASF4
 280 0053 02       		.uleb128 0x2
 281 0054 04       		.byte	0x4
 282 0055 07       		.byte	0x7
 283 0056 45010000 		.4byte	.LASF5
 284 005a 02       		.uleb128 0x2
 285 005b 08       		.byte	0x8
 286 005c 05       		.byte	0x5
 287 005d 00000000 		.4byte	.LASF6
 288 0061 02       		.uleb128 0x2
 289 0062 08       		.byte	0x8
 290 0063 07       		.byte	0x7
 291 0064 57010000 		.4byte	.LASF7
 292 0068 04       		.uleb128 0x4
 293 0069 04       		.byte	0x4
 294 006a 05       		.byte	0x5
 295 006b 696E7400 		.ascii	"int\000"
 296 006f 02       		.uleb128 0x2
 297 0070 04       		.byte	0x4
 298 0071 07       		.byte	0x7
 299 0072 21000000 		.4byte	.LASF8
 300 0076 03       		.uleb128 0x3
 301 0077 E9010000 		.4byte	.LASF10
 302 007b 03       		.byte	0x3
 303 007c 2C       		.byte	0x2c
 304 007d 41000000 		.4byte	0x41
 305 0081 02       		.uleb128 0x2
 306 0082 04       		.byte	0x4
 307 0083 04       		.byte	0x4
 308 0084 D9010000 		.4byte	.LASF11
 309 0088 02       		.uleb128 0x2
 310 0089 08       		.byte	0x8
 311 008a 04       		.byte	0x4
 312 008b A3010000 		.4byte	.LASF12
 313 008f 02       		.uleb128 0x2
 314 0090 01       		.byte	0x1
 315 0091 08       		.byte	0x8
ARM GAS  C:\Users\sinow\AppData\Local\Temp\ccWRuhsg.s 			page 8


 316 0092 95010000 		.4byte	.LASF13
 317 0096 02       		.uleb128 0x2
 318 0097 04       		.byte	0x4
 319 0098 07       		.byte	0x7
 320 0099 FD010000 		.4byte	.LASF14
 321 009d 02       		.uleb128 0x2
 322 009e 08       		.byte	0x8
 323 009f 04       		.byte	0x4
 324 00a0 C3010000 		.4byte	.LASF15
 325 00a4 05       		.uleb128 0x5
 326 00a5 6E010000 		.4byte	.LASF25
 327 00a9 01       		.byte	0x1
 328 00aa 04       		.byte	0x4
 329 00ab 68000000 		.4byte	0x68
 330 00af 00000000 		.4byte	.LFB63
 331 00b3 04010000 		.4byte	.LFE63-.LFB63
 332 00b7 01       		.uleb128 0x1
 333 00b8 9C       		.byte	0x9c
 334 00b9 2A030000 		.4byte	0x32a
 335 00bd 06       		.uleb128 0x6
 336 00be 6900     		.ascii	"i\000"
 337 00c0 01       		.byte	0x1
 338 00c1 09       		.byte	0x9
 339 00c2 68000000 		.4byte	0x68
 340 00c6 00000000 		.4byte	.LLST0
 341 00ca 07       		.uleb128 0x7
 342 00cb 08000000 		.4byte	.LVL0
 343 00cf 3B030000 		.4byte	0x33b
 344 00d3 08       		.uleb128 0x8
 345 00d4 10000000 		.4byte	.LVL2
 346 00d8 46030000 		.4byte	0x346
 347 00dc E6000000 		.4byte	0xe6
 348 00e0 09       		.uleb128 0x9
 349 00e1 01       		.uleb128 0x1
 350 00e2 50       		.byte	0x50
 351 00e3 01       		.uleb128 0x1
 352 00e4 31       		.byte	0x31
 353 00e5 00       		.byte	0
 354 00e6 08       		.uleb128 0x8
 355 00e7 16000000 		.4byte	.LVL3
 356 00eb 46030000 		.4byte	0x346
 357 00ef F9000000 		.4byte	0xf9
 358 00f3 09       		.uleb128 0x9
 359 00f4 01       		.uleb128 0x1
 360 00f5 50       		.byte	0x50
 361 00f6 01       		.uleb128 0x1
 362 00f7 32       		.byte	0x32
 363 00f8 00       		.byte	0
 364 00f9 08       		.uleb128 0x8
 365 00fa 1E000000 		.4byte	.LVL4
 366 00fe 51030000 		.4byte	0x351
 367 0102 11010000 		.4byte	0x111
 368 0106 09       		.uleb128 0x9
 369 0107 01       		.uleb128 0x1
 370 0108 50       		.byte	0x50
 371 0109 01       		.uleb128 0x1
 372 010a 30       		.byte	0x30
ARM GAS  C:\Users\sinow\AppData\Local\Temp\ccWRuhsg.s 			page 9


 373 010b 09       		.uleb128 0x9
 374 010c 01       		.uleb128 0x1
 375 010d 51       		.byte	0x51
 376 010e 01       		.uleb128 0x1
 377 010f 30       		.byte	0x30
 378 0110 00       		.byte	0
 379 0111 08       		.uleb128 0x8
 380 0112 24000000 		.4byte	.LVL5
 381 0116 5C030000 		.4byte	0x35c
 382 011a 28010000 		.4byte	0x128
 383 011e 09       		.uleb128 0x9
 384 011f 01       		.uleb128 0x1
 385 0120 50       		.byte	0x50
 386 0121 05       		.uleb128 0x5
 387 0122 03       		.byte	0x3
 388 0123 00000000 		.4byte	.LC0
 389 0127 00       		.byte	0
 390 0128 08       		.uleb128 0x8
 391 0129 2C000000 		.4byte	.LVL6
 392 012d 51030000 		.4byte	0x351
 393 0131 40010000 		.4byte	0x140
 394 0135 09       		.uleb128 0x9
 395 0136 01       		.uleb128 0x1
 396 0137 50       		.byte	0x50
 397 0138 01       		.uleb128 0x1
 398 0139 31       		.byte	0x31
 399 013a 09       		.uleb128 0x9
 400 013b 01       		.uleb128 0x1
 401 013c 51       		.byte	0x51
 402 013d 01       		.uleb128 0x1
 403 013e 30       		.byte	0x30
 404 013f 00       		.byte	0
 405 0140 08       		.uleb128 0x8
 406 0141 32000000 		.4byte	.LVL7
 407 0145 5C030000 		.4byte	0x35c
 408 0149 57010000 		.4byte	0x157
 409 014d 09       		.uleb128 0x9
 410 014e 01       		.uleb128 0x1
 411 014f 50       		.byte	0x50
 412 0150 05       		.uleb128 0x5
 413 0151 03       		.byte	0x3
 414 0152 1C000000 		.4byte	.LC1
 415 0156 00       		.byte	0
 416 0157 08       		.uleb128 0x8
 417 0158 3A000000 		.4byte	.LVL8
 418 015c 67030000 		.4byte	0x367
 419 0160 6C010000 		.4byte	0x16c
 420 0164 09       		.uleb128 0x9
 421 0165 01       		.uleb128 0x1
 422 0166 50       		.byte	0x50
 423 0167 03       		.uleb128 0x3
 424 0168 0A       		.byte	0xa
 425 0169 E803     		.2byte	0x3e8
 426 016b 00       		.byte	0
 427 016c 08       		.uleb128 0x8
 428 016d 44000000 		.4byte	.LVL10
 429 0171 46030000 		.4byte	0x346
ARM GAS  C:\Users\sinow\AppData\Local\Temp\ccWRuhsg.s 			page 10


 430 0175 7F010000 		.4byte	0x17f
 431 0179 09       		.uleb128 0x9
 432 017a 01       		.uleb128 0x1
 433 017b 50       		.byte	0x50
 434 017c 01       		.uleb128 0x1
 435 017d 48       		.byte	0x48
 436 017e 00       		.byte	0
 437 017f 08       		.uleb128 0x8
 438 0180 4A000000 		.4byte	.LVL11
 439 0184 67030000 		.4byte	0x367
 440 0188 93010000 		.4byte	0x193
 441 018c 09       		.uleb128 0x9
 442 018d 01       		.uleb128 0x1
 443 018e 50       		.byte	0x50
 444 018f 02       		.uleb128 0x2
 445 0190 08       		.byte	0x8
 446 0191 C8       		.byte	0xc8
 447 0192 00       		.byte	0
 448 0193 08       		.uleb128 0x8
 449 0194 58000000 		.4byte	.LVL13
 450 0198 67030000 		.4byte	0x367
 451 019c A8010000 		.4byte	0x1a8
 452 01a0 09       		.uleb128 0x9
 453 01a1 01       		.uleb128 0x1
 454 01a2 50       		.byte	0x50
 455 01a3 03       		.uleb128 0x3
 456 01a4 0A       		.byte	0xa
 457 01a5 E803     		.2byte	0x3e8
 458 01a7 00       		.byte	0
 459 01a8 08       		.uleb128 0x8
 460 01a9 5E000000 		.4byte	.LVL14
 461 01ad 46030000 		.4byte	0x346
 462 01b1 BB010000 		.4byte	0x1bb
 463 01b5 09       		.uleb128 0x9
 464 01b6 01       		.uleb128 0x1
 465 01b7 50       		.byte	0x50
 466 01b8 01       		.uleb128 0x1
 467 01b9 31       		.byte	0x31
 468 01ba 00       		.byte	0
 469 01bb 08       		.uleb128 0x8
 470 01bc 64000000 		.4byte	.LVL15
 471 01c0 46030000 		.4byte	0x346
 472 01c4 CE010000 		.4byte	0x1ce
 473 01c8 09       		.uleb128 0x9
 474 01c9 01       		.uleb128 0x1
 475 01ca 50       		.byte	0x50
 476 01cb 01       		.uleb128 0x1
 477 01cc 32       		.byte	0x32
 478 01cd 00       		.byte	0
 479 01ce 08       		.uleb128 0x8
 480 01cf 6C000000 		.4byte	.LVL16
 481 01d3 51030000 		.4byte	0x351
 482 01d7 E6010000 		.4byte	0x1e6
 483 01db 09       		.uleb128 0x9
 484 01dc 01       		.uleb128 0x1
 485 01dd 50       		.byte	0x50
 486 01de 01       		.uleb128 0x1
ARM GAS  C:\Users\sinow\AppData\Local\Temp\ccWRuhsg.s 			page 11


 487 01df 30       		.byte	0x30
 488 01e0 09       		.uleb128 0x9
 489 01e1 01       		.uleb128 0x1
 490 01e2 51       		.byte	0x51
 491 01e3 01       		.uleb128 0x1
 492 01e4 30       		.byte	0x30
 493 01e5 00       		.byte	0
 494 01e6 08       		.uleb128 0x8
 495 01e7 72000000 		.4byte	.LVL17
 496 01eb 5C030000 		.4byte	0x35c
 497 01ef FD010000 		.4byte	0x1fd
 498 01f3 09       		.uleb128 0x9
 499 01f4 01       		.uleb128 0x1
 500 01f5 50       		.byte	0x50
 501 01f6 05       		.uleb128 0x5
 502 01f7 03       		.byte	0x3
 503 01f8 30000000 		.4byte	.LC2
 504 01fc 00       		.byte	0
 505 01fd 08       		.uleb128 0x8
 506 01fe 7A000000 		.4byte	.LVL18
 507 0202 51030000 		.4byte	0x351
 508 0206 15020000 		.4byte	0x215
 509 020a 09       		.uleb128 0x9
 510 020b 01       		.uleb128 0x1
 511 020c 50       		.byte	0x50
 512 020d 01       		.uleb128 0x1
 513 020e 31       		.byte	0x31
 514 020f 09       		.uleb128 0x9
 515 0210 01       		.uleb128 0x1
 516 0211 51       		.byte	0x51
 517 0212 01       		.uleb128 0x1
 518 0213 30       		.byte	0x30
 519 0214 00       		.byte	0
 520 0215 08       		.uleb128 0x8
 521 0216 80000000 		.4byte	.LVL19
 522 021a 5C030000 		.4byte	0x35c
 523 021e 2C020000 		.4byte	0x22c
 524 0222 09       		.uleb128 0x9
 525 0223 01       		.uleb128 0x1
 526 0224 50       		.byte	0x50
 527 0225 05       		.uleb128 0x5
 528 0226 03       		.byte	0x3
 529 0227 4C000000 		.4byte	.LC3
 530 022b 00       		.byte	0
 531 022c 08       		.uleb128 0x8
 532 022d 88000000 		.4byte	.LVL20
 533 0231 67030000 		.4byte	0x367
 534 0235 41020000 		.4byte	0x241
 535 0239 09       		.uleb128 0x9
 536 023a 01       		.uleb128 0x1
 537 023b 50       		.byte	0x50
 538 023c 03       		.uleb128 0x3
 539 023d 0A       		.byte	0xa
 540 023e E803     		.2byte	0x3e8
 541 0240 00       		.byte	0
 542 0241 08       		.uleb128 0x8
 543 0242 92000000 		.4byte	.LVL22
ARM GAS  C:\Users\sinow\AppData\Local\Temp\ccWRuhsg.s 			page 12


 544 0246 46030000 		.4byte	0x346
 545 024a 54020000 		.4byte	0x254
 546 024e 09       		.uleb128 0x9
 547 024f 01       		.uleb128 0x1
 548 0250 50       		.byte	0x50
 549 0251 01       		.uleb128 0x1
 550 0252 48       		.byte	0x48
 551 0253 00       		.byte	0
 552 0254 08       		.uleb128 0x8
 553 0255 98000000 		.4byte	.LVL23
 554 0259 67030000 		.4byte	0x367
 555 025d 68020000 		.4byte	0x268
 556 0261 09       		.uleb128 0x9
 557 0262 01       		.uleb128 0x1
 558 0263 50       		.byte	0x50
 559 0264 02       		.uleb128 0x2
 560 0265 08       		.byte	0x8
 561 0266 C8       		.byte	0xc8
 562 0267 00       		.byte	0
 563 0268 08       		.uleb128 0x8
 564 0269 A6000000 		.4byte	.LVL25
 565 026d 67030000 		.4byte	0x367
 566 0271 7D020000 		.4byte	0x27d
 567 0275 09       		.uleb128 0x9
 568 0276 01       		.uleb128 0x1
 569 0277 50       		.byte	0x50
 570 0278 03       		.uleb128 0x3
 571 0279 0A       		.byte	0xa
 572 027a E803     		.2byte	0x3e8
 573 027c 00       		.byte	0
 574 027d 07       		.uleb128 0x7
 575 027e AA000000 		.4byte	.LVL26
 576 0282 72030000 		.4byte	0x372
 577 0286 08       		.uleb128 0x8
 578 0287 B4000000 		.4byte	.LVL27
 579 028b 67030000 		.4byte	0x367
 580 028f 9A020000 		.4byte	0x29a
 581 0293 09       		.uleb128 0x9
 582 0294 01       		.uleb128 0x1
 583 0295 50       		.byte	0x50
 584 0296 02       		.uleb128 0x2
 585 0297 08       		.byte	0x8
 586 0298 64       		.byte	0x64
 587 0299 00       		.byte	0
 588 029a 08       		.uleb128 0x8
 589 029b BC000000 		.4byte	.LVL28
 590 029f 46030000 		.4byte	0x346
 591 02a3 AD020000 		.4byte	0x2ad
 592 02a7 09       		.uleb128 0x9
 593 02a8 01       		.uleb128 0x1
 594 02a9 50       		.byte	0x50
 595 02aa 01       		.uleb128 0x1
 596 02ab 31       		.byte	0x31
 597 02ac 00       		.byte	0
 598 02ad 08       		.uleb128 0x8
 599 02ae C4000000 		.4byte	.LVL29
 600 02b2 51030000 		.4byte	0x351
ARM GAS  C:\Users\sinow\AppData\Local\Temp\ccWRuhsg.s 			page 13


 601 02b6 C5020000 		.4byte	0x2c5
 602 02ba 09       		.uleb128 0x9
 603 02bb 01       		.uleb128 0x1
 604 02bc 50       		.byte	0x50
 605 02bd 01       		.uleb128 0x1
 606 02be 30       		.byte	0x30
 607 02bf 09       		.uleb128 0x9
 608 02c0 01       		.uleb128 0x1
 609 02c1 51       		.byte	0x51
 610 02c2 01       		.uleb128 0x1
 611 02c3 30       		.byte	0x30
 612 02c4 00       		.byte	0
 613 02c5 08       		.uleb128 0x8
 614 02c6 CA000000 		.4byte	.LVL30
 615 02ca 5C030000 		.4byte	0x35c
 616 02ce DC020000 		.4byte	0x2dc
 617 02d2 09       		.uleb128 0x9
 618 02d3 01       		.uleb128 0x1
 619 02d4 50       		.byte	0x50
 620 02d5 05       		.uleb128 0x5
 621 02d6 03       		.byte	0x3
 622 02d7 6C000000 		.4byte	.LC4
 623 02db 00       		.byte	0
 624 02dc 08       		.uleb128 0x8
 625 02dd D2000000 		.4byte	.LVL31
 626 02e1 51030000 		.4byte	0x351
 627 02e5 F4020000 		.4byte	0x2f4
 628 02e9 09       		.uleb128 0x9
 629 02ea 01       		.uleb128 0x1
 630 02eb 50       		.byte	0x50
 631 02ec 01       		.uleb128 0x1
 632 02ed 31       		.byte	0x31
 633 02ee 09       		.uleb128 0x9
 634 02ef 01       		.uleb128 0x1
 635 02f0 51       		.byte	0x51
 636 02f1 01       		.uleb128 0x1
 637 02f2 30       		.byte	0x30
 638 02f3 00       		.byte	0
 639 02f4 08       		.uleb128 0x8
 640 02f5 D8000000 		.4byte	.LVL32
 641 02f9 5C030000 		.4byte	0x35c
 642 02fd 0B030000 		.4byte	0x30b
 643 0301 09       		.uleb128 0x9
 644 0302 01       		.uleb128 0x1
 645 0303 50       		.byte	0x50
 646 0304 05       		.uleb128 0x5
 647 0305 03       		.byte	0x3
 648 0306 80000000 		.4byte	.LC5
 649 030a 00       		.byte	0
 650 030b 08       		.uleb128 0x8
 651 030c E0000000 		.4byte	.LVL33
 652 0310 67030000 		.4byte	0x367
 653 0314 20030000 		.4byte	0x320
 654 0318 09       		.uleb128 0x9
 655 0319 01       		.uleb128 0x1
 656 031a 50       		.byte	0x50
 657 031b 03       		.uleb128 0x3
ARM GAS  C:\Users\sinow\AppData\Local\Temp\ccWRuhsg.s 			page 14


 658 031c 0A       		.byte	0xa
 659 031d 1027     		.2byte	0x2710
 660 031f 00       		.byte	0
 661 0320 07       		.uleb128 0x7
 662 0321 E4000000 		.4byte	.LVL34
 663 0325 72030000 		.4byte	0x372
 664 0329 00       		.byte	0
 665 032a 0A       		.uleb128 0xa
 666 032b AA010000 		.4byte	.LASF26
 667 032f 07       		.byte	0x7
 668 0330 1207     		.2byte	0x712
 669 0332 36030000 		.4byte	0x336
 670 0336 0B       		.uleb128 0xb
 671 0337 76000000 		.4byte	0x76
 672 033b 0C       		.uleb128 0xc
 673 033c 64000000 		.4byte	.LASF16
 674 0340 64000000 		.4byte	.LASF16
 675 0344 04       		.byte	0x4
 676 0345 38       		.byte	0x38
 677 0346 0C       		.uleb128 0xc
 678 0347 4C000000 		.4byte	.LASF17
 679 034b 4C000000 		.4byte	.LASF17
 680 034f 04       		.byte	0x4
 681 0350 3A       		.byte	0x3a
 682 0351 0C       		.uleb128 0xc
 683 0352 81010000 		.4byte	.LASF18
 684 0356 81010000 		.4byte	.LASF18
 685 035a 04       		.byte	0x4
 686 035b 3D       		.byte	0x3d
 687 035c 0C       		.uleb128 0xc
 688 035d 2E000000 		.4byte	.LASF19
 689 0361 2E000000 		.4byte	.LASF19
 690 0365 04       		.byte	0x4
 691 0366 3C       		.byte	0x3c
 692 0367 0C       		.uleb128 0xc
 693 0368 3D010000 		.4byte	.LASF20
 694 036c 3D010000 		.4byte	.LASF20
 695 0370 05       		.byte	0x5
 696 0371 76       		.byte	0x76
 697 0372 0C       		.uleb128 0xc
 698 0373 F1010000 		.4byte	.LASF21
 699 0377 F1010000 		.4byte	.LASF21
 700 037b 06       		.byte	0x6
 701 037c 29       		.byte	0x29
 702 037d 00       		.byte	0
 703              		.section	.debug_abbrev,"",%progbits
 704              	.Ldebug_abbrev0:
 705 0000 01       		.uleb128 0x1
 706 0001 11       		.uleb128 0x11
 707 0002 01       		.byte	0x1
 708 0003 25       		.uleb128 0x25
 709 0004 0E       		.uleb128 0xe
 710 0005 13       		.uleb128 0x13
 711 0006 0B       		.uleb128 0xb
 712 0007 03       		.uleb128 0x3
 713 0008 0E       		.uleb128 0xe
 714 0009 1B       		.uleb128 0x1b
ARM GAS  C:\Users\sinow\AppData\Local\Temp\ccWRuhsg.s 			page 15


 715 000a 0E       		.uleb128 0xe
 716 000b 55       		.uleb128 0x55
 717 000c 17       		.uleb128 0x17
 718 000d 11       		.uleb128 0x11
 719 000e 01       		.uleb128 0x1
 720 000f 10       		.uleb128 0x10
 721 0010 17       		.uleb128 0x17
 722 0011 00       		.byte	0
 723 0012 00       		.byte	0
 724 0013 02       		.uleb128 0x2
 725 0014 24       		.uleb128 0x24
 726 0015 00       		.byte	0
 727 0016 0B       		.uleb128 0xb
 728 0017 0B       		.uleb128 0xb
 729 0018 3E       		.uleb128 0x3e
 730 0019 0B       		.uleb128 0xb
 731 001a 03       		.uleb128 0x3
 732 001b 0E       		.uleb128 0xe
 733 001c 00       		.byte	0
 734 001d 00       		.byte	0
 735 001e 03       		.uleb128 0x3
 736 001f 16       		.uleb128 0x16
 737 0020 00       		.byte	0
 738 0021 03       		.uleb128 0x3
 739 0022 0E       		.uleb128 0xe
 740 0023 3A       		.uleb128 0x3a
 741 0024 0B       		.uleb128 0xb
 742 0025 3B       		.uleb128 0x3b
 743 0026 0B       		.uleb128 0xb
 744 0027 49       		.uleb128 0x49
 745 0028 13       		.uleb128 0x13
 746 0029 00       		.byte	0
 747 002a 00       		.byte	0
 748 002b 04       		.uleb128 0x4
 749 002c 24       		.uleb128 0x24
 750 002d 00       		.byte	0
 751 002e 0B       		.uleb128 0xb
 752 002f 0B       		.uleb128 0xb
 753 0030 3E       		.uleb128 0x3e
 754 0031 0B       		.uleb128 0xb
 755 0032 03       		.uleb128 0x3
 756 0033 08       		.uleb128 0x8
 757 0034 00       		.byte	0
 758 0035 00       		.byte	0
 759 0036 05       		.uleb128 0x5
 760 0037 2E       		.uleb128 0x2e
 761 0038 01       		.byte	0x1
 762 0039 3F       		.uleb128 0x3f
 763 003a 19       		.uleb128 0x19
 764 003b 03       		.uleb128 0x3
 765 003c 0E       		.uleb128 0xe
 766 003d 3A       		.uleb128 0x3a
 767 003e 0B       		.uleb128 0xb
 768 003f 3B       		.uleb128 0x3b
 769 0040 0B       		.uleb128 0xb
 770 0041 27       		.uleb128 0x27
 771 0042 19       		.uleb128 0x19
ARM GAS  C:\Users\sinow\AppData\Local\Temp\ccWRuhsg.s 			page 16


 772 0043 49       		.uleb128 0x49
 773 0044 13       		.uleb128 0x13
 774 0045 8701     		.uleb128 0x87
 775 0047 19       		.uleb128 0x19
 776 0048 11       		.uleb128 0x11
 777 0049 01       		.uleb128 0x1
 778 004a 12       		.uleb128 0x12
 779 004b 06       		.uleb128 0x6
 780 004c 40       		.uleb128 0x40
 781 004d 18       		.uleb128 0x18
 782 004e 9742     		.uleb128 0x2117
 783 0050 19       		.uleb128 0x19
 784 0051 01       		.uleb128 0x1
 785 0052 13       		.uleb128 0x13
 786 0053 00       		.byte	0
 787 0054 00       		.byte	0
 788 0055 06       		.uleb128 0x6
 789 0056 34       		.uleb128 0x34
 790 0057 00       		.byte	0
 791 0058 03       		.uleb128 0x3
 792 0059 08       		.uleb128 0x8
 793 005a 3A       		.uleb128 0x3a
 794 005b 0B       		.uleb128 0xb
 795 005c 3B       		.uleb128 0x3b
 796 005d 0B       		.uleb128 0xb
 797 005e 49       		.uleb128 0x49
 798 005f 13       		.uleb128 0x13
 799 0060 02       		.uleb128 0x2
 800 0061 17       		.uleb128 0x17
 801 0062 00       		.byte	0
 802 0063 00       		.byte	0
 803 0064 07       		.uleb128 0x7
 804 0065 898201   		.uleb128 0x4109
 805 0068 00       		.byte	0
 806 0069 11       		.uleb128 0x11
 807 006a 01       		.uleb128 0x1
 808 006b 31       		.uleb128 0x31
 809 006c 13       		.uleb128 0x13
 810 006d 00       		.byte	0
 811 006e 00       		.byte	0
 812 006f 08       		.uleb128 0x8
 813 0070 898201   		.uleb128 0x4109
 814 0073 01       		.byte	0x1
 815 0074 11       		.uleb128 0x11
 816 0075 01       		.uleb128 0x1
 817 0076 31       		.uleb128 0x31
 818 0077 13       		.uleb128 0x13
 819 0078 01       		.uleb128 0x1
 820 0079 13       		.uleb128 0x13
 821 007a 00       		.byte	0
 822 007b 00       		.byte	0
 823 007c 09       		.uleb128 0x9
 824 007d 8A8201   		.uleb128 0x410a
 825 0080 00       		.byte	0
 826 0081 02       		.uleb128 0x2
 827 0082 18       		.uleb128 0x18
 828 0083 9142     		.uleb128 0x2111
ARM GAS  C:\Users\sinow\AppData\Local\Temp\ccWRuhsg.s 			page 17


 829 0085 18       		.uleb128 0x18
 830 0086 00       		.byte	0
 831 0087 00       		.byte	0
 832 0088 0A       		.uleb128 0xa
 833 0089 34       		.uleb128 0x34
 834 008a 00       		.byte	0
 835 008b 03       		.uleb128 0x3
 836 008c 0E       		.uleb128 0xe
 837 008d 3A       		.uleb128 0x3a
 838 008e 0B       		.uleb128 0xb
 839 008f 3B       		.uleb128 0x3b
 840 0090 05       		.uleb128 0x5
 841 0091 49       		.uleb128 0x49
 842 0092 13       		.uleb128 0x13
 843 0093 3F       		.uleb128 0x3f
 844 0094 19       		.uleb128 0x19
 845 0095 3C       		.uleb128 0x3c
 846 0096 19       		.uleb128 0x19
 847 0097 00       		.byte	0
 848 0098 00       		.byte	0
 849 0099 0B       		.uleb128 0xb
 850 009a 35       		.uleb128 0x35
 851 009b 00       		.byte	0
 852 009c 49       		.uleb128 0x49
 853 009d 13       		.uleb128 0x13
 854 009e 00       		.byte	0
 855 009f 00       		.byte	0
 856 00a0 0C       		.uleb128 0xc
 857 00a1 2E       		.uleb128 0x2e
 858 00a2 00       		.byte	0
 859 00a3 3F       		.uleb128 0x3f
 860 00a4 19       		.uleb128 0x19
 861 00a5 3C       		.uleb128 0x3c
 862 00a6 19       		.uleb128 0x19
 863 00a7 6E       		.uleb128 0x6e
 864 00a8 0E       		.uleb128 0xe
 865 00a9 03       		.uleb128 0x3
 866 00aa 0E       		.uleb128 0xe
 867 00ab 3A       		.uleb128 0x3a
 868 00ac 0B       		.uleb128 0xb
 869 00ad 3B       		.uleb128 0x3b
 870 00ae 0B       		.uleb128 0xb
 871 00af 00       		.byte	0
 872 00b0 00       		.byte	0
 873 00b1 00       		.byte	0
 874              		.section	.debug_loc,"",%progbits
 875              	.Ldebug_loc0:
 876              	.LLST0:
 877 0000 08000000 		.4byte	.LVL0
 878 0004 0A000000 		.4byte	.LVL1
 879 0008 0200     		.2byte	0x2
 880 000a 30       		.byte	0x30
 881 000b 9F       		.byte	0x9f
 882 000c 3A000000 		.4byte	.LVL8
 883 0010 3E000000 		.4byte	.LVL9
 884 0014 0200     		.2byte	0x2
 885 0016 30       		.byte	0x30
ARM GAS  C:\Users\sinow\AppData\Local\Temp\ccWRuhsg.s 			page 18


 886 0017 9F       		.byte	0x9f
 887 0018 3E000000 		.4byte	.LVL9
 888 001c 88000000 		.4byte	.LVL20
 889 0020 0100     		.2byte	0x1
 890 0022 54       		.byte	0x54
 891 0023 88000000 		.4byte	.LVL20
 892 0027 8C000000 		.4byte	.LVL21
 893 002b 0200     		.2byte	0x2
 894 002d 30       		.byte	0x30
 895 002e 9F       		.byte	0x9f
 896 002f 8C000000 		.4byte	.LVL21
 897 0033 A6000000 		.4byte	.LVL25
 898 0037 0100     		.2byte	0x1
 899 0039 54       		.byte	0x54
 900 003a 00000000 		.4byte	0
 901 003e 00000000 		.4byte	0
 902              		.section	.debug_aranges,"",%progbits
 903 0000 1C000000 		.4byte	0x1c
 904 0004 0200     		.2byte	0x2
 905 0006 00000000 		.4byte	.Ldebug_info0
 906 000a 04       		.byte	0x4
 907 000b 00       		.byte	0
 908 000c 0000     		.2byte	0
 909 000e 0000     		.2byte	0
 910 0010 00000000 		.4byte	.LFB63
 911 0014 04010000 		.4byte	.LFE63-.LFB63
 912 0018 00000000 		.4byte	0
 913 001c 00000000 		.4byte	0
 914              		.section	.debug_ranges,"",%progbits
 915              	.Ldebug_ranges0:
 916 0000 00000000 		.4byte	.LFB63
 917 0004 04010000 		.4byte	.LFE63
 918 0008 00000000 		.4byte	0
 919 000c 00000000 		.4byte	0
 920              		.section	.debug_line,"",%progbits
 921              	.Ldebug_line0:
 922 0000 CB010000 		.section	.debug_str,"MS",%progbits,1
 922      02006601 
 922      00000201 
 922      FB0E0D00 
 922      01010101 
 923              	.LASF6:
 924 0000 6C6F6E67 		.ascii	"long long int\000"
 924      206C6F6E 
 924      6720696E 
 924      7400
 925              	.LASF3:
 926 000e 73686F72 		.ascii	"short unsigned int\000"
 926      7420756E 
 926      7369676E 
 926      65642069 
 926      6E7400
 927              	.LASF8:
 928 0021 756E7369 		.ascii	"unsigned int\000"
 928      676E6564 
 928      20696E74 
 928      00
ARM GAS  C:\Users\sinow\AppData\Local\Temp\ccWRuhsg.s 			page 19


 929              	.LASF19:
 930 002e 4C43445F 		.ascii	"LCD_Char_1_PrintString\000"
 930      43686172 
 930      5F315F50 
 930      72696E74 
 930      53747269 
 931              	.LASF23:
 932 0045 6D61696E 		.ascii	"main.c\000"
 932      2E6300
 933              	.LASF17:
 934 004c 4C43445F 		.ascii	"LCD_Char_1_WriteControl\000"
 934      43686172 
 934      5F315F57 
 934      72697465 
 934      436F6E74 
 935              	.LASF16:
 936 0064 4C43445F 		.ascii	"LCD_Char_1_Start\000"
 936      43686172 
 936      5F315F53 
 936      74617274 
 936      00
 937              	.LASF22:
 938 0075 474E5520 		.ascii	"GNU C11 5.4.1 20160609 (release) [ARM/embedded-5-br"
 938      43313120 
 938      352E342E 
 938      31203230 
 938      31363036 
 939 00a8 616E6368 		.ascii	"anch revision 237715] -mcpu=cortex-m3 -mthumb -g -O"
 939      20726576 
 939      6973696F 
 939      6E203233 
 939      37373135 
 940 00db 67202D66 		.ascii	"g -ffunction-sections -ffat-lto-objects\000"
 940      66756E63 
 940      74696F6E 
 940      2D736563 
 940      74696F6E 
 941              	.LASF24:
 942 0103 433A5C55 		.ascii	"C:\\Users\\sinow\\Documents\\PSoC Creator\\Lab3\\De"
 942      73657273 
 942      5C73696E 
 942      6F775C44 
 942      6F63756D 
 943 0130 7369676E 		.ascii	"sign01.cydsn\000"
 943      30312E63 
 943      7964736E 
 943      00
 944              	.LASF20:
 945 013d 43794465 		.ascii	"CyDelay\000"
 945      6C617900 
 946              	.LASF5:
 947 0145 6C6F6E67 		.ascii	"long unsigned int\000"
 947      20756E73 
 947      69676E65 
 947      6420696E 
 947      7400
 948              	.LASF7:
ARM GAS  C:\Users\sinow\AppData\Local\Temp\ccWRuhsg.s 			page 20


 949 0157 6C6F6E67 		.ascii	"long long unsigned int\000"
 949      206C6F6E 
 949      6720756E 
 949      7369676E 
 949      65642069 
 950              	.LASF25:
 951 016e 6D61696E 		.ascii	"main\000"
 951      00
 952              	.LASF1:
 953 0173 756E7369 		.ascii	"unsigned char\000"
 953      676E6564 
 953      20636861 
 953      7200
 954              	.LASF18:
 955 0181 4C43445F 		.ascii	"LCD_Char_1_Position\000"
 955      43686172 
 955      5F315F50 
 955      6F736974 
 955      696F6E00 
 956              	.LASF13:
 957 0195 63686172 		.ascii	"char\000"
 957      00
 958              	.LASF4:
 959 019a 6C6F6E67 		.ascii	"long int\000"
 959      20696E74 
 959      00
 960              	.LASF12:
 961 01a3 646F7562 		.ascii	"double\000"
 961      6C6500
 962              	.LASF26:
 963 01aa 49544D5F 		.ascii	"ITM_RxBuffer\000"
 963      52784275 
 963      66666572 
 963      00
 964              	.LASF0:
 965 01b7 7369676E 		.ascii	"signed char\000"
 965      65642063 
 965      68617200 
 966              	.LASF15:
 967 01c3 6C6F6E67 		.ascii	"long double\000"
 967      20646F75 
 967      626C6500 
 968              	.LASF9:
 969 01cf 5F5F696E 		.ascii	"__int32_t\000"
 969      7433325F 
 969      7400
 970              	.LASF11:
 971 01d9 666C6F61 		.ascii	"float\000"
 971      7400
 972              	.LASF2:
 973 01df 73686F72 		.ascii	"short int\000"
 973      7420696E 
 973      7400
 974              	.LASF10:
 975 01e9 696E7433 		.ascii	"int32_t\000"
 975      325F7400 
 976              	.LASF21:
ARM GAS  C:\Users\sinow\AppData\Local\Temp\ccWRuhsg.s 			page 21


 977 01f1 42757474 		.ascii	"Button_Read\000"
 977      6F6E5F52 
 977      65616400 
 978              	.LASF14:
 979 01fd 73697A65 		.ascii	"sizetype\000"
 979      74797065 
 979      00
 980              		.ident	"GCC: (GNU Tools for ARM Embedded Processors) 5.4.1 20160609 (release) [ARM/embedded-5-bran
