ARM GAS  C:\Users\sinow\AppData\Local\Temp\ccQjMkZL.s 			page 1


   1              		.syntax unified
   2              		.cpu cortex-m3
   3              		.fpu softvfp
   4              		.eabi_attribute 20, 1
   5              		.eabi_attribute 21, 1
   6              		.eabi_attribute 23, 3
   7              		.eabi_attribute 24, 1
   8              		.eabi_attribute 25, 1
   9              		.eabi_attribute 26, 1
  10              		.eabi_attribute 30, 2
  11              		.eabi_attribute 34, 1
  12              		.eabi_attribute 18, 4
  13              		.thumb
  14              		.syntax unified
  15              		.file	"cymetadata.c"
  16              		.text
  17              	.Ltext0:
  18              		.cfi_sections	.debug_frame
  19              		.global	cy_metadata
  20              		.global	cy_meta_flashprotect
  21              		.global	cy_meta_wonvl
  22              		.global	cy_meta_custnvl
  23              		.global	cy_meta_configecc
  24              		.section	.cyconfigecc,"a",%progbits
  25              		.align	2
  26              		.type	cy_meta_configecc, %object
  27              		.size	cy_meta_configecc, 392
  28              	cy_meta_configecc:
  29 0000 02       		.byte	2
  30 0001 52       		.byte	82
  31 0002 00       		.byte	0
  32 0003 40       		.byte	64
  33 0004 01       		.byte	1
  34 0005 65       		.byte	101
  35 0006 00       		.byte	0
  36 0007 40       		.byte	64
  37 0008 01       		.byte	1
  38 0009 15       		.byte	21
  39 000a 01       		.byte	1
  40 000b 40       		.byte	64
  41 000c 59       		.byte	89
  42 000d 1A       		.byte	26
  43 000e 01       		.byte	1
  44 000f 40       		.byte	64
  45 0010 30       		.byte	48
  46 0011 1B       		.byte	27
  47 0012 01       		.byte	1
  48 0013 40       		.byte	64
  49 0014 02       		.byte	2
  50 0015 40       		.byte	64
  51 0016 01       		.byte	1
  52 0017 40       		.byte	64
  53 0018 01       		.byte	1
  54 0019 41       		.byte	65
  55 001a 01       		.byte	1
  56 001b 40       		.byte	64
  57 001c 01       		.byte	1
ARM GAS  C:\Users\sinow\AppData\Local\Temp\ccQjMkZL.s 			page 2


  58 001d 42       		.byte	66
  59 001e 01       		.byte	1
  60 001f 40       		.byte	64
  61 0020 01       		.byte	1
  62 0021 43       		.byte	67
  63 0022 01       		.byte	1
  64 0023 40       		.byte	64
  65 0024 01       		.byte	1
  66 0025 48       		.byte	72
  67 0026 01       		.byte	1
  68 0027 40       		.byte	64
  69 0028 03       		.byte	3
  70 0029 49       		.byte	73
  71 002a 01       		.byte	1
  72 002b 40       		.byte	64
  73 002c 04       		.byte	4
  74 002d 4D       		.byte	77
  75 002e 01       		.byte	1
  76 002f 40       		.byte	64
  77 0030 02       		.byte	2
  78 0031 50       		.byte	80
  79 0032 01       		.byte	1
  80 0033 40       		.byte	64
  81 0034 01       		.byte	1
  82 0035 51       		.byte	81
  83 0036 01       		.byte	1
  84 0037 40       		.byte	64
  85 0038 60       		.byte	96
  86 0039 80       		.byte	-128
  87 003a 61       		.byte	97
  88 003b 80       		.byte	-128
  89 003c 8B       		.byte	-117
  90 003d 0F       		.byte	15
  91 003e E6       		.byte	-26
  92 003f 02       		.byte	2
  93 0040 04       		.byte	4
  94 0041 09       		.byte	9
  95 0042 06       		.byte	6
  96 0043 10       		.byte	16
  97 0044 07       		.byte	7
  98 0045 0C       		.byte	12
  99 0046 09       		.byte	9
 100 0047 80       		.byte	-128
 101 0048 0A       		.byte	10
 102 0049 03       		.byte	3
 103 004a 0B       		.byte	11
 104 004b 13       		.byte	19
 105 004c 0C       		.byte	12
 106 004d 14       		.byte	20
 107 004e 0F       		.byte	15
 108 004f 08       		.byte	8
 109 0050 10       		.byte	16
 110 0051 30       		.byte	48
 111 0052 12       		.byte	18
 112 0053 0C       		.byte	12
 113 0054 14       		.byte	20
 114 0055 1C       		.byte	28
ARM GAS  C:\Users\sinow\AppData\Local\Temp\ccQjMkZL.s 			page 3


 115 0056 15       		.byte	21
 116 0057 2C       		.byte	44
 117 0058 16       		.byte	22
 118 0059 22       		.byte	34
 119 005a 17       		.byte	23
 120 005b 43       		.byte	67
 121 005c 1C       		.byte	28
 122 005d 2C       		.byte	44
 123 005e 1E       		.byte	30
 124 005f 11       		.byte	17
 125 0060 20       		.byte	32
 126 0061 10       		.byte	16
 127 0062 21       		.byte	33
 128 0063 71       		.byte	113
 129 0064 23       		.byte	35
 130 0065 06       		.byte	6
 131 0066 26       		.byte	38
 132 0067 20       		.byte	32
 133 0068 2A       		.byte	42
 134 0069 20       		.byte	32
 135 006a 2D       		.byte	45
 136 006b 71       		.byte	113
 137 006c 2F       		.byte	47
 138 006d 0E       		.byte	14
 139 006e 30       		.byte	48
 140 006f 20       		.byte	32
 141 0070 32       		.byte	50
 142 0071 1F       		.byte	31
 143 0072 33       		.byte	51
 144 0073 0F       		.byte	15
 145 0074 35       		.byte	53
 146 0075 C0       		.byte	-64
 147 0076 37       		.byte	55
 148 0077 30       		.byte	48
 149 0078 39       		.byte	57
 150 0079 A0       		.byte	-96
 151 007a 3B       		.byte	59
 152 007b 08       		.byte	8
 153 007c 3E       		.byte	62
 154 007d 01       		.byte	1
 155 007e 3F       		.byte	63
 156 007f 40       		.byte	64
 157 0080 40       		.byte	64
 158 0081 01       		.byte	1
 159 0082 46       		.byte	70
 160 0083 04       		.byte	4
 161 0084 49       		.byte	73
 162 0085 FF       		.byte	-1
 163 0086 4A       		.byte	74
 164 0087 07       		.byte	7
 165 0088 4B       		.byte	75
 166 0089 FF       		.byte	-1
 167 008a 4C       		.byte	76
 168 008b 40       		.byte	64
 169 008c 4D       		.byte	77
 170 008d 20       		.byte	32
 171 008e 4E       		.byte	78
ARM GAS  C:\Users\sinow\AppData\Local\Temp\ccQjMkZL.s 			page 4


 172 008f F0       		.byte	-16
 173 0090 4F       		.byte	79
 174 0091 05       		.byte	5
 175 0092 50       		.byte	80
 176 0093 08       		.byte	8
 177 0094 58       		.byte	88
 178 0095 04       		.byte	4
 179 0096 59       		.byte	89
 180 0097 04       		.byte	4
 181 0098 5A       		.byte	90
 182 0099 04       		.byte	4
 183 009a 5F       		.byte	95
 184 009b 01       		.byte	1
 185 009c 60       		.byte	96
 186 009d 40       		.byte	64
 187 009e 61       		.byte	97
 188 009f A8       		.byte	-88
 189 00a0 62       		.byte	98
 190 00a1 40       		.byte	64
 191 00a2 63       		.byte	99
 192 00a3 20       		.byte	32
 193 00a4 82       		.byte	-126
 194 00a5 20       		.byte	32
 195 00a6 86       		.byte	-122
 196 00a7 15       		.byte	21
 197 00a8 88       		.byte	-120
 198 00a9 40       		.byte	64
 199 00aa 8C       		.byte	-116
 200 00ab 03       		.byte	3
 201 00ac 8E       		.byte	-114
 202 00ad 1C       		.byte	28
 203 00ae 90       		.byte	-112
 204 00af 80       		.byte	-128
 205 00b0 94       		.byte	-108
 206 00b1 03       		.byte	3
 207 00b2 96       		.byte	-106
 208 00b3 04       		.byte	4
 209 00b4 9C       		.byte	-100
 210 00b5 03       		.byte	3
 211 00b6 9E       		.byte	-98
 212 00b7 34       		.byte	52
 213 00b8 A4       		.byte	-92
 214 00b9 2A       		.byte	42
 215 00ba A6       		.byte	-90
 216 00bb 14       		.byte	20
 217 00bc AA       		.byte	-86
 218 00bd 28       		.byte	40
 219 00be B0       		.byte	-80
 220 00bf 0F       		.byte	15
 221 00c0 B2       		.byte	-78
 222 00c1 40       		.byte	64
 223 00c2 B4       		.byte	-76
 224 00c3 80       		.byte	-128
 225 00c4 B6       		.byte	-74
 226 00c5 38       		.byte	56
 227 00c6 BA       		.byte	-70
 228 00c7 82       		.byte	-126
ARM GAS  C:\Users\sinow\AppData\Local\Temp\ccQjMkZL.s 			page 5


 229 00c8 BE       		.byte	-66
 230 00c9 14       		.byte	20
 231 00ca C0       		.byte	-64
 232 00cb 43       		.byte	67
 233 00cc C1       		.byte	-63
 234 00cd 01       		.byte	1
 235 00ce C6       		.byte	-58
 236 00cf CE       		.byte	-50
 237 00d0 C7       		.byte	-57
 238 00d1 B0       		.byte	-80
 239 00d2 C8       		.byte	-56
 240 00d3 2C       		.byte	44
 241 00d4 C9       		.byte	-55
 242 00d5 FF       		.byte	-1
 243 00d6 CA       		.byte	-54
 244 00d7 FF       		.byte	-1
 245 00d8 CB       		.byte	-53
 246 00d9 FF       		.byte	-1
 247 00da CE       		.byte	-50
 248 00db F0       		.byte	-16
 249 00dc CF       		.byte	-49
 250 00dd 44       		.byte	68
 251 00de D0       		.byte	-48
 252 00df 0C       		.byte	12
 253 00e0 D4       		.byte	-44
 254 00e1 01       		.byte	1
 255 00e2 D6       		.byte	-42
 256 00e3 04       		.byte	4
 257 00e4 D8       		.byte	-40
 258 00e5 04       		.byte	4
 259 00e6 DA       		.byte	-38
 260 00e7 04       		.byte	4
 261 00e8 DB       		.byte	-37
 262 00e9 04       		.byte	4
 263 00ea DF       		.byte	-33
 264 00eb 01       		.byte	1
 265 00ec E6       		.byte	-26
 266 00ed C0       		.byte	-64
 267 00ee EA       		.byte	-22
 268 00ef 40       		.byte	64
 269 00f0 EB       		.byte	-21
 270 00f1 02       		.byte	2
 271 00f2 00       		.byte	0
 272 00f3 14       		.byte	20
 273 00f4 02       		.byte	2
 274 00f5 01       		.byte	1
 275 00f6 04       		.byte	4
 276 00f7 50       		.byte	80
 277 00f8 06       		.byte	6
 278 00f9 50       		.byte	80
 279 00fa 09       		.byte	9
 280 00fb 8A       		.byte	-118
 281 00fc 0D       		.byte	13
 282 00fd 80       		.byte	-128
 283 00fe 0F       		.byte	15
 284 00ff A0       		.byte	-96
 285 0100 10       		.byte	16
ARM GAS  C:\Users\sinow\AppData\Local\Temp\ccQjMkZL.s 			page 6


 286 0101 20       		.byte	32
 287 0102 11       		.byte	17
 288 0103 20       		.byte	32
 289 0104 12       		.byte	18
 290 0105 40       		.byte	64
 291 0106 13       		.byte	19
 292 0107 20       		.byte	32
 293 0108 15       		.byte	21
 294 0109 28       		.byte	40
 295 010a 18       		.byte	24
 296 010b 10       		.byte	16
 297 010c 1A       		.byte	26
 298 010d 40       		.byte	64
 299 010e 1C       		.byte	28
 300 010f 40       		.byte	64
 301 0110 1D       		.byte	29
 302 0111 C3       		.byte	-61
 303 0112 1E       		.byte	30
 304 0113 24       		.byte	36
 305 0114 20       		.byte	32
 306 0115 05       		.byte	5
 307 0116 21       		.byte	33
 308 0117 1C       		.byte	28
 309 0118 29       		.byte	41
 310 0119 41       		.byte	65
 311 011a 31       		.byte	49
 312 011b 08       		.byte	8
 313 011c 38       		.byte	56
 314 011d 24       		.byte	36
 315 011e 3A       		.byte	58
 316 011f 40       		.byte	64
 317 0120 40       		.byte	64
 318 0121 01       		.byte	1
 319 0122 45       		.byte	69
 320 0123 82       		.byte	-126
 321 0124 46       		.byte	70
 322 0125 10       		.byte	16
 323 0126 50       		.byte	80
 324 0127 30       		.byte	48
 325 0128 52       		.byte	82
 326 0129 50       		.byte	80
 327 012a 55       		.byte	85
 328 012b 10       		.byte	16
 329 012c 56       		.byte	86
 330 012d 01       		.byte	1
 331 012e 57       		.byte	87
 332 012f 50       		.byte	80
 333 0130 5D       		.byte	93
 334 0131 01       		.byte	1
 335 0132 5E       		.byte	94
 336 0133 44       		.byte	68
 337 0134 5F       		.byte	95
 338 0135 20       		.byte	32
 339 0136 67       		.byte	103
 340 0137 40       		.byte	64
 341 0138 79       		.byte	121
 342 0139 01       		.byte	1
ARM GAS  C:\Users\sinow\AppData\Local\Temp\ccQjMkZL.s 			page 7


 343 013a 7B       		.byte	123
 344 013b 40       		.byte	64
 345 013c 87       		.byte	-121
 346 013d 40       		.byte	64
 347 013e 8A       		.byte	-118
 348 013f 10       		.byte	16
 349 0140 C0       		.byte	-64
 350 0141 F7       		.byte	-9
 351 0142 C2       		.byte	-62
 352 0143 BD       		.byte	-67
 353 0144 C4       		.byte	-60
 354 0145 6E       		.byte	110
 355 0146 CA       		.byte	-54
 356 0147 09       		.byte	9
 357 0148 CC       		.byte	-52
 358 0149 02       		.byte	2
 359 014a CE       		.byte	-50
 360 014b 0E       		.byte	14
 361 014c D0       		.byte	-48
 362 014d D8       		.byte	-40
 363 014e D6       		.byte	-42
 364 014f F0       		.byte	-16
 365 0150 D8       		.byte	-40
 366 0151 80       		.byte	-128
 367 0152 32       		.byte	50
 368 0153 20       		.byte	32
 369 0154 CC       		.byte	-52
 370 0155 10       		.byte	16
 371 0156 A6       		.byte	-90
 372 0157 20       		.byte	32
 373 0158 A6       		.byte	-90
 374 0159 20       		.byte	32
 375 015a A6       		.byte	-90
 376 015b 20       		.byte	32
 377 015c A6       		.byte	-90
 378 015d 20       		.byte	32
 379 015e 86       		.byte	-122
 380 015f 20       		.byte	32
 381 0160 A6       		.byte	-90
 382 0161 20       		.byte	32
 383 0162 E6       		.byte	-26
 384 0163 40       		.byte	64
 385 0164 75       		.byte	117
 386 0165 02       		.byte	2
 387 0166 89       		.byte	-119
 388 0167 02       		.byte	2
 389 0168 DE       		.byte	-34
 390 0169 04       		.byte	4
 391 016a E0       		.byte	-32
 392 016b 01       		.byte	1
 393 016c 10       		.byte	16
 394 016d 01       		.byte	1
 395 016e 1C       		.byte	28
 396 016f 01       		.byte	1
 397 0170 00       		.byte	0
 398 0171 03       		.byte	3
 399 0172 00       		.byte	0
ARM GAS  C:\Users\sinow\AppData\Local\Temp\ccQjMkZL.s 			page 8


 400 0173 00       		.byte	0
 401 0174 80       		.byte	-128
 402 0175 00       		.byte	0
 403 0176 00       		.byte	0
 404 0177 80       		.byte	-128
 405 0178 80       		.byte	-128
 406 0179 00       		.byte	0
 407 017a 80       		.byte	-128
 408 017b 00       		.byte	0
 409 017c 00       		.byte	0
 410 017d 00       		.byte	0
 411 017e 00       		.byte	0
 412 017f 00       		.byte	0
 413 0180 00       		.byte	0
 414 0181 0B       		.byte	11
 415 0182 0B       		.byte	11
 416 0183 00       		.byte	0
 417 0184 00       		.byte	0
 418 0185 00       		.byte	0
 419 0186 00       		.byte	0
 420 0187 00       		.byte	0
 421              		.section	.cywolatch,"a",%progbits
 422              		.align	2
 423              		.type	cy_meta_wonvl, %object
 424              		.size	cy_meta_wonvl, 4
 425              	cy_meta_wonvl:
 426 0000 BC       		.byte	-68
 427 0001 90       		.byte	-112
 428 0002 AC       		.byte	-84
 429 0003 AF       		.byte	-81
 430              		.section	.cycustnvl,"a",%progbits
 431              		.align	2
 432              		.type	cy_meta_custnvl, %object
 433              		.size	cy_meta_custnvl, 4
 434              	cy_meta_custnvl:
 435 0000 00       		.byte	0
 436 0001 00       		.byte	0
 437 0002 40       		.byte	64
 438 0003 05       		.byte	5
 439              		.section	.cymeta,"a",%progbits
 440              		.align	2
 441              		.type	cy_metadata, %object
 442              		.size	cy_metadata, 12
 443              	cy_metadata:
 444 0000 00       		.byte	0
 445 0001 01       		.byte	1
 446 0002 2E       		.byte	46
 447 0003 16       		.byte	22
 448 0004 10       		.byte	16
 449 0005 69       		.byte	105
 450 0006 00       		.byte	0
 451 0007 01       		.byte	1
 452 0008 00       		.byte	0
 453 0009 00       		.byte	0
 454 000a 00       		.byte	0
 455 000b 00       		.byte	0
 456              		.section	.cyflashprotect,"a",%progbits
ARM GAS  C:\Users\sinow\AppData\Local\Temp\ccQjMkZL.s 			page 9


 457              		.align	2
 458              		.type	cy_meta_flashprotect, %object
 459              		.size	cy_meta_flashprotect, 256
 460              	cy_meta_flashprotect:
 461 0000 00000000 		.space	256
 461      00000000 
 461      00000000 
 461      00000000 
 461      00000000 
 462              		.text
 463              	.Letext0:
 464              		.file 1 "c:\\program files (x86)\\cypress\\psoc creator\\4.2\\psoc creator\\import\\gnu\\arm\\5.4.
 465              		.file 2 "c:\\program files (x86)\\cypress\\psoc creator\\4.2\\psoc creator\\import\\gnu\\arm\\5.4.
 466              		.file 3 "Generated_Source\\PSoC5\\cymetadata.c"
 467              		.section	.debug_info,"",%progbits
 468              	.Ldebug_info0:
 469 0000 31010000 		.4byte	0x131
 470 0004 0400     		.2byte	0x4
 471 0006 00000000 		.4byte	.Ldebug_abbrev0
 472 000a 04       		.byte	0x4
 473 000b 01       		.uleb128 0x1
 474 000c 0A000000 		.4byte	.LASF17
 475 0010 0C       		.byte	0xc
 476 0011 E2010000 		.4byte	.LASF18
 477 0015 D7000000 		.4byte	.LASF19
 478 0019 00000000 		.4byte	.Ldebug_line0
 479 001d 02       		.uleb128 0x2
 480 001e 01       		.byte	0x1
 481 001f 06       		.byte	0x6
 482 0020 D6010000 		.4byte	.LASF0
 483 0024 03       		.uleb128 0x3
 484 0025 00000000 		.4byte	.LASF9
 485 0029 01       		.byte	0x1
 486 002a 1D       		.byte	0x1d
 487 002b 2F000000 		.4byte	0x2f
 488 002f 02       		.uleb128 0x2
 489 0030 01       		.byte	0x1
 490 0031 08       		.byte	0x8
 491 0032 A4000000 		.4byte	.LASF1
 492 0036 02       		.uleb128 0x2
 493 0037 02       		.byte	0x2
 494 0038 05       		.byte	0x5
 495 0039 C3010000 		.4byte	.LASF2
 496 003d 02       		.uleb128 0x2
 497 003e 02       		.byte	0x2
 498 003f 07       		.byte	0x7
 499 0040 C4000000 		.4byte	.LASF3
 500 0044 02       		.uleb128 0x2
 501 0045 04       		.byte	0x4
 502 0046 05       		.byte	0x5
 503 0047 CD010000 		.4byte	.LASF4
 504 004b 02       		.uleb128 0x2
 505 004c 04       		.byte	0x4
 506 004d 07       		.byte	0x7
 507 004e B2000000 		.4byte	.LASF5
 508 0052 02       		.uleb128 0x2
 509 0053 08       		.byte	0x8
ARM GAS  C:\Users\sinow\AppData\Local\Temp\ccQjMkZL.s 			page 10


 510 0054 05       		.byte	0x5
 511 0055 B5010000 		.4byte	.LASF6
 512 0059 02       		.uleb128 0x2
 513 005a 08       		.byte	0x8
 514 005b 07       		.byte	0x7
 515 005c 6A010000 		.4byte	.LASF7
 516 0060 04       		.uleb128 0x4
 517 0061 04       		.byte	0x4
 518 0062 05       		.byte	0x5
 519 0063 696E7400 		.ascii	"int\000"
 520 0067 02       		.uleb128 0x2
 521 0068 04       		.byte	0x4
 522 0069 07       		.byte	0x7
 523 006a 5D010000 		.4byte	.LASF8
 524 006e 03       		.uleb128 0x3
 525 006f 81010000 		.4byte	.LASF10
 526 0073 02       		.byte	0x2
 527 0074 18       		.byte	0x18
 528 0075 24000000 		.4byte	0x24
 529 0079 05       		.uleb128 0x5
 530 007a 91000000 		.4byte	0x91
 531 007e 8A000000 		.4byte	0x8a
 532 0082 06       		.uleb128 0x6
 533 0083 8A000000 		.4byte	0x8a
 534 0087 8701     		.2byte	0x187
 535 0089 00       		.byte	0
 536 008a 02       		.uleb128 0x2
 537 008b 04       		.byte	0x4
 538 008c 07       		.byte	0x7
 539 008d AC010000 		.4byte	.LASF11
 540 0091 07       		.uleb128 0x7
 541 0092 6E000000 		.4byte	0x6e
 542 0096 08       		.uleb128 0x8
 543 0097 4B010000 		.4byte	.LASF12
 544 009b 03       		.byte	0x3
 545 009c 1F       		.byte	0x1f
 546 009d A7000000 		.4byte	0xa7
 547 00a1 05       		.uleb128 0x5
 548 00a2 03       		.byte	0x3
 549 00a3 00000000 		.4byte	cy_meta_configecc
 550 00a7 07       		.uleb128 0x7
 551 00a8 79000000 		.4byte	0x79
 552 00ac 05       		.uleb128 0x5
 553 00ad 91000000 		.4byte	0x91
 554 00b1 BC000000 		.4byte	0xbc
 555 00b5 09       		.uleb128 0x9
 556 00b6 8A000000 		.4byte	0x8a
 557 00ba 03       		.byte	0x3
 558 00bb 00       		.byte	0
 559 00bc 08       		.uleb128 0x8
 560 00bd 3B010000 		.4byte	.LASF13
 561 00c1 03       		.byte	0x3
 562 00c2 5D       		.byte	0x5d
 563 00c3 CD000000 		.4byte	0xcd
 564 00c7 05       		.uleb128 0x5
 565 00c8 03       		.byte	0x3
 566 00c9 00000000 		.4byte	cy_meta_custnvl
ARM GAS  C:\Users\sinow\AppData\Local\Temp\ccQjMkZL.s 			page 11


 567 00cd 07       		.uleb128 0x7
 568 00ce AC000000 		.4byte	0xac
 569 00d2 08       		.uleb128 0x8
 570 00d3 9E010000 		.4byte	.LASF14
 571 00d7 03       		.byte	0x3
 572 00d8 6B       		.byte	0x6b
 573 00d9 E3000000 		.4byte	0xe3
 574 00dd 05       		.uleb128 0x5
 575 00de 03       		.byte	0x3
 576 00df 00000000 		.4byte	cy_meta_wonvl
 577 00e3 07       		.uleb128 0x7
 578 00e4 AC000000 		.4byte	0xac
 579 00e8 05       		.uleb128 0x5
 580 00e9 91000000 		.4byte	0x91
 581 00ed F8000000 		.4byte	0xf8
 582 00f1 09       		.uleb128 0x9
 583 00f2 8A000000 		.4byte	0x8a
 584 00f6 FF       		.byte	0xff
 585 00f7 00       		.byte	0
 586 00f8 08       		.uleb128 0x8
 587 00f9 89010000 		.4byte	.LASF15
 588 00fd 03       		.byte	0x3
 589 00fe 79       		.byte	0x79
 590 00ff 09010000 		.4byte	0x109
 591 0103 05       		.uleb128 0x5
 592 0104 03       		.byte	0x3
 593 0105 00000000 		.4byte	cy_meta_flashprotect
 594 0109 07       		.uleb128 0x7
 595 010a E8000000 		.4byte	0xe8
 596 010e 05       		.uleb128 0x5
 597 010f 91000000 		.4byte	0x91
 598 0113 1E010000 		.4byte	0x11e
 599 0117 09       		.uleb128 0x9
 600 0118 8A000000 		.4byte	0x8a
 601 011c 0B       		.byte	0xb
 602 011d 00       		.byte	0
 603 011e 08       		.uleb128 0x8
 604 011f 98000000 		.4byte	.LASF16
 605 0123 03       		.byte	0x3
 606 0124 A6       		.byte	0xa6
 607 0125 2F010000 		.4byte	0x12f
 608 0129 05       		.uleb128 0x5
 609 012a 03       		.byte	0x3
 610 012b 00000000 		.4byte	cy_metadata
 611 012f 07       		.uleb128 0x7
 612 0130 0E010000 		.4byte	0x10e
 613 0134 00       		.byte	0
 614              		.section	.debug_abbrev,"",%progbits
 615              	.Ldebug_abbrev0:
 616 0000 01       		.uleb128 0x1
 617 0001 11       		.uleb128 0x11
 618 0002 01       		.byte	0x1
 619 0003 25       		.uleb128 0x25
 620 0004 0E       		.uleb128 0xe
 621 0005 13       		.uleb128 0x13
 622 0006 0B       		.uleb128 0xb
 623 0007 03       		.uleb128 0x3
ARM GAS  C:\Users\sinow\AppData\Local\Temp\ccQjMkZL.s 			page 12


 624 0008 0E       		.uleb128 0xe
 625 0009 1B       		.uleb128 0x1b
 626 000a 0E       		.uleb128 0xe
 627 000b 10       		.uleb128 0x10
 628 000c 17       		.uleb128 0x17
 629 000d 00       		.byte	0
 630 000e 00       		.byte	0
 631 000f 02       		.uleb128 0x2
 632 0010 24       		.uleb128 0x24
 633 0011 00       		.byte	0
 634 0012 0B       		.uleb128 0xb
 635 0013 0B       		.uleb128 0xb
 636 0014 3E       		.uleb128 0x3e
 637 0015 0B       		.uleb128 0xb
 638 0016 03       		.uleb128 0x3
 639 0017 0E       		.uleb128 0xe
 640 0018 00       		.byte	0
 641 0019 00       		.byte	0
 642 001a 03       		.uleb128 0x3
 643 001b 16       		.uleb128 0x16
 644 001c 00       		.byte	0
 645 001d 03       		.uleb128 0x3
 646 001e 0E       		.uleb128 0xe
 647 001f 3A       		.uleb128 0x3a
 648 0020 0B       		.uleb128 0xb
 649 0021 3B       		.uleb128 0x3b
 650 0022 0B       		.uleb128 0xb
 651 0023 49       		.uleb128 0x49
 652 0024 13       		.uleb128 0x13
 653 0025 00       		.byte	0
 654 0026 00       		.byte	0
 655 0027 04       		.uleb128 0x4
 656 0028 24       		.uleb128 0x24
 657 0029 00       		.byte	0
 658 002a 0B       		.uleb128 0xb
 659 002b 0B       		.uleb128 0xb
 660 002c 3E       		.uleb128 0x3e
 661 002d 0B       		.uleb128 0xb
 662 002e 03       		.uleb128 0x3
 663 002f 08       		.uleb128 0x8
 664 0030 00       		.byte	0
 665 0031 00       		.byte	0
 666 0032 05       		.uleb128 0x5
 667 0033 01       		.uleb128 0x1
 668 0034 01       		.byte	0x1
 669 0035 49       		.uleb128 0x49
 670 0036 13       		.uleb128 0x13
 671 0037 01       		.uleb128 0x1
 672 0038 13       		.uleb128 0x13
 673 0039 00       		.byte	0
 674 003a 00       		.byte	0
 675 003b 06       		.uleb128 0x6
 676 003c 21       		.uleb128 0x21
 677 003d 00       		.byte	0
 678 003e 49       		.uleb128 0x49
 679 003f 13       		.uleb128 0x13
 680 0040 2F       		.uleb128 0x2f
ARM GAS  C:\Users\sinow\AppData\Local\Temp\ccQjMkZL.s 			page 13


 681 0041 05       		.uleb128 0x5
 682 0042 00       		.byte	0
 683 0043 00       		.byte	0
 684 0044 07       		.uleb128 0x7
 685 0045 26       		.uleb128 0x26
 686 0046 00       		.byte	0
 687 0047 49       		.uleb128 0x49
 688 0048 13       		.uleb128 0x13
 689 0049 00       		.byte	0
 690 004a 00       		.byte	0
 691 004b 08       		.uleb128 0x8
 692 004c 34       		.uleb128 0x34
 693 004d 00       		.byte	0
 694 004e 03       		.uleb128 0x3
 695 004f 0E       		.uleb128 0xe
 696 0050 3A       		.uleb128 0x3a
 697 0051 0B       		.uleb128 0xb
 698 0052 3B       		.uleb128 0x3b
 699 0053 0B       		.uleb128 0xb
 700 0054 49       		.uleb128 0x49
 701 0055 13       		.uleb128 0x13
 702 0056 3F       		.uleb128 0x3f
 703 0057 19       		.uleb128 0x19
 704 0058 02       		.uleb128 0x2
 705 0059 18       		.uleb128 0x18
 706 005a 00       		.byte	0
 707 005b 00       		.byte	0
 708 005c 09       		.uleb128 0x9
 709 005d 21       		.uleb128 0x21
 710 005e 00       		.byte	0
 711 005f 49       		.uleb128 0x49
 712 0060 13       		.uleb128 0x13
 713 0061 2F       		.uleb128 0x2f
 714 0062 0B       		.uleb128 0xb
 715 0063 00       		.byte	0
 716 0064 00       		.byte	0
 717 0065 00       		.byte	0
 718              		.section	.debug_aranges,"",%progbits
 719 0000 14000000 		.4byte	0x14
 720 0004 0200     		.2byte	0x2
 721 0006 00000000 		.4byte	.Ldebug_info0
 722 000a 04       		.byte	0x4
 723 000b 00       		.byte	0
 724 000c 0000     		.2byte	0
 725 000e 0000     		.2byte	0
 726 0010 00000000 		.4byte	0
 727 0014 00000000 		.4byte	0
 728              		.section	.debug_line,"",%progbits
 729              	.Ldebug_line0:
 730 0000 3D010000 		.section	.debug_str,"MS",%progbits,1
 730      02003701 
 730      00000201 
 730      FB0E0D00 
 730      01010101 
 731              	.LASF9:
 732 0000 5F5F7569 		.ascii	"__uint8_t\000"
 732      6E74385F 
ARM GAS  C:\Users\sinow\AppData\Local\Temp\ccQjMkZL.s 			page 14


 732      7400
 733              	.LASF17:
 734 000a 474E5520 		.ascii	"GNU C11 5.4.1 20160609 (release) [ARM/embedded-5-br"
 734      43313120 
 734      352E342E 
 734      31203230 
 734      31363036 
 735 003d 616E6368 		.ascii	"anch revision 237715] -mcpu=cortex-m3 -mthumb -g -O"
 735      20726576 
 735      6973696F 
 735      6E203233 
 735      37373135 
 736 0070 33202D66 		.ascii	"3 -ffunction-sections -ffat-lto-objects\000"
 736      66756E63 
 736      74696F6E 
 736      2D736563 
 736      74696F6E 
 737              	.LASF16:
 738 0098 63795F6D 		.ascii	"cy_metadata\000"
 738      65746164 
 738      61746100 
 739              	.LASF1:
 740 00a4 756E7369 		.ascii	"unsigned char\000"
 740      676E6564 
 740      20636861 
 740      7200
 741              	.LASF5:
 742 00b2 6C6F6E67 		.ascii	"long unsigned int\000"
 742      20756E73 
 742      69676E65 
 742      6420696E 
 742      7400
 743              	.LASF3:
 744 00c4 73686F72 		.ascii	"short unsigned int\000"
 744      7420756E 
 744      7369676E 
 744      65642069 
 744      6E7400
 745              	.LASF19:
 746 00d7 433A5C55 		.ascii	"C:\\Users\\sinow\\Documents\\PSoC Creator\\fa19_fix"
 746      73657273 
 746      5C73696E 
 746      6F775C44 
 746      6F63756D 
 747 0105 65645F70 		.ascii	"ed_point_oscillator\\fa19_fixed_point_oscillator.cy"
 747      6F696E74 
 747      5F6F7363 
 747      696C6C61 
 747      746F725C 
 748 0137 64736E00 		.ascii	"dsn\000"
 749              	.LASF13:
 750 013b 63795F6D 		.ascii	"cy_meta_custnvl\000"
 750      6574615F 
 750      63757374 
 750      6E766C00 
 751              	.LASF12:
 752 014b 63795F6D 		.ascii	"cy_meta_configecc\000"
ARM GAS  C:\Users\sinow\AppData\Local\Temp\ccQjMkZL.s 			page 15


 752      6574615F 
 752      636F6E66 
 752      69676563 
 752      6300
 753              	.LASF8:
 754 015d 756E7369 		.ascii	"unsigned int\000"
 754      676E6564 
 754      20696E74 
 754      00
 755              	.LASF7:
 756 016a 6C6F6E67 		.ascii	"long long unsigned int\000"
 756      206C6F6E 
 756      6720756E 
 756      7369676E 
 756      65642069 
 757              	.LASF10:
 758 0181 75696E74 		.ascii	"uint8_t\000"
 758      385F7400 
 759              	.LASF15:
 760 0189 63795F6D 		.ascii	"cy_meta_flashprotect\000"
 760      6574615F 
 760      666C6173 
 760      6870726F 
 760      74656374 
 761              	.LASF14:
 762 019e 63795F6D 		.ascii	"cy_meta_wonvl\000"
 762      6574615F 
 762      776F6E76 
 762      6C00
 763              	.LASF11:
 764 01ac 73697A65 		.ascii	"sizetype\000"
 764      74797065 
 764      00
 765              	.LASF6:
 766 01b5 6C6F6E67 		.ascii	"long long int\000"
 766      206C6F6E 
 766      6720696E 
 766      7400
 767              	.LASF2:
 768 01c3 73686F72 		.ascii	"short int\000"
 768      7420696E 
 768      7400
 769              	.LASF4:
 770 01cd 6C6F6E67 		.ascii	"long int\000"
 770      20696E74 
 770      00
 771              	.LASF0:
 772 01d6 7369676E 		.ascii	"signed char\000"
 772      65642063 
 772      68617200 
 773              	.LASF18:
 774 01e2 47656E65 		.ascii	"Generated_Source\\PSoC5\\cymetadata.c\000"
 774      72617465 
 774      645F536F 
 774      75726365 
 774      5C50536F 
 775              		.ident	"GCC: (GNU Tools for ARM Embedded Processors) 5.4.1 20160609 (release) [ARM/embedded-5-bran
ARM GAS  C:\Users\sinow\AppData\Local\Temp\ccQjMkZL.s 			page 16


