ARM GAS  C:\Users\pearlstl\AppData\Local\Temp\ccTs6Wqx.s 			page 1


   1              		.syntax unified
   2              		.cpu cortex-m3
   3              		.fpu softvfp
   4              		.eabi_attribute 20, 1
   5              		.eabi_attribute 21, 1
   6              		.eabi_attribute 23, 3
   7              		.eabi_attribute 24, 1
   8              		.eabi_attribute 25, 1
   9              		.eabi_attribute 26, 1
  10              		.eabi_attribute 30, 2
  11              		.eabi_attribute 34, 1
  12              		.eabi_attribute 18, 4
  13              		.thumb
  14              		.syntax unified
  15              		.file	"Timer_1_PM.c"
  16              		.text
  17              	.Ltext0:
  18              		.cfi_sections	.debug_frame
  19              		.section	.text.Timer_1_SaveConfig,"ax",%progbits
  20              		.align	2
  21              		.global	Timer_1_SaveConfig
  22              		.thumb
  23              		.thumb_func
  24              		.type	Timer_1_SaveConfig, %function
  25              	Timer_1_SaveConfig:
  26              	.LFB5:
  27              		.cfi_startproc
  28              		@ args = 0, pretend = 0, frame = 0
  29              		@ frame_needed = 0, uses_anonymous_args = 0
  30              		@ link register save eliminated.
  31 0000 7047     		bx	lr
  32              		.cfi_endproc
  33              	.LFE5:
  34              		.size	Timer_1_SaveConfig, .-Timer_1_SaveConfig
  35 0002 00BF     		.section	.text.Timer_1_RestoreConfig,"ax",%progbits
  36              		.align	2
  37              		.global	Timer_1_RestoreConfig
  38              		.thumb
  39              		.thumb_func
  40              		.type	Timer_1_RestoreConfig, %function
  41              	Timer_1_RestoreConfig:
  42              	.LFB1:
  43              		.file 1 "Generated_Source\\PSoC5\\Timer_1_PM.c"
   1:Generated_Source\PSoC5/Timer_1_PM.c **** /*******************************************************************************
   2:Generated_Source\PSoC5/Timer_1_PM.c **** * File Name: Timer_1_PM.c
   3:Generated_Source\PSoC5/Timer_1_PM.c **** * Version 2.70
   4:Generated_Source\PSoC5/Timer_1_PM.c **** *
   5:Generated_Source\PSoC5/Timer_1_PM.c **** *  Description:
   6:Generated_Source\PSoC5/Timer_1_PM.c **** *     This file provides the power management source code to API for the
   7:Generated_Source\PSoC5/Timer_1_PM.c **** *     Timer.
   8:Generated_Source\PSoC5/Timer_1_PM.c **** *
   9:Generated_Source\PSoC5/Timer_1_PM.c **** *   Note:
  10:Generated_Source\PSoC5/Timer_1_PM.c **** *     None
  11:Generated_Source\PSoC5/Timer_1_PM.c **** *
  12:Generated_Source\PSoC5/Timer_1_PM.c **** *******************************************************************************
  13:Generated_Source\PSoC5/Timer_1_PM.c **** * Copyright 2008-2014, Cypress Semiconductor Corporation.  All rights reserved.
  14:Generated_Source\PSoC5/Timer_1_PM.c **** * You may use this file only in accordance with the license, terms, conditions,
ARM GAS  C:\Users\pearlstl\AppData\Local\Temp\ccTs6Wqx.s 			page 2


  15:Generated_Source\PSoC5/Timer_1_PM.c **** * disclaimers, and limitations in the end user license agreement accompanying
  16:Generated_Source\PSoC5/Timer_1_PM.c **** * the software package with which this file was provided.
  17:Generated_Source\PSoC5/Timer_1_PM.c **** ********************************************************************************/
  18:Generated_Source\PSoC5/Timer_1_PM.c **** 
  19:Generated_Source\PSoC5/Timer_1_PM.c **** #include "Timer_1.h"
  20:Generated_Source\PSoC5/Timer_1_PM.c **** 
  21:Generated_Source\PSoC5/Timer_1_PM.c **** static Timer_1_backupStruct Timer_1_backup;
  22:Generated_Source\PSoC5/Timer_1_PM.c **** 
  23:Generated_Source\PSoC5/Timer_1_PM.c **** 
  24:Generated_Source\PSoC5/Timer_1_PM.c **** /*******************************************************************************
  25:Generated_Source\PSoC5/Timer_1_PM.c **** * Function Name: Timer_1_SaveConfig
  26:Generated_Source\PSoC5/Timer_1_PM.c **** ********************************************************************************
  27:Generated_Source\PSoC5/Timer_1_PM.c **** *
  28:Generated_Source\PSoC5/Timer_1_PM.c **** * Summary:
  29:Generated_Source\PSoC5/Timer_1_PM.c **** *     Save the current user configuration
  30:Generated_Source\PSoC5/Timer_1_PM.c **** *
  31:Generated_Source\PSoC5/Timer_1_PM.c **** * Parameters:
  32:Generated_Source\PSoC5/Timer_1_PM.c **** *  void
  33:Generated_Source\PSoC5/Timer_1_PM.c **** *
  34:Generated_Source\PSoC5/Timer_1_PM.c **** * Return:
  35:Generated_Source\PSoC5/Timer_1_PM.c **** *  void
  36:Generated_Source\PSoC5/Timer_1_PM.c **** *
  37:Generated_Source\PSoC5/Timer_1_PM.c **** * Global variables:
  38:Generated_Source\PSoC5/Timer_1_PM.c **** *  Timer_1_backup:  Variables of this global structure are modified to
  39:Generated_Source\PSoC5/Timer_1_PM.c **** *  store the values of non retention configuration registers when Sleep() API is
  40:Generated_Source\PSoC5/Timer_1_PM.c **** *  called.
  41:Generated_Source\PSoC5/Timer_1_PM.c **** *
  42:Generated_Source\PSoC5/Timer_1_PM.c **** *******************************************************************************/
  43:Generated_Source\PSoC5/Timer_1_PM.c **** void Timer_1_SaveConfig(void) 
  44:Generated_Source\PSoC5/Timer_1_PM.c **** {
  45:Generated_Source\PSoC5/Timer_1_PM.c ****     #if (!Timer_1_UsingFixedFunction)
  46:Generated_Source\PSoC5/Timer_1_PM.c ****         Timer_1_backup.TimerUdb = Timer_1_ReadCounter();
  47:Generated_Source\PSoC5/Timer_1_PM.c ****         Timer_1_backup.InterruptMaskValue = Timer_1_STATUS_MASK;
  48:Generated_Source\PSoC5/Timer_1_PM.c ****         #if (Timer_1_UsingHWCaptureCounter)
  49:Generated_Source\PSoC5/Timer_1_PM.c ****             Timer_1_backup.TimerCaptureCounter = Timer_1_ReadCaptureCount();
  50:Generated_Source\PSoC5/Timer_1_PM.c ****         #endif /* Back Up capture counter register  */
  51:Generated_Source\PSoC5/Timer_1_PM.c **** 
  52:Generated_Source\PSoC5/Timer_1_PM.c ****         #if(!Timer_1_UDB_CONTROL_REG_REMOVED)
  53:Generated_Source\PSoC5/Timer_1_PM.c ****             Timer_1_backup.TimerControlRegister = Timer_1_ReadControlRegister();
  54:Generated_Source\PSoC5/Timer_1_PM.c ****         #endif /* Backup the enable state of the Timer component */
  55:Generated_Source\PSoC5/Timer_1_PM.c ****     #endif /* Backup non retention registers in UDB implementation. All fixed function registers ar
  56:Generated_Source\PSoC5/Timer_1_PM.c **** }
  57:Generated_Source\PSoC5/Timer_1_PM.c **** 
  58:Generated_Source\PSoC5/Timer_1_PM.c **** 
  59:Generated_Source\PSoC5/Timer_1_PM.c **** /*******************************************************************************
  60:Generated_Source\PSoC5/Timer_1_PM.c **** * Function Name: Timer_1_RestoreConfig
  61:Generated_Source\PSoC5/Timer_1_PM.c **** ********************************************************************************
  62:Generated_Source\PSoC5/Timer_1_PM.c **** *
  63:Generated_Source\PSoC5/Timer_1_PM.c **** * Summary:
  64:Generated_Source\PSoC5/Timer_1_PM.c **** *  Restores the current user configuration.
  65:Generated_Source\PSoC5/Timer_1_PM.c **** *
  66:Generated_Source\PSoC5/Timer_1_PM.c **** * Parameters:
  67:Generated_Source\PSoC5/Timer_1_PM.c **** *  void
  68:Generated_Source\PSoC5/Timer_1_PM.c **** *
  69:Generated_Source\PSoC5/Timer_1_PM.c **** * Return:
  70:Generated_Source\PSoC5/Timer_1_PM.c **** *  void
  71:Generated_Source\PSoC5/Timer_1_PM.c **** *
ARM GAS  C:\Users\pearlstl\AppData\Local\Temp\ccTs6Wqx.s 			page 3


  72:Generated_Source\PSoC5/Timer_1_PM.c **** * Global variables:
  73:Generated_Source\PSoC5/Timer_1_PM.c **** *  Timer_1_backup:  Variables of this global structure are used to
  74:Generated_Source\PSoC5/Timer_1_PM.c **** *  restore the values of non retention registers on wakeup from sleep mode.
  75:Generated_Source\PSoC5/Timer_1_PM.c **** *
  76:Generated_Source\PSoC5/Timer_1_PM.c **** *******************************************************************************/
  77:Generated_Source\PSoC5/Timer_1_PM.c **** void Timer_1_RestoreConfig(void) 
  78:Generated_Source\PSoC5/Timer_1_PM.c **** {   
  44              		.loc 1 78 0
  45              		.cfi_startproc
  46              		@ args = 0, pretend = 0, frame = 0
  47              		@ frame_needed = 0, uses_anonymous_args = 0
  48              		@ link register save eliminated.
  49 0000 7047     		bx	lr
  50              		.cfi_endproc
  51              	.LFE1:
  52              		.size	Timer_1_RestoreConfig, .-Timer_1_RestoreConfig
  53 0002 00BF     		.section	.text.Timer_1_Sleep,"ax",%progbits
  54              		.align	2
  55              		.global	Timer_1_Sleep
  56              		.thumb
  57              		.thumb_func
  58              		.type	Timer_1_Sleep, %function
  59              	Timer_1_Sleep:
  60              	.LFB2:
  79:Generated_Source\PSoC5/Timer_1_PM.c ****     #if (!Timer_1_UsingFixedFunction)
  80:Generated_Source\PSoC5/Timer_1_PM.c **** 
  81:Generated_Source\PSoC5/Timer_1_PM.c ****         Timer_1_WriteCounter(Timer_1_backup.TimerUdb);
  82:Generated_Source\PSoC5/Timer_1_PM.c ****         Timer_1_STATUS_MASK =Timer_1_backup.InterruptMaskValue;
  83:Generated_Source\PSoC5/Timer_1_PM.c ****         #if (Timer_1_UsingHWCaptureCounter)
  84:Generated_Source\PSoC5/Timer_1_PM.c ****             Timer_1_SetCaptureCount(Timer_1_backup.TimerCaptureCounter);
  85:Generated_Source\PSoC5/Timer_1_PM.c ****         #endif /* Restore Capture counter register*/
  86:Generated_Source\PSoC5/Timer_1_PM.c **** 
  87:Generated_Source\PSoC5/Timer_1_PM.c ****         #if(!Timer_1_UDB_CONTROL_REG_REMOVED)
  88:Generated_Source\PSoC5/Timer_1_PM.c ****             Timer_1_WriteControlRegister(Timer_1_backup.TimerControlRegister);
  89:Generated_Source\PSoC5/Timer_1_PM.c ****         #endif /* Restore the enable state of the Timer component */
  90:Generated_Source\PSoC5/Timer_1_PM.c ****     #endif /* Restore non retention registers in the UDB implementation only */
  91:Generated_Source\PSoC5/Timer_1_PM.c **** }
  92:Generated_Source\PSoC5/Timer_1_PM.c **** 
  93:Generated_Source\PSoC5/Timer_1_PM.c **** 
  94:Generated_Source\PSoC5/Timer_1_PM.c **** /*******************************************************************************
  95:Generated_Source\PSoC5/Timer_1_PM.c **** * Function Name: Timer_1_Sleep
  96:Generated_Source\PSoC5/Timer_1_PM.c **** ********************************************************************************
  97:Generated_Source\PSoC5/Timer_1_PM.c **** *
  98:Generated_Source\PSoC5/Timer_1_PM.c **** * Summary:
  99:Generated_Source\PSoC5/Timer_1_PM.c **** *     Stop and Save the user configuration
 100:Generated_Source\PSoC5/Timer_1_PM.c **** *
 101:Generated_Source\PSoC5/Timer_1_PM.c **** * Parameters:
 102:Generated_Source\PSoC5/Timer_1_PM.c **** *  void
 103:Generated_Source\PSoC5/Timer_1_PM.c **** *
 104:Generated_Source\PSoC5/Timer_1_PM.c **** * Return:
 105:Generated_Source\PSoC5/Timer_1_PM.c **** *  void
 106:Generated_Source\PSoC5/Timer_1_PM.c **** *
 107:Generated_Source\PSoC5/Timer_1_PM.c **** * Global variables:
 108:Generated_Source\PSoC5/Timer_1_PM.c **** *  Timer_1_backup.TimerEnableState:  Is modified depending on the
 109:Generated_Source\PSoC5/Timer_1_PM.c **** *  enable state of the block before entering sleep mode.
 110:Generated_Source\PSoC5/Timer_1_PM.c **** *
 111:Generated_Source\PSoC5/Timer_1_PM.c **** *******************************************************************************/
ARM GAS  C:\Users\pearlstl\AppData\Local\Temp\ccTs6Wqx.s 			page 4


 112:Generated_Source\PSoC5/Timer_1_PM.c **** void Timer_1_Sleep(void) 
 113:Generated_Source\PSoC5/Timer_1_PM.c **** {
  61              		.loc 1 113 0
  62              		.cfi_startproc
  63              		@ args = 0, pretend = 0, frame = 0
  64              		@ frame_needed = 0, uses_anonymous_args = 0
  65              		@ link register save eliminated.
 114:Generated_Source\PSoC5/Timer_1_PM.c ****     #if(!Timer_1_UDB_CONTROL_REG_REMOVED)
 115:Generated_Source\PSoC5/Timer_1_PM.c ****         /* Save Counter's enable state */
 116:Generated_Source\PSoC5/Timer_1_PM.c ****         if(Timer_1_CTRL_ENABLE == (Timer_1_CONTROL & Timer_1_CTRL_ENABLE))
  66              		.loc 1 116 0
  67 0000 034B     		ldr	r3, .L4
  68 0002 044A     		ldr	r2, .L4+4
  69 0004 1B78     		ldrb	r3, [r3]	@ zero_extendqisi2
  70 0006 03F00103 		and	r3, r3, #1
  71 000a 1370     		strb	r3, [r2]
 117:Generated_Source\PSoC5/Timer_1_PM.c ****         {
 118:Generated_Source\PSoC5/Timer_1_PM.c ****             /* Timer is enabled */
 119:Generated_Source\PSoC5/Timer_1_PM.c ****             Timer_1_backup.TimerEnableState = 1u;
 120:Generated_Source\PSoC5/Timer_1_PM.c ****         }
 121:Generated_Source\PSoC5/Timer_1_PM.c ****         else
 122:Generated_Source\PSoC5/Timer_1_PM.c ****         {
 123:Generated_Source\PSoC5/Timer_1_PM.c ****             /* Timer is disabled */
 124:Generated_Source\PSoC5/Timer_1_PM.c ****             Timer_1_backup.TimerEnableState = 0u;
 125:Generated_Source\PSoC5/Timer_1_PM.c ****         }
 126:Generated_Source\PSoC5/Timer_1_PM.c ****     #endif /* Back up enable state from the Timer control register */
 127:Generated_Source\PSoC5/Timer_1_PM.c ****     Timer_1_Stop();
  72              		.loc 1 127 0
  73 000c FFF7FEBF 		b	Timer_1_Stop
  74              	.LVL0:
  75              	.L5:
  76              		.align	2
  77              	.L4:
  78 0010 004F0040 		.word	1073762048
  79 0014 00000000 		.word	.LANCHOR0
  80              		.cfi_endproc
  81              	.LFE2:
  82              		.size	Timer_1_Sleep, .-Timer_1_Sleep
  83              		.section	.text.Timer_1_Wakeup,"ax",%progbits
  84              		.align	2
  85              		.global	Timer_1_Wakeup
  86              		.thumb
  87              		.thumb_func
  88              		.type	Timer_1_Wakeup, %function
  89              	Timer_1_Wakeup:
  90              	.LFB3:
 128:Generated_Source\PSoC5/Timer_1_PM.c ****     Timer_1_SaveConfig();
 129:Generated_Source\PSoC5/Timer_1_PM.c **** }
 130:Generated_Source\PSoC5/Timer_1_PM.c **** 
 131:Generated_Source\PSoC5/Timer_1_PM.c **** 
 132:Generated_Source\PSoC5/Timer_1_PM.c **** /*******************************************************************************
 133:Generated_Source\PSoC5/Timer_1_PM.c **** * Function Name: Timer_1_Wakeup
 134:Generated_Source\PSoC5/Timer_1_PM.c **** ********************************************************************************
 135:Generated_Source\PSoC5/Timer_1_PM.c **** *
 136:Generated_Source\PSoC5/Timer_1_PM.c **** * Summary:
 137:Generated_Source\PSoC5/Timer_1_PM.c **** *  Restores and enables the user configuration
 138:Generated_Source\PSoC5/Timer_1_PM.c **** *
ARM GAS  C:\Users\pearlstl\AppData\Local\Temp\ccTs6Wqx.s 			page 5


 139:Generated_Source\PSoC5/Timer_1_PM.c **** * Parameters:
 140:Generated_Source\PSoC5/Timer_1_PM.c **** *  void
 141:Generated_Source\PSoC5/Timer_1_PM.c **** *
 142:Generated_Source\PSoC5/Timer_1_PM.c **** * Return:
 143:Generated_Source\PSoC5/Timer_1_PM.c **** *  void
 144:Generated_Source\PSoC5/Timer_1_PM.c **** *
 145:Generated_Source\PSoC5/Timer_1_PM.c **** * Global variables:
 146:Generated_Source\PSoC5/Timer_1_PM.c **** *  Timer_1_backup.enableState:  Is used to restore the enable state of
 147:Generated_Source\PSoC5/Timer_1_PM.c **** *  block on wakeup from sleep mode.
 148:Generated_Source\PSoC5/Timer_1_PM.c **** *
 149:Generated_Source\PSoC5/Timer_1_PM.c **** *******************************************************************************/
 150:Generated_Source\PSoC5/Timer_1_PM.c **** void Timer_1_Wakeup(void) 
 151:Generated_Source\PSoC5/Timer_1_PM.c **** {
  91              		.loc 1 151 0
  92              		.cfi_startproc
  93              		@ args = 0, pretend = 0, frame = 0
  94              		@ frame_needed = 0, uses_anonymous_args = 0
  95              		@ link register save eliminated.
 152:Generated_Source\PSoC5/Timer_1_PM.c ****     Timer_1_RestoreConfig();
 153:Generated_Source\PSoC5/Timer_1_PM.c ****     #if(!Timer_1_UDB_CONTROL_REG_REMOVED)
 154:Generated_Source\PSoC5/Timer_1_PM.c ****         if(Timer_1_backup.TimerEnableState == 1u)
  96              		.loc 1 154 0
  97 0000 034B     		ldr	r3, .L10
  98 0002 1B78     		ldrb	r3, [r3]	@ zero_extendqisi2
  99 0004 012B     		cmp	r3, #1
 100 0006 00D0     		beq	.L9
 101 0008 7047     		bx	lr
 102              	.L9:
 155:Generated_Source\PSoC5/Timer_1_PM.c ****         {     /* Enable Timer's operation */
 156:Generated_Source\PSoC5/Timer_1_PM.c ****                 Timer_1_Enable();
 103              		.loc 1 156 0
 104 000a FFF7FEBF 		b	Timer_1_Enable
 105              	.LVL1:
 106              	.L11:
 107 000e 00BF     		.align	2
 108              	.L10:
 109 0010 00000000 		.word	.LANCHOR0
 110              		.cfi_endproc
 111              	.LFE3:
 112              		.size	Timer_1_Wakeup, .-Timer_1_Wakeup
 113              		.bss
 114              		.align	2
 115              		.set	.LANCHOR0,. + 0
 116              		.type	Timer_1_backup, %object
 117              		.size	Timer_1_backup, 1
 118              	Timer_1_backup:
 119 0000 00       		.space	1
 120              		.text
 121              	.Letext0:
 122              		.file 2 "Generated_Source\\PSoC5\\cytypes.h"
 123              		.file 3 "Generated_Source\\PSoC5\\Timer_1.h"
 124              		.section	.debug_info,"",%progbits
 125              	.Ldebug_info0:
 126 0000 4C010000 		.4byte	0x14c
 127 0004 0400     		.2byte	0x4
 128 0006 00000000 		.4byte	.Ldebug_abbrev0
 129 000a 04       		.byte	0x4
ARM GAS  C:\Users\pearlstl\AppData\Local\Temp\ccTs6Wqx.s 			page 6


 130 000b 01       		.uleb128 0x1
 131 000c CF010000 		.4byte	.LASF23
 132 0010 0C       		.byte	0xc
 133 0011 65000000 		.4byte	.LASF24
 134 0015 CA000000 		.4byte	.LASF25
 135 0019 00000000 		.4byte	.Ldebug_ranges0+0
 136 001d 00000000 		.4byte	0
 137 0021 00000000 		.4byte	.Ldebug_line0
 138 0025 02       		.uleb128 0x2
 139 0026 01       		.byte	0x1
 140 0027 06       		.byte	0x6
 141 0028 84010000 		.4byte	.LASF0
 142 002c 02       		.uleb128 0x2
 143 002d 01       		.byte	0x1
 144 002e 08       		.byte	0x8
 145 002f 90010000 		.4byte	.LASF1
 146 0033 02       		.uleb128 0x2
 147 0034 02       		.byte	0x2
 148 0035 05       		.byte	0x5
 149 0036 C0010000 		.4byte	.LASF2
 150 003a 02       		.uleb128 0x2
 151 003b 02       		.byte	0x2
 152 003c 07       		.byte	0x7
 153 003d 71010000 		.4byte	.LASF3
 154 0041 02       		.uleb128 0x2
 155 0042 04       		.byte	0x4
 156 0043 05       		.byte	0x5
 157 0044 52010000 		.4byte	.LASF4
 158 0048 02       		.uleb128 0x2
 159 0049 04       		.byte	0x4
 160 004a 07       		.byte	0x7
 161 004b 53000000 		.4byte	.LASF5
 162 004f 02       		.uleb128 0x2
 163 0050 08       		.byte	0x8
 164 0051 05       		.byte	0x5
 165 0052 00000000 		.4byte	.LASF6
 166 0056 02       		.uleb128 0x2
 167 0057 08       		.byte	0x8
 168 0058 07       		.byte	0x7
 169 0059 89000000 		.4byte	.LASF7
 170 005d 03       		.uleb128 0x3
 171 005e 04       		.byte	0x4
 172 005f 05       		.byte	0x5
 173 0060 696E7400 		.ascii	"int\000"
 174 0064 02       		.uleb128 0x2
 175 0065 04       		.byte	0x4
 176 0066 07       		.byte	0x7
 177 0067 0E000000 		.4byte	.LASF8
 178 006b 04       		.uleb128 0x4
 179 006c 4D000000 		.4byte	.LASF12
 180 0070 02       		.byte	0x2
 181 0071 9201     		.2byte	0x192
 182 0073 2C000000 		.4byte	0x2c
 183 0077 02       		.uleb128 0x2
 184 0078 04       		.byte	0x4
 185 0079 04       		.byte	0x4
 186 007a A0000000 		.4byte	.LASF9
ARM GAS  C:\Users\pearlstl\AppData\Local\Temp\ccTs6Wqx.s 			page 7


 187 007e 02       		.uleb128 0x2
 188 007f 08       		.byte	0x8
 189 0080 04       		.byte	0x4
 190 0081 5B010000 		.4byte	.LASF10
 191 0085 02       		.uleb128 0x2
 192 0086 01       		.byte	0x1
 193 0087 08       		.byte	0x8
 194 0088 4D010000 		.4byte	.LASF11
 195 008c 04       		.uleb128 0x4
 196 008d CA010000 		.4byte	.LASF13
 197 0091 02       		.byte	0x2
 198 0092 3C02     		.2byte	0x23c
 199 0094 98000000 		.4byte	0x98
 200 0098 05       		.uleb128 0x5
 201 0099 6B000000 		.4byte	0x6b
 202 009d 02       		.uleb128 0x2
 203 009e 08       		.byte	0x8
 204 009f 04       		.byte	0x4
 205 00a0 9E010000 		.4byte	.LASF14
 206 00a4 02       		.uleb128 0x2
 207 00a5 04       		.byte	0x4
 208 00a6 07       		.byte	0x7
 209 00a7 5D020000 		.4byte	.LASF15
 210 00ab 06       		.uleb128 0x6
 211 00ac 01       		.byte	0x1
 212 00ad 03       		.byte	0x3
 213 00ae 43       		.byte	0x43
 214 00af C0000000 		.4byte	0xc0
 215 00b3 07       		.uleb128 0x7
 216 00b4 A6000000 		.4byte	.LASF26
 217 00b8 03       		.byte	0x3
 218 00b9 45       		.byte	0x45
 219 00ba 6B000000 		.4byte	0x6b
 220 00be 00       		.byte	0
 221 00bf 00       		.byte	0
 222 00c0 08       		.uleb128 0x8
 223 00c1 1B000000 		.4byte	.LASF16
 224 00c5 03       		.byte	0x3
 225 00c6 53       		.byte	0x53
 226 00c7 AB000000 		.4byte	0xab
 227 00cb 09       		.uleb128 0x9
 228 00cc B7000000 		.4byte	.LASF17
 229 00d0 01       		.byte	0x1
 230 00d1 2B       		.byte	0x2b
 231 00d2 01       		.byte	0x1
 232 00d3 09       		.uleb128 0x9
 233 00d4 AA010000 		.4byte	.LASF18
 234 00d8 01       		.byte	0x1
 235 00d9 4D       		.byte	0x4d
 236 00da 01       		.byte	0x1
 237 00db 0A       		.uleb128 0xa
 238 00dc D3000000 		.4byte	0xd3
 239 00e0 00000000 		.4byte	.LFB1
 240 00e4 02000000 		.4byte	.LFE1-.LFB1
 241 00e8 01       		.uleb128 0x1
 242 00e9 9C       		.byte	0x9c
 243 00ea 0B       		.uleb128 0xb
ARM GAS  C:\Users\pearlstl\AppData\Local\Temp\ccTs6Wqx.s 			page 8


 244 00eb 30000000 		.4byte	.LASF19
 245 00ef 01       		.byte	0x1
 246 00f0 70       		.byte	0x70
 247 00f1 00000000 		.4byte	.LFB2
 248 00f5 18000000 		.4byte	.LFE2-.LFB2
 249 00f9 01       		.uleb128 0x1
 250 00fa 9C       		.byte	0x9c
 251 00fb 09010000 		.4byte	0x109
 252 00ff 0C       		.uleb128 0xc
 253 0100 10000000 		.4byte	.LVL0
 254 0104 39010000 		.4byte	0x139
 255 0108 00       		.byte	0
 256 0109 0B       		.uleb128 0xb
 257 010a 31010000 		.4byte	.LASF20
 258 010e 01       		.byte	0x1
 259 010f 96       		.byte	0x96
 260 0110 00000000 		.4byte	.LFB3
 261 0114 14000000 		.4byte	.LFE3-.LFB3
 262 0118 01       		.uleb128 0x1
 263 0119 9C       		.byte	0x9c
 264 011a 28010000 		.4byte	0x128
 265 011e 0C       		.uleb128 0xc
 266 011f 0E000000 		.4byte	.LVL1
 267 0123 44010000 		.4byte	0x144
 268 0127 00       		.byte	0
 269 0128 0D       		.uleb128 0xd
 270 0129 3E000000 		.4byte	.LASF27
 271 012d 01       		.byte	0x1
 272 012e 15       		.byte	0x15
 273 012f C0000000 		.4byte	0xc0
 274 0133 05       		.uleb128 0x5
 275 0134 03       		.byte	0x3
 276 0135 00000000 		.4byte	Timer_1_backup
 277 0139 0E       		.uleb128 0xe
 278 013a 40010000 		.4byte	.LASF21
 279 013e 40010000 		.4byte	.LASF21
 280 0142 03       		.byte	0x3
 281 0143 5B       		.byte	0x5b
 282 0144 0E       		.uleb128 0xe
 283 0145 62010000 		.4byte	.LASF22
 284 0149 62010000 		.4byte	.LASF22
 285 014d 03       		.byte	0x3
 286 014e 8B       		.byte	0x8b
 287 014f 00       		.byte	0
 288              		.section	.debug_abbrev,"",%progbits
 289              	.Ldebug_abbrev0:
 290 0000 01       		.uleb128 0x1
 291 0001 11       		.uleb128 0x11
 292 0002 01       		.byte	0x1
 293 0003 25       		.uleb128 0x25
 294 0004 0E       		.uleb128 0xe
 295 0005 13       		.uleb128 0x13
 296 0006 0B       		.uleb128 0xb
 297 0007 03       		.uleb128 0x3
 298 0008 0E       		.uleb128 0xe
 299 0009 1B       		.uleb128 0x1b
 300 000a 0E       		.uleb128 0xe
ARM GAS  C:\Users\pearlstl\AppData\Local\Temp\ccTs6Wqx.s 			page 9


 301 000b 55       		.uleb128 0x55
 302 000c 17       		.uleb128 0x17
 303 000d 11       		.uleb128 0x11
 304 000e 01       		.uleb128 0x1
 305 000f 10       		.uleb128 0x10
 306 0010 17       		.uleb128 0x17
 307 0011 00       		.byte	0
 308 0012 00       		.byte	0
 309 0013 02       		.uleb128 0x2
 310 0014 24       		.uleb128 0x24
 311 0015 00       		.byte	0
 312 0016 0B       		.uleb128 0xb
 313 0017 0B       		.uleb128 0xb
 314 0018 3E       		.uleb128 0x3e
 315 0019 0B       		.uleb128 0xb
 316 001a 03       		.uleb128 0x3
 317 001b 0E       		.uleb128 0xe
 318 001c 00       		.byte	0
 319 001d 00       		.byte	0
 320 001e 03       		.uleb128 0x3
 321 001f 24       		.uleb128 0x24
 322 0020 00       		.byte	0
 323 0021 0B       		.uleb128 0xb
 324 0022 0B       		.uleb128 0xb
 325 0023 3E       		.uleb128 0x3e
 326 0024 0B       		.uleb128 0xb
 327 0025 03       		.uleb128 0x3
 328 0026 08       		.uleb128 0x8
 329 0027 00       		.byte	0
 330 0028 00       		.byte	0
 331 0029 04       		.uleb128 0x4
 332 002a 16       		.uleb128 0x16
 333 002b 00       		.byte	0
 334 002c 03       		.uleb128 0x3
 335 002d 0E       		.uleb128 0xe
 336 002e 3A       		.uleb128 0x3a
 337 002f 0B       		.uleb128 0xb
 338 0030 3B       		.uleb128 0x3b
 339 0031 05       		.uleb128 0x5
 340 0032 49       		.uleb128 0x49
 341 0033 13       		.uleb128 0x13
 342 0034 00       		.byte	0
 343 0035 00       		.byte	0
 344 0036 05       		.uleb128 0x5
 345 0037 35       		.uleb128 0x35
 346 0038 00       		.byte	0
 347 0039 49       		.uleb128 0x49
 348 003a 13       		.uleb128 0x13
 349 003b 00       		.byte	0
 350 003c 00       		.byte	0
 351 003d 06       		.uleb128 0x6
 352 003e 13       		.uleb128 0x13
 353 003f 01       		.byte	0x1
 354 0040 0B       		.uleb128 0xb
 355 0041 0B       		.uleb128 0xb
 356 0042 3A       		.uleb128 0x3a
 357 0043 0B       		.uleb128 0xb
ARM GAS  C:\Users\pearlstl\AppData\Local\Temp\ccTs6Wqx.s 			page 10


 358 0044 3B       		.uleb128 0x3b
 359 0045 0B       		.uleb128 0xb
 360 0046 01       		.uleb128 0x1
 361 0047 13       		.uleb128 0x13
 362 0048 00       		.byte	0
 363 0049 00       		.byte	0
 364 004a 07       		.uleb128 0x7
 365 004b 0D       		.uleb128 0xd
 366 004c 00       		.byte	0
 367 004d 03       		.uleb128 0x3
 368 004e 0E       		.uleb128 0xe
 369 004f 3A       		.uleb128 0x3a
 370 0050 0B       		.uleb128 0xb
 371 0051 3B       		.uleb128 0x3b
 372 0052 0B       		.uleb128 0xb
 373 0053 49       		.uleb128 0x49
 374 0054 13       		.uleb128 0x13
 375 0055 38       		.uleb128 0x38
 376 0056 0B       		.uleb128 0xb
 377 0057 00       		.byte	0
 378 0058 00       		.byte	0
 379 0059 08       		.uleb128 0x8
 380 005a 16       		.uleb128 0x16
 381 005b 00       		.byte	0
 382 005c 03       		.uleb128 0x3
 383 005d 0E       		.uleb128 0xe
 384 005e 3A       		.uleb128 0x3a
 385 005f 0B       		.uleb128 0xb
 386 0060 3B       		.uleb128 0x3b
 387 0061 0B       		.uleb128 0xb
 388 0062 49       		.uleb128 0x49
 389 0063 13       		.uleb128 0x13
 390 0064 00       		.byte	0
 391 0065 00       		.byte	0
 392 0066 09       		.uleb128 0x9
 393 0067 2E       		.uleb128 0x2e
 394 0068 00       		.byte	0
 395 0069 3F       		.uleb128 0x3f
 396 006a 19       		.uleb128 0x19
 397 006b 03       		.uleb128 0x3
 398 006c 0E       		.uleb128 0xe
 399 006d 3A       		.uleb128 0x3a
 400 006e 0B       		.uleb128 0xb
 401 006f 3B       		.uleb128 0x3b
 402 0070 0B       		.uleb128 0xb
 403 0071 27       		.uleb128 0x27
 404 0072 19       		.uleb128 0x19
 405 0073 20       		.uleb128 0x20
 406 0074 0B       		.uleb128 0xb
 407 0075 00       		.byte	0
 408 0076 00       		.byte	0
 409 0077 0A       		.uleb128 0xa
 410 0078 2E       		.uleb128 0x2e
 411 0079 00       		.byte	0
 412 007a 31       		.uleb128 0x31
 413 007b 13       		.uleb128 0x13
 414 007c 11       		.uleb128 0x11
ARM GAS  C:\Users\pearlstl\AppData\Local\Temp\ccTs6Wqx.s 			page 11


 415 007d 01       		.uleb128 0x1
 416 007e 12       		.uleb128 0x12
 417 007f 06       		.uleb128 0x6
 418 0080 40       		.uleb128 0x40
 419 0081 18       		.uleb128 0x18
 420 0082 9742     		.uleb128 0x2117
 421 0084 19       		.uleb128 0x19
 422 0085 00       		.byte	0
 423 0086 00       		.byte	0
 424 0087 0B       		.uleb128 0xb
 425 0088 2E       		.uleb128 0x2e
 426 0089 01       		.byte	0x1
 427 008a 3F       		.uleb128 0x3f
 428 008b 19       		.uleb128 0x19
 429 008c 03       		.uleb128 0x3
 430 008d 0E       		.uleb128 0xe
 431 008e 3A       		.uleb128 0x3a
 432 008f 0B       		.uleb128 0xb
 433 0090 3B       		.uleb128 0x3b
 434 0091 0B       		.uleb128 0xb
 435 0092 27       		.uleb128 0x27
 436 0093 19       		.uleb128 0x19
 437 0094 11       		.uleb128 0x11
 438 0095 01       		.uleb128 0x1
 439 0096 12       		.uleb128 0x12
 440 0097 06       		.uleb128 0x6
 441 0098 40       		.uleb128 0x40
 442 0099 18       		.uleb128 0x18
 443 009a 9742     		.uleb128 0x2117
 444 009c 19       		.uleb128 0x19
 445 009d 01       		.uleb128 0x1
 446 009e 13       		.uleb128 0x13
 447 009f 00       		.byte	0
 448 00a0 00       		.byte	0
 449 00a1 0C       		.uleb128 0xc
 450 00a2 898201   		.uleb128 0x4109
 451 00a5 00       		.byte	0
 452 00a6 11       		.uleb128 0x11
 453 00a7 01       		.uleb128 0x1
 454 00a8 9542     		.uleb128 0x2115
 455 00aa 19       		.uleb128 0x19
 456 00ab 31       		.uleb128 0x31
 457 00ac 13       		.uleb128 0x13
 458 00ad 00       		.byte	0
 459 00ae 00       		.byte	0
 460 00af 0D       		.uleb128 0xd
 461 00b0 34       		.uleb128 0x34
 462 00b1 00       		.byte	0
 463 00b2 03       		.uleb128 0x3
 464 00b3 0E       		.uleb128 0xe
 465 00b4 3A       		.uleb128 0x3a
 466 00b5 0B       		.uleb128 0xb
 467 00b6 3B       		.uleb128 0x3b
 468 00b7 0B       		.uleb128 0xb
 469 00b8 49       		.uleb128 0x49
 470 00b9 13       		.uleb128 0x13
 471 00ba 02       		.uleb128 0x2
ARM GAS  C:\Users\pearlstl\AppData\Local\Temp\ccTs6Wqx.s 			page 12


 472 00bb 18       		.uleb128 0x18
 473 00bc 00       		.byte	0
 474 00bd 00       		.byte	0
 475 00be 0E       		.uleb128 0xe
 476 00bf 2E       		.uleb128 0x2e
 477 00c0 00       		.byte	0
 478 00c1 3F       		.uleb128 0x3f
 479 00c2 19       		.uleb128 0x19
 480 00c3 3C       		.uleb128 0x3c
 481 00c4 19       		.uleb128 0x19
 482 00c5 6E       		.uleb128 0x6e
 483 00c6 0E       		.uleb128 0xe
 484 00c7 03       		.uleb128 0x3
 485 00c8 0E       		.uleb128 0xe
 486 00c9 3A       		.uleb128 0x3a
 487 00ca 0B       		.uleb128 0xb
 488 00cb 3B       		.uleb128 0x3b
 489 00cc 0B       		.uleb128 0xb
 490 00cd 00       		.byte	0
 491 00ce 00       		.byte	0
 492 00cf 00       		.byte	0
 493              		.section	.debug_aranges,"",%progbits
 494 0000 2C000000 		.4byte	0x2c
 495 0004 0200     		.2byte	0x2
 496 0006 00000000 		.4byte	.Ldebug_info0
 497 000a 04       		.byte	0x4
 498 000b 00       		.byte	0
 499 000c 0000     		.2byte	0
 500 000e 0000     		.2byte	0
 501 0010 00000000 		.4byte	.LFB1
 502 0014 02000000 		.4byte	.LFE1-.LFB1
 503 0018 00000000 		.4byte	.LFB2
 504 001c 18000000 		.4byte	.LFE2-.LFB2
 505 0020 00000000 		.4byte	.LFB3
 506 0024 14000000 		.4byte	.LFE3-.LFB3
 507 0028 00000000 		.4byte	0
 508 002c 00000000 		.4byte	0
 509              		.section	.debug_ranges,"",%progbits
 510              	.Ldebug_ranges0:
 511 0000 00000000 		.4byte	.LFB1
 512 0004 02000000 		.4byte	.LFE1
 513 0008 00000000 		.4byte	.LFB2
 514 000c 18000000 		.4byte	.LFE2
 515 0010 00000000 		.4byte	.LFB3
 516 0014 14000000 		.4byte	.LFE3
 517 0018 00000000 		.4byte	0
 518 001c 00000000 		.4byte	0
 519              		.section	.debug_line,"",%progbits
 520              	.Ldebug_line0:
 521 0000 90000000 		.section	.debug_str,"MS",%progbits,1
 521      02005400 
 521      00000201 
 521      FB0E0D00 
 521      01010101 
 522              	.LASF6:
 523 0000 6C6F6E67 		.ascii	"long long int\000"
 523      206C6F6E 
ARM GAS  C:\Users\pearlstl\AppData\Local\Temp\ccTs6Wqx.s 			page 13


 523      6720696E 
 523      7400
 524              	.LASF8:
 525 000e 756E7369 		.ascii	"unsigned int\000"
 525      676E6564 
 525      20696E74 
 525      00
 526              	.LASF16:
 527 001b 54696D65 		.ascii	"Timer_1_backupStruct\000"
 527      725F315F 
 527      6261636B 
 527      75705374 
 527      72756374 
 528              	.LASF19:
 529 0030 54696D65 		.ascii	"Timer_1_Sleep\000"
 529      725F315F 
 529      536C6565 
 529      7000
 530              	.LASF27:
 531 003e 54696D65 		.ascii	"Timer_1_backup\000"
 531      725F315F 
 531      6261636B 
 531      757000
 532              	.LASF12:
 533 004d 75696E74 		.ascii	"uint8\000"
 533      3800
 534              	.LASF5:
 535 0053 6C6F6E67 		.ascii	"long unsigned int\000"
 535      20756E73 
 535      69676E65 
 535      6420696E 
 535      7400
 536              	.LASF24:
 537 0065 47656E65 		.ascii	"Generated_Source\\PSoC5\\Timer_1_PM.c\000"
 537      72617465 
 537      645F536F 
 537      75726365 
 537      5C50536F 
 538              	.LASF7:
 539 0089 6C6F6E67 		.ascii	"long long unsigned int\000"
 539      206C6F6E 
 539      6720756E 
 539      7369676E 
 539      65642069 
 540              	.LASF9:
 541 00a0 666C6F61 		.ascii	"float\000"
 541      7400
 542              	.LASF26:
 543 00a6 54696D65 		.ascii	"TimerEnableState\000"
 543      72456E61 
 543      626C6553 
 543      74617465 
 543      00
 544              	.LASF17:
 545 00b7 54696D65 		.ascii	"Timer_1_SaveConfig\000"
 545      725F315F 
 545      53617665 
ARM GAS  C:\Users\pearlstl\AppData\Local\Temp\ccTs6Wqx.s 			page 14


 545      436F6E66 
 545      696700
 546              	.LASF25:
 547 00ca 433A5C55 		.ascii	"C:\\Users\\pearlstl\\Documents\\PSoC Creator\\fa19_"
 547      73657273 
 547      5C706561 
 547      726C7374 
 547      6C5C446F 
 548 00f8 66697865 		.ascii	"fixed_point_oscillator\\fa19_fixed_point_oscillator"
 548      645F706F 
 548      696E745F 
 548      6F736369 
 548      6C6C6174 
 549 012a 2E637964 		.ascii	".cydsn\000"
 549      736E00
 550              	.LASF20:
 551 0131 54696D65 		.ascii	"Timer_1_Wakeup\000"
 551      725F315F 
 551      57616B65 
 551      757000
 552              	.LASF21:
 553 0140 54696D65 		.ascii	"Timer_1_Stop\000"
 553      725F315F 
 553      53746F70 
 553      00
 554              	.LASF11:
 555 014d 63686172 		.ascii	"char\000"
 555      00
 556              	.LASF4:
 557 0152 6C6F6E67 		.ascii	"long int\000"
 557      20696E74 
 557      00
 558              	.LASF10:
 559 015b 646F7562 		.ascii	"double\000"
 559      6C6500
 560              	.LASF22:
 561 0162 54696D65 		.ascii	"Timer_1_Enable\000"
 561      725F315F 
 561      456E6162 
 561      6C6500
 562              	.LASF3:
 563 0171 73686F72 		.ascii	"short unsigned int\000"
 563      7420756E 
 563      7369676E 
 563      65642069 
 563      6E7400
 564              	.LASF0:
 565 0184 7369676E 		.ascii	"signed char\000"
 565      65642063 
 565      68617200 
 566              	.LASF1:
 567 0190 756E7369 		.ascii	"unsigned char\000"
 567      676E6564 
 567      20636861 
 567      7200
 568              	.LASF14:
 569 019e 6C6F6E67 		.ascii	"long double\000"
ARM GAS  C:\Users\pearlstl\AppData\Local\Temp\ccTs6Wqx.s 			page 15


 569      20646F75 
 569      626C6500 
 570              	.LASF18:
 571 01aa 54696D65 		.ascii	"Timer_1_RestoreConfig\000"
 571      725F315F 
 571      52657374 
 571      6F726543 
 571      6F6E6669 
 572              	.LASF2:
 573 01c0 73686F72 		.ascii	"short int\000"
 573      7420696E 
 573      7400
 574              	.LASF13:
 575 01ca 72656738 		.ascii	"reg8\000"
 575      00
 576              	.LASF23:
 577 01cf 474E5520 		.ascii	"GNU C11 5.4.1 20160609 (release) [ARM/embedded-5-br"
 577      43313120 
 577      352E342E 
 577      31203230 
 577      31363036 
 578 0202 616E6368 		.ascii	"anch revision 237715] -mcpu=cortex-m3 -mthumb -g -O"
 578      20726576 
 578      6973696F 
 578      6E203233 
 578      37373135 
 579 0235 33202D66 		.ascii	"3 -ffunction-sections -ffat-lto-objects\000"
 579      66756E63 
 579      74696F6E 
 579      2D736563 
 579      74696F6E 
 580              	.LASF15:
 581 025d 73697A65 		.ascii	"sizetype\000"
 581      74797065 
 581      00
 582              		.ident	"GCC: (GNU Tools for ARM Embedded Processors) 5.4.1 20160609 (release) [ARM/embedded-5-bran
