ARM GAS  C:\Users\sinow\AppData\Local\Temp\ccRYyQs2.s 			page 1


   1              		.syntax unified
   2              		.cpu cortex-m3
   3              		.fpu softvfp
   4              		.eabi_attribute 20, 1
   5              		.eabi_attribute 21, 1
   6              		.eabi_attribute 23, 3
   7              		.eabi_attribute 24, 1
   8              		.eabi_attribute 25, 1
   9              		.eabi_attribute 26, 1
  10              		.eabi_attribute 30, 1
  11              		.eabi_attribute 34, 1
  12              		.eabi_attribute 18, 4
  13              		.thumb
  14              		.syntax unified
  15              		.file	"main.c"
  16              		.text
  17              	.Ltext0:
  18              		.cfi_sections	.debug_frame
  19              		.section	.text.main,"ax",%progbits
  20              		.align	2
  21              		.global	main
  22              		.thumb
  23              		.thumb_func
  24              		.type	main, %function
  25              	main:
  26              	.LFB63:
  27              		.file 1 "main.c"
   1:main.c        **** /* ========================================
   2:main.c        ****  *
   3:main.c        ****  * Copyright YOUR COMPANY, THE YEAR
   4:main.c        ****  * All Rights Reserved
   5:main.c        ****  * UNPUBLISHED, LICENSED SOFTWARE.
   6:main.c        ****  *
   7:main.c        ****  * CONFIDENTIAL AND PROPRIETARY INFORMATION
   8:main.c        ****  * WHICH IS THE PROPERTY OF your company.
   9:main.c        ****  *
  10:main.c        ****  * ========================================
  11:main.c        **** */
  12:main.c        **** #include "project.h"
  13:main.c        **** 
  14:main.c        **** int main(void)
  15:main.c        **** {
  28              		.loc 1 15 0
  29              		.cfi_startproc
  30              		@ Volatile: function does not return.
  31              		@ args = 0, pretend = 0, frame = 0
  32              		@ frame_needed = 0, uses_anonymous_args = 0
  33 0000 08B5     		push	{r3, lr}
  34              		.cfi_def_cfa_offset 8
  35              		.cfi_offset 3, -8
  36              		.cfi_offset 14, -4
  16:main.c        ****     CyGlobalIntEnable; /* Enable global interrupts. */
  37              		.loc 1 16 0
  38              		.syntax unified
  39              	@ 16 "main.c" 1
  40 0002 62B6     		CPSIE   i
  41              	@ 0 "" 2
ARM GAS  C:\Users\sinow\AppData\Local\Temp\ccRYyQs2.s 			page 2


  42              		.thumb
  43              		.syntax unified
  44              	.L2:
  17:main.c        **** 
  18:main.c        ****     /* Place your initialization/startup code here (e.g. MyInst_Start()) */
  19:main.c        **** 
  20:main.c        ****     for(;;)
  21:main.c        ****     {
  22:main.c        ****         Pin_1_Write(1);
  45              		.loc 1 22 0 discriminator 1
  46 0004 0120     		movs	r0, #1
  47 0006 FFF7FEFF 		bl	Pin_1_Write
  48              	.LVL0:
  23:main.c        ****         Pin_1_Write(0);
  49              		.loc 1 23 0 discriminator 1
  50 000a 0020     		movs	r0, #0
  51 000c FFF7FEFF 		bl	Pin_1_Write
  52              	.LVL1:
  53 0010 F8E7     		b	.L2
  54              		.cfi_endproc
  55              	.LFE63:
  56              		.size	main, .-main
  57 0012 00BF     		.text
  58              	.Letext0:
  59              		.file 2 "c:\\program files (x86)\\cypress\\psoc creator\\4.2\\psoc creator\\import\\gnu\\arm\\5.4.
  60              		.file 3 "c:\\program files (x86)\\cypress\\psoc creator\\4.2\\psoc creator\\import\\gnu\\arm\\5.4.
  61              		.file 4 "Generated_Source\\PSoC5/core_cm3.h"
  62              		.file 5 "Generated_Source\\PSoC5/Pin_1.h"
  63              		.section	.debug_info,"",%progbits
  64              	.Ldebug_info0:
  65 0000 F9000000 		.4byte	0xf9
  66 0004 0400     		.2byte	0x4
  67 0006 00000000 		.4byte	.Ldebug_abbrev0
  68 000a 04       		.byte	0x4
  69 000b 01       		.uleb128 0x1
  70 000c 48000000 		.4byte	.LASF16
  71 0010 0C       		.byte	0xc
  72 0011 3C000000 		.4byte	.LASF17
  73 0015 20010000 		.4byte	.LASF18
  74 0019 00000000 		.4byte	.Ldebug_ranges0+0
  75 001d 00000000 		.4byte	0
  76 0021 00000000 		.4byte	.Ldebug_line0
  77 0025 02       		.uleb128 0x2
  78 0026 01       		.byte	0x1
  79 0027 06       		.byte	0x6
  80 0028 73010000 		.4byte	.LASF0
  81 002c 02       		.uleb128 0x2
  82 002d 01       		.byte	0x1
  83 002e 08       		.byte	0x8
  84 002f 2E000000 		.4byte	.LASF1
  85 0033 02       		.uleb128 0x2
  86 0034 02       		.byte	0x2
  87 0035 05       		.byte	0x5
  88 0036 9B010000 		.4byte	.LASF2
  89 003a 02       		.uleb128 0x2
  90 003b 02       		.byte	0x2
  91 003c 07       		.byte	0x7
ARM GAS  C:\Users\sinow\AppData\Local\Temp\ccRYyQs2.s 			page 3


  92 003d 0E000000 		.4byte	.LASF3
  93 0041 03       		.uleb128 0x3
  94 0042 8B010000 		.4byte	.LASF9
  95 0046 02       		.byte	0x2
  96 0047 3F       		.byte	0x3f
  97 0048 4C000000 		.4byte	0x4c
  98 004c 02       		.uleb128 0x2
  99 004d 04       		.byte	0x4
 100 004e 05       		.byte	0x5
 101 004f 10010000 		.4byte	.LASF4
 102 0053 02       		.uleb128 0x2
 103 0054 04       		.byte	0x4
 104 0055 07       		.byte	0x7
 105 0056 D6000000 		.4byte	.LASF5
 106 005a 02       		.uleb128 0x2
 107 005b 08       		.byte	0x8
 108 005c 05       		.byte	0x5
 109 005d 00000000 		.4byte	.LASF6
 110 0061 02       		.uleb128 0x2
 111 0062 08       		.byte	0x8
 112 0063 07       		.byte	0x7
 113 0064 E8000000 		.4byte	.LASF7
 114 0068 04       		.uleb128 0x4
 115 0069 04       		.byte	0x4
 116 006a 05       		.byte	0x5
 117 006b 696E7400 		.ascii	"int\000"
 118 006f 02       		.uleb128 0x2
 119 0070 04       		.byte	0x4
 120 0071 07       		.byte	0x7
 121 0072 21000000 		.4byte	.LASF8
 122 0076 03       		.uleb128 0x3
 123 0077 A5010000 		.4byte	.LASF10
 124 007b 03       		.byte	0x3
 125 007c 2C       		.byte	0x2c
 126 007d 41000000 		.4byte	0x41
 127 0081 02       		.uleb128 0x2
 128 0082 04       		.byte	0x4
 129 0083 04       		.byte	0x4
 130 0084 95010000 		.4byte	.LASF11
 131 0088 02       		.uleb128 0x2
 132 0089 08       		.byte	0x8
 133 008a 04       		.byte	0x4
 134 008b 19010000 		.4byte	.LASF12
 135 008f 02       		.uleb128 0x2
 136 0090 01       		.byte	0x1
 137 0091 08       		.byte	0x8
 138 0092 0B010000 		.4byte	.LASF13
 139 0096 02       		.uleb128 0x2
 140 0097 04       		.byte	0x4
 141 0098 07       		.byte	0x7
 142 0099 AD010000 		.4byte	.LASF14
 143 009d 02       		.uleb128 0x2
 144 009e 08       		.byte	0x8
 145 009f 04       		.byte	0x4
 146 00a0 7F010000 		.4byte	.LASF15
 147 00a4 05       		.uleb128 0x5
 148 00a5 43000000 		.4byte	.LASF19
ARM GAS  C:\Users\sinow\AppData\Local\Temp\ccRYyQs2.s 			page 4


 149 00a9 01       		.byte	0x1
 150 00aa 0E       		.byte	0xe
 151 00ab 68000000 		.4byte	0x68
 152 00af 00000000 		.4byte	.LFB63
 153 00b3 12000000 		.4byte	.LFE63-.LFB63
 154 00b7 01       		.uleb128 0x1
 155 00b8 9C       		.byte	0x9c
 156 00b9 E0000000 		.4byte	0xe0
 157 00bd 06       		.uleb128 0x6
 158 00be 0A000000 		.4byte	.LVL0
 159 00c2 F1000000 		.4byte	0xf1
 160 00c6 D0000000 		.4byte	0xd0
 161 00ca 07       		.uleb128 0x7
 162 00cb 01       		.uleb128 0x1
 163 00cc 50       		.byte	0x50
 164 00cd 01       		.uleb128 0x1
 165 00ce 31       		.byte	0x31
 166 00cf 00       		.byte	0
 167 00d0 08       		.uleb128 0x8
 168 00d1 10000000 		.4byte	.LVL1
 169 00d5 F1000000 		.4byte	0xf1
 170 00d9 07       		.uleb128 0x7
 171 00da 01       		.uleb128 0x1
 172 00db 50       		.byte	0x50
 173 00dc 01       		.uleb128 0x1
 174 00dd 30       		.byte	0x30
 175 00de 00       		.byte	0
 176 00df 00       		.byte	0
 177 00e0 09       		.uleb128 0x9
 178 00e1 66010000 		.4byte	.LASF20
 179 00e5 04       		.byte	0x4
 180 00e6 1207     		.2byte	0x712
 181 00e8 EC000000 		.4byte	0xec
 182 00ec 0A       		.uleb128 0xa
 183 00ed 76000000 		.4byte	0x76
 184 00f1 0B       		.uleb128 0xb
 185 00f2 FF000000 		.4byte	.LASF21
 186 00f6 FF000000 		.4byte	.LASF21
 187 00fa 05       		.byte	0x5
 188 00fb 26       		.byte	0x26
 189 00fc 00       		.byte	0
 190              		.section	.debug_abbrev,"",%progbits
 191              	.Ldebug_abbrev0:
 192 0000 01       		.uleb128 0x1
 193 0001 11       		.uleb128 0x11
 194 0002 01       		.byte	0x1
 195 0003 25       		.uleb128 0x25
 196 0004 0E       		.uleb128 0xe
 197 0005 13       		.uleb128 0x13
 198 0006 0B       		.uleb128 0xb
 199 0007 03       		.uleb128 0x3
 200 0008 0E       		.uleb128 0xe
 201 0009 1B       		.uleb128 0x1b
 202 000a 0E       		.uleb128 0xe
 203 000b 55       		.uleb128 0x55
 204 000c 17       		.uleb128 0x17
 205 000d 11       		.uleb128 0x11
ARM GAS  C:\Users\sinow\AppData\Local\Temp\ccRYyQs2.s 			page 5


 206 000e 01       		.uleb128 0x1
 207 000f 10       		.uleb128 0x10
 208 0010 17       		.uleb128 0x17
 209 0011 00       		.byte	0
 210 0012 00       		.byte	0
 211 0013 02       		.uleb128 0x2
 212 0014 24       		.uleb128 0x24
 213 0015 00       		.byte	0
 214 0016 0B       		.uleb128 0xb
 215 0017 0B       		.uleb128 0xb
 216 0018 3E       		.uleb128 0x3e
 217 0019 0B       		.uleb128 0xb
 218 001a 03       		.uleb128 0x3
 219 001b 0E       		.uleb128 0xe
 220 001c 00       		.byte	0
 221 001d 00       		.byte	0
 222 001e 03       		.uleb128 0x3
 223 001f 16       		.uleb128 0x16
 224 0020 00       		.byte	0
 225 0021 03       		.uleb128 0x3
 226 0022 0E       		.uleb128 0xe
 227 0023 3A       		.uleb128 0x3a
 228 0024 0B       		.uleb128 0xb
 229 0025 3B       		.uleb128 0x3b
 230 0026 0B       		.uleb128 0xb
 231 0027 49       		.uleb128 0x49
 232 0028 13       		.uleb128 0x13
 233 0029 00       		.byte	0
 234 002a 00       		.byte	0
 235 002b 04       		.uleb128 0x4
 236 002c 24       		.uleb128 0x24
 237 002d 00       		.byte	0
 238 002e 0B       		.uleb128 0xb
 239 002f 0B       		.uleb128 0xb
 240 0030 3E       		.uleb128 0x3e
 241 0031 0B       		.uleb128 0xb
 242 0032 03       		.uleb128 0x3
 243 0033 08       		.uleb128 0x8
 244 0034 00       		.byte	0
 245 0035 00       		.byte	0
 246 0036 05       		.uleb128 0x5
 247 0037 2E       		.uleb128 0x2e
 248 0038 01       		.byte	0x1
 249 0039 3F       		.uleb128 0x3f
 250 003a 19       		.uleb128 0x19
 251 003b 03       		.uleb128 0x3
 252 003c 0E       		.uleb128 0xe
 253 003d 3A       		.uleb128 0x3a
 254 003e 0B       		.uleb128 0xb
 255 003f 3B       		.uleb128 0x3b
 256 0040 0B       		.uleb128 0xb
 257 0041 27       		.uleb128 0x27
 258 0042 19       		.uleb128 0x19
 259 0043 49       		.uleb128 0x49
 260 0044 13       		.uleb128 0x13
 261 0045 8701     		.uleb128 0x87
 262 0047 19       		.uleb128 0x19
ARM GAS  C:\Users\sinow\AppData\Local\Temp\ccRYyQs2.s 			page 6


 263 0048 11       		.uleb128 0x11
 264 0049 01       		.uleb128 0x1
 265 004a 12       		.uleb128 0x12
 266 004b 06       		.uleb128 0x6
 267 004c 40       		.uleb128 0x40
 268 004d 18       		.uleb128 0x18
 269 004e 9742     		.uleb128 0x2117
 270 0050 19       		.uleb128 0x19
 271 0051 01       		.uleb128 0x1
 272 0052 13       		.uleb128 0x13
 273 0053 00       		.byte	0
 274 0054 00       		.byte	0
 275 0055 06       		.uleb128 0x6
 276 0056 898201   		.uleb128 0x4109
 277 0059 01       		.byte	0x1
 278 005a 11       		.uleb128 0x11
 279 005b 01       		.uleb128 0x1
 280 005c 31       		.uleb128 0x31
 281 005d 13       		.uleb128 0x13
 282 005e 01       		.uleb128 0x1
 283 005f 13       		.uleb128 0x13
 284 0060 00       		.byte	0
 285 0061 00       		.byte	0
 286 0062 07       		.uleb128 0x7
 287 0063 8A8201   		.uleb128 0x410a
 288 0066 00       		.byte	0
 289 0067 02       		.uleb128 0x2
 290 0068 18       		.uleb128 0x18
 291 0069 9142     		.uleb128 0x2111
 292 006b 18       		.uleb128 0x18
 293 006c 00       		.byte	0
 294 006d 00       		.byte	0
 295 006e 08       		.uleb128 0x8
 296 006f 898201   		.uleb128 0x4109
 297 0072 01       		.byte	0x1
 298 0073 11       		.uleb128 0x11
 299 0074 01       		.uleb128 0x1
 300 0075 31       		.uleb128 0x31
 301 0076 13       		.uleb128 0x13
 302 0077 00       		.byte	0
 303 0078 00       		.byte	0
 304 0079 09       		.uleb128 0x9
 305 007a 34       		.uleb128 0x34
 306 007b 00       		.byte	0
 307 007c 03       		.uleb128 0x3
 308 007d 0E       		.uleb128 0xe
 309 007e 3A       		.uleb128 0x3a
 310 007f 0B       		.uleb128 0xb
 311 0080 3B       		.uleb128 0x3b
 312 0081 05       		.uleb128 0x5
 313 0082 49       		.uleb128 0x49
 314 0083 13       		.uleb128 0x13
 315 0084 3F       		.uleb128 0x3f
 316 0085 19       		.uleb128 0x19
 317 0086 3C       		.uleb128 0x3c
 318 0087 19       		.uleb128 0x19
 319 0088 00       		.byte	0
ARM GAS  C:\Users\sinow\AppData\Local\Temp\ccRYyQs2.s 			page 7


 320 0089 00       		.byte	0
 321 008a 0A       		.uleb128 0xa
 322 008b 35       		.uleb128 0x35
 323 008c 00       		.byte	0
 324 008d 49       		.uleb128 0x49
 325 008e 13       		.uleb128 0x13
 326 008f 00       		.byte	0
 327 0090 00       		.byte	0
 328 0091 0B       		.uleb128 0xb
 329 0092 2E       		.uleb128 0x2e
 330 0093 00       		.byte	0
 331 0094 3F       		.uleb128 0x3f
 332 0095 19       		.uleb128 0x19
 333 0096 3C       		.uleb128 0x3c
 334 0097 19       		.uleb128 0x19
 335 0098 6E       		.uleb128 0x6e
 336 0099 0E       		.uleb128 0xe
 337 009a 03       		.uleb128 0x3
 338 009b 0E       		.uleb128 0xe
 339 009c 3A       		.uleb128 0x3a
 340 009d 0B       		.uleb128 0xb
 341 009e 3B       		.uleb128 0x3b
 342 009f 0B       		.uleb128 0xb
 343 00a0 00       		.byte	0
 344 00a1 00       		.byte	0
 345 00a2 00       		.byte	0
 346              		.section	.debug_aranges,"",%progbits
 347 0000 1C000000 		.4byte	0x1c
 348 0004 0200     		.2byte	0x2
 349 0006 00000000 		.4byte	.Ldebug_info0
 350 000a 04       		.byte	0x4
 351 000b 00       		.byte	0
 352 000c 0000     		.2byte	0
 353 000e 0000     		.2byte	0
 354 0010 00000000 		.4byte	.LFB63
 355 0014 12000000 		.4byte	.LFE63-.LFB63
 356 0018 00000000 		.4byte	0
 357 001c 00000000 		.4byte	0
 358              		.section	.debug_ranges,"",%progbits
 359              	.Ldebug_ranges0:
 360 0000 00000000 		.4byte	.LFB63
 361 0004 12000000 		.4byte	.LFE63
 362 0008 00000000 		.4byte	0
 363 000c 00000000 		.4byte	0
 364              		.section	.debug_line,"",%progbits
 365              	.Ldebug_line0:
 366 0000 6A010000 		.section	.debug_str,"MS",%progbits,1
 366      02004A01 
 366      00000201 
 366      FB0E0D00 
 366      01010101 
 367              	.LASF6:
 368 0000 6C6F6E67 		.ascii	"long long int\000"
 368      206C6F6E 
 368      6720696E 
 368      7400
 369              	.LASF3:
ARM GAS  C:\Users\sinow\AppData\Local\Temp\ccRYyQs2.s 			page 8


 370 000e 73686F72 		.ascii	"short unsigned int\000"
 370      7420756E 
 370      7369676E 
 370      65642069 
 370      6E7400
 371              	.LASF8:
 372 0021 756E7369 		.ascii	"unsigned int\000"
 372      676E6564 
 372      20696E74 
 372      00
 373              	.LASF1:
 374 002e 756E7369 		.ascii	"unsigned char\000"
 374      676E6564 
 374      20636861 
 374      7200
 375              	.LASF17:
 376 003c 6D61696E 		.ascii	"main.c\000"
 376      2E6300
 377              	.LASF19:
 378 0043 6D61696E 		.ascii	"main\000"
 378      00
 379              	.LASF16:
 380 0048 474E5520 		.ascii	"GNU C11 5.4.1 20160609 (release) [ARM/embedded-5-br"
 380      43313120 
 380      352E342E 
 380      31203230 
 380      31363036 
 381 007b 616E6368 		.ascii	"anch revision 237715] -mcpu=cortex-m3 -mthumb -g -O"
 381      20726576 
 381      6973696F 
 381      6E203233 
 381      37373135 
 382 00ae 67202D66 		.ascii	"g -ffunction-sections -ffat-lto-objects\000"
 382      66756E63 
 382      74696F6E 
 382      2D736563 
 382      74696F6E 
 383              	.LASF5:
 384 00d6 6C6F6E67 		.ascii	"long unsigned int\000"
 384      20756E73 
 384      69676E65 
 384      6420696E 
 384      7400
 385              	.LASF7:
 386 00e8 6C6F6E67 		.ascii	"long long unsigned int\000"
 386      206C6F6E 
 386      6720756E 
 386      7369676E 
 386      65642069 
 387              	.LASF21:
 388 00ff 50696E5F 		.ascii	"Pin_1_Write\000"
 388      315F5772 
 388      69746500 
 389              	.LASF13:
 390 010b 63686172 		.ascii	"char\000"
 390      00
 391              	.LASF4:
ARM GAS  C:\Users\sinow\AppData\Local\Temp\ccRYyQs2.s 			page 9


 392 0110 6C6F6E67 		.ascii	"long int\000"
 392      20696E74 
 392      00
 393              	.LASF12:
 394 0119 646F7562 		.ascii	"double\000"
 394      6C6500
 395              	.LASF18:
 396 0120 433A5C55 		.ascii	"C:\\Users\\sinow\\Documents\\PSoC Creator\\Workspac"
 396      73657273 
 396      5C73696E 
 396      6F775C44 
 396      6F63756D 
 397 014e 6530345C 		.ascii	"e04\\GenSquareWave.cydsn\000"
 397      47656E53 
 397      71756172 
 397      65576176 
 397      652E6379 
 398              	.LASF20:
 399 0166 49544D5F 		.ascii	"ITM_RxBuffer\000"
 399      52784275 
 399      66666572 
 399      00
 400              	.LASF0:
 401 0173 7369676E 		.ascii	"signed char\000"
 401      65642063 
 401      68617200 
 402              	.LASF15:
 403 017f 6C6F6E67 		.ascii	"long double\000"
 403      20646F75 
 403      626C6500 
 404              	.LASF9:
 405 018b 5F5F696E 		.ascii	"__int32_t\000"
 405      7433325F 
 405      7400
 406              	.LASF11:
 407 0195 666C6F61 		.ascii	"float\000"
 407      7400
 408              	.LASF2:
 409 019b 73686F72 		.ascii	"short int\000"
 409      7420696E 
 409      7400
 410              	.LASF10:
 411 01a5 696E7433 		.ascii	"int32_t\000"
 411      325F7400 
 412              	.LASF14:
 413 01ad 73697A65 		.ascii	"sizetype\000"
 413      74797065 
 413      00
 414              		.ident	"GCC: (GNU Tools for ARM Embedded Processors) 5.4.1 20160609 (release) [ARM/embedded-5-bran
