--------------- Build Started: 10/22/2019 11:16:48 Project: fa19_fixed_point_oscillator, Configuration: ARM GCC 5.4-2016-q2-update Debug ---------------
cydsfit.exe -.appdatapath "C:\Users\pearlstl\AppData\Local\Cypress Semiconductor\PSoC Creator\4.2" -.fdsnotice -.fdswarpdepfile=warp_dependencies.txt -.fdselabdepfile=elab_dependencies.txt -.fdsbldfile=generated_files.txt -.fdsreffile=referenced_files.txt -p "C:\Users\pearlstl\Documents\PSoC Creator\fa19_fixed_point_oscillator\fa19_fixed_point_oscillator.cydsn\fa19_fixed_point_oscillator.cyprj" -d CY8C5888LTI-LP097 -s "C:\Users\pearlstl\Documents\PSoC Creator\fa19_fixed_point_oscillator\fa19_fixed_point_oscillator.cydsn\Generated_Source\PSoC5" -- -yv2 -q10 -ygs -o2 -v3 -.fftcfgtype=LE
Elaborating Design...
HDL Generation...
Synthesis...
Tech Mapping...
Analog Placement...
Log: apr.M0058: The analog placement iterative improvement is 27% done. (App=cydsfit)
Log: apr.M0058: The analog placement iterative improvement is 90% done. (App=cydsfit)
Analog Routing...
Analog Code Generation...
Digital Placement...
Digital Routing...
Bitstream Generation...
Bitstream Verification...
Static timing analysis...
API Generation...
Dependency Generation...
Cleanup...
--------------- Build Succeeded: 10/22/2019 11:16:56 ---------------
