ARM GAS  C:\Users\sinow\AppData\Local\Temp\ccahQ37n.s 			page 1


   1              		.syntax unified
   2              		.cpu cortex-m3
   3              		.fpu softvfp
   4              		.eabi_attribute 20, 1
   5              		.eabi_attribute 21, 1
   6              		.eabi_attribute 23, 3
   7              		.eabi_attribute 24, 1
   8              		.eabi_attribute 25, 1
   9              		.eabi_attribute 26, 1
  10              		.eabi_attribute 30, 1
  11              		.eabi_attribute 34, 1
  12              		.eabi_attribute 18, 4
  13              		.thumb
  14              		.syntax unified
  15              		.file	"cyfitter_cfg.c"
  16              		.text
  17              	.Ltext0:
  18              		.cfi_sections	.debug_frame
  19              		.section	.text.CyClockStartupError,"ax",%progbits
  20              		.align	2
  21              		.thumb
  22              		.thumb_func
  23              		.type	CyClockStartupError, %function
  24              	CyClockStartupError:
  25              	.LFB3:
  26              		.file 1 "Generated_Source\\PSoC5\\cyfitter_cfg.c"
   1:Generated_Source\PSoC5/cyfitter_cfg.c **** 
   2:Generated_Source\PSoC5/cyfitter_cfg.c **** /*******************************************************************************
   3:Generated_Source\PSoC5/cyfitter_cfg.c **** * File Name: cyfitter_cfg.c
   4:Generated_Source\PSoC5/cyfitter_cfg.c **** * 
   5:Generated_Source\PSoC5/cyfitter_cfg.c **** * PSoC Creator  4.2
   6:Generated_Source\PSoC5/cyfitter_cfg.c **** *
   7:Generated_Source\PSoC5/cyfitter_cfg.c **** * Description:
   8:Generated_Source\PSoC5/cyfitter_cfg.c **** * This file contains device initialization code.
   9:Generated_Source\PSoC5/cyfitter_cfg.c **** * Except for the user defined sections in CyClockStartupError(), this file should not be modified.
  10:Generated_Source\PSoC5/cyfitter_cfg.c **** * This file is automatically generated by PSoC Creator.
  11:Generated_Source\PSoC5/cyfitter_cfg.c **** *
  12:Generated_Source\PSoC5/cyfitter_cfg.c **** ********************************************************************************
  13:Generated_Source\PSoC5/cyfitter_cfg.c **** * Copyright (c) 2007-2018 Cypress Semiconductor.  All rights reserved.
  14:Generated_Source\PSoC5/cyfitter_cfg.c **** * You may use this file only in accordance with the license, terms, conditions, 
  15:Generated_Source\PSoC5/cyfitter_cfg.c **** * disclaimers, and limitations in the end user license agreement accompanying 
  16:Generated_Source\PSoC5/cyfitter_cfg.c **** * the software package with which this file was provided.
  17:Generated_Source\PSoC5/cyfitter_cfg.c **** ********************************************************************************/
  18:Generated_Source\PSoC5/cyfitter_cfg.c **** 
  19:Generated_Source\PSoC5/cyfitter_cfg.c **** #include <string.h>
  20:Generated_Source\PSoC5/cyfitter_cfg.c **** #include "cytypes.h"
  21:Generated_Source\PSoC5/cyfitter_cfg.c **** #include "cydevice_trm.h"
  22:Generated_Source\PSoC5/cyfitter_cfg.c **** #include "cyfitter.h"
  23:Generated_Source\PSoC5/cyfitter_cfg.c **** #include "CyLib.h"
  24:Generated_Source\PSoC5/cyfitter_cfg.c **** #include "cyfitter_cfg.h"
  25:Generated_Source\PSoC5/cyfitter_cfg.c **** #include "cyapicallbacks.h"
  26:Generated_Source\PSoC5/cyfitter_cfg.c **** 
  27:Generated_Source\PSoC5/cyfitter_cfg.c **** #define CY_NEED_CYCLOCKSTARTUPERROR 1
  28:Generated_Source\PSoC5/cyfitter_cfg.c **** 
  29:Generated_Source\PSoC5/cyfitter_cfg.c **** 
  30:Generated_Source\PSoC5/cyfitter_cfg.c **** #if defined(__GNUC__) || defined(__ARMCC_VERSION)
  31:Generated_Source\PSoC5/cyfitter_cfg.c ****     #define CYPACKED 
ARM GAS  C:\Users\sinow\AppData\Local\Temp\ccahQ37n.s 			page 2


  32:Generated_Source\PSoC5/cyfitter_cfg.c ****     #define CYPACKED_ATTR __attribute__ ((packed))
  33:Generated_Source\PSoC5/cyfitter_cfg.c ****     #define CYALIGNED __attribute__ ((aligned))
  34:Generated_Source\PSoC5/cyfitter_cfg.c ****     #define CY_CFG_UNUSED __attribute__ ((unused))
  35:Generated_Source\PSoC5/cyfitter_cfg.c ****     #ifndef CY_CFG_SECTION
  36:Generated_Source\PSoC5/cyfitter_cfg.c ****         #define CY_CFG_SECTION __attribute__ ((section(".psocinit")))
  37:Generated_Source\PSoC5/cyfitter_cfg.c ****     #endif
  38:Generated_Source\PSoC5/cyfitter_cfg.c ****     
  39:Generated_Source\PSoC5/cyfitter_cfg.c ****     #if defined(__ARMCC_VERSION)
  40:Generated_Source\PSoC5/cyfitter_cfg.c ****         #define CY_CFG_MEMORY_BARRIER() __memory_changed()
  41:Generated_Source\PSoC5/cyfitter_cfg.c ****     #else
  42:Generated_Source\PSoC5/cyfitter_cfg.c ****         #define CY_CFG_MEMORY_BARRIER() __sync_synchronize()
  43:Generated_Source\PSoC5/cyfitter_cfg.c ****     #endif
  44:Generated_Source\PSoC5/cyfitter_cfg.c ****     
  45:Generated_Source\PSoC5/cyfitter_cfg.c **** #elif defined(__ICCARM__)
  46:Generated_Source\PSoC5/cyfitter_cfg.c ****     #include <intrinsics.h>
  47:Generated_Source\PSoC5/cyfitter_cfg.c **** 
  48:Generated_Source\PSoC5/cyfitter_cfg.c ****     #define CYPACKED __packed
  49:Generated_Source\PSoC5/cyfitter_cfg.c ****     #define CYPACKED_ATTR 
  50:Generated_Source\PSoC5/cyfitter_cfg.c ****     #define CYALIGNED _Pragma("data_alignment=4")
  51:Generated_Source\PSoC5/cyfitter_cfg.c ****     #define CY_CFG_UNUSED _Pragma("diag_suppress=Pe177")
  52:Generated_Source\PSoC5/cyfitter_cfg.c ****     #define CY_CFG_SECTION _Pragma("location=\".psocinit\"")
  53:Generated_Source\PSoC5/cyfitter_cfg.c ****     
  54:Generated_Source\PSoC5/cyfitter_cfg.c ****     #define CY_CFG_MEMORY_BARRIER() __DMB()
  55:Generated_Source\PSoC5/cyfitter_cfg.c ****     
  56:Generated_Source\PSoC5/cyfitter_cfg.c **** #else
  57:Generated_Source\PSoC5/cyfitter_cfg.c ****     #error Unsupported toolchain
  58:Generated_Source\PSoC5/cyfitter_cfg.c **** #endif
  59:Generated_Source\PSoC5/cyfitter_cfg.c **** 
  60:Generated_Source\PSoC5/cyfitter_cfg.c **** #ifndef CYCODE
  61:Generated_Source\PSoC5/cyfitter_cfg.c ****     #define CYCODE
  62:Generated_Source\PSoC5/cyfitter_cfg.c **** #endif
  63:Generated_Source\PSoC5/cyfitter_cfg.c **** #ifndef CYDATA
  64:Generated_Source\PSoC5/cyfitter_cfg.c ****     #define CYDATA
  65:Generated_Source\PSoC5/cyfitter_cfg.c **** #endif
  66:Generated_Source\PSoC5/cyfitter_cfg.c **** #ifndef CYFAR
  67:Generated_Source\PSoC5/cyfitter_cfg.c ****     #define CYFAR
  68:Generated_Source\PSoC5/cyfitter_cfg.c **** #endif
  69:Generated_Source\PSoC5/cyfitter_cfg.c **** #ifndef CYXDATA
  70:Generated_Source\PSoC5/cyfitter_cfg.c ****     #define CYXDATA
  71:Generated_Source\PSoC5/cyfitter_cfg.c **** #endif
  72:Generated_Source\PSoC5/cyfitter_cfg.c **** 
  73:Generated_Source\PSoC5/cyfitter_cfg.c **** 
  74:Generated_Source\PSoC5/cyfitter_cfg.c **** CY_CFG_UNUSED
  75:Generated_Source\PSoC5/cyfitter_cfg.c **** static void CYMEMZERO(void *s, size_t n);
  76:Generated_Source\PSoC5/cyfitter_cfg.c **** CY_CFG_UNUSED
  77:Generated_Source\PSoC5/cyfitter_cfg.c **** static void CYMEMZERO(void *s, size_t n)
  78:Generated_Source\PSoC5/cyfitter_cfg.c **** {
  79:Generated_Source\PSoC5/cyfitter_cfg.c **** 	(void)memset(s, 0, n);
  80:Generated_Source\PSoC5/cyfitter_cfg.c **** }
  81:Generated_Source\PSoC5/cyfitter_cfg.c **** CY_CFG_UNUSED
  82:Generated_Source\PSoC5/cyfitter_cfg.c **** static void CYCONFIGCPY(void *dest, const void *src, size_t n);
  83:Generated_Source\PSoC5/cyfitter_cfg.c **** CY_CFG_UNUSED
  84:Generated_Source\PSoC5/cyfitter_cfg.c **** static void CYCONFIGCPY(void *dest, const void *src, size_t n)
  85:Generated_Source\PSoC5/cyfitter_cfg.c **** {
  86:Generated_Source\PSoC5/cyfitter_cfg.c **** 	(void)memcpy(dest, src, n);
  87:Generated_Source\PSoC5/cyfitter_cfg.c **** }
  88:Generated_Source\PSoC5/cyfitter_cfg.c **** CY_CFG_UNUSED
ARM GAS  C:\Users\sinow\AppData\Local\Temp\ccahQ37n.s 			page 3


  89:Generated_Source\PSoC5/cyfitter_cfg.c **** static void CYCONFIGCPYCODE(void *dest, const void *src, size_t n);
  90:Generated_Source\PSoC5/cyfitter_cfg.c **** CY_CFG_UNUSED
  91:Generated_Source\PSoC5/cyfitter_cfg.c **** static void CYCONFIGCPYCODE(void *dest, const void *src, size_t n)
  92:Generated_Source\PSoC5/cyfitter_cfg.c **** {
  93:Generated_Source\PSoC5/cyfitter_cfg.c **** 	(void)memcpy(dest, src, n);
  94:Generated_Source\PSoC5/cyfitter_cfg.c **** }
  95:Generated_Source\PSoC5/cyfitter_cfg.c **** 
  96:Generated_Source\PSoC5/cyfitter_cfg.c **** 
  97:Generated_Source\PSoC5/cyfitter_cfg.c **** 
  98:Generated_Source\PSoC5/cyfitter_cfg.c **** 
  99:Generated_Source\PSoC5/cyfitter_cfg.c **** /* Clock startup error codes                                                   */
 100:Generated_Source\PSoC5/cyfitter_cfg.c **** #define CYCLOCKSTART_NO_ERROR    0u
 101:Generated_Source\PSoC5/cyfitter_cfg.c **** #define CYCLOCKSTART_XTAL_ERROR  1u
 102:Generated_Source\PSoC5/cyfitter_cfg.c **** #define CYCLOCKSTART_32KHZ_ERROR 2u
 103:Generated_Source\PSoC5/cyfitter_cfg.c **** #define CYCLOCKSTART_PLL_ERROR   3u
 104:Generated_Source\PSoC5/cyfitter_cfg.c **** #define CYCLOCKSTART_FLL_ERROR   4u
 105:Generated_Source\PSoC5/cyfitter_cfg.c **** #define CYCLOCKSTART_WCO_ERROR   5u
 106:Generated_Source\PSoC5/cyfitter_cfg.c **** 
 107:Generated_Source\PSoC5/cyfitter_cfg.c **** 
 108:Generated_Source\PSoC5/cyfitter_cfg.c **** #ifdef CY_NEED_CYCLOCKSTARTUPERROR
 109:Generated_Source\PSoC5/cyfitter_cfg.c **** /*******************************************************************************
 110:Generated_Source\PSoC5/cyfitter_cfg.c **** * Function Name: CyClockStartupError
 111:Generated_Source\PSoC5/cyfitter_cfg.c **** ********************************************************************************
 112:Generated_Source\PSoC5/cyfitter_cfg.c **** * Summary:
 113:Generated_Source\PSoC5/cyfitter_cfg.c **** *  If an error is encountered during clock configuration (crystal startup error,
 114:Generated_Source\PSoC5/cyfitter_cfg.c **** *  PLL lock error, etc.), the system will end up here.  Unless reimplemented by
 115:Generated_Source\PSoC5/cyfitter_cfg.c **** *  the customer, this function will stop in an infinite loop.
 116:Generated_Source\PSoC5/cyfitter_cfg.c **** *
 117:Generated_Source\PSoC5/cyfitter_cfg.c **** * Parameters:
 118:Generated_Source\PSoC5/cyfitter_cfg.c **** *   void
 119:Generated_Source\PSoC5/cyfitter_cfg.c **** *
 120:Generated_Source\PSoC5/cyfitter_cfg.c **** * Return:
 121:Generated_Source\PSoC5/cyfitter_cfg.c **** *   void
 122:Generated_Source\PSoC5/cyfitter_cfg.c **** *
 123:Generated_Source\PSoC5/cyfitter_cfg.c **** *******************************************************************************/
 124:Generated_Source\PSoC5/cyfitter_cfg.c **** CY_CFG_UNUSED
 125:Generated_Source\PSoC5/cyfitter_cfg.c **** static void CyClockStartupError(uint8 errorCode);
 126:Generated_Source\PSoC5/cyfitter_cfg.c **** CY_CFG_UNUSED
 127:Generated_Source\PSoC5/cyfitter_cfg.c **** static void CyClockStartupError(uint8 errorCode)
 128:Generated_Source\PSoC5/cyfitter_cfg.c **** {
  27              		.loc 1 128 0
  28              		.cfi_startproc
  29              		@ Volatile: function does not return.
  30              		@ args = 0, pretend = 0, frame = 0
  31              		@ frame_needed = 0, uses_anonymous_args = 0
  32              		@ link register save eliminated.
  33              	.LVL0:
  34              	.L2:
  35 0000 FEE7     		b	.L2
  36              		.cfi_endproc
  37              	.LFE3:
  38              		.size	CyClockStartupError, .-CyClockStartupError
  39 0002 00BF     		.section	.text.AnalogSetDefault,"ax",%progbits
  40              		.align	2
  41              		.thumb
  42              		.thumb_func
  43              		.type	AnalogSetDefault, %function
ARM GAS  C:\Users\sinow\AppData\Local\Temp\ccahQ37n.s 			page 4


  44              	AnalogSetDefault:
  45              	.LFB5:
 129:Generated_Source\PSoC5/cyfitter_cfg.c ****     /* To remove the compiler warning if errorCode not used.                */
 130:Generated_Source\PSoC5/cyfitter_cfg.c ****     errorCode = errorCode;
 131:Generated_Source\PSoC5/cyfitter_cfg.c **** 
 132:Generated_Source\PSoC5/cyfitter_cfg.c ****     /* If we have a clock startup error (bad MHz crystal, PLL lock, etc.),  */
 133:Generated_Source\PSoC5/cyfitter_cfg.c ****     /* we will end up here to allow the customer to implement something to  */
 134:Generated_Source\PSoC5/cyfitter_cfg.c ****     /* deal with the clock condition.                                       */
 135:Generated_Source\PSoC5/cyfitter_cfg.c **** 
 136:Generated_Source\PSoC5/cyfitter_cfg.c **** #ifdef CY_CFG_CLOCK_STARTUP_ERROR_CALLBACK
 137:Generated_Source\PSoC5/cyfitter_cfg.c ****     CY_CFG_Clock_Startup_ErrorCallback();
 138:Generated_Source\PSoC5/cyfitter_cfg.c **** #else
 139:Generated_Source\PSoC5/cyfitter_cfg.c ****     /*  If not using CY_CFG_CLOCK_STARTUP_ERROR_CALLBACK, place your clock startup code here. */
 140:Generated_Source\PSoC5/cyfitter_cfg.c ****     /* `#START CyClockStartupError` */
 141:Generated_Source\PSoC5/cyfitter_cfg.c **** 
 142:Generated_Source\PSoC5/cyfitter_cfg.c **** 
 143:Generated_Source\PSoC5/cyfitter_cfg.c **** 
 144:Generated_Source\PSoC5/cyfitter_cfg.c ****     /* `#END` */
 145:Generated_Source\PSoC5/cyfitter_cfg.c **** 
 146:Generated_Source\PSoC5/cyfitter_cfg.c ****     while(1) {}
 147:Generated_Source\PSoC5/cyfitter_cfg.c **** #endif /* CY_CFG_CLOCK_STARTUP_ERROR_CALLBACK */
 148:Generated_Source\PSoC5/cyfitter_cfg.c **** }
 149:Generated_Source\PSoC5/cyfitter_cfg.c **** #endif
 150:Generated_Source\PSoC5/cyfitter_cfg.c **** 
 151:Generated_Source\PSoC5/cyfitter_cfg.c **** /* IOPINS0_8 Address: CYREG_PRT15_DR Size (bytes): 10 */
 152:Generated_Source\PSoC5/cyfitter_cfg.c **** #define BS_IOPINS0_8_VAL ((const uint8 CYFAR *)0x48000000u)
 153:Generated_Source\PSoC5/cyfitter_cfg.c **** 
 154:Generated_Source\PSoC5/cyfitter_cfg.c **** /* IOPINS0_1 Address: CYREG_PRT1_DM0 Size (bytes): 8 */
 155:Generated_Source\PSoC5/cyfitter_cfg.c **** #define BS_IOPINS0_1_VAL ((const uint8 CYFAR *)0x4800000Cu)
 156:Generated_Source\PSoC5/cyfitter_cfg.c **** 
 157:Generated_Source\PSoC5/cyfitter_cfg.c **** /* IOPINS0_2 Address: CYREG_PRT2_DM0 Size (bytes): 8 */
 158:Generated_Source\PSoC5/cyfitter_cfg.c **** #define BS_IOPINS0_2_VAL ((const uint8 CYFAR *)0x48000014u)
 159:Generated_Source\PSoC5/cyfitter_cfg.c **** 
 160:Generated_Source\PSoC5/cyfitter_cfg.c **** /* IOPINS0_6 Address: CYREG_PRT6_DR Size (bytes): 10 */
 161:Generated_Source\PSoC5/cyfitter_cfg.c **** #define BS_IOPINS0_6_VAL ((const uint8 CYFAR *)0x4800001Cu)
 162:Generated_Source\PSoC5/cyfitter_cfg.c **** 
 163:Generated_Source\PSoC5/cyfitter_cfg.c **** 
 164:Generated_Source\PSoC5/cyfitter_cfg.c **** /*******************************************************************************
 165:Generated_Source\PSoC5/cyfitter_cfg.c **** * Function Name: ClockSetup
 166:Generated_Source\PSoC5/cyfitter_cfg.c **** ********************************************************************************
 167:Generated_Source\PSoC5/cyfitter_cfg.c **** *
 168:Generated_Source\PSoC5/cyfitter_cfg.c **** * Summary:
 169:Generated_Source\PSoC5/cyfitter_cfg.c **** *  Performs the initialization of all of the clocks in the device based on the
 170:Generated_Source\PSoC5/cyfitter_cfg.c **** *  settings in the Clock tab of the DWR.  This includes enabling the requested
 171:Generated_Source\PSoC5/cyfitter_cfg.c **** *  clocks and setting the necessary dividers to produce the desired frequency. 
 172:Generated_Source\PSoC5/cyfitter_cfg.c **** *
 173:Generated_Source\PSoC5/cyfitter_cfg.c **** * Parameters:
 174:Generated_Source\PSoC5/cyfitter_cfg.c **** *  void
 175:Generated_Source\PSoC5/cyfitter_cfg.c **** *
 176:Generated_Source\PSoC5/cyfitter_cfg.c **** * Return:
 177:Generated_Source\PSoC5/cyfitter_cfg.c **** *  void
 178:Generated_Source\PSoC5/cyfitter_cfg.c **** *
 179:Generated_Source\PSoC5/cyfitter_cfg.c **** *******************************************************************************/
 180:Generated_Source\PSoC5/cyfitter_cfg.c **** static void ClockSetup(void);
 181:Generated_Source\PSoC5/cyfitter_cfg.c **** static void ClockSetup(void)
 182:Generated_Source\PSoC5/cyfitter_cfg.c **** {
 183:Generated_Source\PSoC5/cyfitter_cfg.c **** 	uint32 timeout;
ARM GAS  C:\Users\sinow\AppData\Local\Temp\ccahQ37n.s 			page 5


 184:Generated_Source\PSoC5/cyfitter_cfg.c **** 	uint8 pllLock;
 185:Generated_Source\PSoC5/cyfitter_cfg.c **** 
 186:Generated_Source\PSoC5/cyfitter_cfg.c **** 
 187:Generated_Source\PSoC5/cyfitter_cfg.c **** 	/* Configure ILO based on settings from Clock DWR */
 188:Generated_Source\PSoC5/cyfitter_cfg.c **** 	CY_SET_XTND_REG8((void CYFAR *)(CYREG_SLOWCLK_ILO_CR0), 0x02u);
 189:Generated_Source\PSoC5/cyfitter_cfg.c **** 	CY_SET_XTND_REG8((void CYFAR *)(CYREG_CLKDIST_CR), 0x08u);
 190:Generated_Source\PSoC5/cyfitter_cfg.c **** 
 191:Generated_Source\PSoC5/cyfitter_cfg.c **** 	/* Configure IMO based on settings from Clock DWR */
 192:Generated_Source\PSoC5/cyfitter_cfg.c **** 	CY_SET_XTND_REG8((void CYFAR *)(CYREG_FASTCLK_IMO_CR), 0x03u);
 193:Generated_Source\PSoC5/cyfitter_cfg.c **** 	CY_SET_XTND_REG8((void CYFAR *)(CYREG_IMO_TR1), (CY_GET_XTND_REG8((void CYFAR *)CYREG_FLSHID_CUST_
 194:Generated_Source\PSoC5/cyfitter_cfg.c **** 
 195:Generated_Source\PSoC5/cyfitter_cfg.c **** 	/* Configure PLL based on settings from Clock DWR */
 196:Generated_Source\PSoC5/cyfitter_cfg.c **** 	CY_SET_XTND_REG16((void CYFAR *)(CYREG_FASTCLK_PLL_P), 0x0008u);
 197:Generated_Source\PSoC5/cyfitter_cfg.c **** 	CY_SET_XTND_REG16((void CYFAR *)(CYREG_FASTCLK_PLL_CFG0), 0x1251u);
 198:Generated_Source\PSoC5/cyfitter_cfg.c **** 	/* Wait up to 250us for the PLL to lock */
 199:Generated_Source\PSoC5/cyfitter_cfg.c **** 	pllLock = 0u;
 200:Generated_Source\PSoC5/cyfitter_cfg.c **** 	for (timeout = 250u / 10u; (timeout > 0u) && (pllLock != 0x03u); timeout--)
 201:Generated_Source\PSoC5/cyfitter_cfg.c **** 	{ 
 202:Generated_Source\PSoC5/cyfitter_cfg.c **** 		pllLock = 0x03u & ((uint8)((uint8)pllLock << 1) | ((CY_GET_XTND_REG8((void CYFAR *)CYREG_FASTCLK_
 203:Generated_Source\PSoC5/cyfitter_cfg.c **** 		CyDelayCycles(10u * 48u); /* Delay 10us based on 48MHz clock */
 204:Generated_Source\PSoC5/cyfitter_cfg.c **** 	}
 205:Generated_Source\PSoC5/cyfitter_cfg.c **** 	/* If we ran out of time the PLL didn't lock so go to the error function */
 206:Generated_Source\PSoC5/cyfitter_cfg.c **** 	if (timeout == 0u)
 207:Generated_Source\PSoC5/cyfitter_cfg.c **** 	{
 208:Generated_Source\PSoC5/cyfitter_cfg.c **** 		CyClockStartupError(CYCLOCKSTART_PLL_ERROR);
 209:Generated_Source\PSoC5/cyfitter_cfg.c **** 	}
 210:Generated_Source\PSoC5/cyfitter_cfg.c **** 
 211:Generated_Source\PSoC5/cyfitter_cfg.c **** 	/* Configure Bus/Master Clock based on settings from Clock DWR */
 212:Generated_Source\PSoC5/cyfitter_cfg.c **** 	CY_SET_XTND_REG16((void CYFAR *)(CYREG_CLKDIST_MSTR0), 0x0100u);
 213:Generated_Source\PSoC5/cyfitter_cfg.c **** 	CY_SET_XTND_REG8((void CYFAR *)(CYREG_CLKDIST_MSTR0), 0x07u);
 214:Generated_Source\PSoC5/cyfitter_cfg.c **** 	CY_SET_XTND_REG8((void CYFAR *)(CYREG_CLKDIST_BCFG0), 0x00u);
 215:Generated_Source\PSoC5/cyfitter_cfg.c **** 	CY_SET_XTND_REG8((void CYFAR *)(CYREG_CLKDIST_BCFG2), 0x48u);
 216:Generated_Source\PSoC5/cyfitter_cfg.c **** 	CY_SET_XTND_REG8((void CYFAR *)(CYREG_CLKDIST_MSTR0), 0x00u);
 217:Generated_Source\PSoC5/cyfitter_cfg.c **** 	CY_SET_XTND_REG8((void CYFAR *)(CYREG_CLKDIST_LD), 0x02u);
 218:Generated_Source\PSoC5/cyfitter_cfg.c **** }
 219:Generated_Source\PSoC5/cyfitter_cfg.c **** 
 220:Generated_Source\PSoC5/cyfitter_cfg.c **** 
 221:Generated_Source\PSoC5/cyfitter_cfg.c **** /* Analog API Functions */
 222:Generated_Source\PSoC5/cyfitter_cfg.c **** 
 223:Generated_Source\PSoC5/cyfitter_cfg.c **** 
 224:Generated_Source\PSoC5/cyfitter_cfg.c **** /*******************************************************************************
 225:Generated_Source\PSoC5/cyfitter_cfg.c **** * Function Name: AnalogSetDefault
 226:Generated_Source\PSoC5/cyfitter_cfg.c **** ********************************************************************************
 227:Generated_Source\PSoC5/cyfitter_cfg.c **** *
 228:Generated_Source\PSoC5/cyfitter_cfg.c **** * Summary:
 229:Generated_Source\PSoC5/cyfitter_cfg.c **** *  Sets up the analog portions of the chip to default values based on chip
 230:Generated_Source\PSoC5/cyfitter_cfg.c **** *  configuration options from the project.
 231:Generated_Source\PSoC5/cyfitter_cfg.c **** *
 232:Generated_Source\PSoC5/cyfitter_cfg.c **** * Parameters:
 233:Generated_Source\PSoC5/cyfitter_cfg.c **** *  void
 234:Generated_Source\PSoC5/cyfitter_cfg.c **** *
 235:Generated_Source\PSoC5/cyfitter_cfg.c **** * Return:
 236:Generated_Source\PSoC5/cyfitter_cfg.c **** *  void
 237:Generated_Source\PSoC5/cyfitter_cfg.c **** *
 238:Generated_Source\PSoC5/cyfitter_cfg.c **** *******************************************************************************/
 239:Generated_Source\PSoC5/cyfitter_cfg.c **** static void AnalogSetDefault(void);
 240:Generated_Source\PSoC5/cyfitter_cfg.c **** static void AnalogSetDefault(void)
ARM GAS  C:\Users\sinow\AppData\Local\Temp\ccahQ37n.s 			page 6


 241:Generated_Source\PSoC5/cyfitter_cfg.c **** {
  46              		.loc 1 241 0
  47              		.cfi_startproc
  48              		@ args = 0, pretend = 0, frame = 0
  49              		@ frame_needed = 0, uses_anonymous_args = 0
  50              		@ link register save eliminated.
 242:Generated_Source\PSoC5/cyfitter_cfg.c **** 	uint8 bg_xover_inl_trim = CY_GET_XTND_REG8((void CYFAR *)(CYREG_FLSHID_MFG_CFG_BG_XOVER_INL_TRIM +
  51              		.loc 1 242 0
  52 0000 064B     		ldr	r3, .L4
  53 0002 1B78     		ldrb	r3, [r3]	@ zero_extendqisi2
  54 0004 DBB2     		uxtb	r3, r3
  55              	.LVL1:
 243:Generated_Source\PSoC5/cyfitter_cfg.c **** 	CY_SET_XTND_REG8((void CYFAR *)(CYREG_BG_DFT0), (bg_xover_inl_trim & 0x07u));
  56              		.loc 1 243 0
  57 0006 03F00701 		and	r1, r3, #7
  58 000a 054A     		ldr	r2, .L4+4
  59 000c 1170     		strb	r1, [r2]
 244:Generated_Source\PSoC5/cyfitter_cfg.c **** 	CY_SET_XTND_REG8((void CYFAR *)(CYREG_BG_DFT1), ((bg_xover_inl_trim >> 4) & 0x0Fu));
  60              		.loc 1 244 0
  61 000e 1B09     		lsrs	r3, r3, #4
  62              	.LVL2:
  63 0010 0132     		adds	r2, r2, #1
  64 0012 1370     		strb	r3, [r2]
 245:Generated_Source\PSoC5/cyfitter_cfg.c **** 	CY_SET_XTND_REG8((void CYFAR *)CYREG_PUMP_CR0, 0x44u);
  65              		.loc 1 245 0
  66 0014 4422     		movs	r2, #68
  67 0016 034B     		ldr	r3, .L4+8
  68 0018 1A70     		strb	r2, [r3]
  69 001a 7047     		bx	lr
  70              	.L5:
  71              		.align	2
  72              	.L4:
  73 001c CF010049 		.word	1224737231
  74 0020 6E580040 		.word	1073764462
  75 0024 76580040 		.word	1073764470
  76              		.cfi_endproc
  77              	.LFE5:
  78              		.size	AnalogSetDefault, .-AnalogSetDefault
  79              		.section	.text.CYMEMZERO,"ax",%progbits
  80              		.align	2
  81              		.thumb
  82              		.thumb_func
  83              		.type	CYMEMZERO, %function
  84              	CYMEMZERO:
  85              	.LFB0:
  78:Generated_Source\PSoC5/cyfitter_cfg.c **** 	(void)memset(s, 0, n);
  86              		.loc 1 78 0
  87              		.cfi_startproc
  88              		@ args = 0, pretend = 0, frame = 0
  89              		@ frame_needed = 0, uses_anonymous_args = 0
  90              	.LVL3:
  91 0000 08B5     		push	{r3, lr}
  92              		.cfi_def_cfa_offset 8
  93              		.cfi_offset 3, -8
  94              		.cfi_offset 14, -4
  79:Generated_Source\PSoC5/cyfitter_cfg.c **** }
  95              		.loc 1 79 0
ARM GAS  C:\Users\sinow\AppData\Local\Temp\ccahQ37n.s 			page 7


  96 0002 0A46     		mov	r2, r1
  97 0004 0021     		movs	r1, #0
  98              	.LVL4:
  99 0006 FFF7FEFF 		bl	memset
 100              	.LVL5:
 101 000a 08BD     		pop	{r3, pc}
 102              		.cfi_endproc
 103              	.LFE0:
 104              		.size	CYMEMZERO, .-CYMEMZERO
 105              		.section	.text.ClockSetup,"ax",%progbits
 106              		.align	2
 107              		.thumb
 108              		.thumb_func
 109              		.type	ClockSetup, %function
 110              	ClockSetup:
 111              	.LFB4:
 182:Generated_Source\PSoC5/cyfitter_cfg.c **** 	uint32 timeout;
 112              		.loc 1 182 0
 113              		.cfi_startproc
 114              		@ args = 0, pretend = 0, frame = 0
 115              		@ frame_needed = 0, uses_anonymous_args = 0
 116 0000 38B5     		push	{r3, r4, r5, lr}
 117              		.cfi_def_cfa_offset 16
 118              		.cfi_offset 3, -16
 119              		.cfi_offset 4, -12
 120              		.cfi_offset 5, -8
 121              		.cfi_offset 14, -4
 188:Generated_Source\PSoC5/cyfitter_cfg.c **** 	CY_SET_XTND_REG8((void CYFAR *)(CYREG_CLKDIST_CR), 0x08u);
 122              		.loc 1 188 0
 123 0002 0222     		movs	r2, #2
 124 0004 1E4B     		ldr	r3, .L14
 125 0006 1A70     		strb	r2, [r3]
 189:Generated_Source\PSoC5/cyfitter_cfg.c **** 
 126              		.loc 1 189 0
 127 0008 0822     		movs	r2, #8
 128 000a 4FF04023 		mov	r3, #1073758208
 129 000e 1A70     		strb	r2, [r3]
 192:Generated_Source\PSoC5/cyfitter_cfg.c **** 	CY_SET_XTND_REG8((void CYFAR *)(CYREG_IMO_TR1), (CY_GET_XTND_REG8((void CYFAR *)CYREG_FLSHID_CUST_
 130              		.loc 1 192 0
 131 0010 0321     		movs	r1, #3
 132 0012 03F50073 		add	r3, r3, #512
 133 0016 1970     		strb	r1, [r3]
 193:Generated_Source\PSoC5/cyfitter_cfg.c **** 
 134              		.loc 1 193 0
 135 0018 1A4B     		ldr	r3, .L14+4
 136 001a 1B78     		ldrb	r3, [r3]	@ zero_extendqisi2
 137 001c DBB2     		uxtb	r3, r3
 138 001e 1A49     		ldr	r1, .L14+8
 139 0020 0B70     		strb	r3, [r1]
 196:Generated_Source\PSoC5/cyfitter_cfg.c **** 	CY_SET_XTND_REG16((void CYFAR *)(CYREG_FASTCLK_PLL_CFG0), 0x1251u);
 140              		.loc 1 196 0
 141 0022 1A4B     		ldr	r3, .L14+12
 142 0024 1A80     		strh	r2, [r3]	@ movhi
 197:Generated_Source\PSoC5/cyfitter_cfg.c **** 	/* Wait up to 250us for the PLL to lock */
 143              		.loc 1 197 0
 144 0026 41F25122 		movw	r2, #4689
 145 002a 023B     		subs	r3, r3, #2
ARM GAS  C:\Users\sinow\AppData\Local\Temp\ccahQ37n.s 			page 8


 146 002c 1A80     		strh	r2, [r3]	@ movhi
 147              	.LVL6:
 199:Generated_Source\PSoC5/cyfitter_cfg.c **** 	for (timeout = 250u / 10u; (timeout > 0u) && (pllLock != 0x03u); timeout--)
 148              		.loc 1 199 0
 149 002e 0024     		movs	r4, #0
 200:Generated_Source\PSoC5/cyfitter_cfg.c **** 	{ 
 150              		.loc 1 200 0
 151 0030 1925     		movs	r5, #25
 152 0032 0CE0     		b	.L9
 153              	.LVL7:
 154              	.L11:
 202:Generated_Source\PSoC5/cyfitter_cfg.c **** 		CyDelayCycles(10u * 48u); /* Delay 10us based on 48MHz clock */
 155              		.loc 1 202 0 discriminator 4
 156 0034 164B     		ldr	r3, .L14+16
 157 0036 1B78     		ldrb	r3, [r3]	@ zero_extendqisi2
 158 0038 03F00103 		and	r3, r3, #1
 159 003c 43EA4404 		orr	r4, r3, r4, lsl #1
 160              	.LVL8:
 161 0040 04F00304 		and	r4, r4, #3
 162              	.LVL9:
 203:Generated_Source\PSoC5/cyfitter_cfg.c **** 	}
 163              		.loc 1 203 0 discriminator 4
 164 0044 4FF4F070 		mov	r0, #480
 165 0048 FFF7FEFF 		bl	CyDelayCycles
 166              	.LVL10:
 200:Generated_Source\PSoC5/cyfitter_cfg.c **** 	{ 
 167              		.loc 1 200 0 discriminator 4
 168 004c 013D     		subs	r5, r5, #1
 169              	.LVL11:
 170              	.L9:
 200:Generated_Source\PSoC5/cyfitter_cfg.c **** 	{ 
 171              		.loc 1 200 0 is_stmt 0 discriminator 1
 172 004e 0DB1     		cbz	r5, .L10
 200:Generated_Source\PSoC5/cyfitter_cfg.c **** 	{ 
 173              		.loc 1 200 0 discriminator 3
 174 0050 032C     		cmp	r4, #3
 175 0052 EFD1     		bne	.L11
 176              	.L10:
 206:Generated_Source\PSoC5/cyfitter_cfg.c **** 	{
 177              		.loc 1 206 0 is_stmt 1
 178 0054 15B9     		cbnz	r5, .L12
 208:Generated_Source\PSoC5/cyfitter_cfg.c **** 	}
 179              		.loc 1 208 0
 180 0056 0320     		movs	r0, #3
 181 0058 FFF7FEFF 		bl	CyClockStartupError
 182              	.LVL12:
 183              	.L12:
 212:Generated_Source\PSoC5/cyfitter_cfg.c **** 	CY_SET_XTND_REG8((void CYFAR *)(CYREG_CLKDIST_MSTR0), 0x07u);
 184              		.loc 1 212 0
 185 005c 0D4B     		ldr	r3, .L14+20
 186 005e 4FF48072 		mov	r2, #256
 187 0062 1A80     		strh	r2, [r3]	@ movhi
 213:Generated_Source\PSoC5/cyfitter_cfg.c **** 	CY_SET_XTND_REG8((void CYFAR *)(CYREG_CLKDIST_BCFG0), 0x00u);
 188              		.loc 1 213 0
 189 0064 0722     		movs	r2, #7
 190 0066 1A70     		strb	r2, [r3]
 214:Generated_Source\PSoC5/cyfitter_cfg.c **** 	CY_SET_XTND_REG8((void CYFAR *)(CYREG_CLKDIST_BCFG2), 0x48u);
ARM GAS  C:\Users\sinow\AppData\Local\Temp\ccahQ37n.s 			page 9


 191              		.loc 1 214 0
 192 0068 0022     		movs	r2, #0
 193 006a 0B49     		ldr	r1, .L14+24
 194 006c 0A70     		strb	r2, [r1]
 215:Generated_Source\PSoC5/cyfitter_cfg.c **** 	CY_SET_XTND_REG8((void CYFAR *)(CYREG_CLKDIST_MSTR0), 0x00u);
 195              		.loc 1 215 0
 196 006e 4820     		movs	r0, #72
 197 0070 0231     		adds	r1, r1, #2
 198 0072 0870     		strb	r0, [r1]
 216:Generated_Source\PSoC5/cyfitter_cfg.c **** 	CY_SET_XTND_REG8((void CYFAR *)(CYREG_CLKDIST_LD), 0x02u);
 199              		.loc 1 216 0
 200 0074 1A70     		strb	r2, [r3]
 217:Generated_Source\PSoC5/cyfitter_cfg.c **** }
 201              		.loc 1 217 0
 202 0076 0222     		movs	r2, #2
 203 0078 033B     		subs	r3, r3, #3
 204 007a 1A70     		strb	r2, [r3]
 205 007c 38BD     		pop	{r3, r4, r5, pc}
 206              	.LVL13:
 207              	.L15:
 208 007e 00BF     		.align	2
 209              	.L14:
 210 0080 00430040 		.word	1073758976
 211 0084 08010049 		.word	1224737032
 212 0088 A1460040 		.word	1073759905
 213 008c 22420040 		.word	1073758754
 214 0090 25420040 		.word	1073758757
 215 0094 04400040 		.word	1073758212
 216 0098 06400040 		.word	1073758214
 217              		.cfi_endproc
 218              	.LFE4:
 219              		.size	ClockSetup, .-ClockSetup
 220              		.section	.text.CYCONFIGCPY,"ax",%progbits
 221              		.align	2
 222              		.thumb
 223              		.thumb_func
 224              		.type	CYCONFIGCPY, %function
 225              	CYCONFIGCPY:
 226              	.LFB1:
  85:Generated_Source\PSoC5/cyfitter_cfg.c **** 	(void)memcpy(dest, src, n);
 227              		.loc 1 85 0
 228              		.cfi_startproc
 229              		@ args = 0, pretend = 0, frame = 0
 230              		@ frame_needed = 0, uses_anonymous_args = 0
 231              	.LVL14:
 232 0000 08B5     		push	{r3, lr}
 233              		.cfi_def_cfa_offset 8
 234              		.cfi_offset 3, -8
 235              		.cfi_offset 14, -4
  86:Generated_Source\PSoC5/cyfitter_cfg.c **** }
 236              		.loc 1 86 0
 237 0002 FFF7FEFF 		bl	memcpy
 238              	.LVL15:
 239 0006 08BD     		pop	{r3, pc}
 240              		.cfi_endproc
 241              	.LFE1:
 242              		.size	CYCONFIGCPY, .-CYCONFIGCPY
ARM GAS  C:\Users\sinow\AppData\Local\Temp\ccahQ37n.s 			page 10


 243              		.section	.text.SetAnalogRoutingPumps,"ax",%progbits
 244              		.align	2
 245              		.global	SetAnalogRoutingPumps
 246              		.thumb
 247              		.thumb_func
 248              		.type	SetAnalogRoutingPumps, %function
 249              	SetAnalogRoutingPumps:
 250              	.LFB6:
 246:Generated_Source\PSoC5/cyfitter_cfg.c **** }
 247:Generated_Source\PSoC5/cyfitter_cfg.c **** 
 248:Generated_Source\PSoC5/cyfitter_cfg.c **** 
 249:Generated_Source\PSoC5/cyfitter_cfg.c **** /*******************************************************************************
 250:Generated_Source\PSoC5/cyfitter_cfg.c **** * Function Name: SetAnalogRoutingPumps
 251:Generated_Source\PSoC5/cyfitter_cfg.c **** ********************************************************************************
 252:Generated_Source\PSoC5/cyfitter_cfg.c **** *
 253:Generated_Source\PSoC5/cyfitter_cfg.c **** * Summary:
 254:Generated_Source\PSoC5/cyfitter_cfg.c **** * Enables or disables the analog pumps feeding analog routing switches.
 255:Generated_Source\PSoC5/cyfitter_cfg.c **** * Intended to be called at startup, based on the Vdda system configuration;
 256:Generated_Source\PSoC5/cyfitter_cfg.c **** * may be called during operation when the user informs us that the Vdda voltage
 257:Generated_Source\PSoC5/cyfitter_cfg.c **** * crossed the pump threshold.
 258:Generated_Source\PSoC5/cyfitter_cfg.c **** *
 259:Generated_Source\PSoC5/cyfitter_cfg.c **** * Parameters:
 260:Generated_Source\PSoC5/cyfitter_cfg.c **** *  enabled - 1 to enable the pumps, 0 to disable the pumps
 261:Generated_Source\PSoC5/cyfitter_cfg.c **** *
 262:Generated_Source\PSoC5/cyfitter_cfg.c **** * Return:
 263:Generated_Source\PSoC5/cyfitter_cfg.c **** *  void
 264:Generated_Source\PSoC5/cyfitter_cfg.c **** *
 265:Generated_Source\PSoC5/cyfitter_cfg.c **** *******************************************************************************/
 266:Generated_Source\PSoC5/cyfitter_cfg.c **** void SetAnalogRoutingPumps(uint8 enabled)
 267:Generated_Source\PSoC5/cyfitter_cfg.c **** {
 251              		.loc 1 267 0
 252              		.cfi_startproc
 253              		@ args = 0, pretend = 0, frame = 0
 254              		@ frame_needed = 0, uses_anonymous_args = 0
 255              		@ link register save eliminated.
 256              	.LVL16:
 268:Generated_Source\PSoC5/cyfitter_cfg.c **** 	uint8 regValue = CY_GET_XTND_REG8((void CYFAR *)CYREG_PUMP_CR0);
 257              		.loc 1 268 0
 258 0000 024A     		ldr	r2, .L19
 259 0002 1378     		ldrb	r3, [r2]	@ zero_extendqisi2
 260 0004 DBB2     		uxtb	r3, r3
 261              	.LVL17:
 269:Generated_Source\PSoC5/cyfitter_cfg.c **** 	if (enabled != 0u)
 270:Generated_Source\PSoC5/cyfitter_cfg.c **** 	{
 271:Generated_Source\PSoC5/cyfitter_cfg.c **** 		regValue |= 0x00u;
 272:Generated_Source\PSoC5/cyfitter_cfg.c **** 	}
 273:Generated_Source\PSoC5/cyfitter_cfg.c **** 	else
 274:Generated_Source\PSoC5/cyfitter_cfg.c **** 	{
 275:Generated_Source\PSoC5/cyfitter_cfg.c **** 		regValue &= (uint8)~0x00u;
 276:Generated_Source\PSoC5/cyfitter_cfg.c **** 	}
 277:Generated_Source\PSoC5/cyfitter_cfg.c **** 	CY_SET_XTND_REG8((void CYFAR *)CYREG_PUMP_CR0, regValue);
 262              		.loc 1 277 0
 263 0006 1370     		strb	r3, [r2]
 264 0008 7047     		bx	lr
 265              	.L20:
 266 000a 00BF     		.align	2
 267              	.L19:
ARM GAS  C:\Users\sinow\AppData\Local\Temp\ccahQ37n.s 			page 11


 268 000c 76580040 		.word	1073764470
 269              		.cfi_endproc
 270              	.LFE6:
 271              		.size	SetAnalogRoutingPumps, .-SetAnalogRoutingPumps
 272              		.section	.text.cyfitter_cfg,"ax",%progbits
 273              		.align	2
 274              		.global	cyfitter_cfg
 275              		.thumb
 276              		.thumb_func
 277              		.type	cyfitter_cfg, %function
 278              	cyfitter_cfg:
 279              	.LFB7:
 278:Generated_Source\PSoC5/cyfitter_cfg.c **** }
 279:Generated_Source\PSoC5/cyfitter_cfg.c **** 
 280:Generated_Source\PSoC5/cyfitter_cfg.c **** 
 281:Generated_Source\PSoC5/cyfitter_cfg.c **** 
 282:Generated_Source\PSoC5/cyfitter_cfg.c **** 
 283:Generated_Source\PSoC5/cyfitter_cfg.c **** /*******************************************************************************
 284:Generated_Source\PSoC5/cyfitter_cfg.c **** * Function Name: cyfitter_cfg
 285:Generated_Source\PSoC5/cyfitter_cfg.c **** ********************************************************************************
 286:Generated_Source\PSoC5/cyfitter_cfg.c **** * Summary:
 287:Generated_Source\PSoC5/cyfitter_cfg.c **** *  This function is called by the start-up code for the selected device. It
 288:Generated_Source\PSoC5/cyfitter_cfg.c **** *  performs all of the necessary device configuration based on the design
 289:Generated_Source\PSoC5/cyfitter_cfg.c **** *  settings.  This includes settings from the Design Wide Resources (DWR) such
 290:Generated_Source\PSoC5/cyfitter_cfg.c **** *  as Clocks and Pins as well as any component configuration that is necessary.
 291:Generated_Source\PSoC5/cyfitter_cfg.c **** *
 292:Generated_Source\PSoC5/cyfitter_cfg.c **** * Parameters:
 293:Generated_Source\PSoC5/cyfitter_cfg.c **** *   void
 294:Generated_Source\PSoC5/cyfitter_cfg.c **** *
 295:Generated_Source\PSoC5/cyfitter_cfg.c **** * Return:
 296:Generated_Source\PSoC5/cyfitter_cfg.c **** *   void
 297:Generated_Source\PSoC5/cyfitter_cfg.c **** *
 298:Generated_Source\PSoC5/cyfitter_cfg.c **** *******************************************************************************/
 299:Generated_Source\PSoC5/cyfitter_cfg.c **** 
 300:Generated_Source\PSoC5/cyfitter_cfg.c **** void cyfitter_cfg(void)
 301:Generated_Source\PSoC5/cyfitter_cfg.c **** {
 280              		.loc 1 301 0
 281              		.cfi_startproc
 282              		@ args = 0, pretend = 0, frame = 0
 283              		@ frame_needed = 0, uses_anonymous_args = 0
 284 0000 38B5     		push	{r3, r4, r5, lr}
 285              		.cfi_def_cfa_offset 16
 286              		.cfi_offset 3, -16
 287              		.cfi_offset 4, -12
 288              		.cfi_offset 5, -8
 289              		.cfi_offset 14, -4
 302:Generated_Source\PSoC5/cyfitter_cfg.c **** #ifdef CYGlobalIntDisable
 303:Generated_Source\PSoC5/cyfitter_cfg.c **** 	/* Disable interrupts by default. Let user enable if/when they want. */
 304:Generated_Source\PSoC5/cyfitter_cfg.c **** 	CYGlobalIntDisable
 290              		.loc 1 304 0
 291              		.syntax unified
 292              	@ 304 "Generated_Source\PSoC5\cyfitter_cfg.c" 1
 293 0002 72B6     		CPSID   i
 294              	@ 0 "" 2
 305:Generated_Source\PSoC5/cyfitter_cfg.c **** #endif
 306:Generated_Source\PSoC5/cyfitter_cfg.c **** 
 307:Generated_Source\PSoC5/cyfitter_cfg.c **** 	/* Enable/Disable Debug functionality based on settings from System DWR */
ARM GAS  C:\Users\sinow\AppData\Local\Temp\ccahQ37n.s 			page 12


 308:Generated_Source\PSoC5/cyfitter_cfg.c **** 	CY_SET_XTND_REG8((void CYFAR *)CYREG_MLOGIC_DEBUG, (CY_GET_XTND_REG8((void CYFAR *)CYREG_MLOGIC_DE
 295              		.loc 1 308 0
 296              		.thumb
 297              		.syntax unified
 298 0004 254A     		ldr	r2, .L25
 299 0006 1378     		ldrb	r3, [r2]	@ zero_extendqisi2
 300 0008 43F00403 		orr	r3, r3, #4
 301 000c 1370     		strb	r3, [r2]
 302              	.LVL18:
 303              	.LBB2:
 309:Generated_Source\PSoC5/cyfitter_cfg.c **** 
 310:Generated_Source\PSoC5/cyfitter_cfg.c **** 	{
 311:Generated_Source\PSoC5/cyfitter_cfg.c **** 
 312:Generated_Source\PSoC5/cyfitter_cfg.c **** 		CYPACKED typedef struct {
 313:Generated_Source\PSoC5/cyfitter_cfg.c **** 			void CYFAR *address;
 314:Generated_Source\PSoC5/cyfitter_cfg.c **** 			uint16 size;
 315:Generated_Source\PSoC5/cyfitter_cfg.c **** 		} CYPACKED_ATTR cfg_memset_t;
 316:Generated_Source\PSoC5/cyfitter_cfg.c **** 
 317:Generated_Source\PSoC5/cyfitter_cfg.c **** 		static const cfg_memset_t CYCODE cfg_memset_list[] = {
 318:Generated_Source\PSoC5/cyfitter_cfg.c **** 			/* address, size */
 319:Generated_Source\PSoC5/cyfitter_cfg.c **** 			{(void CYFAR *)(CYREG_PRT0_DR), 16u},
 320:Generated_Source\PSoC5/cyfitter_cfg.c **** 			{(void CYFAR *)(CYREG_PRT3_DR), 48u},
 321:Generated_Source\PSoC5/cyfitter_cfg.c **** 			{(void CYFAR *)(CYREG_PRT12_DR), 16u},
 322:Generated_Source\PSoC5/cyfitter_cfg.c **** 			{(void CYFAR *)(CYDEV_UCFG_B0_P0_U0_BASE), 4096u},
 323:Generated_Source\PSoC5/cyfitter_cfg.c **** 			{(void CYFAR *)(CYDEV_UCFG_B1_P2_U0_BASE), 2048u},
 324:Generated_Source\PSoC5/cyfitter_cfg.c **** 			{(void CYFAR *)(CYDEV_UCFG_DSI0_BASE), 2560u},
 325:Generated_Source\PSoC5/cyfitter_cfg.c **** 			{(void CYFAR *)(CYDEV_UCFG_DSI12_BASE), 512u},
 326:Generated_Source\PSoC5/cyfitter_cfg.c **** 			{(void CYFAR *)(CYREG_BCTL0_MDCLK_EN), 32u},
 327:Generated_Source\PSoC5/cyfitter_cfg.c **** 		};
 328:Generated_Source\PSoC5/cyfitter_cfg.c **** 
 329:Generated_Source\PSoC5/cyfitter_cfg.c **** 		uint8 CYDATA i;
 330:Generated_Source\PSoC5/cyfitter_cfg.c **** 
 331:Generated_Source\PSoC5/cyfitter_cfg.c **** 		/* Zero out critical memory blocks before beginning configuration */
 332:Generated_Source\PSoC5/cyfitter_cfg.c **** 		for (i = 0u; i < (sizeof(cfg_memset_list)/sizeof(cfg_memset_list[0])); i++)
 304              		.loc 1 332 0
 305 000e 0024     		movs	r4, #0
 306 0010 0CE0     		b	.L22
 307              	.LVL19:
 308              	.L23:
 309              	.LBB3:
 333:Generated_Source\PSoC5/cyfitter_cfg.c **** 		{
 334:Generated_Source\PSoC5/cyfitter_cfg.c **** 			const cfg_memset_t CYCODE * CYDATA ms = &cfg_memset_list[i];
 335:Generated_Source\PSoC5/cyfitter_cfg.c **** 			CYMEMZERO(ms->address, (size_t)(uint32)(ms->size));
 310              		.loc 1 335 0 discriminator 3
 311 0012 234D     		ldr	r5, .L25+4
 312 0014 6300     		lsls	r3, r4, #1
 313 0016 1919     		adds	r1, r3, r4
 314 0018 4A00     		lsls	r2, r1, #1
 315 001a 1146     		mov	r1, r2
 316 001c 2A44     		add	r2, r2, r5
 317 001e 0846     		mov	r0, r1
 318 0020 9188     		ldrh	r1, [r2, #4]
 319 0022 2858     		ldr	r0, [r5, r0]	@ unaligned
 320 0024 FFF7FEFF 		bl	CYMEMZERO
 321              	.LVL20:
 322              	.LBE3:
 332:Generated_Source\PSoC5/cyfitter_cfg.c **** 		{
ARM GAS  C:\Users\sinow\AppData\Local\Temp\ccahQ37n.s 			page 13


 323              		.loc 1 332 0 discriminator 3
 324 0028 0134     		adds	r4, r4, #1
 325              	.LVL21:
 326 002a E4B2     		uxtb	r4, r4
 327              	.LVL22:
 328              	.L22:
 332:Generated_Source\PSoC5/cyfitter_cfg.c **** 		{
 329              		.loc 1 332 0 is_stmt 0 discriminator 1
 330 002c 072C     		cmp	r4, #7
 331 002e F0D9     		bls	.L23
 336:Generated_Source\PSoC5/cyfitter_cfg.c **** 		}
 337:Generated_Source\PSoC5/cyfitter_cfg.c **** 
 338:Generated_Source\PSoC5/cyfitter_cfg.c **** 		/* Enable digital routing */
 339:Generated_Source\PSoC5/cyfitter_cfg.c **** 		CY_SET_XTND_REG8((void CYFAR *)CYREG_BCTL0_BANK_CTL, CY_GET_XTND_REG8((void CYFAR *)CYREG_BCTL0_B
 332              		.loc 1 339 0 is_stmt 1
 333 0030 1C4A     		ldr	r2, .L25+8
 334 0032 1378     		ldrb	r3, [r2]	@ zero_extendqisi2
 335 0034 43F00203 		orr	r3, r3, #2
 336 0038 1370     		strb	r3, [r2]
 340:Generated_Source\PSoC5/cyfitter_cfg.c **** 		CY_SET_XTND_REG8((void CYFAR *)CYREG_BCTL1_BANK_CTL, CY_GET_XTND_REG8((void CYFAR *)CYREG_BCTL1_B
 337              		.loc 1 340 0
 338 003a 1032     		adds	r2, r2, #16
 339 003c 1378     		ldrb	r3, [r2]	@ zero_extendqisi2
 340 003e 43F00203 		orr	r3, r3, #2
 341 0042 1370     		strb	r3, [r2]
 342              	.LBE2:
 341:Generated_Source\PSoC5/cyfitter_cfg.c **** 	}
 342:Generated_Source\PSoC5/cyfitter_cfg.c **** 
 343:Generated_Source\PSoC5/cyfitter_cfg.c **** 
 344:Generated_Source\PSoC5/cyfitter_cfg.c **** 	/* Perform second pass device configuration. These items must be configured in specific order afte
 345:Generated_Source\PSoC5/cyfitter_cfg.c **** 	CYCONFIGCPY((void CYFAR *)(CYREG_PRT15_DR), (const void CYFAR *)(BS_IOPINS0_8_VAL), 10u);
 343              		.loc 1 345 0
 344 0044 0A22     		movs	r2, #10
 345 0046 4FF09041 		mov	r1, #1207959552
 346 004a 1748     		ldr	r0, .L25+12
 347 004c FFF7FEFF 		bl	CYCONFIGCPY
 348              	.LVL23:
 346:Generated_Source\PSoC5/cyfitter_cfg.c **** 	CYCONFIGCPY((void CYFAR *)(CYREG_PRT1_DM0), (const void CYFAR *)(BS_IOPINS0_1_VAL), 8u);
 349              		.loc 1 346 0
 350 0050 0822     		movs	r2, #8
 351 0052 1649     		ldr	r1, .L25+16
 352 0054 1648     		ldr	r0, .L25+20
 353 0056 FFF7FEFF 		bl	CYCONFIGCPY
 354              	.LVL24:
 347:Generated_Source\PSoC5/cyfitter_cfg.c **** 	CYCONFIGCPY((void CYFAR *)(CYREG_PRT2_DM0), (const void CYFAR *)(BS_IOPINS0_2_VAL), 8u);
 355              		.loc 1 347 0
 356 005a 0822     		movs	r2, #8
 357 005c 1549     		ldr	r1, .L25+24
 358 005e 1648     		ldr	r0, .L25+28
 359 0060 FFF7FEFF 		bl	CYCONFIGCPY
 360              	.LVL25:
 348:Generated_Source\PSoC5/cyfitter_cfg.c **** 	CYCONFIGCPY((void CYFAR *)(CYREG_PRT6_DR), (const void CYFAR *)(BS_IOPINS0_6_VAL), 10u);
 361              		.loc 1 348 0
 362 0064 0A22     		movs	r2, #10
 363 0066 1549     		ldr	r1, .L25+32
 364 0068 1548     		ldr	r0, .L25+36
 365 006a FFF7FEFF 		bl	CYCONFIGCPY
ARM GAS  C:\Users\sinow\AppData\Local\Temp\ccahQ37n.s 			page 14


 366              	.LVL26:
 349:Generated_Source\PSoC5/cyfitter_cfg.c **** 	/* Switch Boost to the precision bandgap reference from its internal reference */
 350:Generated_Source\PSoC5/cyfitter_cfg.c **** 	CY_SET_REG8((void CYXDATA *)CYREG_BOOST_CR2, (CY_GET_REG8((void CYXDATA *)CYREG_BOOST_CR2) | 0x08u
 367              		.loc 1 350 0
 368 006e 154A     		ldr	r2, .L25+40
 369 0070 1378     		ldrb	r3, [r2]	@ zero_extendqisi2
 370 0072 43F00803 		orr	r3, r3, #8
 371 0076 1370     		strb	r3, [r2]
 351:Generated_Source\PSoC5/cyfitter_cfg.c **** 
 352:Generated_Source\PSoC5/cyfitter_cfg.c **** 	/* Set Flash Cycles based on max possible frequency in case a glitch occurs during ClockSetup(). *
 353:Generated_Source\PSoC5/cyfitter_cfg.c **** 	CY_SET_XTND_REG8((void CYFAR *)(CYREG_CACHE_CC_CTL), (((CYDEV_INSTRUCT_CACHE_ENABLED) != 0) ? 0x61
 372              		.loc 1 353 0
 373 0078 134C     		ldr	r4, .L25+44
 374              	.LVL27:
 375 007a 6123     		movs	r3, #97
 376 007c 2370     		strb	r3, [r4]
 354:Generated_Source\PSoC5/cyfitter_cfg.c **** 	/* Setup clocks based on selections from Clock DWR */
 355:Generated_Source\PSoC5/cyfitter_cfg.c **** 	ClockSetup();
 377              		.loc 1 355 0
 378 007e FFF7FEFF 		bl	ClockSetup
 379              	.LVL28:
 356:Generated_Source\PSoC5/cyfitter_cfg.c **** 	/* Set Flash Cycles based on newly configured 24.00MHz Bus Clock. */
 357:Generated_Source\PSoC5/cyfitter_cfg.c **** 	CY_SET_XTND_REG8((void CYFAR *)(CYREG_CACHE_CC_CTL), (((CYDEV_INSTRUCT_CACHE_ENABLED) != 0) ? 0x81
 380              		.loc 1 357 0
 381 0082 8123     		movs	r3, #129
 382 0084 2370     		strb	r3, [r4]
 358:Generated_Source\PSoC5/cyfitter_cfg.c **** 	CY_SET_XTND_REG8((void CYFAR *)(CYREG_PANTHER_WAITPIPE), 0x01u);
 383              		.loc 1 358 0
 384 0086 0122     		movs	r2, #1
 385 0088 104B     		ldr	r3, .L25+48
 386 008a 1A70     		strb	r2, [r3]
 359:Generated_Source\PSoC5/cyfitter_cfg.c **** 
 360:Generated_Source\PSoC5/cyfitter_cfg.c **** 	/* Perform basic analog initialization to defaults */
 361:Generated_Source\PSoC5/cyfitter_cfg.c **** 	AnalogSetDefault();
 387              		.loc 1 361 0
 388 008c FFF7FEFF 		bl	AnalogSetDefault
 389              	.LVL29:
 362:Generated_Source\PSoC5/cyfitter_cfg.c **** 
 363:Generated_Source\PSoC5/cyfitter_cfg.c **** 	/* Configure alternate active mode */
 364:Generated_Source\PSoC5/cyfitter_cfg.c **** 	CYCONFIGCPY((void CYFAR *)CYDEV_PM_STBY_BASE, (const void CYFAR *)CYDEV_PM_ACT_BASE, 14u);
 390              		.loc 1 364 0
 391 0090 0E22     		movs	r2, #14
 392 0092 0F49     		ldr	r1, .L25+52
 393 0094 0F48     		ldr	r0, .L25+56
 394 0096 FFF7FEFF 		bl	CYCONFIGCPY
 395              	.LVL30:
 396 009a 38BD     		pop	{r3, r4, r5, pc}
 397              	.L26:
 398              		.align	2
 399              	.L25:
 400 009c E8460040 		.word	1073759976
 401 00a0 00000000 		.word	.LANCHOR0
 402 00a4 03500140 		.word	1073827843
 403 00a8 F0510040 		.word	1073762800
 404 00ac 0C000048 		.word	1207959564
 405 00b0 12510040 		.word	1073762578
 406 00b4 14000048 		.word	1207959572
ARM GAS  C:\Users\sinow\AppData\Local\Temp\ccahQ37n.s 			page 15


 407 00b8 22510040 		.word	1073762594
 408 00bc 1C000048 		.word	1207959580
 409 00c0 60510040 		.word	1073762656
 410 00c4 22430040 		.word	1073759010
 411 00c8 00480040 		.word	1073760256
 412 00cc 04000840 		.word	1074266116
 413 00d0 A0430040 		.word	1073759136
 414 00d4 B0430040 		.word	1073759152
 415              		.cfi_endproc
 416              	.LFE7:
 417              		.size	cyfitter_cfg, .-cyfitter_cfg
 418              		.section	.rodata
 419              		.align	2
 420              		.set	.LANCHOR0,. + 0
 421              		.type	cfg_memset_list.4992, %object
 422              		.size	cfg_memset_list.4992, 48
 423              	cfg_memset_list.4992:
 424 0000 00510040 		.word	1073762560
 425 0004 1000     		.short	16
 426 0006 30510040 		.4byte	1073762608
 427 000a 3000     		.short	48
 428 000c C0510040 		.word	1073762752
 429 0010 1000     		.short	16
 430 0012 00000140 		.4byte	1073807360
 431 0016 0010     		.short	4096
 432 0018 00140140 		.word	1073812480
 433 001c 0008     		.short	2048
 434 001e 00400140 		.4byte	1073823744
 435 0022 000A     		.short	2560
 436 0024 004C0140 		.word	1073826816
 437 0028 0002     		.short	512
 438 002a 00500140 		.4byte	1073827840
 439 002e 2000     		.short	32
 440              		.text
 441              	.Letext0:
 442              		.file 2 "c:\\program files (x86)\\cypress\\psoc creator\\4.2\\psoc creator\\import\\gnu\\arm\\5.4.
 443              		.file 3 "Generated_Source\\PSoC5\\cytypes.h"
 444              		.file 4 "Generated_Source\\PSoC5\\CyLib.h"
 445              		.section	.debug_info,"",%progbits
 446              	.Ldebug_info0:
 447 0000 17040000 		.4byte	0x417
 448 0004 0400     		.2byte	0x4
 449 0006 00000000 		.4byte	.Ldebug_abbrev0
 450 000a 04       		.byte	0x4
 451 000b 01       		.uleb128 0x1
 452 000c 8E000000 		.4byte	.LASF39
 453 0010 0C       		.byte	0xc
 454 0011 EA010000 		.4byte	.LASF40
 455 0015 61020000 		.4byte	.LASF41
 456 0019 00000000 		.4byte	.Ldebug_ranges0+0
 457 001d 00000000 		.4byte	0
 458 0021 00000000 		.4byte	.Ldebug_line0
 459 0025 02       		.uleb128 0x2
 460 0026 04       		.byte	0x4
 461 0027 05       		.byte	0x5
 462 0028 696E7400 		.ascii	"int\000"
 463 002c 03       		.uleb128 0x3
ARM GAS  C:\Users\sinow\AppData\Local\Temp\ccahQ37n.s 			page 16


 464 002d 14000000 		.4byte	.LASF12
 465 0031 02       		.byte	0x2
 466 0032 D8       		.byte	0xd8
 467 0033 37000000 		.4byte	0x37
 468 0037 04       		.uleb128 0x4
 469 0038 04       		.byte	0x4
 470 0039 07       		.byte	0x7
 471 003a 9A010000 		.4byte	.LASF0
 472 003e 04       		.uleb128 0x4
 473 003f 08       		.byte	0x8
 474 0040 05       		.byte	0x5
 475 0041 DC010000 		.4byte	.LASF1
 476 0045 04       		.uleb128 0x4
 477 0046 08       		.byte	0x8
 478 0047 04       		.byte	0x4
 479 0048 37020000 		.4byte	.LASF2
 480 004c 04       		.uleb128 0x4
 481 004d 01       		.byte	0x1
 482 004e 06       		.byte	0x6
 483 004f 55020000 		.4byte	.LASF3
 484 0053 04       		.uleb128 0x4
 485 0054 01       		.byte	0x1
 486 0055 08       		.byte	0x8
 487 0056 59010000 		.4byte	.LASF4
 488 005a 04       		.uleb128 0x4
 489 005b 02       		.byte	0x2
 490 005c 05       		.byte	0x5
 491 005d 17020000 		.4byte	.LASF5
 492 0061 04       		.uleb128 0x4
 493 0062 02       		.byte	0x2
 494 0063 07       		.byte	0x7
 495 0064 4F000000 		.4byte	.LASF6
 496 0068 04       		.uleb128 0x4
 497 0069 04       		.byte	0x4
 498 006a 05       		.byte	0x5
 499 006b 29020000 		.4byte	.LASF7
 500 006f 04       		.uleb128 0x4
 501 0070 04       		.byte	0x4
 502 0071 07       		.byte	0x7
 503 0072 21010000 		.4byte	.LASF8
 504 0076 04       		.uleb128 0x4
 505 0077 08       		.byte	0x8
 506 0078 07       		.byte	0x7
 507 0079 AF010000 		.4byte	.LASF9
 508 007d 04       		.uleb128 0x4
 509 007e 04       		.byte	0x4
 510 007f 07       		.byte	0x7
 511 0080 D3010000 		.4byte	.LASF10
 512 0084 05       		.uleb128 0x5
 513 0085 04       		.byte	0x4
 514 0086 04       		.uleb128 0x4
 515 0087 01       		.byte	0x1
 516 0088 08       		.byte	0x8
 517 0089 32020000 		.4byte	.LASF11
 518 008d 06       		.uleb128 0x6
 519 008e 33010000 		.4byte	.LASF13
 520 0092 03       		.byte	0x3
ARM GAS  C:\Users\sinow\AppData\Local\Temp\ccahQ37n.s 			page 17


 521 0093 E401     		.2byte	0x1e4
 522 0095 53000000 		.4byte	0x53
 523 0099 06       		.uleb128 0x6
 524 009a 82010000 		.4byte	.LASF14
 525 009e 03       		.byte	0x3
 526 009f E501     		.2byte	0x1e5
 527 00a1 61000000 		.4byte	0x61
 528 00a5 06       		.uleb128 0x6
 529 00a6 93010000 		.4byte	.LASF15
 530 00aa 03       		.byte	0x3
 531 00ab E601     		.2byte	0x1e6
 532 00ad 6F000000 		.4byte	0x6f
 533 00b1 04       		.uleb128 0x4
 534 00b2 04       		.byte	0x4
 535 00b3 04       		.byte	0x4
 536 00b4 6A000000 		.4byte	.LASF16
 537 00b8 04       		.uleb128 0x4
 538 00b9 08       		.byte	0x8
 539 00ba 04       		.byte	0x4
 540 00bb 6E010000 		.4byte	.LASF17
 541 00bf 06       		.uleb128 0x6
 542 00c0 1C010000 		.4byte	.LASF18
 543 00c4 03       		.byte	0x3
 544 00c5 8E02     		.2byte	0x28e
 545 00c7 CB000000 		.4byte	0xcb
 546 00cb 07       		.uleb128 0x7
 547 00cc 8D000000 		.4byte	0x8d
 548 00d0 06       		.uleb128 0x6
 549 00d1 00000000 		.4byte	.LASF19
 550 00d5 03       		.byte	0x3
 551 00d6 8F02     		.2byte	0x28f
 552 00d8 DC000000 		.4byte	0xdc
 553 00dc 07       		.uleb128 0x7
 554 00dd 99000000 		.4byte	0x99
 555 00e1 08       		.uleb128 0x8
 556 00e2 70000000 		.4byte	.LASF42
 557 00e6 01       		.byte	0x1
 558 00e7 7F       		.byte	0x7f
 559 00e8 00000000 		.4byte	.LFB3
 560 00ec 02000000 		.4byte	.LFE3-.LFB3
 561 00f0 01       		.uleb128 0x1
 562 00f1 9C       		.byte	0x9c
 563 00f2 04010000 		.4byte	0x104
 564 00f6 09       		.uleb128 0x9
 565 00f7 89010000 		.4byte	.LASF22
 566 00fb 01       		.byte	0x1
 567 00fc 7F       		.byte	0x7f
 568 00fd 8D000000 		.4byte	0x8d
 569 0101 01       		.uleb128 0x1
 570 0102 50       		.byte	0x50
 571 0103 00       		.byte	0
 572 0104 0A       		.uleb128 0xa
 573 0105 1B000000 		.4byte	.LASF20
 574 0109 01       		.byte	0x1
 575 010a F0       		.byte	0xf0
 576 010b 00000000 		.4byte	.LFB5
 577 010f 28000000 		.4byte	.LFE5-.LFB5
ARM GAS  C:\Users\sinow\AppData\Local\Temp\ccahQ37n.s 			page 18


 578 0113 01       		.uleb128 0x1
 579 0114 9C       		.byte	0x9c
 580 0115 29010000 		.4byte	0x129
 581 0119 0B       		.uleb128 0xb
 582 011a 43020000 		.4byte	.LASF24
 583 011e 01       		.byte	0x1
 584 011f F2       		.byte	0xf2
 585 0120 8D000000 		.4byte	0x8d
 586 0124 00000000 		.4byte	.LLST0
 587 0128 00       		.byte	0
 588 0129 0A       		.uleb128 0xa
 589 012a 39010000 		.4byte	.LASF21
 590 012e 01       		.byte	0x1
 591 012f 4D       		.byte	0x4d
 592 0130 00000000 		.4byte	.LFB0
 593 0134 0C000000 		.4byte	.LFE0-.LFB0
 594 0138 01       		.uleb128 0x1
 595 0139 9C       		.byte	0x9c
 596 013a 76010000 		.4byte	0x176
 597 013e 0C       		.uleb128 0xc
 598 013f 7300     		.ascii	"s\000"
 599 0141 01       		.byte	0x1
 600 0142 4D       		.byte	0x4d
 601 0143 84000000 		.4byte	0x84
 602 0147 13000000 		.4byte	.LLST1
 603 014b 0C       		.uleb128 0xc
 604 014c 6E00     		.ascii	"n\000"
 605 014e 01       		.byte	0x1
 606 014f 4D       		.byte	0x4d
 607 0150 2C000000 		.4byte	0x2c
 608 0154 34000000 		.4byte	.LLST2
 609 0158 0D       		.uleb128 0xd
 610 0159 0A000000 		.4byte	.LVL5
 611 015d FD030000 		.4byte	0x3fd
 612 0161 0E       		.uleb128 0xe
 613 0162 01       		.uleb128 0x1
 614 0163 50       		.byte	0x50
 615 0164 03       		.uleb128 0x3
 616 0165 F3       		.byte	0xf3
 617 0166 01       		.uleb128 0x1
 618 0167 50       		.byte	0x50
 619 0168 0E       		.uleb128 0xe
 620 0169 01       		.uleb128 0x1
 621 016a 51       		.byte	0x51
 622 016b 01       		.uleb128 0x1
 623 016c 30       		.byte	0x30
 624 016d 0E       		.uleb128 0xe
 625 016e 01       		.uleb128 0x1
 626 016f 52       		.byte	0x52
 627 0170 03       		.uleb128 0x3
 628 0171 F3       		.byte	0xf3
 629 0172 01       		.uleb128 0x1
 630 0173 51       		.byte	0x51
 631 0174 00       		.byte	0
 632 0175 00       		.byte	0
 633 0176 0A       		.uleb128 0xa
 634 0177 44000000 		.4byte	.LASF23
ARM GAS  C:\Users\sinow\AppData\Local\Temp\ccahQ37n.s 			page 19


 635 017b 01       		.byte	0x1
 636 017c B5       		.byte	0xb5
 637 017d 00000000 		.4byte	.LFB4
 638 0181 9C000000 		.4byte	.LFE4-.LFB4
 639 0185 01       		.uleb128 0x1
 640 0186 9C       		.byte	0x9c
 641 0187 CE010000 		.4byte	0x1ce
 642 018b 0B       		.uleb128 0xb
 643 018c 2C000000 		.4byte	.LASF25
 644 0190 01       		.byte	0x1
 645 0191 B7       		.byte	0xb7
 646 0192 A5000000 		.4byte	0xa5
 647 0196 60000000 		.4byte	.LLST3
 648 019a 0B       		.uleb128 0xb
 649 019b 62000000 		.4byte	.LASF26
 650 019f 01       		.byte	0x1
 651 01a0 B8       		.byte	0xb8
 652 01a1 8D000000 		.4byte	0x8d
 653 01a5 7F000000 		.4byte	.LLST4
 654 01a9 0F       		.uleb128 0xf
 655 01aa 4C000000 		.4byte	.LVL10
 656 01ae 06040000 		.4byte	0x406
 657 01b2 BE010000 		.4byte	0x1be
 658 01b6 0E       		.uleb128 0xe
 659 01b7 01       		.uleb128 0x1
 660 01b8 50       		.byte	0x50
 661 01b9 03       		.uleb128 0x3
 662 01ba 0A       		.byte	0xa
 663 01bb E001     		.2byte	0x1e0
 664 01bd 00       		.byte	0
 665 01be 0D       		.uleb128 0xd
 666 01bf 5C000000 		.4byte	.LVL12
 667 01c3 E1000000 		.4byte	0xe1
 668 01c7 0E       		.uleb128 0xe
 669 01c8 01       		.uleb128 0x1
 670 01c9 50       		.byte	0x50
 671 01ca 01       		.uleb128 0x1
 672 01cb 33       		.byte	0x33
 673 01cc 00       		.byte	0
 674 01cd 00       		.byte	0
 675 01ce 0A       		.uleb128 0xa
 676 01cf A4020000 		.4byte	.LASF27
 677 01d3 01       		.byte	0x1
 678 01d4 54       		.byte	0x54
 679 01d5 00000000 		.4byte	.LFB1
 680 01d9 08000000 		.4byte	.LFE1-.LFB1
 681 01dd 01       		.uleb128 0x1
 682 01de 9C       		.byte	0x9c
 683 01df 2E020000 		.4byte	0x22e
 684 01e3 10       		.uleb128 0x10
 685 01e4 84000000 		.4byte	.LASF28
 686 01e8 01       		.byte	0x1
 687 01e9 54       		.byte	0x54
 688 01ea 84000000 		.4byte	0x84
 689 01ee A9000000 		.4byte	.LLST5
 690 01f2 0C       		.uleb128 0xc
 691 01f3 73726300 		.ascii	"src\000"
ARM GAS  C:\Users\sinow\AppData\Local\Temp\ccahQ37n.s 			page 20


 692 01f7 01       		.byte	0x1
 693 01f8 54       		.byte	0x54
 694 01f9 2E020000 		.4byte	0x22e
 695 01fd CA000000 		.4byte	.LLST6
 696 0201 0C       		.uleb128 0xc
 697 0202 6E00     		.ascii	"n\000"
 698 0204 01       		.byte	0x1
 699 0205 54       		.byte	0x54
 700 0206 2C000000 		.4byte	0x2c
 701 020a EB000000 		.4byte	.LLST7
 702 020e 0D       		.uleb128 0xd
 703 020f 06000000 		.4byte	.LVL15
 704 0213 11040000 		.4byte	0x411
 705 0217 0E       		.uleb128 0xe
 706 0218 01       		.uleb128 0x1
 707 0219 50       		.byte	0x50
 708 021a 03       		.uleb128 0x3
 709 021b F3       		.byte	0xf3
 710 021c 01       		.uleb128 0x1
 711 021d 50       		.byte	0x50
 712 021e 0E       		.uleb128 0xe
 713 021f 01       		.uleb128 0x1
 714 0220 51       		.byte	0x51
 715 0221 03       		.uleb128 0x3
 716 0222 F3       		.byte	0xf3
 717 0223 01       		.uleb128 0x1
 718 0224 51       		.byte	0x51
 719 0225 0E       		.uleb128 0xe
 720 0226 01       		.uleb128 0x1
 721 0227 52       		.byte	0x52
 722 0228 03       		.uleb128 0x3
 723 0229 F3       		.byte	0xf3
 724 022a 01       		.uleb128 0x1
 725 022b 52       		.byte	0x52
 726 022c 00       		.byte	0
 727 022d 00       		.byte	0
 728 022e 11       		.uleb128 0x11
 729 022f 04       		.byte	0x4
 730 0230 34020000 		.4byte	0x234
 731 0234 12       		.uleb128 0x12
 732 0235 13       		.uleb128 0x13
 733 0236 43010000 		.4byte	.LASF31
 734 023a 01       		.byte	0x1
 735 023b 0A01     		.2byte	0x10a
 736 023d 00000000 		.4byte	.LFB6
 737 0241 10000000 		.4byte	.LFE6-.LFB6
 738 0245 01       		.uleb128 0x1
 739 0246 9C       		.byte	0x9c
 740 0247 68020000 		.4byte	0x268
 741 024b 14       		.uleb128 0x14
 742 024c 21020000 		.4byte	.LASF29
 743 0250 01       		.byte	0x1
 744 0251 0A01     		.2byte	0x10a
 745 0253 8D000000 		.4byte	0x8d
 746 0257 01       		.uleb128 0x1
 747 0258 50       		.byte	0x50
 748 0259 15       		.uleb128 0x15
ARM GAS  C:\Users\sinow\AppData\Local\Temp\ccahQ37n.s 			page 21


 749 025a 9B020000 		.4byte	.LASF30
 750 025e 01       		.byte	0x1
 751 025f 0C01     		.2byte	0x10c
 752 0261 8D000000 		.4byte	0x8d
 753 0265 01       		.uleb128 0x1
 754 0266 53       		.byte	0x53
 755 0267 00       		.byte	0
 756 0268 13       		.uleb128 0x13
 757 0269 75010000 		.4byte	.LASF32
 758 026d 01       		.byte	0x1
 759 026e 2C01     		.2byte	0x12c
 760 0270 00000000 		.4byte	.LFB7
 761 0274 D8000000 		.4byte	.LFE7-.LFB7
 762 0278 01       		.uleb128 0x1
 763 0279 9C       		.byte	0x9c
 764 027a FD030000 		.4byte	0x3fd
 765 027e 16       		.uleb128 0x16
 766 027f 0E000000 		.4byte	.LBB2
 767 0283 36000000 		.4byte	.LBE2-.LBB2
 768 0287 37030000 		.4byte	0x337
 769 028b 17       		.uleb128 0x17
 770 028c 06       		.byte	0x6
 771 028d 01       		.byte	0x1
 772 028e 3801     		.2byte	0x138
 773 0290 AF020000 		.4byte	0x2af
 774 0294 18       		.uleb128 0x18
 775 0295 A7010000 		.4byte	.LASF33
 776 0299 01       		.byte	0x1
 777 029a 3901     		.2byte	0x139
 778 029c 84000000 		.4byte	0x84
 779 02a0 00       		.byte	0
 780 02a1 18       		.uleb128 0x18
 781 02a2 89000000 		.4byte	.LASF34
 782 02a6 01       		.byte	0x1
 783 02a7 3A01     		.2byte	0x13a
 784 02a9 99000000 		.4byte	0x99
 785 02ad 04       		.byte	0x4
 786 02ae 00       		.byte	0
 787 02af 06       		.uleb128 0x6
 788 02b0 C6010000 		.4byte	.LASF35
 789 02b4 01       		.byte	0x1
 790 02b5 3B01     		.2byte	0x13b
 791 02b7 8B020000 		.4byte	0x28b
 792 02bb 19       		.uleb128 0x19
 793 02bc CB020000 		.4byte	0x2cb
 794 02c0 CB020000 		.4byte	0x2cb
 795 02c4 1A       		.uleb128 0x1a
 796 02c5 7D000000 		.4byte	0x7d
 797 02c9 07       		.byte	0x7
 798 02ca 00       		.byte	0
 799 02cb 1B       		.uleb128 0x1b
 800 02cc AF020000 		.4byte	0x2af
 801 02d0 15       		.uleb128 0x15
 802 02d1 34000000 		.4byte	.LASF36
 803 02d5 01       		.byte	0x1
 804 02d6 3D01     		.2byte	0x13d
 805 02d8 E2020000 		.4byte	0x2e2
ARM GAS  C:\Users\sinow\AppData\Local\Temp\ccahQ37n.s 			page 22


 806 02dc 05       		.uleb128 0x5
 807 02dd 03       		.byte	0x3
 808 02de 00000000 		.4byte	cfg_memset_list.4992
 809 02e2 1B       		.uleb128 0x1b
 810 02e3 BB020000 		.4byte	0x2bb
 811 02e7 1C       		.uleb128 0x1c
 812 02e8 6900     		.ascii	"i\000"
 813 02ea 01       		.byte	0x1
 814 02eb 4901     		.2byte	0x149
 815 02ed 8D000000 		.4byte	0x8d
 816 02f1 0C010000 		.4byte	.LLST8
 817 02f5 1D       		.uleb128 0x1d
 818 02f6 12000000 		.4byte	.LBB3
 819 02fa 16000000 		.4byte	.LBE3-.LBB3
 820 02fe 1C       		.uleb128 0x1c
 821 02ff 6D7300   		.ascii	"ms\000"
 822 0302 01       		.byte	0x1
 823 0303 4E01     		.2byte	0x14e
 824 0305 0D030000 		.4byte	0x30d
 825 0309 36010000 		.4byte	.LLST9
 826 030d 11       		.uleb128 0x11
 827 030e 04       		.byte	0x4
 828 030f CB020000 		.4byte	0x2cb
 829 0313 0D       		.uleb128 0xd
 830 0314 28000000 		.4byte	.LVL20
 831 0318 29010000 		.4byte	0x129
 832 031c 0E       		.uleb128 0xe
 833 031d 01       		.uleb128 0x1
 834 031e 51       		.byte	0x51
 835 031f 14       		.uleb128 0x14
 836 0320 74       		.byte	0x74
 837 0321 00       		.sleb128 0
 838 0322 31       		.byte	0x31
 839 0323 24       		.byte	0x24
 840 0324 74       		.byte	0x74
 841 0325 00       		.sleb128 0
 842 0326 22       		.byte	0x22
 843 0327 31       		.byte	0x31
 844 0328 24       		.byte	0x24
 845 0329 75       		.byte	0x75
 846 032a 00       		.sleb128 0
 847 032b 22       		.byte	0x22
 848 032c 23       		.byte	0x23
 849 032d 04       		.uleb128 0x4
 850 032e 94       		.byte	0x94
 851 032f 02       		.byte	0x2
 852 0330 0A       		.byte	0xa
 853 0331 FFFF     		.2byte	0xffff
 854 0333 1A       		.byte	0x1a
 855 0334 00       		.byte	0
 856 0335 00       		.byte	0
 857 0336 00       		.byte	0
 858 0337 0F       		.uleb128 0xf
 859 0338 50000000 		.4byte	.LVL23
 860 033c CE010000 		.4byte	0x1ce
 861 0340 5A030000 		.4byte	0x35a
 862 0344 0E       		.uleb128 0xe
ARM GAS  C:\Users\sinow\AppData\Local\Temp\ccahQ37n.s 			page 23


 863 0345 01       		.uleb128 0x1
 864 0346 50       		.byte	0x50
 865 0347 05       		.uleb128 0x5
 866 0348 0C       		.byte	0xc
 867 0349 F0510040 		.4byte	0x400051f0
 868 034d 0E       		.uleb128 0xe
 869 034e 01       		.uleb128 0x1
 870 034f 51       		.byte	0x51
 871 0350 03       		.uleb128 0x3
 872 0351 42       		.byte	0x42
 873 0352 4A       		.byte	0x4a
 874 0353 24       		.byte	0x24
 875 0354 0E       		.uleb128 0xe
 876 0355 01       		.uleb128 0x1
 877 0356 52       		.byte	0x52
 878 0357 01       		.uleb128 0x1
 879 0358 3A       		.byte	0x3a
 880 0359 00       		.byte	0
 881 035a 0F       		.uleb128 0xf
 882 035b 5A000000 		.4byte	.LVL24
 883 035f CE010000 		.4byte	0x1ce
 884 0363 7F030000 		.4byte	0x37f
 885 0367 0E       		.uleb128 0xe
 886 0368 01       		.uleb128 0x1
 887 0369 50       		.byte	0x50
 888 036a 05       		.uleb128 0x5
 889 036b 0C       		.byte	0xc
 890 036c 12510040 		.4byte	0x40005112
 891 0370 0E       		.uleb128 0xe
 892 0371 01       		.uleb128 0x1
 893 0372 51       		.byte	0x51
 894 0373 05       		.uleb128 0x5
 895 0374 0C       		.byte	0xc
 896 0375 0C000048 		.4byte	0x4800000c
 897 0379 0E       		.uleb128 0xe
 898 037a 01       		.uleb128 0x1
 899 037b 52       		.byte	0x52
 900 037c 01       		.uleb128 0x1
 901 037d 38       		.byte	0x38
 902 037e 00       		.byte	0
 903 037f 0F       		.uleb128 0xf
 904 0380 64000000 		.4byte	.LVL25
 905 0384 CE010000 		.4byte	0x1ce
 906 0388 A4030000 		.4byte	0x3a4
 907 038c 0E       		.uleb128 0xe
 908 038d 01       		.uleb128 0x1
 909 038e 50       		.byte	0x50
 910 038f 05       		.uleb128 0x5
 911 0390 0C       		.byte	0xc
 912 0391 22510040 		.4byte	0x40005122
 913 0395 0E       		.uleb128 0xe
 914 0396 01       		.uleb128 0x1
 915 0397 51       		.byte	0x51
 916 0398 05       		.uleb128 0x5
 917 0399 0C       		.byte	0xc
 918 039a 14000048 		.4byte	0x48000014
 919 039e 0E       		.uleb128 0xe
ARM GAS  C:\Users\sinow\AppData\Local\Temp\ccahQ37n.s 			page 24


 920 039f 01       		.uleb128 0x1
 921 03a0 52       		.byte	0x52
 922 03a1 01       		.uleb128 0x1
 923 03a2 38       		.byte	0x38
 924 03a3 00       		.byte	0
 925 03a4 0F       		.uleb128 0xf
 926 03a5 6E000000 		.4byte	.LVL26
 927 03a9 CE010000 		.4byte	0x1ce
 928 03ad C9030000 		.4byte	0x3c9
 929 03b1 0E       		.uleb128 0xe
 930 03b2 01       		.uleb128 0x1
 931 03b3 50       		.byte	0x50
 932 03b4 05       		.uleb128 0x5
 933 03b5 0C       		.byte	0xc
 934 03b6 60510040 		.4byte	0x40005160
 935 03ba 0E       		.uleb128 0xe
 936 03bb 01       		.uleb128 0x1
 937 03bc 51       		.byte	0x51
 938 03bd 05       		.uleb128 0x5
 939 03be 0C       		.byte	0xc
 940 03bf 1C000048 		.4byte	0x4800001c
 941 03c3 0E       		.uleb128 0xe
 942 03c4 01       		.uleb128 0x1
 943 03c5 52       		.byte	0x52
 944 03c6 01       		.uleb128 0x1
 945 03c7 3A       		.byte	0x3a
 946 03c8 00       		.byte	0
 947 03c9 1E       		.uleb128 0x1e
 948 03ca 82000000 		.4byte	.LVL28
 949 03ce 76010000 		.4byte	0x176
 950 03d2 1E       		.uleb128 0x1e
 951 03d3 90000000 		.4byte	.LVL29
 952 03d7 04010000 		.4byte	0x104
 953 03db 0D       		.uleb128 0xd
 954 03dc 9A000000 		.4byte	.LVL30
 955 03e0 CE010000 		.4byte	0x1ce
 956 03e4 0E       		.uleb128 0xe
 957 03e5 01       		.uleb128 0x1
 958 03e6 50       		.byte	0x50
 959 03e7 05       		.uleb128 0x5
 960 03e8 0C       		.byte	0xc
 961 03e9 B0430040 		.4byte	0x400043b0
 962 03ed 0E       		.uleb128 0xe
 963 03ee 01       		.uleb128 0x1
 964 03ef 51       		.byte	0x51
 965 03f0 05       		.uleb128 0x5
 966 03f1 0C       		.byte	0xc
 967 03f2 A0430040 		.4byte	0x400043a0
 968 03f6 0E       		.uleb128 0xe
 969 03f7 01       		.uleb128 0x1
 970 03f8 52       		.byte	0x52
 971 03f9 01       		.uleb128 0x1
 972 03fa 3E       		.byte	0x3e
 973 03fb 00       		.byte	0
 974 03fc 00       		.byte	0
 975 03fd 1F       		.uleb128 0x1f
 976 03fe 67010000 		.4byte	.LASF37
ARM GAS  C:\Users\sinow\AppData\Local\Temp\ccahQ37n.s 			page 25


 977 0402 67010000 		.4byte	.LASF37
 978 0406 20       		.uleb128 0x20
 979 0407 06000000 		.4byte	.LASF43
 980 040b 06000000 		.4byte	.LASF43
 981 040f 04       		.byte	0x4
 982 0410 79       		.byte	0x79
 983 0411 1F       		.uleb128 0x1f
 984 0412 10020000 		.4byte	.LASF38
 985 0416 10020000 		.4byte	.LASF38
 986 041a 00       		.byte	0
 987              		.section	.debug_abbrev,"",%progbits
 988              	.Ldebug_abbrev0:
 989 0000 01       		.uleb128 0x1
 990 0001 11       		.uleb128 0x11
 991 0002 01       		.byte	0x1
 992 0003 25       		.uleb128 0x25
 993 0004 0E       		.uleb128 0xe
 994 0005 13       		.uleb128 0x13
 995 0006 0B       		.uleb128 0xb
 996 0007 03       		.uleb128 0x3
 997 0008 0E       		.uleb128 0xe
 998 0009 1B       		.uleb128 0x1b
 999 000a 0E       		.uleb128 0xe
 1000 000b 55       		.uleb128 0x55
 1001 000c 17       		.uleb128 0x17
 1002 000d 11       		.uleb128 0x11
 1003 000e 01       		.uleb128 0x1
 1004 000f 10       		.uleb128 0x10
 1005 0010 17       		.uleb128 0x17
 1006 0011 00       		.byte	0
 1007 0012 00       		.byte	0
 1008 0013 02       		.uleb128 0x2
 1009 0014 24       		.uleb128 0x24
 1010 0015 00       		.byte	0
 1011 0016 0B       		.uleb128 0xb
 1012 0017 0B       		.uleb128 0xb
 1013 0018 3E       		.uleb128 0x3e
 1014 0019 0B       		.uleb128 0xb
 1015 001a 03       		.uleb128 0x3
 1016 001b 08       		.uleb128 0x8
 1017 001c 00       		.byte	0
 1018 001d 00       		.byte	0
 1019 001e 03       		.uleb128 0x3
 1020 001f 16       		.uleb128 0x16
 1021 0020 00       		.byte	0
 1022 0021 03       		.uleb128 0x3
 1023 0022 0E       		.uleb128 0xe
 1024 0023 3A       		.uleb128 0x3a
 1025 0024 0B       		.uleb128 0xb
 1026 0025 3B       		.uleb128 0x3b
 1027 0026 0B       		.uleb128 0xb
 1028 0027 49       		.uleb128 0x49
 1029 0028 13       		.uleb128 0x13
 1030 0029 00       		.byte	0
 1031 002a 00       		.byte	0
 1032 002b 04       		.uleb128 0x4
 1033 002c 24       		.uleb128 0x24
ARM GAS  C:\Users\sinow\AppData\Local\Temp\ccahQ37n.s 			page 26


 1034 002d 00       		.byte	0
 1035 002e 0B       		.uleb128 0xb
 1036 002f 0B       		.uleb128 0xb
 1037 0030 3E       		.uleb128 0x3e
 1038 0031 0B       		.uleb128 0xb
 1039 0032 03       		.uleb128 0x3
 1040 0033 0E       		.uleb128 0xe
 1041 0034 00       		.byte	0
 1042 0035 00       		.byte	0
 1043 0036 05       		.uleb128 0x5
 1044 0037 0F       		.uleb128 0xf
 1045 0038 00       		.byte	0
 1046 0039 0B       		.uleb128 0xb
 1047 003a 0B       		.uleb128 0xb
 1048 003b 00       		.byte	0
 1049 003c 00       		.byte	0
 1050 003d 06       		.uleb128 0x6
 1051 003e 16       		.uleb128 0x16
 1052 003f 00       		.byte	0
 1053 0040 03       		.uleb128 0x3
 1054 0041 0E       		.uleb128 0xe
 1055 0042 3A       		.uleb128 0x3a
 1056 0043 0B       		.uleb128 0xb
 1057 0044 3B       		.uleb128 0x3b
 1058 0045 05       		.uleb128 0x5
 1059 0046 49       		.uleb128 0x49
 1060 0047 13       		.uleb128 0x13
 1061 0048 00       		.byte	0
 1062 0049 00       		.byte	0
 1063 004a 07       		.uleb128 0x7
 1064 004b 35       		.uleb128 0x35
 1065 004c 00       		.byte	0
 1066 004d 49       		.uleb128 0x49
 1067 004e 13       		.uleb128 0x13
 1068 004f 00       		.byte	0
 1069 0050 00       		.byte	0
 1070 0051 08       		.uleb128 0x8
 1071 0052 2E       		.uleb128 0x2e
 1072 0053 01       		.byte	0x1
 1073 0054 03       		.uleb128 0x3
 1074 0055 0E       		.uleb128 0xe
 1075 0056 3A       		.uleb128 0x3a
 1076 0057 0B       		.uleb128 0xb
 1077 0058 3B       		.uleb128 0x3b
 1078 0059 0B       		.uleb128 0xb
 1079 005a 27       		.uleb128 0x27
 1080 005b 19       		.uleb128 0x19
 1081 005c 8701     		.uleb128 0x87
 1082 005e 19       		.uleb128 0x19
 1083 005f 11       		.uleb128 0x11
 1084 0060 01       		.uleb128 0x1
 1085 0061 12       		.uleb128 0x12
 1086 0062 06       		.uleb128 0x6
 1087 0063 40       		.uleb128 0x40
 1088 0064 18       		.uleb128 0x18
 1089 0065 9742     		.uleb128 0x2117
 1090 0067 19       		.uleb128 0x19
ARM GAS  C:\Users\sinow\AppData\Local\Temp\ccahQ37n.s 			page 27


 1091 0068 01       		.uleb128 0x1
 1092 0069 13       		.uleb128 0x13
 1093 006a 00       		.byte	0
 1094 006b 00       		.byte	0
 1095 006c 09       		.uleb128 0x9
 1096 006d 05       		.uleb128 0x5
 1097 006e 00       		.byte	0
 1098 006f 03       		.uleb128 0x3
 1099 0070 0E       		.uleb128 0xe
 1100 0071 3A       		.uleb128 0x3a
 1101 0072 0B       		.uleb128 0xb
 1102 0073 3B       		.uleb128 0x3b
 1103 0074 0B       		.uleb128 0xb
 1104 0075 49       		.uleb128 0x49
 1105 0076 13       		.uleb128 0x13
 1106 0077 02       		.uleb128 0x2
 1107 0078 18       		.uleb128 0x18
 1108 0079 00       		.byte	0
 1109 007a 00       		.byte	0
 1110 007b 0A       		.uleb128 0xa
 1111 007c 2E       		.uleb128 0x2e
 1112 007d 01       		.byte	0x1
 1113 007e 03       		.uleb128 0x3
 1114 007f 0E       		.uleb128 0xe
 1115 0080 3A       		.uleb128 0x3a
 1116 0081 0B       		.uleb128 0xb
 1117 0082 3B       		.uleb128 0x3b
 1118 0083 0B       		.uleb128 0xb
 1119 0084 27       		.uleb128 0x27
 1120 0085 19       		.uleb128 0x19
 1121 0086 11       		.uleb128 0x11
 1122 0087 01       		.uleb128 0x1
 1123 0088 12       		.uleb128 0x12
 1124 0089 06       		.uleb128 0x6
 1125 008a 40       		.uleb128 0x40
 1126 008b 18       		.uleb128 0x18
 1127 008c 9742     		.uleb128 0x2117
 1128 008e 19       		.uleb128 0x19
 1129 008f 01       		.uleb128 0x1
 1130 0090 13       		.uleb128 0x13
 1131 0091 00       		.byte	0
 1132 0092 00       		.byte	0
 1133 0093 0B       		.uleb128 0xb
 1134 0094 34       		.uleb128 0x34
 1135 0095 00       		.byte	0
 1136 0096 03       		.uleb128 0x3
 1137 0097 0E       		.uleb128 0xe
 1138 0098 3A       		.uleb128 0x3a
 1139 0099 0B       		.uleb128 0xb
 1140 009a 3B       		.uleb128 0x3b
 1141 009b 0B       		.uleb128 0xb
 1142 009c 49       		.uleb128 0x49
 1143 009d 13       		.uleb128 0x13
 1144 009e 02       		.uleb128 0x2
 1145 009f 17       		.uleb128 0x17
 1146 00a0 00       		.byte	0
 1147 00a1 00       		.byte	0
ARM GAS  C:\Users\sinow\AppData\Local\Temp\ccahQ37n.s 			page 28


 1148 00a2 0C       		.uleb128 0xc
 1149 00a3 05       		.uleb128 0x5
 1150 00a4 00       		.byte	0
 1151 00a5 03       		.uleb128 0x3
 1152 00a6 08       		.uleb128 0x8
 1153 00a7 3A       		.uleb128 0x3a
 1154 00a8 0B       		.uleb128 0xb
 1155 00a9 3B       		.uleb128 0x3b
 1156 00aa 0B       		.uleb128 0xb
 1157 00ab 49       		.uleb128 0x49
 1158 00ac 13       		.uleb128 0x13
 1159 00ad 02       		.uleb128 0x2
 1160 00ae 17       		.uleb128 0x17
 1161 00af 00       		.byte	0
 1162 00b0 00       		.byte	0
 1163 00b1 0D       		.uleb128 0xd
 1164 00b2 898201   		.uleb128 0x4109
 1165 00b5 01       		.byte	0x1
 1166 00b6 11       		.uleb128 0x11
 1167 00b7 01       		.uleb128 0x1
 1168 00b8 31       		.uleb128 0x31
 1169 00b9 13       		.uleb128 0x13
 1170 00ba 00       		.byte	0
 1171 00bb 00       		.byte	0
 1172 00bc 0E       		.uleb128 0xe
 1173 00bd 8A8201   		.uleb128 0x410a
 1174 00c0 00       		.byte	0
 1175 00c1 02       		.uleb128 0x2
 1176 00c2 18       		.uleb128 0x18
 1177 00c3 9142     		.uleb128 0x2111
 1178 00c5 18       		.uleb128 0x18
 1179 00c6 00       		.byte	0
 1180 00c7 00       		.byte	0
 1181 00c8 0F       		.uleb128 0xf
 1182 00c9 898201   		.uleb128 0x4109
 1183 00cc 01       		.byte	0x1
 1184 00cd 11       		.uleb128 0x11
 1185 00ce 01       		.uleb128 0x1
 1186 00cf 31       		.uleb128 0x31
 1187 00d0 13       		.uleb128 0x13
 1188 00d1 01       		.uleb128 0x1
 1189 00d2 13       		.uleb128 0x13
 1190 00d3 00       		.byte	0
 1191 00d4 00       		.byte	0
 1192 00d5 10       		.uleb128 0x10
 1193 00d6 05       		.uleb128 0x5
 1194 00d7 00       		.byte	0
 1195 00d8 03       		.uleb128 0x3
 1196 00d9 0E       		.uleb128 0xe
 1197 00da 3A       		.uleb128 0x3a
 1198 00db 0B       		.uleb128 0xb
 1199 00dc 3B       		.uleb128 0x3b
 1200 00dd 0B       		.uleb128 0xb
 1201 00de 49       		.uleb128 0x49
 1202 00df 13       		.uleb128 0x13
 1203 00e0 02       		.uleb128 0x2
 1204 00e1 17       		.uleb128 0x17
ARM GAS  C:\Users\sinow\AppData\Local\Temp\ccahQ37n.s 			page 29


 1205 00e2 00       		.byte	0
 1206 00e3 00       		.byte	0
 1207 00e4 11       		.uleb128 0x11
 1208 00e5 0F       		.uleb128 0xf
 1209 00e6 00       		.byte	0
 1210 00e7 0B       		.uleb128 0xb
 1211 00e8 0B       		.uleb128 0xb
 1212 00e9 49       		.uleb128 0x49
 1213 00ea 13       		.uleb128 0x13
 1214 00eb 00       		.byte	0
 1215 00ec 00       		.byte	0
 1216 00ed 12       		.uleb128 0x12
 1217 00ee 26       		.uleb128 0x26
 1218 00ef 00       		.byte	0
 1219 00f0 00       		.byte	0
 1220 00f1 00       		.byte	0
 1221 00f2 13       		.uleb128 0x13
 1222 00f3 2E       		.uleb128 0x2e
 1223 00f4 01       		.byte	0x1
 1224 00f5 3F       		.uleb128 0x3f
 1225 00f6 19       		.uleb128 0x19
 1226 00f7 03       		.uleb128 0x3
 1227 00f8 0E       		.uleb128 0xe
 1228 00f9 3A       		.uleb128 0x3a
 1229 00fa 0B       		.uleb128 0xb
 1230 00fb 3B       		.uleb128 0x3b
 1231 00fc 05       		.uleb128 0x5
 1232 00fd 27       		.uleb128 0x27
 1233 00fe 19       		.uleb128 0x19
 1234 00ff 11       		.uleb128 0x11
 1235 0100 01       		.uleb128 0x1
 1236 0101 12       		.uleb128 0x12
 1237 0102 06       		.uleb128 0x6
 1238 0103 40       		.uleb128 0x40
 1239 0104 18       		.uleb128 0x18
 1240 0105 9742     		.uleb128 0x2117
 1241 0107 19       		.uleb128 0x19
 1242 0108 01       		.uleb128 0x1
 1243 0109 13       		.uleb128 0x13
 1244 010a 00       		.byte	0
 1245 010b 00       		.byte	0
 1246 010c 14       		.uleb128 0x14
 1247 010d 05       		.uleb128 0x5
 1248 010e 00       		.byte	0
 1249 010f 03       		.uleb128 0x3
 1250 0110 0E       		.uleb128 0xe
 1251 0111 3A       		.uleb128 0x3a
 1252 0112 0B       		.uleb128 0xb
 1253 0113 3B       		.uleb128 0x3b
 1254 0114 05       		.uleb128 0x5
 1255 0115 49       		.uleb128 0x49
 1256 0116 13       		.uleb128 0x13
 1257 0117 02       		.uleb128 0x2
 1258 0118 18       		.uleb128 0x18
 1259 0119 00       		.byte	0
 1260 011a 00       		.byte	0
 1261 011b 15       		.uleb128 0x15
ARM GAS  C:\Users\sinow\AppData\Local\Temp\ccahQ37n.s 			page 30


 1262 011c 34       		.uleb128 0x34
 1263 011d 00       		.byte	0
 1264 011e 03       		.uleb128 0x3
 1265 011f 0E       		.uleb128 0xe
 1266 0120 3A       		.uleb128 0x3a
 1267 0121 0B       		.uleb128 0xb
 1268 0122 3B       		.uleb128 0x3b
 1269 0123 05       		.uleb128 0x5
 1270 0124 49       		.uleb128 0x49
 1271 0125 13       		.uleb128 0x13
 1272 0126 02       		.uleb128 0x2
 1273 0127 18       		.uleb128 0x18
 1274 0128 00       		.byte	0
 1275 0129 00       		.byte	0
 1276 012a 16       		.uleb128 0x16
 1277 012b 0B       		.uleb128 0xb
 1278 012c 01       		.byte	0x1
 1279 012d 11       		.uleb128 0x11
 1280 012e 01       		.uleb128 0x1
 1281 012f 12       		.uleb128 0x12
 1282 0130 06       		.uleb128 0x6
 1283 0131 01       		.uleb128 0x1
 1284 0132 13       		.uleb128 0x13
 1285 0133 00       		.byte	0
 1286 0134 00       		.byte	0
 1287 0135 17       		.uleb128 0x17
 1288 0136 13       		.uleb128 0x13
 1289 0137 01       		.byte	0x1
 1290 0138 0B       		.uleb128 0xb
 1291 0139 0B       		.uleb128 0xb
 1292 013a 3A       		.uleb128 0x3a
 1293 013b 0B       		.uleb128 0xb
 1294 013c 3B       		.uleb128 0x3b
 1295 013d 05       		.uleb128 0x5
 1296 013e 01       		.uleb128 0x1
 1297 013f 13       		.uleb128 0x13
 1298 0140 00       		.byte	0
 1299 0141 00       		.byte	0
 1300 0142 18       		.uleb128 0x18
 1301 0143 0D       		.uleb128 0xd
 1302 0144 00       		.byte	0
 1303 0145 03       		.uleb128 0x3
 1304 0146 0E       		.uleb128 0xe
 1305 0147 3A       		.uleb128 0x3a
 1306 0148 0B       		.uleb128 0xb
 1307 0149 3B       		.uleb128 0x3b
 1308 014a 05       		.uleb128 0x5
 1309 014b 49       		.uleb128 0x49
 1310 014c 13       		.uleb128 0x13
 1311 014d 38       		.uleb128 0x38
 1312 014e 0B       		.uleb128 0xb
 1313 014f 00       		.byte	0
 1314 0150 00       		.byte	0
 1315 0151 19       		.uleb128 0x19
 1316 0152 01       		.uleb128 0x1
 1317 0153 01       		.byte	0x1
 1318 0154 49       		.uleb128 0x49
ARM GAS  C:\Users\sinow\AppData\Local\Temp\ccahQ37n.s 			page 31


 1319 0155 13       		.uleb128 0x13
 1320 0156 01       		.uleb128 0x1
 1321 0157 13       		.uleb128 0x13
 1322 0158 00       		.byte	0
 1323 0159 00       		.byte	0
 1324 015a 1A       		.uleb128 0x1a
 1325 015b 21       		.uleb128 0x21
 1326 015c 00       		.byte	0
 1327 015d 49       		.uleb128 0x49
 1328 015e 13       		.uleb128 0x13
 1329 015f 2F       		.uleb128 0x2f
 1330 0160 0B       		.uleb128 0xb
 1331 0161 00       		.byte	0
 1332 0162 00       		.byte	0
 1333 0163 1B       		.uleb128 0x1b
 1334 0164 26       		.uleb128 0x26
 1335 0165 00       		.byte	0
 1336 0166 49       		.uleb128 0x49
 1337 0167 13       		.uleb128 0x13
 1338 0168 00       		.byte	0
 1339 0169 00       		.byte	0
 1340 016a 1C       		.uleb128 0x1c
 1341 016b 34       		.uleb128 0x34
 1342 016c 00       		.byte	0
 1343 016d 03       		.uleb128 0x3
 1344 016e 08       		.uleb128 0x8
 1345 016f 3A       		.uleb128 0x3a
 1346 0170 0B       		.uleb128 0xb
 1347 0171 3B       		.uleb128 0x3b
 1348 0172 05       		.uleb128 0x5
 1349 0173 49       		.uleb128 0x49
 1350 0174 13       		.uleb128 0x13
 1351 0175 02       		.uleb128 0x2
 1352 0176 17       		.uleb128 0x17
 1353 0177 00       		.byte	0
 1354 0178 00       		.byte	0
 1355 0179 1D       		.uleb128 0x1d
 1356 017a 0B       		.uleb128 0xb
 1357 017b 01       		.byte	0x1
 1358 017c 11       		.uleb128 0x11
 1359 017d 01       		.uleb128 0x1
 1360 017e 12       		.uleb128 0x12
 1361 017f 06       		.uleb128 0x6
 1362 0180 00       		.byte	0
 1363 0181 00       		.byte	0
 1364 0182 1E       		.uleb128 0x1e
 1365 0183 898201   		.uleb128 0x4109
 1366 0186 00       		.byte	0
 1367 0187 11       		.uleb128 0x11
 1368 0188 01       		.uleb128 0x1
 1369 0189 31       		.uleb128 0x31
 1370 018a 13       		.uleb128 0x13
 1371 018b 00       		.byte	0
 1372 018c 00       		.byte	0
 1373 018d 1F       		.uleb128 0x1f
 1374 018e 2E       		.uleb128 0x2e
 1375 018f 00       		.byte	0
ARM GAS  C:\Users\sinow\AppData\Local\Temp\ccahQ37n.s 			page 32


 1376 0190 3F       		.uleb128 0x3f
 1377 0191 19       		.uleb128 0x19
 1378 0192 3C       		.uleb128 0x3c
 1379 0193 19       		.uleb128 0x19
 1380 0194 6E       		.uleb128 0x6e
 1381 0195 0E       		.uleb128 0xe
 1382 0196 03       		.uleb128 0x3
 1383 0197 0E       		.uleb128 0xe
 1384 0198 00       		.byte	0
 1385 0199 00       		.byte	0
 1386 019a 20       		.uleb128 0x20
 1387 019b 2E       		.uleb128 0x2e
 1388 019c 00       		.byte	0
 1389 019d 3F       		.uleb128 0x3f
 1390 019e 19       		.uleb128 0x19
 1391 019f 3C       		.uleb128 0x3c
 1392 01a0 19       		.uleb128 0x19
 1393 01a1 6E       		.uleb128 0x6e
 1394 01a2 0E       		.uleb128 0xe
 1395 01a3 03       		.uleb128 0x3
 1396 01a4 0E       		.uleb128 0xe
 1397 01a5 3A       		.uleb128 0x3a
 1398 01a6 0B       		.uleb128 0xb
 1399 01a7 3B       		.uleb128 0x3b
 1400 01a8 0B       		.uleb128 0xb
 1401 01a9 00       		.byte	0
 1402 01aa 00       		.byte	0
 1403 01ab 00       		.byte	0
 1404              		.section	.debug_loc,"",%progbits
 1405              	.Ldebug_loc0:
 1406              	.LLST0:
 1407 0000 06000000 		.4byte	.LVL1
 1408 0004 10000000 		.4byte	.LVL2
 1409 0008 0100     		.2byte	0x1
 1410 000a 53       		.byte	0x53
 1411 000b 00000000 		.4byte	0
 1412 000f 00000000 		.4byte	0
 1413              	.LLST1:
 1414 0013 00000000 		.4byte	.LVL3
 1415 0017 09000000 		.4byte	.LVL5-1
 1416 001b 0100     		.2byte	0x1
 1417 001d 50       		.byte	0x50
 1418 001e 09000000 		.4byte	.LVL5-1
 1419 0022 0C000000 		.4byte	.LFE0
 1420 0026 0400     		.2byte	0x4
 1421 0028 F3       		.byte	0xf3
 1422 0029 01       		.uleb128 0x1
 1423 002a 50       		.byte	0x50
 1424 002b 9F       		.byte	0x9f
 1425 002c 00000000 		.4byte	0
 1426 0030 00000000 		.4byte	0
 1427              	.LLST2:
 1428 0034 00000000 		.4byte	.LVL3
 1429 0038 06000000 		.4byte	.LVL4
 1430 003c 0100     		.2byte	0x1
 1431 003e 51       		.byte	0x51
 1432 003f 06000000 		.4byte	.LVL4
ARM GAS  C:\Users\sinow\AppData\Local\Temp\ccahQ37n.s 			page 33


 1433 0043 09000000 		.4byte	.LVL5-1
 1434 0047 0100     		.2byte	0x1
 1435 0049 52       		.byte	0x52
 1436 004a 09000000 		.4byte	.LVL5-1
 1437 004e 0C000000 		.4byte	.LFE0
 1438 0052 0400     		.2byte	0x4
 1439 0054 F3       		.byte	0xf3
 1440 0055 01       		.uleb128 0x1
 1441 0056 51       		.byte	0x51
 1442 0057 9F       		.byte	0x9f
 1443 0058 00000000 		.4byte	0
 1444 005c 00000000 		.4byte	0
 1445              	.LLST3:
 1446 0060 2E000000 		.4byte	.LVL6
 1447 0064 34000000 		.4byte	.LVL7
 1448 0068 0200     		.2byte	0x2
 1449 006a 49       		.byte	0x49
 1450 006b 9F       		.byte	0x9f
 1451 006c 34000000 		.4byte	.LVL7
 1452 0070 7E000000 		.4byte	.LVL13
 1453 0074 0100     		.2byte	0x1
 1454 0076 55       		.byte	0x55
 1455 0077 00000000 		.4byte	0
 1456 007b 00000000 		.4byte	0
 1457              	.LLST4:
 1458 007f 2E000000 		.4byte	.LVL6
 1459 0083 34000000 		.4byte	.LVL7
 1460 0087 0200     		.2byte	0x2
 1461 0089 30       		.byte	0x30
 1462 008a 9F       		.byte	0x9f
 1463 008b 34000000 		.4byte	.LVL7
 1464 008f 40000000 		.4byte	.LVL8
 1465 0093 0100     		.2byte	0x1
 1466 0095 54       		.byte	0x54
 1467 0096 44000000 		.4byte	.LVL9
 1468 009a 7E000000 		.4byte	.LVL13
 1469 009e 0100     		.2byte	0x1
 1470 00a0 54       		.byte	0x54
 1471 00a1 00000000 		.4byte	0
 1472 00a5 00000000 		.4byte	0
 1473              	.LLST5:
 1474 00a9 00000000 		.4byte	.LVL14
 1475 00ad 05000000 		.4byte	.LVL15-1
 1476 00b1 0100     		.2byte	0x1
 1477 00b3 50       		.byte	0x50
 1478 00b4 05000000 		.4byte	.LVL15-1
 1479 00b8 08000000 		.4byte	.LFE1
 1480 00bc 0400     		.2byte	0x4
 1481 00be F3       		.byte	0xf3
 1482 00bf 01       		.uleb128 0x1
 1483 00c0 50       		.byte	0x50
 1484 00c1 9F       		.byte	0x9f
 1485 00c2 00000000 		.4byte	0
 1486 00c6 00000000 		.4byte	0
 1487              	.LLST6:
 1488 00ca 00000000 		.4byte	.LVL14
 1489 00ce 05000000 		.4byte	.LVL15-1
ARM GAS  C:\Users\sinow\AppData\Local\Temp\ccahQ37n.s 			page 34


 1490 00d2 0100     		.2byte	0x1
 1491 00d4 51       		.byte	0x51
 1492 00d5 05000000 		.4byte	.LVL15-1
 1493 00d9 08000000 		.4byte	.LFE1
 1494 00dd 0400     		.2byte	0x4
 1495 00df F3       		.byte	0xf3
 1496 00e0 01       		.uleb128 0x1
 1497 00e1 51       		.byte	0x51
 1498 00e2 9F       		.byte	0x9f
 1499 00e3 00000000 		.4byte	0
 1500 00e7 00000000 		.4byte	0
 1501              	.LLST7:
 1502 00eb 00000000 		.4byte	.LVL14
 1503 00ef 05000000 		.4byte	.LVL15-1
 1504 00f3 0100     		.2byte	0x1
 1505 00f5 52       		.byte	0x52
 1506 00f6 05000000 		.4byte	.LVL15-1
 1507 00fa 08000000 		.4byte	.LFE1
 1508 00fe 0400     		.2byte	0x4
 1509 0100 F3       		.byte	0xf3
 1510 0101 01       		.uleb128 0x1
 1511 0102 52       		.byte	0x52
 1512 0103 9F       		.byte	0x9f
 1513 0104 00000000 		.4byte	0
 1514 0108 00000000 		.4byte	0
 1515              	.LLST8:
 1516 010c 0E000000 		.4byte	.LVL18
 1517 0110 12000000 		.4byte	.LVL19
 1518 0114 0200     		.2byte	0x2
 1519 0116 30       		.byte	0x30
 1520 0117 9F       		.byte	0x9f
 1521 0118 12000000 		.4byte	.LVL19
 1522 011c 2A000000 		.4byte	.LVL21
 1523 0120 0100     		.2byte	0x1
 1524 0122 54       		.byte	0x54
 1525 0123 2C000000 		.4byte	.LVL22
 1526 0127 7A000000 		.4byte	.LVL27
 1527 012b 0100     		.2byte	0x1
 1528 012d 54       		.byte	0x54
 1529 012e 00000000 		.4byte	0
 1530 0132 00000000 		.4byte	0
 1531              	.LLST9:
 1532 0136 12000000 		.4byte	.LVL19
 1533 013a 2A000000 		.4byte	.LVL21
 1534 013e 0B00     		.2byte	0xb
 1535 0140 74       		.byte	0x74
 1536 0141 00       		.sleb128 0
 1537 0142 36       		.byte	0x36
 1538 0143 1E       		.byte	0x1e
 1539 0144 03       		.byte	0x3
 1540 0145 00000000 		.4byte	cfg_memset_list.4992
 1541 0149 22       		.byte	0x22
 1542 014a 9F       		.byte	0x9f
 1543 014b 2A000000 		.4byte	.LVL21
 1544 014f 2C000000 		.4byte	.LVL22
 1545 0153 0B00     		.2byte	0xb
 1546 0155 74       		.byte	0x74
ARM GAS  C:\Users\sinow\AppData\Local\Temp\ccahQ37n.s 			page 35


 1547 0156 7F       		.sleb128 -1
 1548 0157 36       		.byte	0x36
 1549 0158 1E       		.byte	0x1e
 1550 0159 03       		.byte	0x3
 1551 015a 00000000 		.4byte	cfg_memset_list.4992
 1552 015e 22       		.byte	0x22
 1553 015f 9F       		.byte	0x9f
 1554 0160 00000000 		.4byte	0
 1555 0164 00000000 		.4byte	0
 1556              		.section	.debug_aranges,"",%progbits
 1557 0000 4C000000 		.4byte	0x4c
 1558 0004 0200     		.2byte	0x2
 1559 0006 00000000 		.4byte	.Ldebug_info0
 1560 000a 04       		.byte	0x4
 1561 000b 00       		.byte	0
 1562 000c 0000     		.2byte	0
 1563 000e 0000     		.2byte	0
 1564 0010 00000000 		.4byte	.LFB3
 1565 0014 02000000 		.4byte	.LFE3-.LFB3
 1566 0018 00000000 		.4byte	.LFB5
 1567 001c 28000000 		.4byte	.LFE5-.LFB5
 1568 0020 00000000 		.4byte	.LFB0
 1569 0024 0C000000 		.4byte	.LFE0-.LFB0
 1570 0028 00000000 		.4byte	.LFB4
 1571 002c 9C000000 		.4byte	.LFE4-.LFB4
 1572 0030 00000000 		.4byte	.LFB1
 1573 0034 08000000 		.4byte	.LFE1-.LFB1
 1574 0038 00000000 		.4byte	.LFB6
 1575 003c 10000000 		.4byte	.LFE6-.LFB6
 1576 0040 00000000 		.4byte	.LFB7
 1577 0044 D8000000 		.4byte	.LFE7-.LFB7
 1578 0048 00000000 		.4byte	0
 1579 004c 00000000 		.4byte	0
 1580              		.section	.debug_ranges,"",%progbits
 1581              	.Ldebug_ranges0:
 1582 0000 00000000 		.4byte	.LFB3
 1583 0004 02000000 		.4byte	.LFE3
 1584 0008 00000000 		.4byte	.LFB5
 1585 000c 28000000 		.4byte	.LFE5
 1586 0010 00000000 		.4byte	.LFB0
 1587 0014 0C000000 		.4byte	.LFE0
 1588 0018 00000000 		.4byte	.LFB4
 1589 001c 9C000000 		.4byte	.LFE4
 1590 0020 00000000 		.4byte	.LFB1
 1591 0024 08000000 		.4byte	.LFE1
 1592 0028 00000000 		.4byte	.LFB6
 1593 002c 10000000 		.4byte	.LFE6
 1594 0030 00000000 		.4byte	.LFB7
 1595 0034 D8000000 		.4byte	.LFE7
 1596 0038 00000000 		.4byte	0
 1597 003c 00000000 		.4byte	0
 1598              		.section	.debug_line,"",%progbits
 1599              	.Ldebug_line0:
 1600 0000 A4010000 		.section	.debug_str,"MS",%progbits,1
 1600      0200D600 
 1600      00000201 
 1600      FB0E0D00 
ARM GAS  C:\Users\sinow\AppData\Local\Temp\ccahQ37n.s 			page 36


 1600      01010101 
 1601              	.LASF19:
 1602 0000 72656731 		.ascii	"reg16\000"
 1602      3600
 1603              	.LASF43:
 1604 0006 43794465 		.ascii	"CyDelayCycles\000"
 1604      6C617943 
 1604      79636C65 
 1604      7300
 1605              	.LASF12:
 1606 0014 73697A65 		.ascii	"size_t\000"
 1606      5F7400
 1607              	.LASF20:
 1608 001b 416E616C 		.ascii	"AnalogSetDefault\000"
 1608      6F675365 
 1608      74446566 
 1608      61756C74 
 1608      00
 1609              	.LASF25:
 1610 002c 74696D65 		.ascii	"timeout\000"
 1610      6F757400 
 1611              	.LASF36:
 1612 0034 6366675F 		.ascii	"cfg_memset_list\000"
 1612      6D656D73 
 1612      65745F6C 
 1612      69737400 
 1613              	.LASF23:
 1614 0044 436C6F63 		.ascii	"ClockSetup\000"
 1614      6B536574 
 1614      757000
 1615              	.LASF6:
 1616 004f 73686F72 		.ascii	"short unsigned int\000"
 1616      7420756E 
 1616      7369676E 
 1616      65642069 
 1616      6E7400
 1617              	.LASF26:
 1618 0062 706C6C4C 		.ascii	"pllLock\000"
 1618      6F636B00 
 1619              	.LASF16:
 1620 006a 666C6F61 		.ascii	"float\000"
 1620      7400
 1621              	.LASF42:
 1622 0070 4379436C 		.ascii	"CyClockStartupError\000"
 1622      6F636B53 
 1622      74617274 
 1622      75704572 
 1622      726F7200 
 1623              	.LASF28:
 1624 0084 64657374 		.ascii	"dest\000"
 1624      00
 1625              	.LASF34:
 1626 0089 73697A65 		.ascii	"size\000"
 1626      00
 1627              	.LASF39:
 1628 008e 474E5520 		.ascii	"GNU C11 5.4.1 20160609 (release) [ARM/embedded-5-br"
 1628      43313120 
ARM GAS  C:\Users\sinow\AppData\Local\Temp\ccahQ37n.s 			page 37


 1628      352E342E 
 1628      31203230 
 1628      31363036 
 1629 00c1 616E6368 		.ascii	"anch revision 237715] -mcpu=cortex-m3 -mthumb -g -O"
 1629      20726576 
 1629      6973696F 
 1629      6E203233 
 1629      37373135 
 1630 00f4 67202D66 		.ascii	"g -ffunction-sections -ffat-lto-objects\000"
 1630      66756E63 
 1630      74696F6E 
 1630      2D736563 
 1630      74696F6E 
 1631              	.LASF18:
 1632 011c 72656738 		.ascii	"reg8\000"
 1632      00
 1633              	.LASF8:
 1634 0121 6C6F6E67 		.ascii	"long unsigned int\000"
 1634      20756E73 
 1634      69676E65 
 1634      6420696E 
 1634      7400
 1635              	.LASF13:
 1636 0133 75696E74 		.ascii	"uint8\000"
 1636      3800
 1637              	.LASF21:
 1638 0139 43594D45 		.ascii	"CYMEMZERO\000"
 1638      4D5A4552 
 1638      4F00
 1639              	.LASF31:
 1640 0143 53657441 		.ascii	"SetAnalogRoutingPumps\000"
 1640      6E616C6F 
 1640      67526F75 
 1640      74696E67 
 1640      50756D70 
 1641              	.LASF4:
 1642 0159 756E7369 		.ascii	"unsigned char\000"
 1642      676E6564 
 1642      20636861 
 1642      7200
 1643              	.LASF37:
 1644 0167 6D656D73 		.ascii	"memset\000"
 1644      657400
 1645              	.LASF17:
 1646 016e 646F7562 		.ascii	"double\000"
 1646      6C6500
 1647              	.LASF32:
 1648 0175 63796669 		.ascii	"cyfitter_cfg\000"
 1648      74746572 
 1648      5F636667 
 1648      00
 1649              	.LASF14:
 1650 0182 75696E74 		.ascii	"uint16\000"
 1650      313600
 1651              	.LASF22:
 1652 0189 6572726F 		.ascii	"errorCode\000"
 1652      72436F64 
ARM GAS  C:\Users\sinow\AppData\Local\Temp\ccahQ37n.s 			page 38


 1652      6500
 1653              	.LASF15:
 1654 0193 75696E74 		.ascii	"uint32\000"
 1654      333200
 1655              	.LASF0:
 1656 019a 756E7369 		.ascii	"unsigned int\000"
 1656      676E6564 
 1656      20696E74 
 1656      00
 1657              	.LASF33:
 1658 01a7 61646472 		.ascii	"address\000"
 1658      65737300 
 1659              	.LASF9:
 1660 01af 6C6F6E67 		.ascii	"long long unsigned int\000"
 1660      206C6F6E 
 1660      6720756E 
 1660      7369676E 
 1660      65642069 
 1661              	.LASF35:
 1662 01c6 6366675F 		.ascii	"cfg_memset_t\000"
 1662      6D656D73 
 1662      65745F74 
 1662      00
 1663              	.LASF10:
 1664 01d3 73697A65 		.ascii	"sizetype\000"
 1664      74797065 
 1664      00
 1665              	.LASF1:
 1666 01dc 6C6F6E67 		.ascii	"long long int\000"
 1666      206C6F6E 
 1666      6720696E 
 1666      7400
 1667              	.LASF40:
 1668 01ea 47656E65 		.ascii	"Generated_Source\\PSoC5\\cyfitter_cfg.c\000"
 1668      72617465 
 1668      645F536F 
 1668      75726365 
 1668      5C50536F 
 1669              	.LASF38:
 1670 0210 6D656D63 		.ascii	"memcpy\000"
 1670      707900
 1671              	.LASF5:
 1672 0217 73686F72 		.ascii	"short int\000"
 1672      7420696E 
 1672      7400
 1673              	.LASF29:
 1674 0221 656E6162 		.ascii	"enabled\000"
 1674      6C656400 
 1675              	.LASF7:
 1676 0229 6C6F6E67 		.ascii	"long int\000"
 1676      20696E74 
 1676      00
 1677              	.LASF11:
 1678 0232 63686172 		.ascii	"char\000"
 1678      00
 1679              	.LASF2:
 1680 0237 6C6F6E67 		.ascii	"long double\000"
ARM GAS  C:\Users\sinow\AppData\Local\Temp\ccahQ37n.s 			page 39


 1680      20646F75 
 1680      626C6500 
 1681              	.LASF24:
 1682 0243 62675F78 		.ascii	"bg_xover_inl_trim\000"
 1682      6F766572 
 1682      5F696E6C 
 1682      5F747269 
 1682      6D00
 1683              	.LASF3:
 1684 0255 7369676E 		.ascii	"signed char\000"
 1684      65642063 
 1684      68617200 
 1685              	.LASF41:
 1686 0261 433A5C55 		.ascii	"C:\\Users\\sinow\\Documents\\PSoC Creator\\Lab3\\De"
 1686      73657273 
 1686      5C73696E 
 1686      6F775C44 
 1686      6F63756D 
 1687 028e 7369676E 		.ascii	"sign02.cydsn\000"
 1687      30322E63 
 1687      7964736E 
 1687      00
 1688              	.LASF30:
 1689 029b 72656756 		.ascii	"regValue\000"
 1689      616C7565 
 1689      00
 1690              	.LASF27:
 1691 02a4 4359434F 		.ascii	"CYCONFIGCPY\000"
 1691      4E464947 
 1691      43505900 
 1692              		.ident	"GCC: (GNU Tools for ARM Embedded Processors) 5.4.1 20160609 (release) [ARM/embedded-5-bran
