ARM GAS  C:\Users\sinow\AppData\Local\Temp\cc5mxSNX.s 			page 1


   1              		.syntax unified
   2              		.cpu cortex-m3
   3              		.fpu softvfp
   4              		.eabi_attribute 20, 1
   5              		.eabi_attribute 21, 1
   6              		.eabi_attribute 23, 3
   7              		.eabi_attribute 24, 1
   8              		.eabi_attribute 25, 1
   9              		.eabi_attribute 26, 1
  10              		.eabi_attribute 30, 1
  11              		.eabi_attribute 34, 1
  12              		.eabi_attribute 18, 4
  13              		.thumb
  14              		.syntax unified
  15              		.file	"main.c"
  16              		.text
  17              	.Ltext0:
  18              		.cfi_sections	.debug_frame
  19              		.global	__aeabi_ldivmod
  20              		.section	.text.main,"ax",%progbits
  21              		.align	2
  22              		.global	main
  23              		.thumb
  24              		.thumb_func
  25              		.type	main, %function
  26              	main:
  27              	.LFB64:
  28              		.file 1 "main.c"
   1:main.c        **** #include "project.h"
   2:main.c        **** #include "stdio.h"
   3:main.c        **** #include "string.h"
   4:main.c        **** #include "math.h"
   5:main.c        **** 
   6:main.c        **** int main(void)
   7:main.c        **** {
  29              		.loc 1 7 0
  30              		.cfi_startproc
  31              		@ args = 0, pretend = 0, frame = 272
  32              		@ frame_needed = 0, uses_anonymous_args = 0
  33 0000 2DE9F04F 		push	{r4, r5, r6, r7, r8, r9, r10, fp, lr}
  34              		.cfi_def_cfa_offset 36
  35              		.cfi_offset 4, -36
  36              		.cfi_offset 5, -32
  37              		.cfi_offset 6, -28
  38              		.cfi_offset 7, -24
  39              		.cfi_offset 8, -20
  40              		.cfi_offset 9, -16
  41              		.cfi_offset 10, -12
  42              		.cfi_offset 11, -8
  43              		.cfi_offset 14, -4
  44 0004 C5B0     		sub	sp, sp, #276
  45              		.cfi_def_cfa_offset 312
   8:main.c        ****     CyGlobalIntEnable; 
  46              		.loc 1 8 0
  47              		.syntax unified
  48              	@ 8 "main.c" 1
  49 0006 62B6     		CPSIE   i
ARM GAS  C:\Users\sinow\AppData\Local\Temp\cc5mxSNX.s 			page 2


  50              	@ 0 "" 2
   9:main.c        ****         
  10:main.c        ****     ADC_SAR_1_Start();//initalizing ADC
  51              		.loc 1 10 0
  52              		.thumb
  53              		.syntax unified
  54 0008 FFF7FEFF 		bl	ADC_SAR_1_Start
  55              	.LVL0:
  11:main.c        ****     VDAC8_1_Start();//initalizing DAC
  56              		.loc 1 11 0
  57 000c FFF7FEFF 		bl	VDAC8_1_Start
  58              	.LVL1:
  12:main.c        ****     
  13:main.c        ****     int32_t output;
  14:main.c        ****     int32_t amplitude;
  15:main.c        ****     int32_t average;
  16:main.c        ****     int32_t sum;// running sum, zero it out each 100,000 samples
  17:main.c        ****     int32_t saved_mean = 0;// gets sum/N at the end of each batch
  18:main.c        ****     int64_t sum_of_sqs;// running sum of (f(n) -saved_mean)2
  19:main.c        ****     int32_t min;// capture min(f(n)) reset to INT_MAX each batch
  20:main.c        ****     int32_t max;// capture max(f(n)) reset to INT_MIN each batch
  21:main.c        ****     int i = 0; // counter variables
  22:main.c        ****     int64_t mean_sq;// Need 64 bits to avoid overflow
  23:main.c        ****     int NUM_SAMPS = 100000; //at 100khz
  24:main.c        ****        
  25:main.c        ****     
  26:main.c        ****     LCD_Char_1_Start();//initalizing lcd
  59              		.loc 1 26 0
  60 0010 FFF7FEFF 		bl	LCD_Char_1_Start
  61              	.LVL2:
  17:main.c        ****     int64_t sum_of_sqs;// running sum of (f(n) -saved_mean)2
  62              		.loc 1 17 0
  63 0014 4FF0000B 		mov	fp, #0
  64              	.LVL3:
  65              	.L9:
  27:main.c        ****     char lcdOutput[256];
  28:main.c        **** 
  29:main.c        ****     for(;;)
  30:main.c        ****     {
  31:main.c        ****         sum = 0; //resetting values after every main loop
  32:main.c        ****         sum_of_sqs = 0;
  33:main.c        ****         min = INT_MAX;
  34:main.c        ****         max = INT_MIN;
  35:main.c        ****               
  36:main.c        ****         
  37:main.c        ****         for(i = 0; i <= NUM_SAMPS; i++) //for a batch of 100,000 samples
  66              		.loc 1 37 0
  67 0018 0025     		movs	r5, #0
  34:main.c        ****               
  68              		.loc 1 34 0
  69 001a 4FF00046 		mov	r6, #-2147483648
  33:main.c        ****         max = INT_MIN;
  70              		.loc 1 33 0
  71 001e 6FF00047 		mvn	r7, #-2147483648
  32:main.c        ****         min = INT_MAX;
  72              		.loc 1 32 0
  73 0022 4FF00008 		mov	r8, #0
ARM GAS  C:\Users\sinow\AppData\Local\Temp\cc5mxSNX.s 			page 3


  74 0026 4FF00009 		mov	r9, #0
  31:main.c        ****         sum_of_sqs = 0;
  75              		.loc 1 31 0
  76 002a AA46     		mov	r10, r5
  77              		.loc 1 37 0
  78 002c 18E0     		b	.L2
  79              	.LVL4:
  80              	.L5:
  38:main.c        ****         {
  39:main.c        ****             ADC_SAR_1_IsEndConversion(ADC_SAR_1_WAIT_FOR_RESULT); //waits for input value at adc
  81              		.loc 1 39 0
  82 002e 0020     		movs	r0, #0
  83 0030 FFF7FEFF 		bl	ADC_SAR_1_IsEndConversion
  84              	.LVL5:
  40:main.c        ****             
  41:main.c        ****             output = ADC_SAR_1_GetResult16(); //gets adc value
  85              		.loc 1 41 0
  86 0034 FFF7FEFF 		bl	ADC_SAR_1_GetResult16
  87              	.LVL6:
  42:main.c        ****             
  43:main.c        ****             if(output > max)
  88              		.loc 1 43 0
  89 0038 8642     		cmp	r6, r0
  90 003a 00DA     		bge	.L3
  44:main.c        ****             {
  45:main.c        ****                 max = output;
  91              		.loc 1 45 0
  92 003c 0646     		mov	r6, r0
  93              	.LVL7:
  94              	.L3:
  46:main.c        ****             }
  47:main.c        ****             
  48:main.c        ****             if(output < min)
  95              		.loc 1 48 0
  96 003e 8742     		cmp	r7, r0
  97 0040 00DD     		ble	.L4
  49:main.c        ****             {
  50:main.c        ****                 min = output;
  98              		.loc 1 50 0
  99 0042 0746     		mov	r7, r0
 100              	.LVL8:
 101              	.L4:
  51:main.c        ****             }
  52:main.c        ****             
  53:main.c        ****             sum_of_sqs = sum_of_sqs+ ((output - saved_mean)*(output - saved_mean)); //(f(n) - saved
 102              		.loc 1 53 0 discriminator 2
 103 0044 CBEB0003 		rsb	r3, fp, r0
 104 0048 03FB03F3 		mul	r3, r3, r3
 105 004c 18EB0308 		adds	r8, r8, r3
 106              	.LVL9:
 107 0050 49EBE379 		adc	r9, r9, r3, asr #31
 108              	.LVL10:
  54:main.c        ****                           
  55:main.c        ****                         
  56:main.c        ****             //VDAC8_1_SetValue(output >> 4); //sets DAC output, bit shifted from 12bit to 8bit
  57:main.c        ****                                                   
  58:main.c        ****             average = (max+min)/2;
ARM GAS  C:\Users\sinow\AppData\Local\Temp\cc5mxSNX.s 			page 4


 109              		.loc 1 58 0 discriminator 2
 110 0054 BC19     		adds	r4, r7, r6
 111              	.LVL11:
 112 0056 04EBD474 		add	r4, r4, r4, lsr #31
 113 005a 6410     		asrs	r4, r4, #1
 114              	.LVL12:
  59:main.c        ****             sum += output;
 115              		.loc 1 59 0 discriminator 2
 116 005c 8244     		add	r10, r10, r0
 117              	.LVL13:
  37:main.c        ****         {
 118              		.loc 1 37 0 discriminator 2
 119 005e 0135     		adds	r5, r5, #1
 120              	.LVL14:
 121              	.L2:
  37:main.c        ****         {
 122              		.loc 1 37 0 is_stmt 0 discriminator 1
 123 0060 484B     		ldr	r3, .L13
 124 0062 9D42     		cmp	r5, r3
 125 0064 E3DD     		ble	.L5
  60:main.c        ****             
  61:main.c        ****            }
  62:main.c        ****             
  63:main.c        ****             amplitude = (max-min)/2;
 126              		.loc 1 63 0 is_stmt 1
 127 0066 F51B     		subs	r5, r6, r7
 128              	.LVL15:
 129 0068 05EBD575 		add	r5, r5, r5, lsr #31
 130 006c 6A10     		asrs	r2, r5, #1
 131 006e 0392     		str	r2, [sp, #12]
 132              	.LVL16:
  64:main.c        ****             saved_mean = sum/NUM_SAMPS;
 133              		.loc 1 64 0
 134 0070 454B     		ldr	r3, .L13+4
 135 0072 83FB0A3B 		smull	r3, fp, r3, r10
 136              	.LVL17:
 137 0076 4FEAEA7A 		asr	r10, r10, #31
 138              	.LVL18:
 139 007a CAEB6B3B 		rsb	fp, r10, fp, asr #13
 140              	.LVL19:
  65:main.c        ****             mean_sq = sum_of_sqs / NUM_SAMPS; // Normalize by number of samples
 141              		.loc 1 65 0
 142 007e 414A     		ldr	r2, .L13
 143              	.LVL20:
 144 0080 0023     		movs	r3, #0
 145 0082 4046     		mov	r0, r8
 146 0084 4946     		mov	r1, r9
 147 0086 FFF7FEFF 		bl	__aeabi_ldivmod
 148              	.LVL21:
  66:main.c        ****             mean_sq = 1000*mean_sq/(amplitude*amplitude);// Normalize amplitude,so 1.0 -> 1000
 149              		.loc 1 66 0
 150 008a 4FEA810E 		lsl	lr, r1, #2
 151 008e 8200     		lsls	r2, r0, #2
 152 0090 4EEA9073 		orr	r3, lr, r0, lsr #30
 153 0094 5D01     		lsls	r5, r3, #5
 154 0096 45EAD265 		orr	r5, r5, r2, lsr #27
 155 009a 0195     		str	r5, [sp, #4]
ARM GAS  C:\Users\sinow\AppData\Local\Temp\cc5mxSNX.s 			page 5


 156 009c 5501     		lsls	r5, r2, #5
 157 009e 0095     		str	r5, [sp]
 158 00a0 DDE90089 		ldrd	r8, [sp]
 159              	.LVL22:
 160 00a4 B8EB0208 		subs	r8, r8, r2
 161 00a8 69EB0309 		sbc	r9, r9, r3
 162 00ac 10EB0800 		adds	r0, r0, r8
 163              	.LVL23:
 164 00b0 41EB0901 		adc	r1, r1, r9
 165 00b4 CB00     		lsls	r3, r1, #3
 166 00b6 43EA5073 		orr	r3, r3, r0, lsr #29
 167 00ba C200     		lsls	r2, r0, #3
 168 00bc 1046     		mov	r0, r2
 169 00be 1946     		mov	r1, r3
 170 00c0 039A     		ldr	r2, [sp, #12]
 171 00c2 02FB02F2 		mul	r2, r2, r2
 172 00c6 D317     		asrs	r3, r2, #31
 173 00c8 FFF7FEFF 		bl	__aeabi_ldivmod
 174              	.LVL24:
 175 00cc 0546     		mov	r5, r0
 176 00ce 8846     		mov	r8, r1
 177              	.LVL25:
  67:main.c        ****         
  68:main.c        ****             
  69:main.c        ****         
  70:main.c        ****             LCD_Char_1_ClearDisplay(); //clears display
 178              		.loc 1 70 0
 179 00d0 0120     		movs	r0, #1
 180              	.LVL26:
 181 00d2 FFF7FEFF 		bl	LCD_Char_1_WriteControl
 182              	.LVL27:
  71:main.c        ****             LCD_Char_1_WriteControl(LCD_Char_1_CURSOR_HOME); //sets cursor to top left corner
 183              		.loc 1 71 0
 184 00d6 0220     		movs	r0, #2
 185 00d8 FFF7FEFF 		bl	LCD_Char_1_WriteControl
 186              	.LVL28:
  72:main.c        ****             sprintf(lcdOutput,"m=%d", (int)min);
 187              		.loc 1 72 0
 188 00dc 3A46     		mov	r2, r7
 189 00de 2B49     		ldr	r1, .L13+8
 190 00e0 04A8     		add	r0, sp, #16
 191 00e2 FFF7FEFF 		bl	sprintf
 192              	.LVL29:
  73:main.c        ****             LCD_Char_1_Position(0,0); 
 193              		.loc 1 73 0
 194 00e6 0021     		movs	r1, #0
 195 00e8 0846     		mov	r0, r1
 196 00ea FFF7FEFF 		bl	LCD_Char_1_Position
 197              	.LVL30:
  74:main.c        ****             LCD_Char_1_PrintString(lcdOutput); //prints output
 198              		.loc 1 74 0
 199 00ee 04A8     		add	r0, sp, #16
 200 00f0 FFF7FEFF 		bl	LCD_Char_1_PrintString
 201              	.LVL31:
  75:main.c        ****             LCD_Char_1_Position(0,6); //change position 
 202              		.loc 1 75 0
 203 00f4 0621     		movs	r1, #6
ARM GAS  C:\Users\sinow\AppData\Local\Temp\cc5mxSNX.s 			page 6


 204 00f6 0020     		movs	r0, #0
 205 00f8 FFF7FEFF 		bl	LCD_Char_1_Position
 206              	.LVL32:
  76:main.c        ****             
  77:main.c        ****             sprintf(lcdOutput,"M=%d", (int)max);
 207              		.loc 1 77 0
 208 00fc 3246     		mov	r2, r6
 209 00fe 2449     		ldr	r1, .L13+12
 210 0100 04A8     		add	r0, sp, #16
 211 0102 FFF7FEFF 		bl	sprintf
 212              	.LVL33:
  78:main.c        ****             LCD_Char_1_PrintString(lcdOutput); //prints output
 213              		.loc 1 78 0
 214 0106 04A8     		add	r0, sp, #16
 215 0108 FFF7FEFF 		bl	LCD_Char_1_PrintString
 216              	.LVL34:
  79:main.c        ****             LCD_Char_1_Position(1,0); //change position 
 217              		.loc 1 79 0
 218 010c 0021     		movs	r1, #0
 219 010e 0120     		movs	r0, #1
 220 0110 FFF7FEFF 		bl	LCD_Char_1_Position
 221              	.LVL35:
  80:main.c        ****             
  81:main.c        ****             sprintf(lcdOutput,"v=%d", (int)average);
 222              		.loc 1 81 0
 223 0114 2246     		mov	r2, r4
 224 0116 1F49     		ldr	r1, .L13+16
 225 0118 04A8     		add	r0, sp, #16
 226 011a FFF7FEFF 		bl	sprintf
 227              	.LVL36:
  82:main.c        ****             LCD_Char_1_PrintString(lcdOutput); //prints output
 228              		.loc 1 82 0
 229 011e 04A8     		add	r0, sp, #16
 230 0120 FFF7FEFF 		bl	LCD_Char_1_PrintString
 231              	.LVL37:
  83:main.c        ****             LCD_Char_1_Position(1,7); //change position 
 232              		.loc 1 83 0
 233 0124 0721     		movs	r1, #7
 234 0126 0120     		movs	r0, #1
 235 0128 FFF7FEFF 		bl	LCD_Char_1_Position
 236              	.LVL38:
  84:main.c        ****            
  85:main.c        ****             sprintf(lcdOutput,"q=%d", (int)mean_sq); 
 237              		.loc 1 85 0
 238 012c 2A46     		mov	r2, r5
 239 012e 1A49     		ldr	r1, .L13+20
 240 0130 04A8     		add	r0, sp, #16
 241 0132 FFF7FEFF 		bl	sprintf
 242              	.LVL39:
  86:main.c        ****             LCD_Char_1_PrintString(lcdOutput); //prints output
 243              		.loc 1 86 0
 244 0136 04A8     		add	r0, sp, #16
 245 0138 FFF7FEFF 		bl	LCD_Char_1_PrintString
 246              	.LVL40:
  87:main.c        ****             LCD_Char_1_Position(1,14); //change position
 247              		.loc 1 87 0
 248 013c 0E21     		movs	r1, #14
ARM GAS  C:\Users\sinow\AppData\Local\Temp\cc5mxSNX.s 			page 7


 249 013e 0120     		movs	r0, #1
 250 0140 FFF7FEFF 		bl	LCD_Char_1_Position
 251              	.LVL41:
  88:main.c        ****             
  89:main.c        ****                         
  90:main.c        ****             //post normalization form 1->1000
  91:main.c        ****             if(1100 >= mean_sq && mean_sq >= 900)//if square wave
 252              		.loc 1 91 0
 253 0144 B5F56170 		subs	r0, r5, #900
 254 0148 48F1FF31 		adc	r1, r8, #-1
 255 014c 0029     		cmp	r1, #0
 256 014e 08BF     		it	eq
 257 0150 C928     		cmpeq	r0, #201
 258 0152 03D2     		bcs	.L6
  92:main.c        ****             {
  93:main.c        ****                 LCD_Char_1_PrintString("Q");
 259              		.loc 1 93 0
 260 0154 1148     		ldr	r0, .L13+24
 261 0156 FFF7FEFF 		bl	LCD_Char_1_PrintString
 262              	.LVL42:
 263 015a 0EE0     		b	.L7
 264              	.L6:
  94:main.c        ****             }
  95:main.c        ****             else if(600 >= mean_sq && mean_sq >= 400)//if sine wave
 265              		.loc 1 95 0
 266 015c B5F5C872 		subs	r2, r5, #400
 267 0160 48F1FF33 		adc	r3, r8, #-1
 268 0164 002B     		cmp	r3, #0
 269 0166 08BF     		it	eq
 270 0168 C92A     		cmpeq	r2, #201
 271 016a 03D2     		bcs	.L8
  96:main.c        ****             {
  97:main.c        ****                 LCD_Char_1_PrintString("S");
 272              		.loc 1 97 0
 273 016c 0C48     		ldr	r0, .L13+28
 274 016e FFF7FEFF 		bl	LCD_Char_1_PrintString
 275              	.LVL43:
 276 0172 02E0     		b	.L7
 277              	.L8:
  98:main.c        ****             }
  99:main.c        ****             else //if triangle wave
 100:main.c        ****             {
 101:main.c        ****                 LCD_Char_1_PrintString("T");
 278              		.loc 1 101 0
 279 0174 0B48     		ldr	r0, .L13+32
 280 0176 FFF7FEFF 		bl	LCD_Char_1_PrintString
 281              	.LVL44:
 282              	.L7:
 102:main.c        ****             }
 103:main.c        ****                         
 104:main.c        ****             CyDelay(50);
 283              		.loc 1 104 0
 284 017a 3220     		movs	r0, #50
 285 017c FFF7FEFF 		bl	CyDelay
 286              	.LVL45:
 105:main.c        ****         
 106:main.c        ****     }
ARM GAS  C:\Users\sinow\AppData\Local\Temp\cc5mxSNX.s 			page 8


 287              		.loc 1 106 0
 288 0180 4AE7     		b	.L9
 289              	.L14:
 290 0182 00BF     		.align	2
 291              	.L13:
 292 0184 A0860100 		.word	100000
 293 0188 89B5F814 		.word	351843721
 294 018c 00000000 		.word	.LC0
 295 0190 08000000 		.word	.LC1
 296 0194 10000000 		.word	.LC2
 297 0198 18000000 		.word	.LC3
 298 019c 20000000 		.word	.LC4
 299 01a0 24000000 		.word	.LC5
 300 01a4 28000000 		.word	.LC6
 301              		.cfi_endproc
 302              	.LFE64:
 303              		.size	main, .-main
 304              		.section	.rodata.str1.4,"aMS",%progbits,1
 305              		.align	2
 306              	.LC0:
 307 0000 6D3D2564 		.ascii	"m=%d\000"
 307      00
 308 0005 000000   		.space	3
 309              	.LC1:
 310 0008 4D3D2564 		.ascii	"M=%d\000"
 310      00
 311 000d 000000   		.space	3
 312              	.LC2:
 313 0010 763D2564 		.ascii	"v=%d\000"
 313      00
 314 0015 000000   		.space	3
 315              	.LC3:
 316 0018 713D2564 		.ascii	"q=%d\000"
 316      00
 317 001d 000000   		.space	3
 318              	.LC4:
 319 0020 5100     		.ascii	"Q\000"
 320 0022 0000     		.space	2
 321              	.LC5:
 322 0024 5300     		.ascii	"S\000"
 323 0026 0000     		.space	2
 324              	.LC6:
 325 0028 5400     		.ascii	"T\000"
 326              		.text
 327              	.Letext0:
 328              		.file 2 "c:\\program files (x86)\\cypress\\psoc creator\\4.2\\psoc creator\\import\\gnu\\arm\\5.4.
 329              		.file 3 "c:\\program files (x86)\\cypress\\psoc creator\\4.2\\psoc creator\\import\\gnu\\arm\\5.4.
 330              		.file 4 "Generated_Source\\PSoC5/ADC_SAR_1.h"
 331              		.file 5 "Generated_Source\\PSoC5/VDAC8_1.h"
 332              		.file 6 "Generated_Source\\PSoC5/LCD_Char_1.h"
 333              		.file 7 "c:\\program files (x86)\\cypress\\psoc creator\\4.2\\psoc creator\\import\\gnu\\arm\\5.4.
 334              		.file 8 "Generated_Source\\PSoC5/CyLib.h"
 335              		.file 9 "Generated_Source\\PSoC5/core_cm3.h"
 336              		.section	.debug_info,"",%progbits
 337              	.Ldebug_info0:
 338 0000 20040000 		.4byte	0x420
 339 0004 0400     		.2byte	0x4
ARM GAS  C:\Users\sinow\AppData\Local\Temp\cc5mxSNX.s 			page 9


 340 0006 00000000 		.4byte	.Ldebug_abbrev0
 341 000a 04       		.byte	0x4
 342 000b 01       		.uleb128 0x1
 343 000c 9E000000 		.4byte	.LASF36
 344 0010 0C       		.byte	0xc
 345 0011 01020000 		.4byte	.LASF37
 346 0015 73020000 		.4byte	.LASF38
 347 0019 00000000 		.4byte	.Ldebug_ranges0+0
 348 001d 00000000 		.4byte	0
 349 0021 00000000 		.4byte	.Ldebug_line0
 350 0025 02       		.uleb128 0x2
 351 0026 01       		.byte	0x1
 352 0027 06       		.byte	0x6
 353 0028 47020000 		.4byte	.LASF0
 354 002c 02       		.uleb128 0x2
 355 002d 01       		.byte	0x1
 356 002e 08       		.byte	0x8
 357 002f 8F010000 		.4byte	.LASF1
 358 0033 02       		.uleb128 0x2
 359 0034 02       		.byte	0x2
 360 0035 05       		.byte	0x5
 361 0036 21020000 		.4byte	.LASF2
 362 003a 02       		.uleb128 0x2
 363 003b 02       		.byte	0x2
 364 003c 07       		.byte	0x7
 365 003d 2C010000 		.4byte	.LASF3
 366 0041 03       		.uleb128 0x3
 367 0042 2B000000 		.4byte	.LASF6
 368 0046 02       		.byte	0x2
 369 0047 3F       		.byte	0x3f
 370 0048 4C000000 		.4byte	0x4c
 371 004c 02       		.uleb128 0x2
 372 004d 04       		.byte	0x4
 373 004e 05       		.byte	0x5
 374 004f 32020000 		.4byte	.LASF4
 375 0053 02       		.uleb128 0x2
 376 0054 04       		.byte	0x4
 377 0055 07       		.byte	0x7
 378 0056 78010000 		.4byte	.LASF5
 379 005a 03       		.uleb128 0x3
 380 005b 6E010000 		.4byte	.LASF7
 381 005f 02       		.byte	0x2
 382 0060 59       		.byte	0x59
 383 0061 65000000 		.4byte	0x65
 384 0065 02       		.uleb128 0x2
 385 0066 08       		.byte	0x8
 386 0067 05       		.byte	0x5
 387 0068 F3010000 		.4byte	.LASF8
 388 006c 02       		.uleb128 0x2
 389 006d 08       		.byte	0x8
 390 006e 07       		.byte	0x7
 391 006f AA010000 		.4byte	.LASF9
 392 0073 04       		.uleb128 0x4
 393 0074 04       		.byte	0x4
 394 0075 05       		.byte	0x5
 395 0076 696E7400 		.ascii	"int\000"
 396 007a 02       		.uleb128 0x2
ARM GAS  C:\Users\sinow\AppData\Local\Temp\cc5mxSNX.s 			page 10


 397 007b 04       		.byte	0x4
 398 007c 07       		.byte	0x7
 399 007d 9D010000 		.4byte	.LASF10
 400 0081 03       		.uleb128 0x3
 401 0082 4E000000 		.4byte	.LASF11
 402 0086 03       		.byte	0x3
 403 0087 2C       		.byte	0x2c
 404 0088 41000000 		.4byte	0x41
 405 008c 03       		.uleb128 0x3
 406 008d 00000000 		.4byte	.LASF12
 407 0091 03       		.byte	0x3
 408 0092 38       		.byte	0x38
 409 0093 5A000000 		.4byte	0x5a
 410 0097 02       		.uleb128 0x2
 411 0098 04       		.byte	0x4
 412 0099 04       		.byte	0x4
 413 009a 56000000 		.4byte	.LASF13
 414 009e 02       		.uleb128 0x2
 415 009f 08       		.byte	0x8
 416 00a0 04       		.byte	0x4
 417 00a1 3F000000 		.4byte	.LASF14
 418 00a5 02       		.uleb128 0x2
 419 00a6 01       		.byte	0x1
 420 00a7 08       		.byte	0x8
 421 00a8 08020000 		.4byte	.LASF15
 422 00ac 02       		.uleb128 0x2
 423 00ad 04       		.byte	0x4
 424 00ae 07       		.byte	0x7
 425 00af D4010000 		.4byte	.LASF16
 426 00b3 02       		.uleb128 0x2
 427 00b4 08       		.byte	0x8
 428 00b5 04       		.byte	0x4
 429 00b6 3B020000 		.4byte	.LASF17
 430 00ba 05       		.uleb128 0x5
 431 00bb 8A010000 		.4byte	.LASF39
 432 00bf 01       		.byte	0x1
 433 00c0 06       		.byte	0x6
 434 00c1 73000000 		.4byte	0x73
 435 00c5 00000000 		.4byte	.LFB64
 436 00c9 A8010000 		.4byte	.LFE64-.LFB64
 437 00cd 01       		.uleb128 0x1
 438 00ce 9C       		.byte	0x9c
 439 00cf 94030000 		.4byte	0x394
 440 00d3 06       		.uleb128 0x6
 441 00d4 2B020000 		.4byte	.LASF18
 442 00d8 01       		.byte	0x1
 443 00d9 0D       		.byte	0xd
 444 00da 81000000 		.4byte	0x81
 445 00de 00000000 		.4byte	.LLST0
 446 00e2 06       		.uleb128 0x6
 447 00e3 35000000 		.4byte	.LASF19
 448 00e7 01       		.byte	0x1
 449 00e8 0E       		.byte	0xe
 450 00e9 81000000 		.4byte	0x81
 451 00ed 13000000 		.4byte	.LLST1
 452 00f1 06       		.uleb128 0x6
 453 00f2 C1010000 		.4byte	.LASF20
ARM GAS  C:\Users\sinow\AppData\Local\Temp\cc5mxSNX.s 			page 11


 454 00f6 01       		.byte	0x1
 455 00f7 0F       		.byte	0xf
 456 00f8 81000000 		.4byte	0x81
 457 00fc 33000000 		.4byte	.LLST2
 458 0100 07       		.uleb128 0x7
 459 0101 73756D00 		.ascii	"sum\000"
 460 0105 01       		.byte	0x1
 461 0106 10       		.byte	0x10
 462 0107 81000000 		.4byte	0x81
 463 010b 51000000 		.4byte	.LLST3
 464 010f 06       		.uleb128 0x6
 465 0110 C9010000 		.4byte	.LASF21
 466 0114 01       		.byte	0x1
 467 0115 11       		.byte	0x11
 468 0116 81000000 		.4byte	0x81
 469 011a 70000000 		.4byte	.LLST4
 470 011e 06       		.uleb128 0x6
 471 011f 20000000 		.4byte	.LASF22
 472 0123 01       		.byte	0x1
 473 0124 12       		.byte	0x12
 474 0125 8C000000 		.4byte	0x8c
 475 0129 9A000000 		.4byte	.LLST5
 476 012d 07       		.uleb128 0x7
 477 012e 6D696E00 		.ascii	"min\000"
 478 0132 01       		.byte	0x1
 479 0133 13       		.byte	0x13
 480 0134 81000000 		.4byte	0x81
 481 0138 D6000000 		.4byte	.LLST6
 482 013c 07       		.uleb128 0x7
 483 013d 6D617800 		.ascii	"max\000"
 484 0141 01       		.byte	0x1
 485 0142 14       		.byte	0x14
 486 0143 81000000 		.4byte	0x81
 487 0147 F9000000 		.4byte	.LLST7
 488 014b 07       		.uleb128 0x7
 489 014c 6900     		.ascii	"i\000"
 490 014e 01       		.byte	0x1
 491 014f 15       		.byte	0x15
 492 0150 73000000 		.4byte	0x73
 493 0154 1B010000 		.4byte	.LLST8
 494 0158 06       		.uleb128 0x6
 495 0159 46000000 		.4byte	.LASF23
 496 015d 01       		.byte	0x1
 497 015e 16       		.byte	0x16
 498 015f 8C000000 		.4byte	0x8c
 499 0163 3A010000 		.4byte	.LLST9
 500 0167 08       		.uleb128 0x8
 501 0168 64010000 		.4byte	.LASF24
 502 016c 01       		.byte	0x1
 503 016d 17       		.byte	0x17
 504 016e 73000000 		.4byte	0x73
 505 0172 A0860100 		.4byte	0x186a0
 506 0176 09       		.uleb128 0x9
 507 0177 4D010000 		.4byte	.LASF25
 508 017b 01       		.byte	0x1
 509 017c 1B       		.byte	0x1b
 510 017d 94030000 		.4byte	0x394
ARM GAS  C:\Users\sinow\AppData\Local\Temp\cc5mxSNX.s 			page 12


 511 0181 03       		.uleb128 0x3
 512 0182 91       		.byte	0x91
 513 0183 D87D     		.sleb128 -296
 514 0185 0A       		.uleb128 0xa
 515 0186 0C000000 		.4byte	.LVL0
 516 018a B5030000 		.4byte	0x3b5
 517 018e 0A       		.uleb128 0xa
 518 018f 10000000 		.4byte	.LVL1
 519 0193 C0030000 		.4byte	0x3c0
 520 0197 0A       		.uleb128 0xa
 521 0198 14000000 		.4byte	.LVL2
 522 019c CB030000 		.4byte	0x3cb
 523 01a0 0B       		.uleb128 0xb
 524 01a1 34000000 		.4byte	.LVL5
 525 01a5 D6030000 		.4byte	0x3d6
 526 01a9 B3010000 		.4byte	0x1b3
 527 01ad 0C       		.uleb128 0xc
 528 01ae 01       		.uleb128 0x1
 529 01af 50       		.byte	0x50
 530 01b0 01       		.uleb128 0x1
 531 01b1 30       		.byte	0x30
 532 01b2 00       		.byte	0
 533 01b3 0A       		.uleb128 0xa
 534 01b4 38000000 		.4byte	.LVL6
 535 01b8 E1030000 		.4byte	0x3e1
 536 01bc 0B       		.uleb128 0xb
 537 01bd D6000000 		.4byte	.LVL27
 538 01c1 EC030000 		.4byte	0x3ec
 539 01c5 CF010000 		.4byte	0x1cf
 540 01c9 0C       		.uleb128 0xc
 541 01ca 01       		.uleb128 0x1
 542 01cb 50       		.byte	0x50
 543 01cc 01       		.uleb128 0x1
 544 01cd 31       		.byte	0x31
 545 01ce 00       		.byte	0
 546 01cf 0B       		.uleb128 0xb
 547 01d0 DC000000 		.4byte	.LVL28
 548 01d4 EC030000 		.4byte	0x3ec
 549 01d8 E2010000 		.4byte	0x1e2
 550 01dc 0C       		.uleb128 0xc
 551 01dd 01       		.uleb128 0x1
 552 01de 50       		.byte	0x50
 553 01df 01       		.uleb128 0x1
 554 01e0 32       		.byte	0x32
 555 01e1 00       		.byte	0
 556 01e2 0B       		.uleb128 0xb
 557 01e3 E6000000 		.4byte	.LVL29
 558 01e7 F7030000 		.4byte	0x3f7
 559 01eb 06020000 		.4byte	0x206
 560 01ef 0C       		.uleb128 0xc
 561 01f0 01       		.uleb128 0x1
 562 01f1 50       		.byte	0x50
 563 01f2 03       		.uleb128 0x3
 564 01f3 91       		.byte	0x91
 565 01f4 D87D     		.sleb128 -296
 566 01f6 0C       		.uleb128 0xc
 567 01f7 01       		.uleb128 0x1
ARM GAS  C:\Users\sinow\AppData\Local\Temp\cc5mxSNX.s 			page 13


 568 01f8 51       		.byte	0x51
 569 01f9 05       		.uleb128 0x5
 570 01fa 03       		.byte	0x3
 571 01fb 00000000 		.4byte	.LC0
 572 01ff 0C       		.uleb128 0xc
 573 0200 01       		.uleb128 0x1
 574 0201 52       		.byte	0x52
 575 0202 02       		.uleb128 0x2
 576 0203 77       		.byte	0x77
 577 0204 00       		.sleb128 0
 578 0205 00       		.byte	0
 579 0206 0B       		.uleb128 0xb
 580 0207 EE000000 		.4byte	.LVL30
 581 020b 02040000 		.4byte	0x402
 582 020f 1E020000 		.4byte	0x21e
 583 0213 0C       		.uleb128 0xc
 584 0214 01       		.uleb128 0x1
 585 0215 50       		.byte	0x50
 586 0216 01       		.uleb128 0x1
 587 0217 30       		.byte	0x30
 588 0218 0C       		.uleb128 0xc
 589 0219 01       		.uleb128 0x1
 590 021a 51       		.byte	0x51
 591 021b 01       		.uleb128 0x1
 592 021c 30       		.byte	0x30
 593 021d 00       		.byte	0
 594 021e 0B       		.uleb128 0xb
 595 021f F4000000 		.4byte	.LVL31
 596 0223 0D040000 		.4byte	0x40d
 597 0227 33020000 		.4byte	0x233
 598 022b 0C       		.uleb128 0xc
 599 022c 01       		.uleb128 0x1
 600 022d 50       		.byte	0x50
 601 022e 03       		.uleb128 0x3
 602 022f 91       		.byte	0x91
 603 0230 D87D     		.sleb128 -296
 604 0232 00       		.byte	0
 605 0233 0B       		.uleb128 0xb
 606 0234 FC000000 		.4byte	.LVL32
 607 0238 02040000 		.4byte	0x402
 608 023c 4B020000 		.4byte	0x24b
 609 0240 0C       		.uleb128 0xc
 610 0241 01       		.uleb128 0x1
 611 0242 50       		.byte	0x50
 612 0243 01       		.uleb128 0x1
 613 0244 30       		.byte	0x30
 614 0245 0C       		.uleb128 0xc
 615 0246 01       		.uleb128 0x1
 616 0247 51       		.byte	0x51
 617 0248 01       		.uleb128 0x1
 618 0249 36       		.byte	0x36
 619 024a 00       		.byte	0
 620 024b 0B       		.uleb128 0xb
 621 024c 06010000 		.4byte	.LVL33
 622 0250 F7030000 		.4byte	0x3f7
 623 0254 6F020000 		.4byte	0x26f
 624 0258 0C       		.uleb128 0xc
ARM GAS  C:\Users\sinow\AppData\Local\Temp\cc5mxSNX.s 			page 14


 625 0259 01       		.uleb128 0x1
 626 025a 50       		.byte	0x50
 627 025b 03       		.uleb128 0x3
 628 025c 91       		.byte	0x91
 629 025d D87D     		.sleb128 -296
 630 025f 0C       		.uleb128 0xc
 631 0260 01       		.uleb128 0x1
 632 0261 51       		.byte	0x51
 633 0262 05       		.uleb128 0x5
 634 0263 03       		.byte	0x3
 635 0264 08000000 		.4byte	.LC1
 636 0268 0C       		.uleb128 0xc
 637 0269 01       		.uleb128 0x1
 638 026a 52       		.byte	0x52
 639 026b 02       		.uleb128 0x2
 640 026c 76       		.byte	0x76
 641 026d 00       		.sleb128 0
 642 026e 00       		.byte	0
 643 026f 0B       		.uleb128 0xb
 644 0270 0C010000 		.4byte	.LVL34
 645 0274 0D040000 		.4byte	0x40d
 646 0278 84020000 		.4byte	0x284
 647 027c 0C       		.uleb128 0xc
 648 027d 01       		.uleb128 0x1
 649 027e 50       		.byte	0x50
 650 027f 03       		.uleb128 0x3
 651 0280 91       		.byte	0x91
 652 0281 D87D     		.sleb128 -296
 653 0283 00       		.byte	0
 654 0284 0B       		.uleb128 0xb
 655 0285 14010000 		.4byte	.LVL35
 656 0289 02040000 		.4byte	0x402
 657 028d 9C020000 		.4byte	0x29c
 658 0291 0C       		.uleb128 0xc
 659 0292 01       		.uleb128 0x1
 660 0293 50       		.byte	0x50
 661 0294 01       		.uleb128 0x1
 662 0295 31       		.byte	0x31
 663 0296 0C       		.uleb128 0xc
 664 0297 01       		.uleb128 0x1
 665 0298 51       		.byte	0x51
 666 0299 01       		.uleb128 0x1
 667 029a 30       		.byte	0x30
 668 029b 00       		.byte	0
 669 029c 0B       		.uleb128 0xb
 670 029d 1E010000 		.4byte	.LVL36
 671 02a1 F7030000 		.4byte	0x3f7
 672 02a5 C0020000 		.4byte	0x2c0
 673 02a9 0C       		.uleb128 0xc
 674 02aa 01       		.uleb128 0x1
 675 02ab 50       		.byte	0x50
 676 02ac 03       		.uleb128 0x3
 677 02ad 91       		.byte	0x91
 678 02ae D87D     		.sleb128 -296
 679 02b0 0C       		.uleb128 0xc
 680 02b1 01       		.uleb128 0x1
 681 02b2 51       		.byte	0x51
ARM GAS  C:\Users\sinow\AppData\Local\Temp\cc5mxSNX.s 			page 15


 682 02b3 05       		.uleb128 0x5
 683 02b4 03       		.byte	0x3
 684 02b5 10000000 		.4byte	.LC2
 685 02b9 0C       		.uleb128 0xc
 686 02ba 01       		.uleb128 0x1
 687 02bb 52       		.byte	0x52
 688 02bc 02       		.uleb128 0x2
 689 02bd 74       		.byte	0x74
 690 02be 00       		.sleb128 0
 691 02bf 00       		.byte	0
 692 02c0 0B       		.uleb128 0xb
 693 02c1 24010000 		.4byte	.LVL37
 694 02c5 0D040000 		.4byte	0x40d
 695 02c9 D5020000 		.4byte	0x2d5
 696 02cd 0C       		.uleb128 0xc
 697 02ce 01       		.uleb128 0x1
 698 02cf 50       		.byte	0x50
 699 02d0 03       		.uleb128 0x3
 700 02d1 91       		.byte	0x91
 701 02d2 D87D     		.sleb128 -296
 702 02d4 00       		.byte	0
 703 02d5 0B       		.uleb128 0xb
 704 02d6 2C010000 		.4byte	.LVL38
 705 02da 02040000 		.4byte	0x402
 706 02de ED020000 		.4byte	0x2ed
 707 02e2 0C       		.uleb128 0xc
 708 02e3 01       		.uleb128 0x1
 709 02e4 50       		.byte	0x50
 710 02e5 01       		.uleb128 0x1
 711 02e6 31       		.byte	0x31
 712 02e7 0C       		.uleb128 0xc
 713 02e8 01       		.uleb128 0x1
 714 02e9 51       		.byte	0x51
 715 02ea 01       		.uleb128 0x1
 716 02eb 37       		.byte	0x37
 717 02ec 00       		.byte	0
 718 02ed 0B       		.uleb128 0xb
 719 02ee 36010000 		.4byte	.LVL39
 720 02f2 F7030000 		.4byte	0x3f7
 721 02f6 11030000 		.4byte	0x311
 722 02fa 0C       		.uleb128 0xc
 723 02fb 01       		.uleb128 0x1
 724 02fc 50       		.byte	0x50
 725 02fd 03       		.uleb128 0x3
 726 02fe 91       		.byte	0x91
 727 02ff D87D     		.sleb128 -296
 728 0301 0C       		.uleb128 0xc
 729 0302 01       		.uleb128 0x1
 730 0303 51       		.byte	0x51
 731 0304 05       		.uleb128 0x5
 732 0305 03       		.byte	0x3
 733 0306 18000000 		.4byte	.LC3
 734 030a 0C       		.uleb128 0xc
 735 030b 01       		.uleb128 0x1
 736 030c 52       		.byte	0x52
 737 030d 02       		.uleb128 0x2
 738 030e 75       		.byte	0x75
ARM GAS  C:\Users\sinow\AppData\Local\Temp\cc5mxSNX.s 			page 16


 739 030f 00       		.sleb128 0
 740 0310 00       		.byte	0
 741 0311 0B       		.uleb128 0xb
 742 0312 3C010000 		.4byte	.LVL40
 743 0316 0D040000 		.4byte	0x40d
 744 031a 26030000 		.4byte	0x326
 745 031e 0C       		.uleb128 0xc
 746 031f 01       		.uleb128 0x1
 747 0320 50       		.byte	0x50
 748 0321 03       		.uleb128 0x3
 749 0322 91       		.byte	0x91
 750 0323 D87D     		.sleb128 -296
 751 0325 00       		.byte	0
 752 0326 0B       		.uleb128 0xb
 753 0327 44010000 		.4byte	.LVL41
 754 032b 02040000 		.4byte	0x402
 755 032f 3E030000 		.4byte	0x33e
 756 0333 0C       		.uleb128 0xc
 757 0334 01       		.uleb128 0x1
 758 0335 50       		.byte	0x50
 759 0336 01       		.uleb128 0x1
 760 0337 31       		.byte	0x31
 761 0338 0C       		.uleb128 0xc
 762 0339 01       		.uleb128 0x1
 763 033a 51       		.byte	0x51
 764 033b 01       		.uleb128 0x1
 765 033c 3E       		.byte	0x3e
 766 033d 00       		.byte	0
 767 033e 0B       		.uleb128 0xb
 768 033f 5A010000 		.4byte	.LVL42
 769 0343 0D040000 		.4byte	0x40d
 770 0347 55030000 		.4byte	0x355
 771 034b 0C       		.uleb128 0xc
 772 034c 01       		.uleb128 0x1
 773 034d 50       		.byte	0x50
 774 034e 05       		.uleb128 0x5
 775 034f 03       		.byte	0x3
 776 0350 20000000 		.4byte	.LC4
 777 0354 00       		.byte	0
 778 0355 0B       		.uleb128 0xb
 779 0356 72010000 		.4byte	.LVL43
 780 035a 0D040000 		.4byte	0x40d
 781 035e 6C030000 		.4byte	0x36c
 782 0362 0C       		.uleb128 0xc
 783 0363 01       		.uleb128 0x1
 784 0364 50       		.byte	0x50
 785 0365 05       		.uleb128 0x5
 786 0366 03       		.byte	0x3
 787 0367 24000000 		.4byte	.LC5
 788 036b 00       		.byte	0
 789 036c 0B       		.uleb128 0xb
 790 036d 7A010000 		.4byte	.LVL44
 791 0371 0D040000 		.4byte	0x40d
 792 0375 83030000 		.4byte	0x383
 793 0379 0C       		.uleb128 0xc
 794 037a 01       		.uleb128 0x1
 795 037b 50       		.byte	0x50
ARM GAS  C:\Users\sinow\AppData\Local\Temp\cc5mxSNX.s 			page 17


 796 037c 05       		.uleb128 0x5
 797 037d 03       		.byte	0x3
 798 037e 28000000 		.4byte	.LC6
 799 0382 00       		.byte	0
 800 0383 0D       		.uleb128 0xd
 801 0384 80010000 		.4byte	.LVL45
 802 0388 18040000 		.4byte	0x418
 803 038c 0C       		.uleb128 0xc
 804 038d 01       		.uleb128 0x1
 805 038e 50       		.byte	0x50
 806 038f 02       		.uleb128 0x2
 807 0390 08       		.byte	0x8
 808 0391 32       		.byte	0x32
 809 0392 00       		.byte	0
 810 0393 00       		.byte	0
 811 0394 0E       		.uleb128 0xe
 812 0395 A5000000 		.4byte	0xa5
 813 0399 A4030000 		.4byte	0x3a4
 814 039d 0F       		.uleb128 0xf
 815 039e AC000000 		.4byte	0xac
 816 03a2 FF       		.byte	0xff
 817 03a3 00       		.byte	0
 818 03a4 10       		.uleb128 0x10
 819 03a5 57010000 		.4byte	.LASF40
 820 03a9 09       		.byte	0x9
 821 03aa 1207     		.2byte	0x712
 822 03ac B0030000 		.4byte	0x3b0
 823 03b0 11       		.uleb128 0x11
 824 03b1 81000000 		.4byte	0x81
 825 03b5 12       		.uleb128 0x12
 826 03b6 53020000 		.4byte	.LASF26
 827 03ba 53020000 		.4byte	.LASF26
 828 03be 04       		.byte	0x4
 829 03bf 34       		.byte	0x34
 830 03c0 12       		.uleb128 0x12
 831 03c1 3F010000 		.4byte	.LASF27
 832 03c5 3F010000 		.4byte	.LASF27
 833 03c9 05       		.byte	0x5
 834 03ca 33       		.byte	0x33
 835 03cb 12       		.uleb128 0x12
 836 03cc 76000000 		.4byte	.LASF28
 837 03d0 76000000 		.4byte	.LASF28
 838 03d4 06       		.byte	0x6
 839 03d5 38       		.byte	0x38
 840 03d6 12       		.uleb128 0x12
 841 03d7 5C000000 		.4byte	.LASF29
 842 03db 5C000000 		.4byte	.LASF29
 843 03df 04       		.byte	0x4
 844 03e0 39       		.byte	0x39
 845 03e1 12       		.uleb128 0x12
 846 03e2 DD010000 		.4byte	.LASF30
 847 03e6 DD010000 		.4byte	.LASF30
 848 03ea 04       		.byte	0x4
 849 03eb 3B       		.byte	0x3b
 850 03ec 12       		.uleb128 0x12
 851 03ed 08000000 		.4byte	.LASF31
 852 03f1 08000000 		.4byte	.LASF31
ARM GAS  C:\Users\sinow\AppData\Local\Temp\cc5mxSNX.s 			page 18


 853 03f5 06       		.byte	0x6
 854 03f6 3A       		.byte	0x3a
 855 03f7 12       		.uleb128 0x12
 856 03f8 63020000 		.4byte	.LASF32
 857 03fc 63020000 		.4byte	.LASF32
 858 0400 07       		.byte	0x7
 859 0401 E7       		.byte	0xe7
 860 0402 12       		.uleb128 0x12
 861 0403 0D020000 		.4byte	.LASF33
 862 0407 0D020000 		.4byte	.LASF33
 863 040b 06       		.byte	0x6
 864 040c 3D       		.byte	0x3d
 865 040d 12       		.uleb128 0x12
 866 040e 87000000 		.4byte	.LASF34
 867 0412 87000000 		.4byte	.LASF34
 868 0416 06       		.byte	0x6
 869 0417 3C       		.byte	0x3c
 870 0418 12       		.uleb128 0x12
 871 0419 6B020000 		.4byte	.LASF35
 872 041d 6B020000 		.4byte	.LASF35
 873 0421 08       		.byte	0x8
 874 0422 76       		.byte	0x76
 875 0423 00       		.byte	0
 876              		.section	.debug_abbrev,"",%progbits
 877              	.Ldebug_abbrev0:
 878 0000 01       		.uleb128 0x1
 879 0001 11       		.uleb128 0x11
 880 0002 01       		.byte	0x1
 881 0003 25       		.uleb128 0x25
 882 0004 0E       		.uleb128 0xe
 883 0005 13       		.uleb128 0x13
 884 0006 0B       		.uleb128 0xb
 885 0007 03       		.uleb128 0x3
 886 0008 0E       		.uleb128 0xe
 887 0009 1B       		.uleb128 0x1b
 888 000a 0E       		.uleb128 0xe
 889 000b 55       		.uleb128 0x55
 890 000c 17       		.uleb128 0x17
 891 000d 11       		.uleb128 0x11
 892 000e 01       		.uleb128 0x1
 893 000f 10       		.uleb128 0x10
 894 0010 17       		.uleb128 0x17
 895 0011 00       		.byte	0
 896 0012 00       		.byte	0
 897 0013 02       		.uleb128 0x2
 898 0014 24       		.uleb128 0x24
 899 0015 00       		.byte	0
 900 0016 0B       		.uleb128 0xb
 901 0017 0B       		.uleb128 0xb
 902 0018 3E       		.uleb128 0x3e
 903 0019 0B       		.uleb128 0xb
 904 001a 03       		.uleb128 0x3
 905 001b 0E       		.uleb128 0xe
 906 001c 00       		.byte	0
 907 001d 00       		.byte	0
 908 001e 03       		.uleb128 0x3
 909 001f 16       		.uleb128 0x16
ARM GAS  C:\Users\sinow\AppData\Local\Temp\cc5mxSNX.s 			page 19


 910 0020 00       		.byte	0
 911 0021 03       		.uleb128 0x3
 912 0022 0E       		.uleb128 0xe
 913 0023 3A       		.uleb128 0x3a
 914 0024 0B       		.uleb128 0xb
 915 0025 3B       		.uleb128 0x3b
 916 0026 0B       		.uleb128 0xb
 917 0027 49       		.uleb128 0x49
 918 0028 13       		.uleb128 0x13
 919 0029 00       		.byte	0
 920 002a 00       		.byte	0
 921 002b 04       		.uleb128 0x4
 922 002c 24       		.uleb128 0x24
 923 002d 00       		.byte	0
 924 002e 0B       		.uleb128 0xb
 925 002f 0B       		.uleb128 0xb
 926 0030 3E       		.uleb128 0x3e
 927 0031 0B       		.uleb128 0xb
 928 0032 03       		.uleb128 0x3
 929 0033 08       		.uleb128 0x8
 930 0034 00       		.byte	0
 931 0035 00       		.byte	0
 932 0036 05       		.uleb128 0x5
 933 0037 2E       		.uleb128 0x2e
 934 0038 01       		.byte	0x1
 935 0039 3F       		.uleb128 0x3f
 936 003a 19       		.uleb128 0x19
 937 003b 03       		.uleb128 0x3
 938 003c 0E       		.uleb128 0xe
 939 003d 3A       		.uleb128 0x3a
 940 003e 0B       		.uleb128 0xb
 941 003f 3B       		.uleb128 0x3b
 942 0040 0B       		.uleb128 0xb
 943 0041 27       		.uleb128 0x27
 944 0042 19       		.uleb128 0x19
 945 0043 49       		.uleb128 0x49
 946 0044 13       		.uleb128 0x13
 947 0045 8701     		.uleb128 0x87
 948 0047 19       		.uleb128 0x19
 949 0048 11       		.uleb128 0x11
 950 0049 01       		.uleb128 0x1
 951 004a 12       		.uleb128 0x12
 952 004b 06       		.uleb128 0x6
 953 004c 40       		.uleb128 0x40
 954 004d 18       		.uleb128 0x18
 955 004e 9642     		.uleb128 0x2116
 956 0050 19       		.uleb128 0x19
 957 0051 01       		.uleb128 0x1
 958 0052 13       		.uleb128 0x13
 959 0053 00       		.byte	0
 960 0054 00       		.byte	0
 961 0055 06       		.uleb128 0x6
 962 0056 34       		.uleb128 0x34
 963 0057 00       		.byte	0
 964 0058 03       		.uleb128 0x3
 965 0059 0E       		.uleb128 0xe
 966 005a 3A       		.uleb128 0x3a
ARM GAS  C:\Users\sinow\AppData\Local\Temp\cc5mxSNX.s 			page 20


 967 005b 0B       		.uleb128 0xb
 968 005c 3B       		.uleb128 0x3b
 969 005d 0B       		.uleb128 0xb
 970 005e 49       		.uleb128 0x49
 971 005f 13       		.uleb128 0x13
 972 0060 02       		.uleb128 0x2
 973 0061 17       		.uleb128 0x17
 974 0062 00       		.byte	0
 975 0063 00       		.byte	0
 976 0064 07       		.uleb128 0x7
 977 0065 34       		.uleb128 0x34
 978 0066 00       		.byte	0
 979 0067 03       		.uleb128 0x3
 980 0068 08       		.uleb128 0x8
 981 0069 3A       		.uleb128 0x3a
 982 006a 0B       		.uleb128 0xb
 983 006b 3B       		.uleb128 0x3b
 984 006c 0B       		.uleb128 0xb
 985 006d 49       		.uleb128 0x49
 986 006e 13       		.uleb128 0x13
 987 006f 02       		.uleb128 0x2
 988 0070 17       		.uleb128 0x17
 989 0071 00       		.byte	0
 990 0072 00       		.byte	0
 991 0073 08       		.uleb128 0x8
 992 0074 34       		.uleb128 0x34
 993 0075 00       		.byte	0
 994 0076 03       		.uleb128 0x3
 995 0077 0E       		.uleb128 0xe
 996 0078 3A       		.uleb128 0x3a
 997 0079 0B       		.uleb128 0xb
 998 007a 3B       		.uleb128 0x3b
 999 007b 0B       		.uleb128 0xb
 1000 007c 49       		.uleb128 0x49
 1001 007d 13       		.uleb128 0x13
 1002 007e 1C       		.uleb128 0x1c
 1003 007f 06       		.uleb128 0x6
 1004 0080 00       		.byte	0
 1005 0081 00       		.byte	0
 1006 0082 09       		.uleb128 0x9
 1007 0083 34       		.uleb128 0x34
 1008 0084 00       		.byte	0
 1009 0085 03       		.uleb128 0x3
 1010 0086 0E       		.uleb128 0xe
 1011 0087 3A       		.uleb128 0x3a
 1012 0088 0B       		.uleb128 0xb
 1013 0089 3B       		.uleb128 0x3b
 1014 008a 0B       		.uleb128 0xb
 1015 008b 49       		.uleb128 0x49
 1016 008c 13       		.uleb128 0x13
 1017 008d 02       		.uleb128 0x2
 1018 008e 18       		.uleb128 0x18
 1019 008f 00       		.byte	0
 1020 0090 00       		.byte	0
 1021 0091 0A       		.uleb128 0xa
 1022 0092 898201   		.uleb128 0x4109
 1023 0095 00       		.byte	0
ARM GAS  C:\Users\sinow\AppData\Local\Temp\cc5mxSNX.s 			page 21


 1024 0096 11       		.uleb128 0x11
 1025 0097 01       		.uleb128 0x1
 1026 0098 31       		.uleb128 0x31
 1027 0099 13       		.uleb128 0x13
 1028 009a 00       		.byte	0
 1029 009b 00       		.byte	0
 1030 009c 0B       		.uleb128 0xb
 1031 009d 898201   		.uleb128 0x4109
 1032 00a0 01       		.byte	0x1
 1033 00a1 11       		.uleb128 0x11
 1034 00a2 01       		.uleb128 0x1
 1035 00a3 31       		.uleb128 0x31
 1036 00a4 13       		.uleb128 0x13
 1037 00a5 01       		.uleb128 0x1
 1038 00a6 13       		.uleb128 0x13
 1039 00a7 00       		.byte	0
 1040 00a8 00       		.byte	0
 1041 00a9 0C       		.uleb128 0xc
 1042 00aa 8A8201   		.uleb128 0x410a
 1043 00ad 00       		.byte	0
 1044 00ae 02       		.uleb128 0x2
 1045 00af 18       		.uleb128 0x18
 1046 00b0 9142     		.uleb128 0x2111
 1047 00b2 18       		.uleb128 0x18
 1048 00b3 00       		.byte	0
 1049 00b4 00       		.byte	0
 1050 00b5 0D       		.uleb128 0xd
 1051 00b6 898201   		.uleb128 0x4109
 1052 00b9 01       		.byte	0x1
 1053 00ba 11       		.uleb128 0x11
 1054 00bb 01       		.uleb128 0x1
 1055 00bc 31       		.uleb128 0x31
 1056 00bd 13       		.uleb128 0x13
 1057 00be 00       		.byte	0
 1058 00bf 00       		.byte	0
 1059 00c0 0E       		.uleb128 0xe
 1060 00c1 01       		.uleb128 0x1
 1061 00c2 01       		.byte	0x1
 1062 00c3 49       		.uleb128 0x49
 1063 00c4 13       		.uleb128 0x13
 1064 00c5 01       		.uleb128 0x1
 1065 00c6 13       		.uleb128 0x13
 1066 00c7 00       		.byte	0
 1067 00c8 00       		.byte	0
 1068 00c9 0F       		.uleb128 0xf
 1069 00ca 21       		.uleb128 0x21
 1070 00cb 00       		.byte	0
 1071 00cc 49       		.uleb128 0x49
 1072 00cd 13       		.uleb128 0x13
 1073 00ce 2F       		.uleb128 0x2f
 1074 00cf 0B       		.uleb128 0xb
 1075 00d0 00       		.byte	0
 1076 00d1 00       		.byte	0
 1077 00d2 10       		.uleb128 0x10
 1078 00d3 34       		.uleb128 0x34
 1079 00d4 00       		.byte	0
 1080 00d5 03       		.uleb128 0x3
ARM GAS  C:\Users\sinow\AppData\Local\Temp\cc5mxSNX.s 			page 22


 1081 00d6 0E       		.uleb128 0xe
 1082 00d7 3A       		.uleb128 0x3a
 1083 00d8 0B       		.uleb128 0xb
 1084 00d9 3B       		.uleb128 0x3b
 1085 00da 05       		.uleb128 0x5
 1086 00db 49       		.uleb128 0x49
 1087 00dc 13       		.uleb128 0x13
 1088 00dd 3F       		.uleb128 0x3f
 1089 00de 19       		.uleb128 0x19
 1090 00df 3C       		.uleb128 0x3c
 1091 00e0 19       		.uleb128 0x19
 1092 00e1 00       		.byte	0
 1093 00e2 00       		.byte	0
 1094 00e3 11       		.uleb128 0x11
 1095 00e4 35       		.uleb128 0x35
 1096 00e5 00       		.byte	0
 1097 00e6 49       		.uleb128 0x49
 1098 00e7 13       		.uleb128 0x13
 1099 00e8 00       		.byte	0
 1100 00e9 00       		.byte	0
 1101 00ea 12       		.uleb128 0x12
 1102 00eb 2E       		.uleb128 0x2e
 1103 00ec 00       		.byte	0
 1104 00ed 3F       		.uleb128 0x3f
 1105 00ee 19       		.uleb128 0x19
 1106 00ef 3C       		.uleb128 0x3c
 1107 00f0 19       		.uleb128 0x19
 1108 00f1 6E       		.uleb128 0x6e
 1109 00f2 0E       		.uleb128 0xe
 1110 00f3 03       		.uleb128 0x3
 1111 00f4 0E       		.uleb128 0xe
 1112 00f5 3A       		.uleb128 0x3a
 1113 00f6 0B       		.uleb128 0xb
 1114 00f7 3B       		.uleb128 0x3b
 1115 00f8 0B       		.uleb128 0xb
 1116 00f9 00       		.byte	0
 1117 00fa 00       		.byte	0
 1118 00fb 00       		.byte	0
 1119              		.section	.debug_loc,"",%progbits
 1120              	.Ldebug_loc0:
 1121              	.LLST0:
 1122 0000 38000000 		.4byte	.LVL6
 1123 0004 60000000 		.4byte	.LVL14
 1124 0008 0100     		.2byte	0x1
 1125 000a 50       		.byte	0x50
 1126 000b 00000000 		.4byte	0
 1127 000f 00000000 		.4byte	0
 1128              	.LLST1:
 1129 0013 70000000 		.4byte	.LVL16
 1130 0017 80000000 		.4byte	.LVL20
 1131 001b 0100     		.2byte	0x1
 1132 001d 52       		.byte	0x52
 1133 001e 80000000 		.4byte	.LVL20
 1134 0022 A8010000 		.4byte	.LFE64
 1135 0026 0300     		.2byte	0x3
 1136 0028 91       		.byte	0x91
 1137 0029 D47D     		.sleb128 -300
ARM GAS  C:\Users\sinow\AppData\Local\Temp\cc5mxSNX.s 			page 23


 1138 002b 00000000 		.4byte	0
 1139 002f 00000000 		.4byte	0
 1140              	.LLST2:
 1141 0033 18000000 		.4byte	.LVL3
 1142 0037 56000000 		.4byte	.LVL11
 1143 003b 0100     		.2byte	0x1
 1144 003d 54       		.byte	0x54
 1145 003e 5C000000 		.4byte	.LVL12
 1146 0042 A8010000 		.4byte	.LFE64
 1147 0046 0100     		.2byte	0x1
 1148 0048 54       		.byte	0x54
 1149 0049 00000000 		.4byte	0
 1150 004d 00000000 		.4byte	0
 1151              	.LLST3:
 1152 0051 18000000 		.4byte	.LVL3
 1153 0055 2E000000 		.4byte	.LVL4
 1154 0059 0200     		.2byte	0x2
 1155 005b 30       		.byte	0x30
 1156 005c 9F       		.byte	0x9f
 1157 005d 2E000000 		.4byte	.LVL4
 1158 0061 7A000000 		.4byte	.LVL18
 1159 0065 0100     		.2byte	0x1
 1160 0067 5A       		.byte	0x5a
 1161 0068 00000000 		.4byte	0
 1162 006c 00000000 		.4byte	0
 1163              	.LLST4:
 1164 0070 10000000 		.4byte	.LVL1
 1165 0074 18000000 		.4byte	.LVL3
 1166 0078 0200     		.2byte	0x2
 1167 007a 30       		.byte	0x30
 1168 007b 9F       		.byte	0x9f
 1169 007c 18000000 		.4byte	.LVL3
 1170 0080 76000000 		.4byte	.LVL17
 1171 0084 0100     		.2byte	0x1
 1172 0086 5B       		.byte	0x5b
 1173 0087 7E000000 		.4byte	.LVL19
 1174 008b A8010000 		.4byte	.LFE64
 1175 008f 0100     		.2byte	0x1
 1176 0091 5B       		.byte	0x5b
 1177 0092 00000000 		.4byte	0
 1178 0096 00000000 		.4byte	0
 1179              	.LLST5:
 1180 009a 18000000 		.4byte	.LVL3
 1181 009e 2E000000 		.4byte	.LVL4
 1182 00a2 0A00     		.2byte	0xa
 1183 00a4 9E       		.byte	0x9e
 1184 00a5 08       		.uleb128 0x8
 1185 00a6 00000000 		.8byte	0
 1185      00000000 
 1186 00ae 2E000000 		.4byte	.LVL4
 1187 00b2 50000000 		.4byte	.LVL9
 1188 00b6 0600     		.2byte	0x6
 1189 00b8 58       		.byte	0x58
 1190 00b9 93       		.byte	0x93
 1191 00ba 04       		.uleb128 0x4
 1192 00bb 59       		.byte	0x59
 1193 00bc 93       		.byte	0x93
ARM GAS  C:\Users\sinow\AppData\Local\Temp\cc5mxSNX.s 			page 24


 1194 00bd 04       		.uleb128 0x4
 1195 00be 54000000 		.4byte	.LVL10
 1196 00c2 A4000000 		.4byte	.LVL22
 1197 00c6 0600     		.2byte	0x6
 1198 00c8 58       		.byte	0x58
 1199 00c9 93       		.byte	0x93
 1200 00ca 04       		.uleb128 0x4
 1201 00cb 59       		.byte	0x59
 1202 00cc 93       		.byte	0x93
 1203 00cd 04       		.uleb128 0x4
 1204 00ce 00000000 		.4byte	0
 1205 00d2 00000000 		.4byte	0
 1206              	.LLST6:
 1207 00d6 18000000 		.4byte	.LVL3
 1208 00da 2E000000 		.4byte	.LVL4
 1209 00de 0600     		.2byte	0x6
 1210 00e0 0C       		.byte	0xc
 1211 00e1 FFFFFF7F 		.4byte	0x7fffffff
 1212 00e5 9F       		.byte	0x9f
 1213 00e6 2E000000 		.4byte	.LVL4
 1214 00ea A8010000 		.4byte	.LFE64
 1215 00ee 0100     		.2byte	0x1
 1216 00f0 57       		.byte	0x57
 1217 00f1 00000000 		.4byte	0
 1218 00f5 00000000 		.4byte	0
 1219              	.LLST7:
 1220 00f9 18000000 		.4byte	.LVL3
 1221 00fd 2E000000 		.4byte	.LVL4
 1222 0101 0500     		.2byte	0x5
 1223 0103 40       		.byte	0x40
 1224 0104 4B       		.byte	0x4b
 1225 0105 24       		.byte	0x24
 1226 0106 1F       		.byte	0x1f
 1227 0107 9F       		.byte	0x9f
 1228 0108 2E000000 		.4byte	.LVL4
 1229 010c A8010000 		.4byte	.LFE64
 1230 0110 0100     		.2byte	0x1
 1231 0112 56       		.byte	0x56
 1232 0113 00000000 		.4byte	0
 1233 0117 00000000 		.4byte	0
 1234              	.LLST8:
 1235 011b 10000000 		.4byte	.LVL1
 1236 011f 2E000000 		.4byte	.LVL4
 1237 0123 0200     		.2byte	0x2
 1238 0125 30       		.byte	0x30
 1239 0126 9F       		.byte	0x9f
 1240 0127 2E000000 		.4byte	.LVL4
 1241 012b 68000000 		.4byte	.LVL15
 1242 012f 0100     		.2byte	0x1
 1243 0131 55       		.byte	0x55
 1244 0132 00000000 		.4byte	0
 1245 0136 00000000 		.4byte	0
 1246              	.LLST9:
 1247 013a 8A000000 		.4byte	.LVL21
 1248 013e B0000000 		.4byte	.LVL23
 1249 0142 0600     		.2byte	0x6
 1250 0144 50       		.byte	0x50
ARM GAS  C:\Users\sinow\AppData\Local\Temp\cc5mxSNX.s 			page 25


 1251 0145 93       		.byte	0x93
 1252 0146 04       		.uleb128 0x4
 1253 0147 51       		.byte	0x51
 1254 0148 93       		.byte	0x93
 1255 0149 04       		.uleb128 0x4
 1256 014a D0000000 		.4byte	.LVL25
 1257 014e D2000000 		.4byte	.LVL26
 1258 0152 0600     		.2byte	0x6
 1259 0154 50       		.byte	0x50
 1260 0155 93       		.byte	0x93
 1261 0156 04       		.uleb128 0x4
 1262 0157 51       		.byte	0x51
 1263 0158 93       		.byte	0x93
 1264 0159 04       		.uleb128 0x4
 1265 015a D2000000 		.4byte	.LVL26
 1266 015e D5000000 		.4byte	.LVL27-1
 1267 0162 0600     		.2byte	0x6
 1268 0164 55       		.byte	0x55
 1269 0165 93       		.byte	0x93
 1270 0166 04       		.uleb128 0x4
 1271 0167 51       		.byte	0x51
 1272 0168 93       		.byte	0x93
 1273 0169 04       		.uleb128 0x4
 1274 016a D5000000 		.4byte	.LVL27-1
 1275 016e A8010000 		.4byte	.LFE64
 1276 0172 0600     		.2byte	0x6
 1277 0174 55       		.byte	0x55
 1278 0175 93       		.byte	0x93
 1279 0176 04       		.uleb128 0x4
 1280 0177 58       		.byte	0x58
 1281 0178 93       		.byte	0x93
 1282 0179 04       		.uleb128 0x4
 1283 017a 00000000 		.4byte	0
 1284 017e 00000000 		.4byte	0
 1285              		.section	.debug_aranges,"",%progbits
 1286 0000 1C000000 		.4byte	0x1c
 1287 0004 0200     		.2byte	0x2
 1288 0006 00000000 		.4byte	.Ldebug_info0
 1289 000a 04       		.byte	0x4
 1290 000b 00       		.byte	0
 1291 000c 0000     		.2byte	0
 1292 000e 0000     		.2byte	0
 1293 0010 00000000 		.4byte	.LFB64
 1294 0014 A8010000 		.4byte	.LFE64-.LFB64
 1295 0018 00000000 		.4byte	0
 1296 001c 00000000 		.4byte	0
 1297              		.section	.debug_ranges,"",%progbits
 1298              	.Ldebug_ranges0:
 1299 0000 00000000 		.4byte	.LFB64
 1300 0004 A8010000 		.4byte	.LFE64
 1301 0008 00000000 		.4byte	0
 1302 000c 00000000 		.4byte	0
 1303              		.section	.debug_line,"",%progbits
 1304              	.Ldebug_line0:
 1305 0000 4E020000 		.section	.debug_str,"MS",%progbits,1
 1305      0200E901 
 1305      00000201 
ARM GAS  C:\Users\sinow\AppData\Local\Temp\cc5mxSNX.s 			page 26


 1305      FB0E0D00 
 1305      01010101 
 1306              	.LASF12:
 1307 0000 696E7436 		.ascii	"int64_t\000"
 1307      345F7400 
 1308              	.LASF31:
 1309 0008 4C43445F 		.ascii	"LCD_Char_1_WriteControl\000"
 1309      43686172 
 1309      5F315F57 
 1309      72697465 
 1309      436F6E74 
 1310              	.LASF22:
 1311 0020 73756D5F 		.ascii	"sum_of_sqs\000"
 1311      6F665F73 
 1311      717300
 1312              	.LASF6:
 1313 002b 5F5F696E 		.ascii	"__int32_t\000"
 1313      7433325F 
 1313      7400
 1314              	.LASF19:
 1315 0035 616D706C 		.ascii	"amplitude\000"
 1315      69747564 
 1315      6500
 1316              	.LASF14:
 1317 003f 646F7562 		.ascii	"double\000"
 1317      6C6500
 1318              	.LASF23:
 1319 0046 6D65616E 		.ascii	"mean_sq\000"
 1319      5F737100 
 1320              	.LASF11:
 1321 004e 696E7433 		.ascii	"int32_t\000"
 1321      325F7400 
 1322              	.LASF13:
 1323 0056 666C6F61 		.ascii	"float\000"
 1323      7400
 1324              	.LASF29:
 1325 005c 4144435F 		.ascii	"ADC_SAR_1_IsEndConversion\000"
 1325      5341525F 
 1325      315F4973 
 1325      456E6443 
 1325      6F6E7665 
 1326              	.LASF28:
 1327 0076 4C43445F 		.ascii	"LCD_Char_1_Start\000"
 1327      43686172 
 1327      5F315F53 
 1327      74617274 
 1327      00
 1328              	.LASF34:
 1329 0087 4C43445F 		.ascii	"LCD_Char_1_PrintString\000"
 1329      43686172 
 1329      5F315F50 
 1329      72696E74 
 1329      53747269 
 1330              	.LASF36:
 1331 009e 474E5520 		.ascii	"GNU C11 5.4.1 20160609 (release) [ARM/embedded-5-br"
 1331      43313120 
 1331      352E342E 
ARM GAS  C:\Users\sinow\AppData\Local\Temp\cc5mxSNX.s 			page 27


 1331      31203230 
 1331      31363036 
 1332 00d1 616E6368 		.ascii	"anch revision 237715] -mcpu=cortex-m3 -mthumb -g -O"
 1332      20726576 
 1332      6973696F 
 1332      6E203233 
 1332      37373135 
 1333 0104 67202D66 		.ascii	"g -ffunction-sections -ffat-lto-objects\000"
 1333      66756E63 
 1333      74696F6E 
 1333      2D736563 
 1333      74696F6E 
 1334              	.LASF3:
 1335 012c 73686F72 		.ascii	"short unsigned int\000"
 1335      7420756E 
 1335      7369676E 
 1335      65642069 
 1335      6E7400
 1336              	.LASF27:
 1337 013f 56444143 		.ascii	"VDAC8_1_Start\000"
 1337      385F315F 
 1337      53746172 
 1337      7400
 1338              	.LASF25:
 1339 014d 6C63644F 		.ascii	"lcdOutput\000"
 1339      75747075 
 1339      7400
 1340              	.LASF40:
 1341 0157 49544D5F 		.ascii	"ITM_RxBuffer\000"
 1341      52784275 
 1341      66666572 
 1341      00
 1342              	.LASF24:
 1343 0164 4E554D5F 		.ascii	"NUM_SAMPS\000"
 1343      53414D50 
 1343      5300
 1344              	.LASF7:
 1345 016e 5F5F696E 		.ascii	"__int64_t\000"
 1345      7436345F 
 1345      7400
 1346              	.LASF5:
 1347 0178 6C6F6E67 		.ascii	"long unsigned int\000"
 1347      20756E73 
 1347      69676E65 
 1347      6420696E 
 1347      7400
 1348              	.LASF39:
 1349 018a 6D61696E 		.ascii	"main\000"
 1349      00
 1350              	.LASF1:
 1351 018f 756E7369 		.ascii	"unsigned char\000"
 1351      676E6564 
 1351      20636861 
 1351      7200
 1352              	.LASF10:
 1353 019d 756E7369 		.ascii	"unsigned int\000"
 1353      676E6564 
ARM GAS  C:\Users\sinow\AppData\Local\Temp\cc5mxSNX.s 			page 28


 1353      20696E74 
 1353      00
 1354              	.LASF9:
 1355 01aa 6C6F6E67 		.ascii	"long long unsigned int\000"
 1355      206C6F6E 
 1355      6720756E 
 1355      7369676E 
 1355      65642069 
 1356              	.LASF20:
 1357 01c1 61766572 		.ascii	"average\000"
 1357      61676500 
 1358              	.LASF21:
 1359 01c9 73617665 		.ascii	"saved_mean\000"
 1359      645F6D65 
 1359      616E00
 1360              	.LASF16:
 1361 01d4 73697A65 		.ascii	"sizetype\000"
 1361      74797065 
 1361      00
 1362              	.LASF30:
 1363 01dd 4144435F 		.ascii	"ADC_SAR_1_GetResult16\000"
 1363      5341525F 
 1363      315F4765 
 1363      74526573 
 1363      756C7431 
 1364              	.LASF8:
 1365 01f3 6C6F6E67 		.ascii	"long long int\000"
 1365      206C6F6E 
 1365      6720696E 
 1365      7400
 1366              	.LASF37:
 1367 0201 6D61696E 		.ascii	"main.c\000"
 1367      2E6300
 1368              	.LASF15:
 1369 0208 63686172 		.ascii	"char\000"
 1369      00
 1370              	.LASF33:
 1371 020d 4C43445F 		.ascii	"LCD_Char_1_Position\000"
 1371      43686172 
 1371      5F315F50 
 1371      6F736974 
 1371      696F6E00 
 1372              	.LASF2:
 1373 0221 73686F72 		.ascii	"short int\000"
 1373      7420696E 
 1373      7400
 1374              	.LASF18:
 1375 022b 6F757470 		.ascii	"output\000"
 1375      757400
 1376              	.LASF4:
 1377 0232 6C6F6E67 		.ascii	"long int\000"
 1377      20696E74 
 1377      00
 1378              	.LASF17:
 1379 023b 6C6F6E67 		.ascii	"long double\000"
 1379      20646F75 
 1379      626C6500 
ARM GAS  C:\Users\sinow\AppData\Local\Temp\cc5mxSNX.s 			page 29


 1380              	.LASF0:
 1381 0247 7369676E 		.ascii	"signed char\000"
 1381      65642063 
 1381      68617200 
 1382              	.LASF26:
 1383 0253 4144435F 		.ascii	"ADC_SAR_1_Start\000"
 1383      5341525F 
 1383      315F5374 
 1383      61727400 
 1384              	.LASF32:
 1385 0263 73707269 		.ascii	"sprintf\000"
 1385      6E746600 
 1386              	.LASF35:
 1387 026b 43794465 		.ascii	"CyDelay\000"
 1387      6C617900 
 1388              	.LASF38:
 1389 0273 433A5C55 		.ascii	"C:\\Users\\sinow\\Documents\\PSoC Creator\\Lab4\\De"
 1389      73657273 
 1389      5C73696E 
 1389      6F775C44 
 1389      6F63756D 
 1390 02a0 7369676E 		.ascii	"sign01.cydsn\000"
 1390      30312E63 
 1390      7964736E 
 1390      00
 1391              		.ident	"GCC: (GNU Tools for ARM Embedded Processors) 5.4.1 20160609 (release) [ARM/embedded-5-bran
