#-----------------------------------------------------------
# Vivado v2017.4 (64-bit)
# SW Build 2086221 on Fri Dec 15 20:55:39 MST 2017
# IP Build 2085800 on Fri Dec 15 22:25:07 MST 2017
# Start of session at: Wed Sep 18 12:59:52 2019
# Process ID: 15536
# Current directory: D:/ELC363-Lab/Lab_2/module_A
# Command line: vivado.exe -gui_launcher_event rodinguilauncherevent18192 D:\ELC363-Lab\Lab_2\module_A\module_A.xpr
# Log file: D:/ELC363-Lab/Lab_2/module_A/vivado.log
# Journal file: D:/ELC363-Lab/Lab_2/module_A\vivado.jou
#-----------------------------------------------------------
start_gui
open_project D:/ELC363-Lab/Lab_2/module_A/module_A.xpr
Scanning sources...
Finished scanning sources
INFO: [IP_Flow 19-234] Refreshing IP repositories
INFO: [IP_Flow 19-1704] No user IP repositories specified
INFO: [IP_Flow 19-2313] Loaded Vivado IP repository 'C:/Xilinx/Vivado/2017.4/data/ip'.
open_project: Time (s): cpu = 00:00:10 ; elapsed = 00:00:07 . Memory (MB): peak = 740.328 ; gain = 50.617
update_compile_order -fileset sources_1
