#***************************************************************************

#sjplacer

#Version:            1.1

#Build Date:         Dec  5 2017 15:35:27

#File Generated:     Nov 14 2019 15:13:46

#Purpose:            

#Copyright (C) 2010-2011 by Softjin Technologies Pvt Ltd. All rights reserved.

#***************************************************************************

Executing : C:\Program Files (x86)\Cypress\PSoC Creator\4.2\PSoC Creator\bin/sjplacer.exe --proj-name fixed_point_osc_w_timer_and_interrupt --netlist-vh2 fixed_point_osc_w_timer_and_interrupt_p.vh2 --arch p35_udb4x6 --arch-file C:\Users\sinow\Documents\PSoC Creator\4.2\Devices\arch/udbdsi_4x6_24.cydata --ip-file C:\Users\sinow\Documents\PSoC Creator\4.2\Devices\psoc5/psoc5lp/ip_blocks.cydata --rrg-file C:\Users\sinow\Documents\PSoC Creator\4.2\Devices\psoc5/psoc5lp/route_arch-rrg.cydata --irq-file C:\Users\sinow\Documents\PSoC Creator\4.2\Devices\psoc5/psoc5lp/irqconn.cydata --drq-file C:\Users\sinow\Documents\PSoC Creator\4.2\Devices\psoc5/psoc5lp/dmaconn.cydata --dsi-conn-file C:\Users\sinow\Documents\PSoC Creator\4.2\Devices\psoc5/psoc5lp/dsiconn.cydata --pins-file pins_68-QFN.xml --lib-file fixed_point_osc_w_timer_and_interrupt_p.lib --sdc-file fixed_point_osc_w_timer_and_interrupt.sdc --io-pcf fixed_point_osc_w_timer_and_interrupt.pci --outdir .

		Softjin Techologies Placer, Version 1.1

Build Date : Dec  5 2017	15:33:41

D2004: Option and Settings Summary
=============================================================
Netlist vh2 file          - fixed_point_osc_w_timer_and_interrupt_p.vh2
Architecture file         - C:\Users\sinow\Documents\PSoC Creator\4.2\Devices\arch/udbdsi_4x6_24.cydata
Package                   - 
Defparam file             - 
SDC file                  - fixed_point_osc_w_timer_and_interrupt.sdc
Output directory          - .
Timing library            - fixed_point_osc_w_timer_and_interrupt_p.lib
IO Placement file         - fixed_point_osc_w_timer_and_interrupt.pci

D2050: Starting reading inputs for placer
=============================================================
D2065: Reading netlist file : "fixed_point_osc_w_timer_and_interrupt_p.vh2"
D2065: Reading arch file : "C:\Users\sinow\Documents\PSoC Creator\4.2\Devices\arch/udbdsi_4x6_24.cydata"
D2051: Reading of inputs for placer completed successfully

D2053: Starting placement of the design
=============================================================

Phase 2
Phase 3

Design Statistics after Packing
    Number of Combinational MCs 	:	8
    Number of Sequential MCs    	:	5
    Number of DPs               	:	18
    Number of Controls          	:	4
    Number of Status            	:	5
    Number of SyncCells         	:	0
    Number of count7cells       	:	0

Device Utilization Summary after Packing
    Macrocells                  :	13/192
    UDBS                        :	18/24
    IOs                         :	1/72


D2088: Phase 3, elapsed time : 0.0 (sec)

Phase 4
D2088: Phase 4, elapsed time : 0.0 (sec)

Phase 5
D2088: Phase 5, elapsed time : 0.0 (sec)

Phase 6

######################################################################
Placement Timing Summary

The timing summary is based on estimated routing delays after
placement. For final timing report, please carry out the timing
analysis after routing.
======================================================================

######################################################################
                     Clock Summary 
======================================================================
Number of clocks: 6
Clock: CyBUS_CLK            | Frequency:  32.5 MHz | Target:  24.0 MHz
Clock: CyILO                | Frequency: N/A       | Target:   0.0 MHz
Clock: CyIMO                | Frequency: N/A       | Target:   3.0 MHz
Clock: CyMASTER_CLK         | Frequency: N/A       | Target:  24.0 MHz
Clock: CyPLL_OUT            | Frequency: N/A       | Target:  24.0 MHz
Clock: UART_IntClock        | Frequency:  53.6 MHz | Target:   0.5 MHz

======================================================================
                     End of Clock Summary
######################################################################

D2088: Phase 6, elapsed time : 0.1 (sec)

Phase 7
######################################################################
                     Clock Summary 
======================================================================
Number of clocks: 6
Clock: CyBUS_CLK            | Frequency:  33.7 MHz | Target:  24.0 MHz
Clock: CyILO                | Frequency: N/A       | Target:   0.0 MHz
Clock: CyIMO                | Frequency: N/A       | Target:   3.0 MHz
Clock: CyMASTER_CLK         | Frequency: N/A       | Target:  24.0 MHz
Clock: CyPLL_OUT            | Frequency: N/A       | Target:  24.0 MHz
Clock: UART_IntClock        | Frequency:  53.6 MHz | Target:   0.5 MHz

======================================================================
                     End of Clock Summary
######################################################################
D2088: Phase 7, elapsed time : 2.5 (sec)

Final Design Statistics
    Number of Combinational MCs 	:	8
    Number of Sequential MCs    	:	5
    Number of DPs               	:	18
    Number of Controls          	:	4
    Number of Status            	:	5
    Number of SyncCells         	:	0
    Number of count7cells       	:	0
    Number of IOs       	:	1

Device Utilization Summary
    Macrocells                  :	13/192
    IOs                         :	1/72



######################################################################
Placement Timing Summary

The timing summary is based on estimated routing delays after
placement. For final timing report, please carry out the timing
analysis after routing.
======================================================================


######################################################################
                     Clock Summary 
======================================================================
Number of clocks: 6
Clock: CyBUS_CLK            | Frequency:  33.7 MHz | Target:  26.3 MHz
Clock: CyILO                | Frequency: N/A       | Target:   0.0 MHz
Clock: CyIMO                | Frequency: N/A       | Target:   3.0 MHz
Clock: CyMASTER_CLK         | Frequency: N/A       | Target:  24.0 MHz
Clock: CyPLL_OUT            | Frequency: N/A       | Target:  24.0 MHz
Clock: UART_IntClock        | Frequency:  52.1 MHz | Target:   0.5 MHz

======================================================================
                     End of Clock Summary
######################################################################

Phase 8
D2088: Phase 8, elapsed time : 0.0 (sec)

D2054: Placement of the design completed successfully

I2076: Total run-time: 4.4 sec.

