ARM GAS  C:\Users\sinow\AppData\Local\Temp\ccQ4BK3x.s 			page 1


   1              		.syntax unified
   2              		.cpu cortex-m3
   3              		.fpu softvfp
   4              		.eabi_attribute 20, 1
   5              		.eabi_attribute 21, 1
   6              		.eabi_attribute 23, 3
   7              		.eabi_attribute 24, 1
   8              		.eabi_attribute 25, 1
   9              		.eabi_attribute 26, 1
  10              		.eabi_attribute 30, 1
  11              		.eabi_attribute 34, 1
  12              		.eabi_attribute 18, 4
  13              		.thumb
  14              		.syntax unified
  15              		.file	"main.c"
  16              		.text
  17              	.Ltext0:
  18              		.cfi_sections	.debug_frame
  19              		.section	.text.main,"ax",%progbits
  20              		.align	2
  21              		.global	main
  22              		.thumb
  23              		.thumb_func
  24              		.type	main, %function
  25              	main:
  26              	.LFB63:
  27              		.file 1 "main.c"
   1:main.c        **** //Microcomputer Systems Final Project
   2:main.c        **** //Jordan Sinoway & Caleb McKinney - Fall 2019
   3:main.c        **** 
   4:main.c        **** #include "project.h"
   5:main.c        **** 
   6:main.c        **** int main(void)
   7:main.c        **** {
  28              		.loc 1 7 0
  29              		.cfi_startproc
  30              		@ args = 0, pretend = 0, frame = 0
  31              		@ frame_needed = 0, uses_anonymous_args = 0
  32 0000 08B5     		push	{r3, lr}
  33              		.cfi_def_cfa_offset 8
  34              		.cfi_offset 3, -8
  35              		.cfi_offset 14, -4
   8:main.c        ****     CyGlobalIntEnable; 
  36              		.loc 1 8 0
  37              		.syntax unified
  38              	@ 8 "main.c" 1
  39 0002 62B6     		CPSIE   i
  40              	@ 0 "" 2
   9:main.c        ****     
  10:main.c        ****     PWM_1_Start();
  41              		.loc 1 10 0
  42              		.thumb
  43              		.syntax unified
  44 0004 FFF7FEFF 		bl	PWM_1_Start
  45              	.LVL0:
  46              	.L2:
  11:main.c        ****     
ARM GAS  C:\Users\sinow\AppData\Local\Temp\ccQ4BK3x.s 			page 2


  12:main.c        ****     int val;
  13:main.c        ****     
  14:main.c        ****       
  15:main.c        **** 
  16:main.c        ****     for(;;)
  17:main.c        ****     {
  18:main.c        ****         
  19:main.c        ****         val = 2000;
  20:main.c        ****         PWM_1_WriteCompare(val);
  47              		.loc 1 20 0 discriminator 1
  48 0008 4FF4FA60 		mov	r0, #2000
  49 000c FFF7FEFF 		bl	PWM_1_WriteCompare
  50              	.LVL1:
  21:main.c        ****         CyDelay(500);
  51              		.loc 1 21 0 discriminator 1
  52 0010 4FF4FA70 		mov	r0, #500
  53 0014 FFF7FEFF 		bl	CyDelay
  54              	.LVL2:
  22:main.c        ****         
  23:main.c        ****         val = 1000;
  24:main.c        ****         PWM_1_WriteCompare(val);
  55              		.loc 1 24 0 discriminator 1
  56 0018 4FF47A70 		mov	r0, #1000
  57 001c FFF7FEFF 		bl	PWM_1_WriteCompare
  58              	.LVL3:
  25:main.c        ****         CyDelay(500);
  59              		.loc 1 25 0 discriminator 1
  60 0020 4FF4FA70 		mov	r0, #500
  61 0024 FFF7FEFF 		bl	CyDelay
  62              	.LVL4:
  63 0028 EEE7     		b	.L2
  64              		.cfi_endproc
  65              	.LFE63:
  66              		.size	main, .-main
  67 002a 00BF     		.text
  68              	.Letext0:
  69              		.file 2 "c:\\program files (x86)\\cypress\\psoc creator\\4.2\\psoc creator\\import\\gnu\\arm\\5.4.
  70              		.file 3 "c:\\program files (x86)\\cypress\\psoc creator\\4.2\\psoc creator\\import\\gnu\\arm\\5.4.
  71              		.file 4 "Generated_Source\\PSoC5/PWM_1.h"
  72              		.file 5 "Generated_Source\\PSoC5/CyLib.h"
  73              		.file 6 "Generated_Source\\PSoC5/core_cm3.h"
  74              		.section	.debug_info,"",%progbits
  75              	.Ldebug_info0:
  76 0000 55010000 		.4byte	0x155
  77 0004 0400     		.2byte	0x4
  78 0006 00000000 		.4byte	.Ldebug_abbrev0
  79 000a 04       		.byte	0x4
  80 000b 01       		.uleb128 0x1
  81 000c 91000000 		.4byte	.LASF19
  82 0010 0C       		.byte	0xc
  83 0011 2E000000 		.4byte	.LASF20
  84 0015 46000000 		.4byte	.LASF21
  85 0019 00000000 		.4byte	.Ldebug_ranges0+0
  86 001d 00000000 		.4byte	0
  87 0021 00000000 		.4byte	.Ldebug_line0
  88 0025 02       		.uleb128 0x2
  89 0026 01       		.byte	0x1
ARM GAS  C:\Users\sinow\AppData\Local\Temp\ccQ4BK3x.s 			page 3


  90 0027 06       		.byte	0x6
  91 0028 80010000 		.4byte	.LASF0
  92 002c 02       		.uleb128 0x2
  93 002d 01       		.byte	0x1
  94 002e 08       		.byte	0x8
  95 002f 50010000 		.4byte	.LASF1
  96 0033 02       		.uleb128 0x2
  97 0034 02       		.byte	0x2
  98 0035 05       		.byte	0x5
  99 0036 BB010000 		.4byte	.LASF2
 100 003a 02       		.uleb128 0x2
 101 003b 02       		.byte	0x2
 102 003c 07       		.byte	0x7
 103 003d 0E000000 		.4byte	.LASF3
 104 0041 03       		.uleb128 0x3
 105 0042 98010000 		.4byte	.LASF9
 106 0046 02       		.byte	0x2
 107 0047 3F       		.byte	0x3f
 108 0048 4C000000 		.4byte	0x4c
 109 004c 02       		.uleb128 0x2
 110 004d 04       		.byte	0x4
 111 004e 05       		.byte	0x5
 112 004f 63010000 		.4byte	.LASF4
 113 0053 02       		.uleb128 0x2
 114 0054 04       		.byte	0x4
 115 0055 07       		.byte	0x7
 116 0056 27010000 		.4byte	.LASF5
 117 005a 02       		.uleb128 0x2
 118 005b 08       		.byte	0x8
 119 005c 05       		.byte	0x5
 120 005d 00000000 		.4byte	.LASF6
 121 0061 02       		.uleb128 0x2
 122 0062 08       		.byte	0x8
 123 0063 07       		.byte	0x7
 124 0064 39010000 		.4byte	.LASF7
 125 0068 04       		.uleb128 0x4
 126 0069 04       		.byte	0x4
 127 006a 05       		.byte	0x5
 128 006b 696E7400 		.ascii	"int\000"
 129 006f 02       		.uleb128 0x2
 130 0070 04       		.byte	0x4
 131 0071 07       		.byte	0x7
 132 0072 21000000 		.4byte	.LASF8
 133 0076 03       		.uleb128 0x3
 134 0077 C5010000 		.4byte	.LASF10
 135 007b 03       		.byte	0x3
 136 007c 2C       		.byte	0x2c
 137 007d 41000000 		.4byte	0x41
 138 0081 02       		.uleb128 0x2
 139 0082 04       		.byte	0x4
 140 0083 04       		.byte	0x4
 141 0084 B5010000 		.4byte	.LASF11
 142 0088 02       		.uleb128 0x2
 143 0089 08       		.byte	0x8
 144 008a 04       		.byte	0x4
 145 008b 6C010000 		.4byte	.LASF12
 146 008f 02       		.uleb128 0x2
ARM GAS  C:\Users\sinow\AppData\Local\Temp\ccQ4BK3x.s 			page 4


 147 0090 01       		.byte	0x1
 148 0091 08       		.byte	0x8
 149 0092 5E010000 		.4byte	.LASF13
 150 0096 02       		.uleb128 0x2
 151 0097 08       		.byte	0x8
 152 0098 04       		.byte	0x4
 153 0099 8C010000 		.4byte	.LASF14
 154 009d 02       		.uleb128 0x2
 155 009e 04       		.byte	0x4
 156 009f 07       		.byte	0x7
 157 00a0 CD010000 		.4byte	.LASF15
 158 00a4 05       		.uleb128 0x5
 159 00a5 35000000 		.4byte	.LASF22
 160 00a9 01       		.byte	0x1
 161 00aa 06       		.byte	0x6
 162 00ab 68000000 		.4byte	0x68
 163 00af 00000000 		.4byte	.LFB63
 164 00b3 2A000000 		.4byte	.LFE63-.LFB63
 165 00b7 01       		.uleb128 0x1
 166 00b8 9C       		.byte	0x9c
 167 00b9 26010000 		.4byte	0x126
 168 00bd 06       		.uleb128 0x6
 169 00be 76616C00 		.ascii	"val\000"
 170 00c2 01       		.byte	0x1
 171 00c3 0C       		.byte	0xc
 172 00c4 68000000 		.4byte	0x68
 173 00c8 00000000 		.4byte	.LLST0
 174 00cc 07       		.uleb128 0x7
 175 00cd 08000000 		.4byte	.LVL0
 176 00d1 37010000 		.4byte	0x137
 177 00d5 08       		.uleb128 0x8
 178 00d6 10000000 		.4byte	.LVL1
 179 00da 42010000 		.4byte	0x142
 180 00de EA000000 		.4byte	0xea
 181 00e2 09       		.uleb128 0x9
 182 00e3 01       		.uleb128 0x1
 183 00e4 50       		.byte	0x50
 184 00e5 03       		.uleb128 0x3
 185 00e6 0A       		.byte	0xa
 186 00e7 D007     		.2byte	0x7d0
 187 00e9 00       		.byte	0
 188 00ea 08       		.uleb128 0x8
 189 00eb 18000000 		.4byte	.LVL2
 190 00ef 4D010000 		.4byte	0x14d
 191 00f3 FF000000 		.4byte	0xff
 192 00f7 09       		.uleb128 0x9
 193 00f8 01       		.uleb128 0x1
 194 00f9 50       		.byte	0x50
 195 00fa 03       		.uleb128 0x3
 196 00fb 0A       		.byte	0xa
 197 00fc F401     		.2byte	0x1f4
 198 00fe 00       		.byte	0
 199 00ff 08       		.uleb128 0x8
 200 0100 20000000 		.4byte	.LVL3
 201 0104 42010000 		.4byte	0x142
 202 0108 14010000 		.4byte	0x114
 203 010c 09       		.uleb128 0x9
ARM GAS  C:\Users\sinow\AppData\Local\Temp\ccQ4BK3x.s 			page 5


 204 010d 01       		.uleb128 0x1
 205 010e 50       		.byte	0x50
 206 010f 03       		.uleb128 0x3
 207 0110 0A       		.byte	0xa
 208 0111 E803     		.2byte	0x3e8
 209 0113 00       		.byte	0
 210 0114 0A       		.uleb128 0xa
 211 0115 28000000 		.4byte	.LVL4
 212 0119 4D010000 		.4byte	0x14d
 213 011d 09       		.uleb128 0x9
 214 011e 01       		.uleb128 0x1
 215 011f 50       		.byte	0x50
 216 0120 03       		.uleb128 0x3
 217 0121 0A       		.byte	0xa
 218 0122 F401     		.2byte	0x1f4
 219 0124 00       		.byte	0
 220 0125 00       		.byte	0
 221 0126 0B       		.uleb128 0xb
 222 0127 73010000 		.4byte	.LASF23
 223 012b 06       		.byte	0x6
 224 012c 1207     		.2byte	0x712
 225 012e 32010000 		.4byte	0x132
 226 0132 0C       		.uleb128 0xc
 227 0133 76000000 		.4byte	0x76
 228 0137 0D       		.uleb128 0xd
 229 0138 3A000000 		.4byte	.LASF16
 230 013c 3A000000 		.4byte	.LASF16
 231 0140 04       		.byte	0x4
 232 0141 92       		.byte	0x92
 233 0142 0D       		.uleb128 0xd
 234 0143 A2010000 		.4byte	.LASF17
 235 0147 A2010000 		.4byte	.LASF17
 236 014b 04       		.byte	0x4
 237 014c C3       		.byte	0xc3
 238 014d 0D       		.uleb128 0xd
 239 014e 1F010000 		.4byte	.LASF18
 240 0152 1F010000 		.4byte	.LASF18
 241 0156 05       		.byte	0x5
 242 0157 76       		.byte	0x76
 243 0158 00       		.byte	0
 244              		.section	.debug_abbrev,"",%progbits
 245              	.Ldebug_abbrev0:
 246 0000 01       		.uleb128 0x1
 247 0001 11       		.uleb128 0x11
 248 0002 01       		.byte	0x1
 249 0003 25       		.uleb128 0x25
 250 0004 0E       		.uleb128 0xe
 251 0005 13       		.uleb128 0x13
 252 0006 0B       		.uleb128 0xb
 253 0007 03       		.uleb128 0x3
 254 0008 0E       		.uleb128 0xe
 255 0009 1B       		.uleb128 0x1b
 256 000a 0E       		.uleb128 0xe
 257 000b 55       		.uleb128 0x55
 258 000c 17       		.uleb128 0x17
 259 000d 11       		.uleb128 0x11
 260 000e 01       		.uleb128 0x1
ARM GAS  C:\Users\sinow\AppData\Local\Temp\ccQ4BK3x.s 			page 6


 261 000f 10       		.uleb128 0x10
 262 0010 17       		.uleb128 0x17
 263 0011 00       		.byte	0
 264 0012 00       		.byte	0
 265 0013 02       		.uleb128 0x2
 266 0014 24       		.uleb128 0x24
 267 0015 00       		.byte	0
 268 0016 0B       		.uleb128 0xb
 269 0017 0B       		.uleb128 0xb
 270 0018 3E       		.uleb128 0x3e
 271 0019 0B       		.uleb128 0xb
 272 001a 03       		.uleb128 0x3
 273 001b 0E       		.uleb128 0xe
 274 001c 00       		.byte	0
 275 001d 00       		.byte	0
 276 001e 03       		.uleb128 0x3
 277 001f 16       		.uleb128 0x16
 278 0020 00       		.byte	0
 279 0021 03       		.uleb128 0x3
 280 0022 0E       		.uleb128 0xe
 281 0023 3A       		.uleb128 0x3a
 282 0024 0B       		.uleb128 0xb
 283 0025 3B       		.uleb128 0x3b
 284 0026 0B       		.uleb128 0xb
 285 0027 49       		.uleb128 0x49
 286 0028 13       		.uleb128 0x13
 287 0029 00       		.byte	0
 288 002a 00       		.byte	0
 289 002b 04       		.uleb128 0x4
 290 002c 24       		.uleb128 0x24
 291 002d 00       		.byte	0
 292 002e 0B       		.uleb128 0xb
 293 002f 0B       		.uleb128 0xb
 294 0030 3E       		.uleb128 0x3e
 295 0031 0B       		.uleb128 0xb
 296 0032 03       		.uleb128 0x3
 297 0033 08       		.uleb128 0x8
 298 0034 00       		.byte	0
 299 0035 00       		.byte	0
 300 0036 05       		.uleb128 0x5
 301 0037 2E       		.uleb128 0x2e
 302 0038 01       		.byte	0x1
 303 0039 3F       		.uleb128 0x3f
 304 003a 19       		.uleb128 0x19
 305 003b 03       		.uleb128 0x3
 306 003c 0E       		.uleb128 0xe
 307 003d 3A       		.uleb128 0x3a
 308 003e 0B       		.uleb128 0xb
 309 003f 3B       		.uleb128 0x3b
 310 0040 0B       		.uleb128 0xb
 311 0041 27       		.uleb128 0x27
 312 0042 19       		.uleb128 0x19
 313 0043 49       		.uleb128 0x49
 314 0044 13       		.uleb128 0x13
 315 0045 8701     		.uleb128 0x87
 316 0047 19       		.uleb128 0x19
 317 0048 11       		.uleb128 0x11
ARM GAS  C:\Users\sinow\AppData\Local\Temp\ccQ4BK3x.s 			page 7


 318 0049 01       		.uleb128 0x1
 319 004a 12       		.uleb128 0x12
 320 004b 06       		.uleb128 0x6
 321 004c 40       		.uleb128 0x40
 322 004d 18       		.uleb128 0x18
 323 004e 9742     		.uleb128 0x2117
 324 0050 19       		.uleb128 0x19
 325 0051 01       		.uleb128 0x1
 326 0052 13       		.uleb128 0x13
 327 0053 00       		.byte	0
 328 0054 00       		.byte	0
 329 0055 06       		.uleb128 0x6
 330 0056 34       		.uleb128 0x34
 331 0057 00       		.byte	0
 332 0058 03       		.uleb128 0x3
 333 0059 08       		.uleb128 0x8
 334 005a 3A       		.uleb128 0x3a
 335 005b 0B       		.uleb128 0xb
 336 005c 3B       		.uleb128 0x3b
 337 005d 0B       		.uleb128 0xb
 338 005e 49       		.uleb128 0x49
 339 005f 13       		.uleb128 0x13
 340 0060 02       		.uleb128 0x2
 341 0061 17       		.uleb128 0x17
 342 0062 00       		.byte	0
 343 0063 00       		.byte	0
 344 0064 07       		.uleb128 0x7
 345 0065 898201   		.uleb128 0x4109
 346 0068 00       		.byte	0
 347 0069 11       		.uleb128 0x11
 348 006a 01       		.uleb128 0x1
 349 006b 31       		.uleb128 0x31
 350 006c 13       		.uleb128 0x13
 351 006d 00       		.byte	0
 352 006e 00       		.byte	0
 353 006f 08       		.uleb128 0x8
 354 0070 898201   		.uleb128 0x4109
 355 0073 01       		.byte	0x1
 356 0074 11       		.uleb128 0x11
 357 0075 01       		.uleb128 0x1
 358 0076 31       		.uleb128 0x31
 359 0077 13       		.uleb128 0x13
 360 0078 01       		.uleb128 0x1
 361 0079 13       		.uleb128 0x13
 362 007a 00       		.byte	0
 363 007b 00       		.byte	0
 364 007c 09       		.uleb128 0x9
 365 007d 8A8201   		.uleb128 0x410a
 366 0080 00       		.byte	0
 367 0081 02       		.uleb128 0x2
 368 0082 18       		.uleb128 0x18
 369 0083 9142     		.uleb128 0x2111
 370 0085 18       		.uleb128 0x18
 371 0086 00       		.byte	0
 372 0087 00       		.byte	0
 373 0088 0A       		.uleb128 0xa
 374 0089 898201   		.uleb128 0x4109
ARM GAS  C:\Users\sinow\AppData\Local\Temp\ccQ4BK3x.s 			page 8


 375 008c 01       		.byte	0x1
 376 008d 11       		.uleb128 0x11
 377 008e 01       		.uleb128 0x1
 378 008f 31       		.uleb128 0x31
 379 0090 13       		.uleb128 0x13
 380 0091 00       		.byte	0
 381 0092 00       		.byte	0
 382 0093 0B       		.uleb128 0xb
 383 0094 34       		.uleb128 0x34
 384 0095 00       		.byte	0
 385 0096 03       		.uleb128 0x3
 386 0097 0E       		.uleb128 0xe
 387 0098 3A       		.uleb128 0x3a
 388 0099 0B       		.uleb128 0xb
 389 009a 3B       		.uleb128 0x3b
 390 009b 05       		.uleb128 0x5
 391 009c 49       		.uleb128 0x49
 392 009d 13       		.uleb128 0x13
 393 009e 3F       		.uleb128 0x3f
 394 009f 19       		.uleb128 0x19
 395 00a0 3C       		.uleb128 0x3c
 396 00a1 19       		.uleb128 0x19
 397 00a2 00       		.byte	0
 398 00a3 00       		.byte	0
 399 00a4 0C       		.uleb128 0xc
 400 00a5 35       		.uleb128 0x35
 401 00a6 00       		.byte	0
 402 00a7 49       		.uleb128 0x49
 403 00a8 13       		.uleb128 0x13
 404 00a9 00       		.byte	0
 405 00aa 00       		.byte	0
 406 00ab 0D       		.uleb128 0xd
 407 00ac 2E       		.uleb128 0x2e
 408 00ad 00       		.byte	0
 409 00ae 3F       		.uleb128 0x3f
 410 00af 19       		.uleb128 0x19
 411 00b0 3C       		.uleb128 0x3c
 412 00b1 19       		.uleb128 0x19
 413 00b2 6E       		.uleb128 0x6e
 414 00b3 0E       		.uleb128 0xe
 415 00b4 03       		.uleb128 0x3
 416 00b5 0E       		.uleb128 0xe
 417 00b6 3A       		.uleb128 0x3a
 418 00b7 0B       		.uleb128 0xb
 419 00b8 3B       		.uleb128 0x3b
 420 00b9 0B       		.uleb128 0xb
 421 00ba 00       		.byte	0
 422 00bb 00       		.byte	0
 423 00bc 00       		.byte	0
 424              		.section	.debug_loc,"",%progbits
 425              	.Ldebug_loc0:
 426              	.LLST0:
 427 0000 08000000 		.4byte	.LVL0
 428 0004 18000000 		.4byte	.LVL2
 429 0008 0400     		.2byte	0x4
 430 000a 0A       		.byte	0xa
 431 000b D007     		.2byte	0x7d0
ARM GAS  C:\Users\sinow\AppData\Local\Temp\ccQ4BK3x.s 			page 9


 432 000d 9F       		.byte	0x9f
 433 000e 18000000 		.4byte	.LVL2
 434 0012 2A000000 		.4byte	.LFE63
 435 0016 0400     		.2byte	0x4
 436 0018 0A       		.byte	0xa
 437 0019 E803     		.2byte	0x3e8
 438 001b 9F       		.byte	0x9f
 439 001c 00000000 		.4byte	0
 440 0020 00000000 		.4byte	0
 441              		.section	.debug_aranges,"",%progbits
 442 0000 1C000000 		.4byte	0x1c
 443 0004 0200     		.2byte	0x2
 444 0006 00000000 		.4byte	.Ldebug_info0
 445 000a 04       		.byte	0x4
 446 000b 00       		.byte	0
 447 000c 0000     		.2byte	0
 448 000e 0000     		.2byte	0
 449 0010 00000000 		.4byte	.LFB63
 450 0014 2A000000 		.4byte	.LFE63-.LFB63
 451 0018 00000000 		.4byte	0
 452 001c 00000000 		.4byte	0
 453              		.section	.debug_ranges,"",%progbits
 454              	.Ldebug_ranges0:
 455 0000 00000000 		.4byte	.LFB63
 456 0004 2A000000 		.4byte	.LFE63
 457 0008 00000000 		.4byte	0
 458 000c 00000000 		.4byte	0
 459              		.section	.debug_line,"",%progbits
 460              	.Ldebug_line0:
 461 0000 80010000 		.section	.debug_str,"MS",%progbits,1
 461      02005501 
 461      00000201 
 461      FB0E0D00 
 461      01010101 
 462              	.LASF6:
 463 0000 6C6F6E67 		.ascii	"long long int\000"
 463      206C6F6E 
 463      6720696E 
 463      7400
 464              	.LASF3:
 465 000e 73686F72 		.ascii	"short unsigned int\000"
 465      7420756E 
 465      7369676E 
 465      65642069 
 465      6E7400
 466              	.LASF8:
 467 0021 756E7369 		.ascii	"unsigned int\000"
 467      676E6564 
 467      20696E74 
 467      00
 468              	.LASF20:
 469 002e 6D61696E 		.ascii	"main.c\000"
 469      2E6300
 470              	.LASF22:
 471 0035 6D61696E 		.ascii	"main\000"
 471      00
 472              	.LASF16:
ARM GAS  C:\Users\sinow\AppData\Local\Temp\ccQ4BK3x.s 			page 10


 473 003a 50574D5F 		.ascii	"PWM_1_Start\000"
 473      315F5374 
 473      61727400 
 474              	.LASF21:
 475 0046 433A5C55 		.ascii	"C:\\Users\\sinow\\Documents\\PSoC Creator\\Lab 5 - "
 475      73657273 
 475      5C73696E 
 475      6F775C44 
 475      6F63756D 
 476 0074 46696E61 		.ascii	"Final Project\\Design01.cydsn\000"
 476      6C205072 
 476      6F6A6563 
 476      745C4465 
 476      7369676E 
 477              	.LASF19:
 478 0091 474E5520 		.ascii	"GNU C11 5.4.1 20160609 (release) [ARM/embedded-5-br"
 478      43313120 
 478      352E342E 
 478      31203230 
 478      31363036 
 479 00c4 616E6368 		.ascii	"anch revision 237715] -mcpu=cortex-m3 -mthumb -g -O"
 479      20726576 
 479      6973696F 
 479      6E203233 
 479      37373135 
 480 00f7 67202D66 		.ascii	"g -ffunction-sections -ffat-lto-objects\000"
 480      66756E63 
 480      74696F6E 
 480      2D736563 
 480      74696F6E 
 481              	.LASF18:
 482 011f 43794465 		.ascii	"CyDelay\000"
 482      6C617900 
 483              	.LASF5:
 484 0127 6C6F6E67 		.ascii	"long unsigned int\000"
 484      20756E73 
 484      69676E65 
 484      6420696E 
 484      7400
 485              	.LASF7:
 486 0139 6C6F6E67 		.ascii	"long long unsigned int\000"
 486      206C6F6E 
 486      6720756E 
 486      7369676E 
 486      65642069 
 487              	.LASF1:
 488 0150 756E7369 		.ascii	"unsigned char\000"
 488      676E6564 
 488      20636861 
 488      7200
 489              	.LASF13:
 490 015e 63686172 		.ascii	"char\000"
 490      00
 491              	.LASF4:
 492 0163 6C6F6E67 		.ascii	"long int\000"
 492      20696E74 
 492      00
ARM GAS  C:\Users\sinow\AppData\Local\Temp\ccQ4BK3x.s 			page 11


 493              	.LASF12:
 494 016c 646F7562 		.ascii	"double\000"
 494      6C6500
 495              	.LASF23:
 496 0173 49544D5F 		.ascii	"ITM_RxBuffer\000"
 496      52784275 
 496      66666572 
 496      00
 497              	.LASF0:
 498 0180 7369676E 		.ascii	"signed char\000"
 498      65642063 
 498      68617200 
 499              	.LASF14:
 500 018c 6C6F6E67 		.ascii	"long double\000"
 500      20646F75 
 500      626C6500 
 501              	.LASF9:
 502 0198 5F5F696E 		.ascii	"__int32_t\000"
 502      7433325F 
 502      7400
 503              	.LASF17:
 504 01a2 50574D5F 		.ascii	"PWM_1_WriteCompare\000"
 504      315F5772 
 504      69746543 
 504      6F6D7061 
 504      726500
 505              	.LASF11:
 506 01b5 666C6F61 		.ascii	"float\000"
 506      7400
 507              	.LASF2:
 508 01bb 73686F72 		.ascii	"short int\000"
 508      7420696E 
 508      7400
 509              	.LASF10:
 510 01c5 696E7433 		.ascii	"int32_t\000"
 510      325F7400 
 511              	.LASF15:
 512 01cd 73697A65 		.ascii	"sizetype\000"
 512      74797065 
 512      00
 513              		.ident	"GCC: (GNU Tools for ARM Embedded Processors) 5.4.1 20160609 (release) [ARM/embedded-5-bran
