ARM GAS  C:\Users\sinow\AppData\Local\Temp\cc57i5Ev.s 			page 1


   1              		.syntax unified
   2              		.cpu cortex-m3
   3              		.fpu softvfp
   4              		.eabi_attribute 20, 1
   5              		.eabi_attribute 21, 1
   6              		.eabi_attribute 23, 3
   7              		.eabi_attribute 24, 1
   8              		.eabi_attribute 25, 1
   9              		.eabi_attribute 26, 1
  10              		.eabi_attribute 30, 6
  11              		.eabi_attribute 34, 1
  12              		.eabi_attribute 18, 4
  13              		.thumb
  14              		.syntax unified
  15              		.file	"cyfitter_cfg.c"
  16              		.text
  17              	.Ltext0:
  18              		.cfi_sections	.debug_frame
  19              		.section	.text.CYMEMZERO,"ax",%progbits
  20              		.align	2
  21              		.thumb
  22              		.thumb_func
  23              		.type	CYMEMZERO, %function
  24              	CYMEMZERO:
  25              	.LFB0:
  26              		.file 1 "Generated_Source\\PSoC5\\cyfitter_cfg.c"
   1:Generated_Source\PSoC5/cyfitter_cfg.c **** 
   2:Generated_Source\PSoC5/cyfitter_cfg.c **** /*******************************************************************************
   3:Generated_Source\PSoC5/cyfitter_cfg.c **** * File Name: cyfitter_cfg.c
   4:Generated_Source\PSoC5/cyfitter_cfg.c **** * 
   5:Generated_Source\PSoC5/cyfitter_cfg.c **** * PSoC Creator  4.2
   6:Generated_Source\PSoC5/cyfitter_cfg.c **** *
   7:Generated_Source\PSoC5/cyfitter_cfg.c **** * Description:
   8:Generated_Source\PSoC5/cyfitter_cfg.c **** * This file contains device initialization code.
   9:Generated_Source\PSoC5/cyfitter_cfg.c **** * Except for the user defined sections in CyClockStartupError(), this file should not be modified.
  10:Generated_Source\PSoC5/cyfitter_cfg.c **** * This file is automatically generated by PSoC Creator.
  11:Generated_Source\PSoC5/cyfitter_cfg.c **** *
  12:Generated_Source\PSoC5/cyfitter_cfg.c **** ********************************************************************************
  13:Generated_Source\PSoC5/cyfitter_cfg.c **** * Copyright (c) 2007-2018 Cypress Semiconductor.  All rights reserved.
  14:Generated_Source\PSoC5/cyfitter_cfg.c **** * You may use this file only in accordance with the license, terms, conditions, 
  15:Generated_Source\PSoC5/cyfitter_cfg.c **** * disclaimers, and limitations in the end user license agreement accompanying 
  16:Generated_Source\PSoC5/cyfitter_cfg.c **** * the software package with which this file was provided.
  17:Generated_Source\PSoC5/cyfitter_cfg.c **** ********************************************************************************/
  18:Generated_Source\PSoC5/cyfitter_cfg.c **** 
  19:Generated_Source\PSoC5/cyfitter_cfg.c **** #include <string.h>
  20:Generated_Source\PSoC5/cyfitter_cfg.c **** #include "cytypes.h"
  21:Generated_Source\PSoC5/cyfitter_cfg.c **** #include "cydevice_trm.h"
  22:Generated_Source\PSoC5/cyfitter_cfg.c **** #include "cyfitter.h"
  23:Generated_Source\PSoC5/cyfitter_cfg.c **** #include "CyLib.h"
  24:Generated_Source\PSoC5/cyfitter_cfg.c **** #include "cyfitter_cfg.h"
  25:Generated_Source\PSoC5/cyfitter_cfg.c **** #include "cyapicallbacks.h"
  26:Generated_Source\PSoC5/cyfitter_cfg.c **** 
  27:Generated_Source\PSoC5/cyfitter_cfg.c **** #define CY_NEED_CYCLOCKSTARTUPERROR 1
  28:Generated_Source\PSoC5/cyfitter_cfg.c **** 
  29:Generated_Source\PSoC5/cyfitter_cfg.c **** 
  30:Generated_Source\PSoC5/cyfitter_cfg.c **** #if defined(__GNUC__) || defined(__ARMCC_VERSION)
  31:Generated_Source\PSoC5/cyfitter_cfg.c ****     #define CYPACKED 
ARM GAS  C:\Users\sinow\AppData\Local\Temp\cc57i5Ev.s 			page 2


  32:Generated_Source\PSoC5/cyfitter_cfg.c ****     #define CYPACKED_ATTR __attribute__ ((packed))
  33:Generated_Source\PSoC5/cyfitter_cfg.c ****     #define CYALIGNED __attribute__ ((aligned))
  34:Generated_Source\PSoC5/cyfitter_cfg.c ****     #define CY_CFG_UNUSED __attribute__ ((unused))
  35:Generated_Source\PSoC5/cyfitter_cfg.c ****     #ifndef CY_CFG_SECTION
  36:Generated_Source\PSoC5/cyfitter_cfg.c ****         #define CY_CFG_SECTION __attribute__ ((section(".psocinit")))
  37:Generated_Source\PSoC5/cyfitter_cfg.c ****     #endif
  38:Generated_Source\PSoC5/cyfitter_cfg.c ****     
  39:Generated_Source\PSoC5/cyfitter_cfg.c ****     #if defined(__ARMCC_VERSION)
  40:Generated_Source\PSoC5/cyfitter_cfg.c ****         #define CY_CFG_MEMORY_BARRIER() __memory_changed()
  41:Generated_Source\PSoC5/cyfitter_cfg.c ****     #else
  42:Generated_Source\PSoC5/cyfitter_cfg.c ****         #define CY_CFG_MEMORY_BARRIER() __sync_synchronize()
  43:Generated_Source\PSoC5/cyfitter_cfg.c ****     #endif
  44:Generated_Source\PSoC5/cyfitter_cfg.c ****     
  45:Generated_Source\PSoC5/cyfitter_cfg.c **** #elif defined(__ICCARM__)
  46:Generated_Source\PSoC5/cyfitter_cfg.c ****     #include <intrinsics.h>
  47:Generated_Source\PSoC5/cyfitter_cfg.c **** 
  48:Generated_Source\PSoC5/cyfitter_cfg.c ****     #define CYPACKED __packed
  49:Generated_Source\PSoC5/cyfitter_cfg.c ****     #define CYPACKED_ATTR 
  50:Generated_Source\PSoC5/cyfitter_cfg.c ****     #define CYALIGNED _Pragma("data_alignment=4")
  51:Generated_Source\PSoC5/cyfitter_cfg.c ****     #define CY_CFG_UNUSED _Pragma("diag_suppress=Pe177")
  52:Generated_Source\PSoC5/cyfitter_cfg.c ****     #define CY_CFG_SECTION _Pragma("location=\".psocinit\"")
  53:Generated_Source\PSoC5/cyfitter_cfg.c ****     
  54:Generated_Source\PSoC5/cyfitter_cfg.c ****     #define CY_CFG_MEMORY_BARRIER() __DMB()
  55:Generated_Source\PSoC5/cyfitter_cfg.c ****     
  56:Generated_Source\PSoC5/cyfitter_cfg.c **** #else
  57:Generated_Source\PSoC5/cyfitter_cfg.c ****     #error Unsupported toolchain
  58:Generated_Source\PSoC5/cyfitter_cfg.c **** #endif
  59:Generated_Source\PSoC5/cyfitter_cfg.c **** 
  60:Generated_Source\PSoC5/cyfitter_cfg.c **** #ifndef CYCODE
  61:Generated_Source\PSoC5/cyfitter_cfg.c ****     #define CYCODE
  62:Generated_Source\PSoC5/cyfitter_cfg.c **** #endif
  63:Generated_Source\PSoC5/cyfitter_cfg.c **** #ifndef CYDATA
  64:Generated_Source\PSoC5/cyfitter_cfg.c ****     #define CYDATA
  65:Generated_Source\PSoC5/cyfitter_cfg.c **** #endif
  66:Generated_Source\PSoC5/cyfitter_cfg.c **** #ifndef CYFAR
  67:Generated_Source\PSoC5/cyfitter_cfg.c ****     #define CYFAR
  68:Generated_Source\PSoC5/cyfitter_cfg.c **** #endif
  69:Generated_Source\PSoC5/cyfitter_cfg.c **** #ifndef CYXDATA
  70:Generated_Source\PSoC5/cyfitter_cfg.c ****     #define CYXDATA
  71:Generated_Source\PSoC5/cyfitter_cfg.c **** #endif
  72:Generated_Source\PSoC5/cyfitter_cfg.c **** 
  73:Generated_Source\PSoC5/cyfitter_cfg.c **** 
  74:Generated_Source\PSoC5/cyfitter_cfg.c **** CY_CFG_UNUSED
  75:Generated_Source\PSoC5/cyfitter_cfg.c **** static void CYMEMZERO(void *s, size_t n);
  76:Generated_Source\PSoC5/cyfitter_cfg.c **** CY_CFG_UNUSED
  77:Generated_Source\PSoC5/cyfitter_cfg.c **** static void CYMEMZERO(void *s, size_t n)
  78:Generated_Source\PSoC5/cyfitter_cfg.c **** {
  27              		.loc 1 78 0
  28              		.cfi_startproc
  29              		@ args = 0, pretend = 0, frame = 8
  30              		@ frame_needed = 1, uses_anonymous_args = 0
  31 0000 80B5     		push	{r7, lr}
  32              		.cfi_def_cfa_offset 8
  33              		.cfi_offset 7, -8
  34              		.cfi_offset 14, -4
  35 0002 82B0     		sub	sp, sp, #8
  36              		.cfi_def_cfa_offset 16
ARM GAS  C:\Users\sinow\AppData\Local\Temp\cc57i5Ev.s 			page 3


  37 0004 00AF     		add	r7, sp, #0
  38              		.cfi_def_cfa_register 7
  39 0006 7860     		str	r0, [r7, #4]
  40 0008 3960     		str	r1, [r7]
  79:Generated_Source\PSoC5/cyfitter_cfg.c **** 	(void)memset(s, 0, n);
  41              		.loc 1 79 0
  42 000a 3A68     		ldr	r2, [r7]
  43 000c 0021     		movs	r1, #0
  44 000e 7868     		ldr	r0, [r7, #4]
  45 0010 FFF7FEFF 		bl	memset
  80:Generated_Source\PSoC5/cyfitter_cfg.c **** }
  46              		.loc 1 80 0
  47 0014 00BF     		nop
  48 0016 0837     		adds	r7, r7, #8
  49              		.cfi_def_cfa_offset 8
  50 0018 BD46     		mov	sp, r7
  51              		.cfi_def_cfa_register 13
  52              		@ sp needed
  53 001a 80BD     		pop	{r7, pc}
  54              		.cfi_endproc
  55              	.LFE0:
  56              		.size	CYMEMZERO, .-CYMEMZERO
  57              		.section	.text.CYCONFIGCPY,"ax",%progbits
  58              		.align	2
  59              		.thumb
  60              		.thumb_func
  61              		.type	CYCONFIGCPY, %function
  62              	CYCONFIGCPY:
  63              	.LFB1:
  81:Generated_Source\PSoC5/cyfitter_cfg.c **** CY_CFG_UNUSED
  82:Generated_Source\PSoC5/cyfitter_cfg.c **** static void CYCONFIGCPY(void *dest, const void *src, size_t n);
  83:Generated_Source\PSoC5/cyfitter_cfg.c **** CY_CFG_UNUSED
  84:Generated_Source\PSoC5/cyfitter_cfg.c **** static void CYCONFIGCPY(void *dest, const void *src, size_t n)
  85:Generated_Source\PSoC5/cyfitter_cfg.c **** {
  64              		.loc 1 85 0
  65              		.cfi_startproc
  66              		@ args = 0, pretend = 0, frame = 16
  67              		@ frame_needed = 1, uses_anonymous_args = 0
  68 0000 80B5     		push	{r7, lr}
  69              		.cfi_def_cfa_offset 8
  70              		.cfi_offset 7, -8
  71              		.cfi_offset 14, -4
  72 0002 84B0     		sub	sp, sp, #16
  73              		.cfi_def_cfa_offset 24
  74 0004 00AF     		add	r7, sp, #0
  75              		.cfi_def_cfa_register 7
  76 0006 F860     		str	r0, [r7, #12]
  77 0008 B960     		str	r1, [r7, #8]
  78 000a 7A60     		str	r2, [r7, #4]
  86:Generated_Source\PSoC5/cyfitter_cfg.c **** 	(void)memcpy(dest, src, n);
  79              		.loc 1 86 0
  80 000c 7A68     		ldr	r2, [r7, #4]
  81 000e B968     		ldr	r1, [r7, #8]
  82 0010 F868     		ldr	r0, [r7, #12]
  83 0012 FFF7FEFF 		bl	memcpy
  87:Generated_Source\PSoC5/cyfitter_cfg.c **** }
  84              		.loc 1 87 0
ARM GAS  C:\Users\sinow\AppData\Local\Temp\cc57i5Ev.s 			page 4


  85 0016 00BF     		nop
  86 0018 1037     		adds	r7, r7, #16
  87              		.cfi_def_cfa_offset 8
  88 001a BD46     		mov	sp, r7
  89              		.cfi_def_cfa_register 13
  90              		@ sp needed
  91 001c 80BD     		pop	{r7, pc}
  92              		.cfi_endproc
  93              	.LFE1:
  94              		.size	CYCONFIGCPY, .-CYCONFIGCPY
  95 001e 00BF     		.section	.text.CYCONFIGCPYCODE,"ax",%progbits
  96              		.align	2
  97              		.thumb
  98              		.thumb_func
  99              		.type	CYCONFIGCPYCODE, %function
 100              	CYCONFIGCPYCODE:
 101              	.LFB2:
  88:Generated_Source\PSoC5/cyfitter_cfg.c **** CY_CFG_UNUSED
  89:Generated_Source\PSoC5/cyfitter_cfg.c **** static void CYCONFIGCPYCODE(void *dest, const void *src, size_t n);
  90:Generated_Source\PSoC5/cyfitter_cfg.c **** CY_CFG_UNUSED
  91:Generated_Source\PSoC5/cyfitter_cfg.c **** static void CYCONFIGCPYCODE(void *dest, const void *src, size_t n)
  92:Generated_Source\PSoC5/cyfitter_cfg.c **** {
 102              		.loc 1 92 0
 103              		.cfi_startproc
 104              		@ args = 0, pretend = 0, frame = 16
 105              		@ frame_needed = 1, uses_anonymous_args = 0
 106 0000 80B5     		push	{r7, lr}
 107              		.cfi_def_cfa_offset 8
 108              		.cfi_offset 7, -8
 109              		.cfi_offset 14, -4
 110 0002 84B0     		sub	sp, sp, #16
 111              		.cfi_def_cfa_offset 24
 112 0004 00AF     		add	r7, sp, #0
 113              		.cfi_def_cfa_register 7
 114 0006 F860     		str	r0, [r7, #12]
 115 0008 B960     		str	r1, [r7, #8]
 116 000a 7A60     		str	r2, [r7, #4]
  93:Generated_Source\PSoC5/cyfitter_cfg.c **** 	(void)memcpy(dest, src, n);
 117              		.loc 1 93 0
 118 000c 7A68     		ldr	r2, [r7, #4]
 119 000e B968     		ldr	r1, [r7, #8]
 120 0010 F868     		ldr	r0, [r7, #12]
 121 0012 FFF7FEFF 		bl	memcpy
  94:Generated_Source\PSoC5/cyfitter_cfg.c **** }
 122              		.loc 1 94 0
 123 0016 00BF     		nop
 124 0018 1037     		adds	r7, r7, #16
 125              		.cfi_def_cfa_offset 8
 126 001a BD46     		mov	sp, r7
 127              		.cfi_def_cfa_register 13
 128              		@ sp needed
 129 001c 80BD     		pop	{r7, pc}
 130              		.cfi_endproc
 131              	.LFE2:
 132              		.size	CYCONFIGCPYCODE, .-CYCONFIGCPYCODE
 133 001e 00BF     		.section	.text.CyClockStartupError,"ax",%progbits
 134              		.align	2
ARM GAS  C:\Users\sinow\AppData\Local\Temp\cc57i5Ev.s 			page 5


 135              		.thumb
 136              		.thumb_func
 137              		.type	CyClockStartupError, %function
 138              	CyClockStartupError:
 139              	.LFB3:
  95:Generated_Source\PSoC5/cyfitter_cfg.c **** 
  96:Generated_Source\PSoC5/cyfitter_cfg.c **** 
  97:Generated_Source\PSoC5/cyfitter_cfg.c **** 
  98:Generated_Source\PSoC5/cyfitter_cfg.c **** 
  99:Generated_Source\PSoC5/cyfitter_cfg.c **** /* Clock startup error codes                                                   */
 100:Generated_Source\PSoC5/cyfitter_cfg.c **** #define CYCLOCKSTART_NO_ERROR    0u
 101:Generated_Source\PSoC5/cyfitter_cfg.c **** #define CYCLOCKSTART_XTAL_ERROR  1u
 102:Generated_Source\PSoC5/cyfitter_cfg.c **** #define CYCLOCKSTART_32KHZ_ERROR 2u
 103:Generated_Source\PSoC5/cyfitter_cfg.c **** #define CYCLOCKSTART_PLL_ERROR   3u
 104:Generated_Source\PSoC5/cyfitter_cfg.c **** #define CYCLOCKSTART_FLL_ERROR   4u
 105:Generated_Source\PSoC5/cyfitter_cfg.c **** #define CYCLOCKSTART_WCO_ERROR   5u
 106:Generated_Source\PSoC5/cyfitter_cfg.c **** 
 107:Generated_Source\PSoC5/cyfitter_cfg.c **** 
 108:Generated_Source\PSoC5/cyfitter_cfg.c **** #ifdef CY_NEED_CYCLOCKSTARTUPERROR
 109:Generated_Source\PSoC5/cyfitter_cfg.c **** /*******************************************************************************
 110:Generated_Source\PSoC5/cyfitter_cfg.c **** * Function Name: CyClockStartupError
 111:Generated_Source\PSoC5/cyfitter_cfg.c **** ********************************************************************************
 112:Generated_Source\PSoC5/cyfitter_cfg.c **** * Summary:
 113:Generated_Source\PSoC5/cyfitter_cfg.c **** *  If an error is encountered during clock configuration (crystal startup error,
 114:Generated_Source\PSoC5/cyfitter_cfg.c **** *  PLL lock error, etc.), the system will end up here.  Unless reimplemented by
 115:Generated_Source\PSoC5/cyfitter_cfg.c **** *  the customer, this function will stop in an infinite loop.
 116:Generated_Source\PSoC5/cyfitter_cfg.c **** *
 117:Generated_Source\PSoC5/cyfitter_cfg.c **** * Parameters:
 118:Generated_Source\PSoC5/cyfitter_cfg.c **** *   void
 119:Generated_Source\PSoC5/cyfitter_cfg.c **** *
 120:Generated_Source\PSoC5/cyfitter_cfg.c **** * Return:
 121:Generated_Source\PSoC5/cyfitter_cfg.c **** *   void
 122:Generated_Source\PSoC5/cyfitter_cfg.c **** *
 123:Generated_Source\PSoC5/cyfitter_cfg.c **** *******************************************************************************/
 124:Generated_Source\PSoC5/cyfitter_cfg.c **** CY_CFG_UNUSED
 125:Generated_Source\PSoC5/cyfitter_cfg.c **** static void CyClockStartupError(uint8 errorCode);
 126:Generated_Source\PSoC5/cyfitter_cfg.c **** CY_CFG_UNUSED
 127:Generated_Source\PSoC5/cyfitter_cfg.c **** static void CyClockStartupError(uint8 errorCode)
 128:Generated_Source\PSoC5/cyfitter_cfg.c **** {
 140              		.loc 1 128 0
 141              		.cfi_startproc
 142              		@ args = 0, pretend = 0, frame = 8
 143              		@ frame_needed = 1, uses_anonymous_args = 0
 144              		@ link register save eliminated.
 145 0000 80B4     		push	{r7}
 146              		.cfi_def_cfa_offset 4
 147              		.cfi_offset 7, -4
 148 0002 83B0     		sub	sp, sp, #12
 149              		.cfi_def_cfa_offset 16
 150 0004 00AF     		add	r7, sp, #0
 151              		.cfi_def_cfa_register 7
 152 0006 0346     		mov	r3, r0
 153 0008 FB71     		strb	r3, [r7, #7]
 154              	.L5:
 129:Generated_Source\PSoC5/cyfitter_cfg.c ****     /* To remove the compiler warning if errorCode not used.                */
 130:Generated_Source\PSoC5/cyfitter_cfg.c ****     errorCode = errorCode;
 131:Generated_Source\PSoC5/cyfitter_cfg.c **** 
ARM GAS  C:\Users\sinow\AppData\Local\Temp\cc57i5Ev.s 			page 6


 132:Generated_Source\PSoC5/cyfitter_cfg.c ****     /* If we have a clock startup error (bad MHz crystal, PLL lock, etc.),  */
 133:Generated_Source\PSoC5/cyfitter_cfg.c ****     /* we will end up here to allow the customer to implement something to  */
 134:Generated_Source\PSoC5/cyfitter_cfg.c ****     /* deal with the clock condition.                                       */
 135:Generated_Source\PSoC5/cyfitter_cfg.c **** 
 136:Generated_Source\PSoC5/cyfitter_cfg.c **** #ifdef CY_CFG_CLOCK_STARTUP_ERROR_CALLBACK
 137:Generated_Source\PSoC5/cyfitter_cfg.c ****     CY_CFG_Clock_Startup_ErrorCallback();
 138:Generated_Source\PSoC5/cyfitter_cfg.c **** #else
 139:Generated_Source\PSoC5/cyfitter_cfg.c ****     /*  If not using CY_CFG_CLOCK_STARTUP_ERROR_CALLBACK, place your clock startup code here. */
 140:Generated_Source\PSoC5/cyfitter_cfg.c ****     /* `#START CyClockStartupError` */
 141:Generated_Source\PSoC5/cyfitter_cfg.c **** 
 142:Generated_Source\PSoC5/cyfitter_cfg.c **** 
 143:Generated_Source\PSoC5/cyfitter_cfg.c **** 
 144:Generated_Source\PSoC5/cyfitter_cfg.c ****     /* `#END` */
 145:Generated_Source\PSoC5/cyfitter_cfg.c **** 
 146:Generated_Source\PSoC5/cyfitter_cfg.c ****     while(1) {}
 155              		.loc 1 146 0 discriminator 1
 156 000a FEE7     		b	.L5
 157              		.cfi_endproc
 158              	.LFE3:
 159              		.size	CyClockStartupError, .-CyClockStartupError
 160              		.section	.text.ClockSetup,"ax",%progbits
 161              		.align	2
 162              		.thumb
 163              		.thumb_func
 164              		.type	ClockSetup, %function
 165              	ClockSetup:
 166              	.LFB4:
 147:Generated_Source\PSoC5/cyfitter_cfg.c **** #endif /* CY_CFG_CLOCK_STARTUP_ERROR_CALLBACK */
 148:Generated_Source\PSoC5/cyfitter_cfg.c **** }
 149:Generated_Source\PSoC5/cyfitter_cfg.c **** #endif
 150:Generated_Source\PSoC5/cyfitter_cfg.c **** 
 151:Generated_Source\PSoC5/cyfitter_cfg.c **** /* IOPINS0_1 Address: CYREG_PRT1_DM0 Size (bytes): 8 */
 152:Generated_Source\PSoC5/cyfitter_cfg.c **** #define BS_IOPINS0_1_VAL ((const uint8 CYFAR *)0x48000000u)
 153:Generated_Source\PSoC5/cyfitter_cfg.c **** 
 154:Generated_Source\PSoC5/cyfitter_cfg.c **** 
 155:Generated_Source\PSoC5/cyfitter_cfg.c **** /*******************************************************************************
 156:Generated_Source\PSoC5/cyfitter_cfg.c **** * Function Name: ClockSetup
 157:Generated_Source\PSoC5/cyfitter_cfg.c **** ********************************************************************************
 158:Generated_Source\PSoC5/cyfitter_cfg.c **** *
 159:Generated_Source\PSoC5/cyfitter_cfg.c **** * Summary:
 160:Generated_Source\PSoC5/cyfitter_cfg.c **** *  Performs the initialization of all of the clocks in the device based on the
 161:Generated_Source\PSoC5/cyfitter_cfg.c **** *  settings in the Clock tab of the DWR.  This includes enabling the requested
 162:Generated_Source\PSoC5/cyfitter_cfg.c **** *  clocks and setting the necessary dividers to produce the desired frequency. 
 163:Generated_Source\PSoC5/cyfitter_cfg.c **** *
 164:Generated_Source\PSoC5/cyfitter_cfg.c **** * Parameters:
 165:Generated_Source\PSoC5/cyfitter_cfg.c **** *  void
 166:Generated_Source\PSoC5/cyfitter_cfg.c **** *
 167:Generated_Source\PSoC5/cyfitter_cfg.c **** * Return:
 168:Generated_Source\PSoC5/cyfitter_cfg.c **** *  void
 169:Generated_Source\PSoC5/cyfitter_cfg.c **** *
 170:Generated_Source\PSoC5/cyfitter_cfg.c **** *******************************************************************************/
 171:Generated_Source\PSoC5/cyfitter_cfg.c **** static void ClockSetup(void);
 172:Generated_Source\PSoC5/cyfitter_cfg.c **** static void ClockSetup(void)
 173:Generated_Source\PSoC5/cyfitter_cfg.c **** {
 167              		.loc 1 173 0
 168              		.cfi_startproc
 169              		@ args = 0, pretend = 0, frame = 8
ARM GAS  C:\Users\sinow\AppData\Local\Temp\cc57i5Ev.s 			page 7


 170              		@ frame_needed = 1, uses_anonymous_args = 0
 171 0000 80B5     		push	{r7, lr}
 172              		.cfi_def_cfa_offset 8
 173              		.cfi_offset 7, -8
 174              		.cfi_offset 14, -4
 175 0002 82B0     		sub	sp, sp, #8
 176              		.cfi_def_cfa_offset 16
 177 0004 00AF     		add	r7, sp, #0
 178              		.cfi_def_cfa_register 7
 174:Generated_Source\PSoC5/cyfitter_cfg.c **** 	uint32 timeout;
 175:Generated_Source\PSoC5/cyfitter_cfg.c **** 	uint8 pllLock;
 176:Generated_Source\PSoC5/cyfitter_cfg.c **** 
 177:Generated_Source\PSoC5/cyfitter_cfg.c **** 
 178:Generated_Source\PSoC5/cyfitter_cfg.c **** 	/* Configure ILO based on settings from Clock DWR */
 179:Generated_Source\PSoC5/cyfitter_cfg.c **** 	CY_SET_XTND_REG8((void CYFAR *)(CYREG_SLOWCLK_ILO_CR0), 0x02u);
 179              		.loc 1 179 0
 180 0006 294B     		ldr	r3, .L11
 181 0008 0222     		movs	r2, #2
 182 000a 1A70     		strb	r2, [r3]
 180:Generated_Source\PSoC5/cyfitter_cfg.c **** 	CY_SET_XTND_REG8((void CYFAR *)(CYREG_CLKDIST_CR), 0x08u);
 183              		.loc 1 180 0
 184 000c 4FF04023 		mov	r3, #1073758208
 185 0010 0822     		movs	r2, #8
 186 0012 1A70     		strb	r2, [r3]
 181:Generated_Source\PSoC5/cyfitter_cfg.c **** 
 182:Generated_Source\PSoC5/cyfitter_cfg.c **** 	/* Configure IMO based on settings from Clock DWR */
 183:Generated_Source\PSoC5/cyfitter_cfg.c **** 	CY_SET_XTND_REG8((void CYFAR *)(CYREG_FASTCLK_IMO_CR), 0x03u);
 187              		.loc 1 183 0
 188 0014 264B     		ldr	r3, .L11+4
 189 0016 0322     		movs	r2, #3
 190 0018 1A70     		strb	r2, [r3]
 184:Generated_Source\PSoC5/cyfitter_cfg.c **** 	CY_SET_XTND_REG8((void CYFAR *)(CYREG_IMO_TR1), (CY_GET_XTND_REG8((void CYFAR *)CYREG_FLSHID_CUST_
 191              		.loc 1 184 0
 192 001a 264B     		ldr	r3, .L11+8
 193 001c 264A     		ldr	r2, .L11+12
 194 001e 1278     		ldrb	r2, [r2]
 195 0020 D2B2     		uxtb	r2, r2
 196 0022 1A70     		strb	r2, [r3]
 185:Generated_Source\PSoC5/cyfitter_cfg.c **** 
 186:Generated_Source\PSoC5/cyfitter_cfg.c **** 	/* Configure PLL based on settings from Clock DWR */
 187:Generated_Source\PSoC5/cyfitter_cfg.c **** 	CY_SET_XTND_REG16((void CYFAR *)(CYREG_FASTCLK_PLL_P), 0x0008u);
 197              		.loc 1 187 0
 198 0024 254B     		ldr	r3, .L11+16
 199 0026 0822     		movs	r2, #8
 200 0028 1A80     		strh	r2, [r3]	@ movhi
 188:Generated_Source\PSoC5/cyfitter_cfg.c **** 	CY_SET_XTND_REG16((void CYFAR *)(CYREG_FASTCLK_PLL_CFG0), 0x1251u);
 201              		.loc 1 188 0
 202 002a 254B     		ldr	r3, .L11+20
 203 002c 41F25122 		movw	r2, #4689
 204 0030 1A80     		strh	r2, [r3]	@ movhi
 189:Generated_Source\PSoC5/cyfitter_cfg.c **** 	/* Wait up to 250us for the PLL to lock */
 190:Generated_Source\PSoC5/cyfitter_cfg.c **** 	pllLock = 0u;
 205              		.loc 1 190 0
 206 0032 0023     		movs	r3, #0
 207 0034 FB70     		strb	r3, [r7, #3]
 191:Generated_Source\PSoC5/cyfitter_cfg.c **** 	for (timeout = 250u / 10u; (timeout > 0u) && (pllLock != 0x03u); timeout--)
 208              		.loc 1 191 0
ARM GAS  C:\Users\sinow\AppData\Local\Temp\cc57i5Ev.s 			page 8


 209 0036 1923     		movs	r3, #25
 210 0038 7B60     		str	r3, [r7, #4]
 211 003a 14E0     		b	.L7
 212              	.L9:
 192:Generated_Source\PSoC5/cyfitter_cfg.c **** 	{ 
 193:Generated_Source\PSoC5/cyfitter_cfg.c **** 		pllLock = 0x03u & ((uint8)((uint8)pllLock << 1) | ((CY_GET_XTND_REG8((void CYFAR *)CYREG_FASTCLK_
 213              		.loc 1 193 0 discriminator 4
 214 003c FB78     		ldrb	r3, [r7, #3]
 215 003e 5B00     		lsls	r3, r3, #1
 216 0040 DAB2     		uxtb	r2, r3
 217 0042 204B     		ldr	r3, .L11+24
 218 0044 1B78     		ldrb	r3, [r3]
 219 0046 DBB2     		uxtb	r3, r3
 220 0048 03F00103 		and	r3, r3, #1
 221 004c DBB2     		uxtb	r3, r3
 222 004e 1343     		orrs	r3, r3, r2
 223 0050 DBB2     		uxtb	r3, r3
 224 0052 03F00303 		and	r3, r3, #3
 225 0056 FB70     		strb	r3, [r7, #3]
 194:Generated_Source\PSoC5/cyfitter_cfg.c **** 		CyDelayCycles(10u * 48u); /* Delay 10us based on 48MHz clock */
 226              		.loc 1 194 0 discriminator 4
 227 0058 4FF4F070 		mov	r0, #480
 228 005c FFF7FEFF 		bl	CyDelayCycles
 191:Generated_Source\PSoC5/cyfitter_cfg.c **** 	for (timeout = 250u / 10u; (timeout > 0u) && (pllLock != 0x03u); timeout--)
 229              		.loc 1 191 0 discriminator 4
 230 0060 7B68     		ldr	r3, [r7, #4]
 231 0062 013B     		subs	r3, r3, #1
 232 0064 7B60     		str	r3, [r7, #4]
 233              	.L7:
 191:Generated_Source\PSoC5/cyfitter_cfg.c **** 	for (timeout = 250u / 10u; (timeout > 0u) && (pllLock != 0x03u); timeout--)
 234              		.loc 1 191 0 is_stmt 0 discriminator 1
 235 0066 7B68     		ldr	r3, [r7, #4]
 236 0068 002B     		cmp	r3, #0
 237 006a 02D0     		beq	.L8
 191:Generated_Source\PSoC5/cyfitter_cfg.c **** 	for (timeout = 250u / 10u; (timeout > 0u) && (pllLock != 0x03u); timeout--)
 238              		.loc 1 191 0 discriminator 3
 239 006c FB78     		ldrb	r3, [r7, #3]	@ zero_extendqisi2
 240 006e 032B     		cmp	r3, #3
 241 0070 E4D1     		bne	.L9
 242              	.L8:
 195:Generated_Source\PSoC5/cyfitter_cfg.c **** 	}
 196:Generated_Source\PSoC5/cyfitter_cfg.c **** 	/* If we ran out of time the PLL didn't lock so go to the error function */
 197:Generated_Source\PSoC5/cyfitter_cfg.c **** 	if (timeout == 0u)
 243              		.loc 1 197 0 is_stmt 1
 244 0072 7B68     		ldr	r3, [r7, #4]
 245 0074 002B     		cmp	r3, #0
 246 0076 02D1     		bne	.L10
 198:Generated_Source\PSoC5/cyfitter_cfg.c **** 	{
 199:Generated_Source\PSoC5/cyfitter_cfg.c **** 		CyClockStartupError(CYCLOCKSTART_PLL_ERROR);
 247              		.loc 1 199 0
 248 0078 0320     		movs	r0, #3
 249 007a FFF7FEFF 		bl	CyClockStartupError
 250              	.L10:
 200:Generated_Source\PSoC5/cyfitter_cfg.c **** 	}
 201:Generated_Source\PSoC5/cyfitter_cfg.c **** 
 202:Generated_Source\PSoC5/cyfitter_cfg.c **** 	/* Configure Bus/Master Clock based on settings from Clock DWR */
 203:Generated_Source\PSoC5/cyfitter_cfg.c **** 	CY_SET_XTND_REG16((void CYFAR *)(CYREG_CLKDIST_MSTR0), 0x0100u);
ARM GAS  C:\Users\sinow\AppData\Local\Temp\cc57i5Ev.s 			page 9


 251              		.loc 1 203 0
 252 007e 124B     		ldr	r3, .L11+28
 253 0080 4FF48072 		mov	r2, #256
 254 0084 1A80     		strh	r2, [r3]	@ movhi
 204:Generated_Source\PSoC5/cyfitter_cfg.c **** 	CY_SET_XTND_REG8((void CYFAR *)(CYREG_CLKDIST_MSTR0), 0x07u);
 255              		.loc 1 204 0
 256 0086 104B     		ldr	r3, .L11+28
 257 0088 0722     		movs	r2, #7
 258 008a 1A70     		strb	r2, [r3]
 205:Generated_Source\PSoC5/cyfitter_cfg.c **** 	CY_SET_XTND_REG8((void CYFAR *)(CYREG_CLKDIST_BCFG0), 0x00u);
 259              		.loc 1 205 0
 260 008c 0F4B     		ldr	r3, .L11+32
 261 008e 0022     		movs	r2, #0
 262 0090 1A70     		strb	r2, [r3]
 206:Generated_Source\PSoC5/cyfitter_cfg.c **** 	CY_SET_XTND_REG8((void CYFAR *)(CYREG_CLKDIST_BCFG2), 0x48u);
 263              		.loc 1 206 0
 264 0092 0F4B     		ldr	r3, .L11+36
 265 0094 4822     		movs	r2, #72
 266 0096 1A70     		strb	r2, [r3]
 207:Generated_Source\PSoC5/cyfitter_cfg.c **** 	CY_SET_XTND_REG8((void CYFAR *)(CYREG_CLKDIST_MSTR0), 0x00u);
 267              		.loc 1 207 0
 268 0098 0B4B     		ldr	r3, .L11+28
 269 009a 0022     		movs	r2, #0
 270 009c 1A70     		strb	r2, [r3]
 208:Generated_Source\PSoC5/cyfitter_cfg.c **** 	CY_SET_XTND_REG8((void CYFAR *)(CYREG_CLKDIST_LD), 0x02u);
 271              		.loc 1 208 0
 272 009e 0D4B     		ldr	r3, .L11+40
 273 00a0 0222     		movs	r2, #2
 274 00a2 1A70     		strb	r2, [r3]
 209:Generated_Source\PSoC5/cyfitter_cfg.c **** }
 275              		.loc 1 209 0
 276 00a4 00BF     		nop
 277 00a6 0837     		adds	r7, r7, #8
 278              		.cfi_def_cfa_offset 8
 279 00a8 BD46     		mov	sp, r7
 280              		.cfi_def_cfa_register 13
 281              		@ sp needed
 282 00aa 80BD     		pop	{r7, pc}
 283              	.L12:
 284              		.align	2
 285              	.L11:
 286 00ac 00430040 		.word	1073758976
 287 00b0 00420040 		.word	1073758720
 288 00b4 A1460040 		.word	1073759905
 289 00b8 08010049 		.word	1224737032
 290 00bc 22420040 		.word	1073758754
 291 00c0 20420040 		.word	1073758752
 292 00c4 25420040 		.word	1073758757
 293 00c8 04400040 		.word	1073758212
 294 00cc 06400040 		.word	1073758214
 295 00d0 08400040 		.word	1073758216
 296 00d4 01400040 		.word	1073758209
 297              		.cfi_endproc
 298              	.LFE4:
 299              		.size	ClockSetup, .-ClockSetup
 300              		.section	.text.AnalogSetDefault,"ax",%progbits
 301              		.align	2
ARM GAS  C:\Users\sinow\AppData\Local\Temp\cc57i5Ev.s 			page 10


 302              		.thumb
 303              		.thumb_func
 304              		.type	AnalogSetDefault, %function
 305              	AnalogSetDefault:
 306              	.LFB5:
 210:Generated_Source\PSoC5/cyfitter_cfg.c **** 
 211:Generated_Source\PSoC5/cyfitter_cfg.c **** 
 212:Generated_Source\PSoC5/cyfitter_cfg.c **** /* Analog API Functions */
 213:Generated_Source\PSoC5/cyfitter_cfg.c **** 
 214:Generated_Source\PSoC5/cyfitter_cfg.c **** 
 215:Generated_Source\PSoC5/cyfitter_cfg.c **** /*******************************************************************************
 216:Generated_Source\PSoC5/cyfitter_cfg.c **** * Function Name: AnalogSetDefault
 217:Generated_Source\PSoC5/cyfitter_cfg.c **** ********************************************************************************
 218:Generated_Source\PSoC5/cyfitter_cfg.c **** *
 219:Generated_Source\PSoC5/cyfitter_cfg.c **** * Summary:
 220:Generated_Source\PSoC5/cyfitter_cfg.c **** *  Sets up the analog portions of the chip to default values based on chip
 221:Generated_Source\PSoC5/cyfitter_cfg.c **** *  configuration options from the project.
 222:Generated_Source\PSoC5/cyfitter_cfg.c **** *
 223:Generated_Source\PSoC5/cyfitter_cfg.c **** * Parameters:
 224:Generated_Source\PSoC5/cyfitter_cfg.c **** *  void
 225:Generated_Source\PSoC5/cyfitter_cfg.c **** *
 226:Generated_Source\PSoC5/cyfitter_cfg.c **** * Return:
 227:Generated_Source\PSoC5/cyfitter_cfg.c **** *  void
 228:Generated_Source\PSoC5/cyfitter_cfg.c **** *
 229:Generated_Source\PSoC5/cyfitter_cfg.c **** *******************************************************************************/
 230:Generated_Source\PSoC5/cyfitter_cfg.c **** static void AnalogSetDefault(void);
 231:Generated_Source\PSoC5/cyfitter_cfg.c **** static void AnalogSetDefault(void)
 232:Generated_Source\PSoC5/cyfitter_cfg.c **** {
 307              		.loc 1 232 0
 308              		.cfi_startproc
 309              		@ args = 0, pretend = 0, frame = 8
 310              		@ frame_needed = 1, uses_anonymous_args = 0
 311              		@ link register save eliminated.
 312 0000 80B4     		push	{r7}
 313              		.cfi_def_cfa_offset 4
 314              		.cfi_offset 7, -4
 315 0002 83B0     		sub	sp, sp, #12
 316              		.cfi_def_cfa_offset 16
 317 0004 00AF     		add	r7, sp, #0
 318              		.cfi_def_cfa_register 7
 233:Generated_Source\PSoC5/cyfitter_cfg.c **** 	uint8 bg_xover_inl_trim = CY_GET_XTND_REG8((void CYFAR *)(CYREG_FLSHID_MFG_CFG_BG_XOVER_INL_TRIM +
 319              		.loc 1 233 0
 320 0006 0B4B     		ldr	r3, .L14
 321 0008 1B78     		ldrb	r3, [r3]
 322 000a FB71     		strb	r3, [r7, #7]
 234:Generated_Source\PSoC5/cyfitter_cfg.c **** 	CY_SET_XTND_REG8((void CYFAR *)(CYREG_BG_DFT0), (bg_xover_inl_trim & 0x07u));
 323              		.loc 1 234 0
 324 000c 0A4A     		ldr	r2, .L14+4
 325 000e FB79     		ldrb	r3, [r7, #7]
 326 0010 03F00703 		and	r3, r3, #7
 327 0014 DBB2     		uxtb	r3, r3
 328 0016 1370     		strb	r3, [r2]
 235:Generated_Source\PSoC5/cyfitter_cfg.c **** 	CY_SET_XTND_REG8((void CYFAR *)(CYREG_BG_DFT1), ((bg_xover_inl_trim >> 4) & 0x0Fu));
 329              		.loc 1 235 0
 330 0018 084A     		ldr	r2, .L14+8
 331 001a FB79     		ldrb	r3, [r7, #7]	@ zero_extendqisi2
 332 001c 1B09     		lsrs	r3, r3, #4
ARM GAS  C:\Users\sinow\AppData\Local\Temp\cc57i5Ev.s 			page 11


 333 001e DBB2     		uxtb	r3, r3
 334 0020 1370     		strb	r3, [r2]
 236:Generated_Source\PSoC5/cyfitter_cfg.c **** 	CY_SET_XTND_REG8((void CYFAR *)CYREG_PUMP_CR0, 0x44u);
 335              		.loc 1 236 0
 336 0022 074B     		ldr	r3, .L14+12
 337 0024 4422     		movs	r2, #68
 338 0026 1A70     		strb	r2, [r3]
 237:Generated_Source\PSoC5/cyfitter_cfg.c **** }
 339              		.loc 1 237 0
 340 0028 00BF     		nop
 341 002a 0C37     		adds	r7, r7, #12
 342              		.cfi_def_cfa_offset 4
 343 002c BD46     		mov	sp, r7
 344              		.cfi_def_cfa_register 13
 345              		@ sp needed
 346 002e 80BC     		pop	{r7}
 347              		.cfi_restore 7
 348              		.cfi_def_cfa_offset 0
 349 0030 7047     		bx	lr
 350              	.L15:
 351 0032 00BF     		.align	2
 352              	.L14:
 353 0034 CF010049 		.word	1224737231
 354 0038 6E580040 		.word	1073764462
 355 003c 6F580040 		.word	1073764463
 356 0040 76580040 		.word	1073764470
 357              		.cfi_endproc
 358              	.LFE5:
 359              		.size	AnalogSetDefault, .-AnalogSetDefault
 360              		.section	.text.SetAnalogRoutingPumps,"ax",%progbits
 361              		.align	2
 362              		.global	SetAnalogRoutingPumps
 363              		.thumb
 364              		.thumb_func
 365              		.type	SetAnalogRoutingPumps, %function
 366              	SetAnalogRoutingPumps:
 367              	.LFB6:
 238:Generated_Source\PSoC5/cyfitter_cfg.c **** 
 239:Generated_Source\PSoC5/cyfitter_cfg.c **** 
 240:Generated_Source\PSoC5/cyfitter_cfg.c **** /*******************************************************************************
 241:Generated_Source\PSoC5/cyfitter_cfg.c **** * Function Name: SetAnalogRoutingPumps
 242:Generated_Source\PSoC5/cyfitter_cfg.c **** ********************************************************************************
 243:Generated_Source\PSoC5/cyfitter_cfg.c **** *
 244:Generated_Source\PSoC5/cyfitter_cfg.c **** * Summary:
 245:Generated_Source\PSoC5/cyfitter_cfg.c **** * Enables or disables the analog pumps feeding analog routing switches.
 246:Generated_Source\PSoC5/cyfitter_cfg.c **** * Intended to be called at startup, based on the Vdda system configuration;
 247:Generated_Source\PSoC5/cyfitter_cfg.c **** * may be called during operation when the user informs us that the Vdda voltage
 248:Generated_Source\PSoC5/cyfitter_cfg.c **** * crossed the pump threshold.
 249:Generated_Source\PSoC5/cyfitter_cfg.c **** *
 250:Generated_Source\PSoC5/cyfitter_cfg.c **** * Parameters:
 251:Generated_Source\PSoC5/cyfitter_cfg.c **** *  enabled - 1 to enable the pumps, 0 to disable the pumps
 252:Generated_Source\PSoC5/cyfitter_cfg.c **** *
 253:Generated_Source\PSoC5/cyfitter_cfg.c **** * Return:
 254:Generated_Source\PSoC5/cyfitter_cfg.c **** *  void
 255:Generated_Source\PSoC5/cyfitter_cfg.c **** *
 256:Generated_Source\PSoC5/cyfitter_cfg.c **** *******************************************************************************/
 257:Generated_Source\PSoC5/cyfitter_cfg.c **** void SetAnalogRoutingPumps(uint8 enabled)
ARM GAS  C:\Users\sinow\AppData\Local\Temp\cc57i5Ev.s 			page 12


 258:Generated_Source\PSoC5/cyfitter_cfg.c **** {
 368              		.loc 1 258 0
 369              		.cfi_startproc
 370              		@ args = 0, pretend = 0, frame = 16
 371              		@ frame_needed = 1, uses_anonymous_args = 0
 372              		@ link register save eliminated.
 373 0000 80B4     		push	{r7}
 374              		.cfi_def_cfa_offset 4
 375              		.cfi_offset 7, -4
 376 0002 85B0     		sub	sp, sp, #20
 377              		.cfi_def_cfa_offset 24
 378 0004 00AF     		add	r7, sp, #0
 379              		.cfi_def_cfa_register 7
 380 0006 0346     		mov	r3, r0
 381 0008 FB71     		strb	r3, [r7, #7]
 259:Generated_Source\PSoC5/cyfitter_cfg.c **** 	uint8 regValue = CY_GET_XTND_REG8((void CYFAR *)CYREG_PUMP_CR0);
 382              		.loc 1 259 0
 383 000a 064B     		ldr	r3, .L19
 384 000c 1B78     		ldrb	r3, [r3]
 385 000e FB73     		strb	r3, [r7, #15]
 260:Generated_Source\PSoC5/cyfitter_cfg.c **** 	if (enabled != 0u)
 386              		.loc 1 260 0
 387 0010 FB79     		ldrb	r3, [r7, #7]	@ zero_extendqisi2
 388 0012 002B     		cmp	r3, #0
 261:Generated_Source\PSoC5/cyfitter_cfg.c **** 	{
 262:Generated_Source\PSoC5/cyfitter_cfg.c **** 		regValue |= 0x00u;
 263:Generated_Source\PSoC5/cyfitter_cfg.c **** 	}
 264:Generated_Source\PSoC5/cyfitter_cfg.c **** 	else
 265:Generated_Source\PSoC5/cyfitter_cfg.c **** 	{
 266:Generated_Source\PSoC5/cyfitter_cfg.c **** 		regValue &= (uint8)~0x00u;
 267:Generated_Source\PSoC5/cyfitter_cfg.c **** 	}
 268:Generated_Source\PSoC5/cyfitter_cfg.c **** 	CY_SET_XTND_REG8((void CYFAR *)CYREG_PUMP_CR0, regValue);
 389              		.loc 1 268 0
 390 0014 034A     		ldr	r2, .L19
 391 0016 FB7B     		ldrb	r3, [r7, #15]
 392 0018 1370     		strb	r3, [r2]
 269:Generated_Source\PSoC5/cyfitter_cfg.c **** }
 393              		.loc 1 269 0
 394 001a 00BF     		nop
 395 001c 1437     		adds	r7, r7, #20
 396              		.cfi_def_cfa_offset 4
 397 001e BD46     		mov	sp, r7
 398              		.cfi_def_cfa_register 13
 399              		@ sp needed
 400 0020 80BC     		pop	{r7}
 401              		.cfi_restore 7
 402              		.cfi_def_cfa_offset 0
 403 0022 7047     		bx	lr
 404              	.L20:
 405              		.align	2
 406              	.L19:
 407 0024 76580040 		.word	1073764470
 408              		.cfi_endproc
 409              	.LFE6:
 410              		.size	SetAnalogRoutingPumps, .-SetAnalogRoutingPumps
 411              		.section	.text.cyfitter_cfg,"ax",%progbits
 412              		.align	2
ARM GAS  C:\Users\sinow\AppData\Local\Temp\cc57i5Ev.s 			page 13


 413              		.global	cyfitter_cfg
 414              		.thumb
 415              		.thumb_func
 416              		.type	cyfitter_cfg, %function
 417              	cyfitter_cfg:
 418              	.LFB7:
 270:Generated_Source\PSoC5/cyfitter_cfg.c **** 
 271:Generated_Source\PSoC5/cyfitter_cfg.c **** 
 272:Generated_Source\PSoC5/cyfitter_cfg.c **** 
 273:Generated_Source\PSoC5/cyfitter_cfg.c **** 
 274:Generated_Source\PSoC5/cyfitter_cfg.c **** /*******************************************************************************
 275:Generated_Source\PSoC5/cyfitter_cfg.c **** * Function Name: cyfitter_cfg
 276:Generated_Source\PSoC5/cyfitter_cfg.c **** ********************************************************************************
 277:Generated_Source\PSoC5/cyfitter_cfg.c **** * Summary:
 278:Generated_Source\PSoC5/cyfitter_cfg.c **** *  This function is called by the start-up code for the selected device. It
 279:Generated_Source\PSoC5/cyfitter_cfg.c **** *  performs all of the necessary device configuration based on the design
 280:Generated_Source\PSoC5/cyfitter_cfg.c **** *  settings.  This includes settings from the Design Wide Resources (DWR) such
 281:Generated_Source\PSoC5/cyfitter_cfg.c **** *  as Clocks and Pins as well as any component configuration that is necessary.
 282:Generated_Source\PSoC5/cyfitter_cfg.c **** *
 283:Generated_Source\PSoC5/cyfitter_cfg.c **** * Parameters:
 284:Generated_Source\PSoC5/cyfitter_cfg.c **** *   void
 285:Generated_Source\PSoC5/cyfitter_cfg.c **** *
 286:Generated_Source\PSoC5/cyfitter_cfg.c **** * Return:
 287:Generated_Source\PSoC5/cyfitter_cfg.c **** *   void
 288:Generated_Source\PSoC5/cyfitter_cfg.c **** *
 289:Generated_Source\PSoC5/cyfitter_cfg.c **** *******************************************************************************/
 290:Generated_Source\PSoC5/cyfitter_cfg.c **** 
 291:Generated_Source\PSoC5/cyfitter_cfg.c **** void cyfitter_cfg(void)
 292:Generated_Source\PSoC5/cyfitter_cfg.c **** {
 419              		.loc 1 292 0
 420              		.cfi_startproc
 421              		@ args = 0, pretend = 0, frame = 8
 422              		@ frame_needed = 1, uses_anonymous_args = 0
 423 0000 80B5     		push	{r7, lr}
 424              		.cfi_def_cfa_offset 8
 425              		.cfi_offset 7, -8
 426              		.cfi_offset 14, -4
 427 0002 82B0     		sub	sp, sp, #8
 428              		.cfi_def_cfa_offset 16
 429 0004 00AF     		add	r7, sp, #0
 430              		.cfi_def_cfa_register 7
 293:Generated_Source\PSoC5/cyfitter_cfg.c **** #ifdef CYGlobalIntDisable
 294:Generated_Source\PSoC5/cyfitter_cfg.c **** 	/* Disable interrupts by default. Let user enable if/when they want. */
 295:Generated_Source\PSoC5/cyfitter_cfg.c **** 	CYGlobalIntDisable
 431              		.loc 1 295 0
 432              		.syntax unified
 433              	@ 295 "Generated_Source\PSoC5\cyfitter_cfg.c" 1
 434 0006 72B6     		CPSID   i
 435              	@ 0 "" 2
 296:Generated_Source\PSoC5/cyfitter_cfg.c **** #endif
 297:Generated_Source\PSoC5/cyfitter_cfg.c **** 
 298:Generated_Source\PSoC5/cyfitter_cfg.c **** 	/* Enable/Disable Debug functionality based on settings from System DWR */
 299:Generated_Source\PSoC5/cyfitter_cfg.c **** 	CY_SET_XTND_REG8((void CYFAR *)CYREG_MLOGIC_DEBUG, (CY_GET_XTND_REG8((void CYFAR *)CYREG_MLOGIC_DE
 436              		.loc 1 299 0
 437              		.thumb
 438              		.syntax unified
 439 0008 2A4A     		ldr	r2, .L24
ARM GAS  C:\Users\sinow\AppData\Local\Temp\cc57i5Ev.s 			page 14


 440 000a 2A4B     		ldr	r3, .L24
 441 000c 1B78     		ldrb	r3, [r3]
 442 000e DBB2     		uxtb	r3, r3
 443 0010 43F00403 		orr	r3, r3, #4
 444 0014 DBB2     		uxtb	r3, r3
 445 0016 1370     		strb	r3, [r2]
 446              	.LBB2:
 300:Generated_Source\PSoC5/cyfitter_cfg.c **** 
 301:Generated_Source\PSoC5/cyfitter_cfg.c **** 	{
 302:Generated_Source\PSoC5/cyfitter_cfg.c **** 
 303:Generated_Source\PSoC5/cyfitter_cfg.c **** 		CYPACKED typedef struct {
 304:Generated_Source\PSoC5/cyfitter_cfg.c **** 			void CYFAR *address;
 305:Generated_Source\PSoC5/cyfitter_cfg.c **** 			uint16 size;
 306:Generated_Source\PSoC5/cyfitter_cfg.c **** 		} CYPACKED_ATTR cfg_memset_t;
 307:Generated_Source\PSoC5/cyfitter_cfg.c **** 
 308:Generated_Source\PSoC5/cyfitter_cfg.c **** 		static const cfg_memset_t CYCODE cfg_memset_list[] = {
 309:Generated_Source\PSoC5/cyfitter_cfg.c **** 			/* address, size */
 310:Generated_Source\PSoC5/cyfitter_cfg.c **** 			{(void CYFAR *)(CYREG_PRT0_DR), 16u},
 311:Generated_Source\PSoC5/cyfitter_cfg.c **** 			{(void CYFAR *)(CYREG_PRT2_DR), 80u},
 312:Generated_Source\PSoC5/cyfitter_cfg.c **** 			{(void CYFAR *)(CYREG_PRT12_DR), 16u},
 313:Generated_Source\PSoC5/cyfitter_cfg.c **** 			{(void CYFAR *)(CYREG_PRT15_DR), 16u},
 314:Generated_Source\PSoC5/cyfitter_cfg.c **** 			{(void CYFAR *)(CYDEV_UCFG_B0_P0_U0_BASE), 4096u},
 315:Generated_Source\PSoC5/cyfitter_cfg.c **** 			{(void CYFAR *)(CYDEV_UCFG_B1_P2_U0_BASE), 2048u},
 316:Generated_Source\PSoC5/cyfitter_cfg.c **** 			{(void CYFAR *)(CYDEV_UCFG_DSI0_BASE), 2560u},
 317:Generated_Source\PSoC5/cyfitter_cfg.c **** 			{(void CYFAR *)(CYDEV_UCFG_DSI12_BASE), 512u},
 318:Generated_Source\PSoC5/cyfitter_cfg.c **** 			{(void CYFAR *)(CYREG_BCTL0_MDCLK_EN), 32u},
 319:Generated_Source\PSoC5/cyfitter_cfg.c **** 		};
 320:Generated_Source\PSoC5/cyfitter_cfg.c **** 
 321:Generated_Source\PSoC5/cyfitter_cfg.c **** 		uint8 CYDATA i;
 322:Generated_Source\PSoC5/cyfitter_cfg.c **** 
 323:Generated_Source\PSoC5/cyfitter_cfg.c **** 		/* Zero out critical memory blocks before beginning configuration */
 324:Generated_Source\PSoC5/cyfitter_cfg.c **** 		for (i = 0u; i < (sizeof(cfg_memset_list)/sizeof(cfg_memset_list[0])); i++)
 447              		.loc 1 324 0
 448 0018 0023     		movs	r3, #0
 449 001a FB71     		strb	r3, [r7, #7]
 450 001c 13E0     		b	.L22
 451              	.L23:
 452              	.LBB3:
 325:Generated_Source\PSoC5/cyfitter_cfg.c **** 		{
 326:Generated_Source\PSoC5/cyfitter_cfg.c **** 			const cfg_memset_t CYCODE * CYDATA ms = &cfg_memset_list[i];
 453              		.loc 1 326 0 discriminator 3
 454 001e FA79     		ldrb	r2, [r7, #7]	@ zero_extendqisi2
 455 0020 1346     		mov	r3, r2
 456 0022 5B00     		lsls	r3, r3, #1
 457 0024 1344     		add	r3, r3, r2
 458 0026 5B00     		lsls	r3, r3, #1
 459 0028 234A     		ldr	r2, .L24+4
 460 002a 1344     		add	r3, r3, r2
 461 002c 3B60     		str	r3, [r7]
 327:Generated_Source\PSoC5/cyfitter_cfg.c **** 			CYMEMZERO(ms->address, (size_t)(uint32)(ms->size));
 462              		.loc 1 327 0 discriminator 3
 463 002e 3B68     		ldr	r3, [r7]
 464 0030 1A68     		ldr	r2, [r3]	@ unaligned
 465 0032 3B68     		ldr	r3, [r7]
 466 0034 9B88     		ldrh	r3, [r3, #4]	@ unaligned
 467 0036 9BB2     		uxth	r3, r3
 468 0038 1946     		mov	r1, r3
ARM GAS  C:\Users\sinow\AppData\Local\Temp\cc57i5Ev.s 			page 15


 469 003a 1046     		mov	r0, r2
 470 003c FFF7FEFF 		bl	CYMEMZERO
 471              	.LBE3:
 324:Generated_Source\PSoC5/cyfitter_cfg.c **** 		{
 472              		.loc 1 324 0 discriminator 3
 473 0040 FB79     		ldrb	r3, [r7, #7]	@ zero_extendqisi2
 474 0042 0133     		adds	r3, r3, #1
 475 0044 FB71     		strb	r3, [r7, #7]
 476              	.L22:
 324:Generated_Source\PSoC5/cyfitter_cfg.c **** 		{
 477              		.loc 1 324 0 is_stmt 0 discriminator 1
 478 0046 FB79     		ldrb	r3, [r7, #7]	@ zero_extendqisi2
 479 0048 082B     		cmp	r3, #8
 480 004a E8D9     		bls	.L23
 328:Generated_Source\PSoC5/cyfitter_cfg.c **** 		}
 329:Generated_Source\PSoC5/cyfitter_cfg.c **** 
 330:Generated_Source\PSoC5/cyfitter_cfg.c **** 		/* Enable digital routing */
 331:Generated_Source\PSoC5/cyfitter_cfg.c **** 		CY_SET_XTND_REG8((void CYFAR *)CYREG_BCTL0_BANK_CTL, CY_GET_XTND_REG8((void CYFAR *)CYREG_BCTL0_B
 481              		.loc 1 331 0 is_stmt 1
 482 004c 1B4A     		ldr	r2, .L24+8
 483 004e 1B4B     		ldr	r3, .L24+8
 484 0050 1B78     		ldrb	r3, [r3]
 485 0052 DBB2     		uxtb	r3, r3
 486 0054 43F00203 		orr	r3, r3, #2
 487 0058 DBB2     		uxtb	r3, r3
 488 005a 1370     		strb	r3, [r2]
 332:Generated_Source\PSoC5/cyfitter_cfg.c **** 		CY_SET_XTND_REG8((void CYFAR *)CYREG_BCTL1_BANK_CTL, CY_GET_XTND_REG8((void CYFAR *)CYREG_BCTL1_B
 489              		.loc 1 332 0
 490 005c 184A     		ldr	r2, .L24+12
 491 005e 184B     		ldr	r3, .L24+12
 492 0060 1B78     		ldrb	r3, [r3]
 493 0062 DBB2     		uxtb	r3, r3
 494 0064 43F00203 		orr	r3, r3, #2
 495 0068 DBB2     		uxtb	r3, r3
 496 006a 1370     		strb	r3, [r2]
 497              	.LBE2:
 333:Generated_Source\PSoC5/cyfitter_cfg.c **** 	}
 334:Generated_Source\PSoC5/cyfitter_cfg.c **** 
 335:Generated_Source\PSoC5/cyfitter_cfg.c **** 
 336:Generated_Source\PSoC5/cyfitter_cfg.c **** 	/* Perform second pass device configuration. These items must be configured in specific order afte
 337:Generated_Source\PSoC5/cyfitter_cfg.c **** 	CYCONFIGCPY((void CYFAR *)(CYREG_PRT1_DM0), (const void CYFAR *)(BS_IOPINS0_1_VAL), 8u);
 498              		.loc 1 337 0
 499 006c 0822     		movs	r2, #8
 500 006e 4FF09041 		mov	r1, #1207959552
 501 0072 1448     		ldr	r0, .L24+16
 502 0074 FFF7FEFF 		bl	CYCONFIGCPY
 338:Generated_Source\PSoC5/cyfitter_cfg.c **** 	/* Switch Boost to the precision bandgap reference from its internal reference */
 339:Generated_Source\PSoC5/cyfitter_cfg.c **** 	CY_SET_REG8((void CYXDATA *)CYREG_BOOST_CR2, (CY_GET_REG8((void CYXDATA *)CYREG_BOOST_CR2) | 0x08u
 503              		.loc 1 339 0
 504 0078 134A     		ldr	r2, .L24+20
 505 007a 134B     		ldr	r3, .L24+20
 506 007c 1B78     		ldrb	r3, [r3]
 507 007e DBB2     		uxtb	r3, r3
 508 0080 43F00803 		orr	r3, r3, #8
 509 0084 DBB2     		uxtb	r3, r3
 510 0086 1370     		strb	r3, [r2]
 340:Generated_Source\PSoC5/cyfitter_cfg.c **** 
ARM GAS  C:\Users\sinow\AppData\Local\Temp\cc57i5Ev.s 			page 16


 341:Generated_Source\PSoC5/cyfitter_cfg.c **** 	/* Set Flash Cycles based on max possible frequency in case a glitch occurs during ClockSetup(). *
 342:Generated_Source\PSoC5/cyfitter_cfg.c **** 	CY_SET_XTND_REG8((void CYFAR *)(CYREG_CACHE_CC_CTL), (((CYDEV_INSTRUCT_CACHE_ENABLED) != 0) ? 0x61
 511              		.loc 1 342 0
 512 0088 104B     		ldr	r3, .L24+24
 513 008a 6122     		movs	r2, #97
 514 008c 1A70     		strb	r2, [r3]
 343:Generated_Source\PSoC5/cyfitter_cfg.c **** 	/* Setup clocks based on selections from Clock DWR */
 344:Generated_Source\PSoC5/cyfitter_cfg.c **** 	ClockSetup();
 515              		.loc 1 344 0
 516 008e FFF7FEFF 		bl	ClockSetup
 345:Generated_Source\PSoC5/cyfitter_cfg.c **** 	/* Set Flash Cycles based on newly configured 24.00MHz Bus Clock. */
 346:Generated_Source\PSoC5/cyfitter_cfg.c **** 	CY_SET_XTND_REG8((void CYFAR *)(CYREG_CACHE_CC_CTL), (((CYDEV_INSTRUCT_CACHE_ENABLED) != 0) ? 0x81
 517              		.loc 1 346 0
 518 0092 0E4B     		ldr	r3, .L24+24
 519 0094 8122     		movs	r2, #129
 520 0096 1A70     		strb	r2, [r3]
 347:Generated_Source\PSoC5/cyfitter_cfg.c **** 	CY_SET_XTND_REG8((void CYFAR *)(CYREG_PANTHER_WAITPIPE), 0x01u);
 521              		.loc 1 347 0
 522 0098 0D4B     		ldr	r3, .L24+28
 523 009a 0122     		movs	r2, #1
 524 009c 1A70     		strb	r2, [r3]
 348:Generated_Source\PSoC5/cyfitter_cfg.c **** 
 349:Generated_Source\PSoC5/cyfitter_cfg.c **** 	/* Perform basic analog initialization to defaults */
 350:Generated_Source\PSoC5/cyfitter_cfg.c **** 	AnalogSetDefault();
 525              		.loc 1 350 0
 526 009e FFF7FEFF 		bl	AnalogSetDefault
 351:Generated_Source\PSoC5/cyfitter_cfg.c **** 
 352:Generated_Source\PSoC5/cyfitter_cfg.c **** 	/* Configure alternate active mode */
 353:Generated_Source\PSoC5/cyfitter_cfg.c **** 	CYCONFIGCPY((void CYFAR *)CYDEV_PM_STBY_BASE, (const void CYFAR *)CYDEV_PM_ACT_BASE, 14u);
 527              		.loc 1 353 0
 528 00a2 0E22     		movs	r2, #14
 529 00a4 0B49     		ldr	r1, .L24+32
 530 00a6 0C48     		ldr	r0, .L24+36
 531 00a8 FFF7FEFF 		bl	CYCONFIGCPY
 354:Generated_Source\PSoC5/cyfitter_cfg.c **** }
 532              		.loc 1 354 0
 533 00ac 00BF     		nop
 534 00ae 0837     		adds	r7, r7, #8
 535              		.cfi_def_cfa_offset 8
 536 00b0 BD46     		mov	sp, r7
 537              		.cfi_def_cfa_register 13
 538              		@ sp needed
 539 00b2 80BD     		pop	{r7, pc}
 540              	.L25:
 541              		.align	2
 542              	.L24:
 543 00b4 E8460040 		.word	1073759976
 544 00b8 00000000 		.word	cfg_memset_list.4992
 545 00bc 03500140 		.word	1073827843
 546 00c0 13500140 		.word	1073827859
 547 00c4 12510040 		.word	1073762578
 548 00c8 22430040 		.word	1073759010
 549 00cc 00480040 		.word	1073760256
 550 00d0 04000840 		.word	1074266116
 551 00d4 A0430040 		.word	1073759136
 552 00d8 B0430040 		.word	1073759152
 553              		.cfi_endproc
ARM GAS  C:\Users\sinow\AppData\Local\Temp\cc57i5Ev.s 			page 17


 554              	.LFE7:
 555              		.size	cyfitter_cfg, .-cyfitter_cfg
 556              		.section	.rodata
 557              		.align	2
 558              		.type	cfg_memset_list.4992, %object
 559              		.size	cfg_memset_list.4992, 54
 560              	cfg_memset_list.4992:
 561 0000 00510040 		.word	1073762560
 562 0004 1000     		.short	16
 563 0006 20510040 		.4byte	1073762592
 564 000a 5000     		.short	80
 565 000c C0510040 		.word	1073762752
 566 0010 1000     		.short	16
 567 0012 F0510040 		.4byte	1073762800
 568 0016 1000     		.short	16
 569 0018 00000140 		.word	1073807360
 570 001c 0010     		.short	4096
 571 001e 00140140 		.4byte	1073812480
 572 0022 0008     		.short	2048
 573 0024 00400140 		.word	1073823744
 574 0028 000A     		.short	2560
 575 002a 004C0140 		.4byte	1073826816
 576 002e 0002     		.short	512
 577 0030 00500140 		.word	1073827840
 578 0034 2000     		.short	32
 579              		.text
 580              	.Letext0:
 581              		.file 2 "c:\\program files (x86)\\cypress\\psoc creator\\4.2\\psoc creator\\import\\gnu\\arm\\5.4.
 582              		.file 3 "Generated_Source\\PSoC5\\cytypes.h"
 583              		.section	.debug_info,"",%progbits
 584              	.Ldebug_info0:
 585 0000 E2020000 		.4byte	0x2e2
 586 0004 0400     		.2byte	0x4
 587 0006 00000000 		.4byte	.Ldebug_abbrev0
 588 000a 04       		.byte	0x4
 589 000b 01       		.uleb128 0x1
 590 000c 0D000000 		.4byte	.LASF37
 591 0010 0C       		.byte	0xc
 592 0011 AC000000 		.4byte	.LASF38
 593 0015 63010000 		.4byte	.LASF39
 594 0019 00000000 		.4byte	.Ldebug_ranges0+0
 595 001d 00000000 		.4byte	0
 596 0021 00000000 		.4byte	.Ldebug_line0
 597 0025 02       		.uleb128 0x2
 598 0026 04       		.byte	0x4
 599 0027 05       		.byte	0x5
 600 0028 696E7400 		.ascii	"int\000"
 601 002c 03       		.uleb128 0x3
 602 002d 06000000 		.4byte	.LASF12
 603 0031 02       		.byte	0x2
 604 0032 D8       		.byte	0xd8
 605 0033 37000000 		.4byte	0x37
 606 0037 04       		.uleb128 0x4
 607 0038 04       		.byte	0x4
 608 0039 07       		.byte	0x7
 609 003a DD010000 		.4byte	.LASF0
 610 003e 04       		.uleb128 0x4
ARM GAS  C:\Users\sinow\AppData\Local\Temp\cc57i5Ev.s 			page 18


 611 003f 08       		.byte	0x8
 612 0040 05       		.byte	0x5
 613 0041 1F020000 		.4byte	.LASF1
 614 0045 04       		.uleb128 0x4
 615 0046 08       		.byte	0x8
 616 0047 04       		.byte	0x4
 617 0048 6B020000 		.4byte	.LASF2
 618 004c 04       		.uleb128 0x4
 619 004d 01       		.byte	0x1
 620 004e 06       		.byte	0x6
 621 004f 89020000 		.4byte	.LASF3
 622 0053 04       		.uleb128 0x4
 623 0054 01       		.byte	0x1
 624 0055 08       		.byte	0x8
 625 0056 A3010000 		.4byte	.LASF4
 626 005a 04       		.uleb128 0x4
 627 005b 02       		.byte	0x2
 628 005c 05       		.byte	0x5
 629 005d 35020000 		.4byte	.LASF5
 630 0061 04       		.uleb128 0x4
 631 0062 02       		.byte	0x2
 632 0063 07       		.byte	0x7
 633 0064 FD000000 		.4byte	.LASF6
 634 0068 04       		.uleb128 0x4
 635 0069 04       		.byte	0x4
 636 006a 05       		.byte	0x5
 637 006b 47020000 		.4byte	.LASF7
 638 006f 04       		.uleb128 0x4
 639 0070 04       		.byte	0x4
 640 0071 07       		.byte	0x7
 641 0072 41010000 		.4byte	.LASF8
 642 0076 04       		.uleb128 0x4
 643 0077 08       		.byte	0x8
 644 0078 07       		.byte	0x7
 645 0079 F2010000 		.4byte	.LASF9
 646 007d 04       		.uleb128 0x4
 647 007e 04       		.byte	0x4
 648 007f 07       		.byte	0x7
 649 0080 16020000 		.4byte	.LASF10
 650 0084 05       		.uleb128 0x5
 651 0085 04       		.byte	0x4
 652 0086 04       		.uleb128 0x4
 653 0087 01       		.byte	0x1
 654 0088 08       		.byte	0x8
 655 0089 50020000 		.4byte	.LASF11
 656 008d 06       		.uleb128 0x6
 657 008e 53010000 		.4byte	.LASF13
 658 0092 03       		.byte	0x3
 659 0093 E401     		.2byte	0x1e4
 660 0095 53000000 		.4byte	0x53
 661 0099 06       		.uleb128 0x6
 662 009a C5010000 		.4byte	.LASF14
 663 009e 03       		.byte	0x3
 664 009f E501     		.2byte	0x1e5
 665 00a1 61000000 		.4byte	0x61
 666 00a5 06       		.uleb128 0x6
 667 00a6 D6010000 		.4byte	.LASF15
ARM GAS  C:\Users\sinow\AppData\Local\Temp\cc57i5Ev.s 			page 19


 668 00aa 03       		.byte	0x3
 669 00ab E601     		.2byte	0x1e6
 670 00ad 6F000000 		.4byte	0x6f
 671 00b1 04       		.uleb128 0x4
 672 00b2 04       		.byte	0x4
 673 00b3 04       		.byte	0x4
 674 00b4 18010000 		.4byte	.LASF16
 675 00b8 04       		.uleb128 0x4
 676 00b9 08       		.byte	0x8
 677 00ba 04       		.byte	0x4
 678 00bb B1010000 		.4byte	.LASF17
 679 00bf 06       		.uleb128 0x6
 680 00c0 3C010000 		.4byte	.LASF18
 681 00c4 03       		.byte	0x3
 682 00c5 8E02     		.2byte	0x28e
 683 00c7 CB000000 		.4byte	0xcb
 684 00cb 07       		.uleb128 0x7
 685 00cc 8D000000 		.4byte	0x8d
 686 00d0 06       		.uleb128 0x6
 687 00d1 00000000 		.4byte	.LASF19
 688 00d5 03       		.byte	0x3
 689 00d6 8F02     		.2byte	0x28f
 690 00d8 DC000000 		.4byte	0xdc
 691 00dc 07       		.uleb128 0x7
 692 00dd 99000000 		.4byte	0x99
 693 00e1 08       		.uleb128 0x8
 694 00e2 59010000 		.4byte	.LASF20
 695 00e6 01       		.byte	0x1
 696 00e7 4D       		.byte	0x4d
 697 00e8 00000000 		.4byte	.LFB0
 698 00ec 1C000000 		.4byte	.LFE0-.LFB0
 699 00f0 01       		.uleb128 0x1
 700 00f1 9C       		.byte	0x9c
 701 00f2 0F010000 		.4byte	0x10f
 702 00f6 09       		.uleb128 0x9
 703 00f7 7300     		.ascii	"s\000"
 704 00f9 01       		.byte	0x1
 705 00fa 4D       		.byte	0x4d
 706 00fb 84000000 		.4byte	0x84
 707 00ff 02       		.uleb128 0x2
 708 0100 91       		.byte	0x91
 709 0101 74       		.sleb128 -12
 710 0102 09       		.uleb128 0x9
 711 0103 6E00     		.ascii	"n\000"
 712 0105 01       		.byte	0x1
 713 0106 4D       		.byte	0x4d
 714 0107 2C000000 		.4byte	0x2c
 715 010b 02       		.uleb128 0x2
 716 010c 91       		.byte	0x91
 717 010d 70       		.sleb128 -16
 718 010e 00       		.byte	0
 719 010f 08       		.uleb128 0x8
 720 0110 9E020000 		.4byte	.LASF21
 721 0114 01       		.byte	0x1
 722 0115 54       		.byte	0x54
 723 0116 00000000 		.4byte	.LFB1
 724 011a 1E000000 		.4byte	.LFE1-.LFB1
ARM GAS  C:\Users\sinow\AppData\Local\Temp\cc57i5Ev.s 			page 20


 725 011e 01       		.uleb128 0x1
 726 011f 9C       		.byte	0x9c
 727 0120 4D010000 		.4byte	0x14d
 728 0124 0A       		.uleb128 0xa
 729 0125 32010000 		.4byte	.LASF22
 730 0129 01       		.byte	0x1
 731 012a 54       		.byte	0x54
 732 012b 84000000 		.4byte	0x84
 733 012f 02       		.uleb128 0x2
 734 0130 91       		.byte	0x91
 735 0131 74       		.sleb128 -12
 736 0132 09       		.uleb128 0x9
 737 0133 73726300 		.ascii	"src\000"
 738 0137 01       		.byte	0x1
 739 0138 54       		.byte	0x54
 740 0139 4D010000 		.4byte	0x14d
 741 013d 02       		.uleb128 0x2
 742 013e 91       		.byte	0x91
 743 013f 70       		.sleb128 -16
 744 0140 09       		.uleb128 0x9
 745 0141 6E00     		.ascii	"n\000"
 746 0143 01       		.byte	0x1
 747 0144 54       		.byte	0x54
 748 0145 2C000000 		.4byte	0x2c
 749 0149 02       		.uleb128 0x2
 750 014a 91       		.byte	0x91
 751 014b 6C       		.sleb128 -20
 752 014c 00       		.byte	0
 753 014d 0B       		.uleb128 0xb
 754 014e 04       		.byte	0x4
 755 014f 53010000 		.4byte	0x153
 756 0153 0C       		.uleb128 0xc
 757 0154 08       		.uleb128 0x8
 758 0155 E2000000 		.4byte	.LASF23
 759 0159 01       		.byte	0x1
 760 015a 5B       		.byte	0x5b
 761 015b 00000000 		.4byte	.LFB2
 762 015f 1E000000 		.4byte	.LFE2-.LFB2
 763 0163 01       		.uleb128 0x1
 764 0164 9C       		.byte	0x9c
 765 0165 92010000 		.4byte	0x192
 766 0169 0A       		.uleb128 0xa
 767 016a 32010000 		.4byte	.LASF22
 768 016e 01       		.byte	0x1
 769 016f 5B       		.byte	0x5b
 770 0170 84000000 		.4byte	0x84
 771 0174 02       		.uleb128 0x2
 772 0175 91       		.byte	0x91
 773 0176 74       		.sleb128 -12
 774 0177 09       		.uleb128 0x9
 775 0178 73726300 		.ascii	"src\000"
 776 017c 01       		.byte	0x1
 777 017d 5B       		.byte	0x5b
 778 017e 4D010000 		.4byte	0x14d
 779 0182 02       		.uleb128 0x2
 780 0183 91       		.byte	0x91
 781 0184 70       		.sleb128 -16
ARM GAS  C:\Users\sinow\AppData\Local\Temp\cc57i5Ev.s 			page 21


 782 0185 09       		.uleb128 0x9
 783 0186 6E00     		.ascii	"n\000"
 784 0188 01       		.byte	0x1
 785 0189 5B       		.byte	0x5b
 786 018a 2C000000 		.4byte	0x2c
 787 018e 02       		.uleb128 0x2
 788 018f 91       		.byte	0x91
 789 0190 6C       		.sleb128 -20
 790 0191 00       		.byte	0
 791 0192 0D       		.uleb128 0xd
 792 0193 1E010000 		.4byte	.LASF24
 793 0197 01       		.byte	0x1
 794 0198 7F       		.byte	0x7f
 795 0199 00000000 		.4byte	.LFB3
 796 019d 0C000000 		.4byte	.LFE3-.LFB3
 797 01a1 01       		.uleb128 0x1
 798 01a2 9C       		.byte	0x9c
 799 01a3 B6010000 		.4byte	0x1b6
 800 01a7 0A       		.uleb128 0xa
 801 01a8 CC010000 		.4byte	.LASF25
 802 01ac 01       		.byte	0x1
 803 01ad 7F       		.byte	0x7f
 804 01ae 8D000000 		.4byte	0x8d
 805 01b2 02       		.uleb128 0x2
 806 01b3 91       		.byte	0x91
 807 01b4 77       		.sleb128 -9
 808 01b5 00       		.byte	0
 809 01b6 08       		.uleb128 0x8
 810 01b7 F2000000 		.4byte	.LASF26
 811 01bb 01       		.byte	0x1
 812 01bc AC       		.byte	0xac
 813 01bd 00000000 		.4byte	.LFB4
 814 01c1 D8000000 		.4byte	.LFE4-.LFB4
 815 01c5 01       		.uleb128 0x1
 816 01c6 9C       		.byte	0x9c
 817 01c7 E8010000 		.4byte	0x1e8
 818 01cb 0E       		.uleb128 0xe
 819 01cc 2D020000 		.4byte	.LASF27
 820 01d0 01       		.byte	0x1
 821 01d1 AE       		.byte	0xae
 822 01d2 A5000000 		.4byte	0xa5
 823 01d6 02       		.uleb128 0x2
 824 01d7 91       		.byte	0x91
 825 01d8 74       		.sleb128 -12
 826 01d9 0E       		.uleb128 0xe
 827 01da 10010000 		.4byte	.LASF28
 828 01de 01       		.byte	0x1
 829 01df AF       		.byte	0xaf
 830 01e0 8D000000 		.4byte	0x8d
 831 01e4 02       		.uleb128 0x2
 832 01e5 91       		.byte	0x91
 833 01e6 73       		.sleb128 -13
 834 01e7 00       		.byte	0
 835 01e8 0D       		.uleb128 0xd
 836 01e9 9B000000 		.4byte	.LASF29
 837 01ed 01       		.byte	0x1
 838 01ee E7       		.byte	0xe7
ARM GAS  C:\Users\sinow\AppData\Local\Temp\cc57i5Ev.s 			page 22


 839 01ef 00000000 		.4byte	.LFB5
 840 01f3 44000000 		.4byte	.LFE5-.LFB5
 841 01f7 01       		.uleb128 0x1
 842 01f8 9C       		.byte	0x9c
 843 01f9 0C020000 		.4byte	0x20c
 844 01fd 0E       		.uleb128 0xe
 845 01fe 77020000 		.4byte	.LASF30
 846 0202 01       		.byte	0x1
 847 0203 E9       		.byte	0xe9
 848 0204 8D000000 		.4byte	0x8d
 849 0208 02       		.uleb128 0x2
 850 0209 91       		.byte	0x91
 851 020a 77       		.sleb128 -9
 852 020b 00       		.byte	0
 853 020c 0F       		.uleb128 0xf
 854 020d 55020000 		.4byte	.LASF40
 855 0211 01       		.byte	0x1
 856 0212 0101     		.2byte	0x101
 857 0214 00000000 		.4byte	.LFB6
 858 0218 28000000 		.4byte	.LFE6-.LFB6
 859 021c 01       		.uleb128 0x1
 860 021d 9C       		.byte	0x9c
 861 021e 41020000 		.4byte	0x241
 862 0222 10       		.uleb128 0x10
 863 0223 3F020000 		.4byte	.LASF31
 864 0227 01       		.byte	0x1
 865 0228 0101     		.2byte	0x101
 866 022a 8D000000 		.4byte	0x8d
 867 022e 02       		.uleb128 0x2
 868 022f 91       		.byte	0x91
 869 0230 6F       		.sleb128 -17
 870 0231 11       		.uleb128 0x11
 871 0232 95020000 		.4byte	.LASF32
 872 0236 01       		.byte	0x1
 873 0237 0301     		.2byte	0x103
 874 0239 8D000000 		.4byte	0x8d
 875 023d 02       		.uleb128 0x2
 876 023e 91       		.byte	0x91
 877 023f 77       		.sleb128 -9
 878 0240 00       		.byte	0
 879 0241 12       		.uleb128 0x12
 880 0242 B8010000 		.4byte	.LASF41
 881 0246 01       		.byte	0x1
 882 0247 2301     		.2byte	0x123
 883 0249 00000000 		.4byte	.LFB7
 884 024d DC000000 		.4byte	.LFE7-.LFB7
 885 0251 01       		.uleb128 0x1
 886 0252 9C       		.byte	0x9c
 887 0253 13       		.uleb128 0x13
 888 0254 18000000 		.4byte	.LBB2
 889 0258 54000000 		.4byte	.LBE2-.LBB2
 890 025c 14       		.uleb128 0x14
 891 025d 06       		.byte	0x6
 892 025e 01       		.byte	0x1
 893 025f 2F01     		.2byte	0x12f
 894 0261 80020000 		.4byte	0x280
 895 0265 15       		.uleb128 0x15
ARM GAS  C:\Users\sinow\AppData\Local\Temp\cc57i5Ev.s 			page 23


 896 0266 EA010000 		.4byte	.LASF33
 897 026a 01       		.byte	0x1
 898 026b 3001     		.2byte	0x130
 899 026d 84000000 		.4byte	0x84
 900 0271 00       		.byte	0
 901 0272 15       		.uleb128 0x15
 902 0273 37010000 		.4byte	.LASF34
 903 0277 01       		.byte	0x1
 904 0278 3101     		.2byte	0x131
 905 027a 99000000 		.4byte	0x99
 906 027e 04       		.byte	0x4
 907 027f 00       		.byte	0
 908 0280 06       		.uleb128 0x6
 909 0281 09020000 		.4byte	.LASF35
 910 0285 01       		.byte	0x1
 911 0286 3201     		.2byte	0x132
 912 0288 5C020000 		.4byte	0x25c
 913 028c 16       		.uleb128 0x16
 914 028d 9C020000 		.4byte	0x29c
 915 0291 9C020000 		.4byte	0x29c
 916 0295 17       		.uleb128 0x17
 917 0296 7D000000 		.4byte	0x7d
 918 029a 08       		.byte	0x8
 919 029b 00       		.byte	0
 920 029c 18       		.uleb128 0x18
 921 029d 80020000 		.4byte	0x280
 922 02a1 11       		.uleb128 0x11
 923 02a2 D2000000 		.4byte	.LASF36
 924 02a6 01       		.byte	0x1
 925 02a7 3401     		.2byte	0x134
 926 02a9 B3020000 		.4byte	0x2b3
 927 02ad 05       		.uleb128 0x5
 928 02ae 03       		.byte	0x3
 929 02af 00000000 		.4byte	cfg_memset_list.4992
 930 02b3 18       		.uleb128 0x18
 931 02b4 8C020000 		.4byte	0x28c
 932 02b8 19       		.uleb128 0x19
 933 02b9 6900     		.ascii	"i\000"
 934 02bb 01       		.byte	0x1
 935 02bc 4101     		.2byte	0x141
 936 02be 8D000000 		.4byte	0x8d
 937 02c2 02       		.uleb128 0x2
 938 02c3 91       		.byte	0x91
 939 02c4 77       		.sleb128 -9
 940 02c5 13       		.uleb128 0x13
 941 02c6 1E000000 		.4byte	.LBB3
 942 02ca 22000000 		.4byte	.LBE3-.LBB3
 943 02ce 19       		.uleb128 0x19
 944 02cf 6D7300   		.ascii	"ms\000"
 945 02d2 01       		.byte	0x1
 946 02d3 4601     		.2byte	0x146
 947 02d5 DC020000 		.4byte	0x2dc
 948 02d9 02       		.uleb128 0x2
 949 02da 91       		.byte	0x91
 950 02db 70       		.sleb128 -16
 951 02dc 0B       		.uleb128 0xb
 952 02dd 04       		.byte	0x4
ARM GAS  C:\Users\sinow\AppData\Local\Temp\cc57i5Ev.s 			page 24


 953 02de 9C020000 		.4byte	0x29c
 954 02e2 00       		.byte	0
 955 02e3 00       		.byte	0
 956 02e4 00       		.byte	0
 957 02e5 00       		.byte	0
 958              		.section	.debug_abbrev,"",%progbits
 959              	.Ldebug_abbrev0:
 960 0000 01       		.uleb128 0x1
 961 0001 11       		.uleb128 0x11
 962 0002 01       		.byte	0x1
 963 0003 25       		.uleb128 0x25
 964 0004 0E       		.uleb128 0xe
 965 0005 13       		.uleb128 0x13
 966 0006 0B       		.uleb128 0xb
 967 0007 03       		.uleb128 0x3
 968 0008 0E       		.uleb128 0xe
 969 0009 1B       		.uleb128 0x1b
 970 000a 0E       		.uleb128 0xe
 971 000b 55       		.uleb128 0x55
 972 000c 17       		.uleb128 0x17
 973 000d 11       		.uleb128 0x11
 974 000e 01       		.uleb128 0x1
 975 000f 10       		.uleb128 0x10
 976 0010 17       		.uleb128 0x17
 977 0011 00       		.byte	0
 978 0012 00       		.byte	0
 979 0013 02       		.uleb128 0x2
 980 0014 24       		.uleb128 0x24
 981 0015 00       		.byte	0
 982 0016 0B       		.uleb128 0xb
 983 0017 0B       		.uleb128 0xb
 984 0018 3E       		.uleb128 0x3e
 985 0019 0B       		.uleb128 0xb
 986 001a 03       		.uleb128 0x3
 987 001b 08       		.uleb128 0x8
 988 001c 00       		.byte	0
 989 001d 00       		.byte	0
 990 001e 03       		.uleb128 0x3
 991 001f 16       		.uleb128 0x16
 992 0020 00       		.byte	0
 993 0021 03       		.uleb128 0x3
 994 0022 0E       		.uleb128 0xe
 995 0023 3A       		.uleb128 0x3a
 996 0024 0B       		.uleb128 0xb
 997 0025 3B       		.uleb128 0x3b
 998 0026 0B       		.uleb128 0xb
 999 0027 49       		.uleb128 0x49
 1000 0028 13       		.uleb128 0x13
 1001 0029 00       		.byte	0
 1002 002a 00       		.byte	0
 1003 002b 04       		.uleb128 0x4
 1004 002c 24       		.uleb128 0x24
 1005 002d 00       		.byte	0
 1006 002e 0B       		.uleb128 0xb
 1007 002f 0B       		.uleb128 0xb
 1008 0030 3E       		.uleb128 0x3e
 1009 0031 0B       		.uleb128 0xb
ARM GAS  C:\Users\sinow\AppData\Local\Temp\cc57i5Ev.s 			page 25


 1010 0032 03       		.uleb128 0x3
 1011 0033 0E       		.uleb128 0xe
 1012 0034 00       		.byte	0
 1013 0035 00       		.byte	0
 1014 0036 05       		.uleb128 0x5
 1015 0037 0F       		.uleb128 0xf
 1016 0038 00       		.byte	0
 1017 0039 0B       		.uleb128 0xb
 1018 003a 0B       		.uleb128 0xb
 1019 003b 00       		.byte	0
 1020 003c 00       		.byte	0
 1021 003d 06       		.uleb128 0x6
 1022 003e 16       		.uleb128 0x16
 1023 003f 00       		.byte	0
 1024 0040 03       		.uleb128 0x3
 1025 0041 0E       		.uleb128 0xe
 1026 0042 3A       		.uleb128 0x3a
 1027 0043 0B       		.uleb128 0xb
 1028 0044 3B       		.uleb128 0x3b
 1029 0045 05       		.uleb128 0x5
 1030 0046 49       		.uleb128 0x49
 1031 0047 13       		.uleb128 0x13
 1032 0048 00       		.byte	0
 1033 0049 00       		.byte	0
 1034 004a 07       		.uleb128 0x7
 1035 004b 35       		.uleb128 0x35
 1036 004c 00       		.byte	0
 1037 004d 49       		.uleb128 0x49
 1038 004e 13       		.uleb128 0x13
 1039 004f 00       		.byte	0
 1040 0050 00       		.byte	0
 1041 0051 08       		.uleb128 0x8
 1042 0052 2E       		.uleb128 0x2e
 1043 0053 01       		.byte	0x1
 1044 0054 03       		.uleb128 0x3
 1045 0055 0E       		.uleb128 0xe
 1046 0056 3A       		.uleb128 0x3a
 1047 0057 0B       		.uleb128 0xb
 1048 0058 3B       		.uleb128 0x3b
 1049 0059 0B       		.uleb128 0xb
 1050 005a 27       		.uleb128 0x27
 1051 005b 19       		.uleb128 0x19
 1052 005c 11       		.uleb128 0x11
 1053 005d 01       		.uleb128 0x1
 1054 005e 12       		.uleb128 0x12
 1055 005f 06       		.uleb128 0x6
 1056 0060 40       		.uleb128 0x40
 1057 0061 18       		.uleb128 0x18
 1058 0062 9642     		.uleb128 0x2116
 1059 0064 19       		.uleb128 0x19
 1060 0065 01       		.uleb128 0x1
 1061 0066 13       		.uleb128 0x13
 1062 0067 00       		.byte	0
 1063 0068 00       		.byte	0
 1064 0069 09       		.uleb128 0x9
 1065 006a 05       		.uleb128 0x5
 1066 006b 00       		.byte	0
ARM GAS  C:\Users\sinow\AppData\Local\Temp\cc57i5Ev.s 			page 26


 1067 006c 03       		.uleb128 0x3
 1068 006d 08       		.uleb128 0x8
 1069 006e 3A       		.uleb128 0x3a
 1070 006f 0B       		.uleb128 0xb
 1071 0070 3B       		.uleb128 0x3b
 1072 0071 0B       		.uleb128 0xb
 1073 0072 49       		.uleb128 0x49
 1074 0073 13       		.uleb128 0x13
 1075 0074 02       		.uleb128 0x2
 1076 0075 18       		.uleb128 0x18
 1077 0076 00       		.byte	0
 1078 0077 00       		.byte	0
 1079 0078 0A       		.uleb128 0xa
 1080 0079 05       		.uleb128 0x5
 1081 007a 00       		.byte	0
 1082 007b 03       		.uleb128 0x3
 1083 007c 0E       		.uleb128 0xe
 1084 007d 3A       		.uleb128 0x3a
 1085 007e 0B       		.uleb128 0xb
 1086 007f 3B       		.uleb128 0x3b
 1087 0080 0B       		.uleb128 0xb
 1088 0081 49       		.uleb128 0x49
 1089 0082 13       		.uleb128 0x13
 1090 0083 02       		.uleb128 0x2
 1091 0084 18       		.uleb128 0x18
 1092 0085 00       		.byte	0
 1093 0086 00       		.byte	0
 1094 0087 0B       		.uleb128 0xb
 1095 0088 0F       		.uleb128 0xf
 1096 0089 00       		.byte	0
 1097 008a 0B       		.uleb128 0xb
 1098 008b 0B       		.uleb128 0xb
 1099 008c 49       		.uleb128 0x49
 1100 008d 13       		.uleb128 0x13
 1101 008e 00       		.byte	0
 1102 008f 00       		.byte	0
 1103 0090 0C       		.uleb128 0xc
 1104 0091 26       		.uleb128 0x26
 1105 0092 00       		.byte	0
 1106 0093 00       		.byte	0
 1107 0094 00       		.byte	0
 1108 0095 0D       		.uleb128 0xd
 1109 0096 2E       		.uleb128 0x2e
 1110 0097 01       		.byte	0x1
 1111 0098 03       		.uleb128 0x3
 1112 0099 0E       		.uleb128 0xe
 1113 009a 3A       		.uleb128 0x3a
 1114 009b 0B       		.uleb128 0xb
 1115 009c 3B       		.uleb128 0x3b
 1116 009d 0B       		.uleb128 0xb
 1117 009e 27       		.uleb128 0x27
 1118 009f 19       		.uleb128 0x19
 1119 00a0 11       		.uleb128 0x11
 1120 00a1 01       		.uleb128 0x1
 1121 00a2 12       		.uleb128 0x12
 1122 00a3 06       		.uleb128 0x6
 1123 00a4 40       		.uleb128 0x40
ARM GAS  C:\Users\sinow\AppData\Local\Temp\cc57i5Ev.s 			page 27


 1124 00a5 18       		.uleb128 0x18
 1125 00a6 9742     		.uleb128 0x2117
 1126 00a8 19       		.uleb128 0x19
 1127 00a9 01       		.uleb128 0x1
 1128 00aa 13       		.uleb128 0x13
 1129 00ab 00       		.byte	0
 1130 00ac 00       		.byte	0
 1131 00ad 0E       		.uleb128 0xe
 1132 00ae 34       		.uleb128 0x34
 1133 00af 00       		.byte	0
 1134 00b0 03       		.uleb128 0x3
 1135 00b1 0E       		.uleb128 0xe
 1136 00b2 3A       		.uleb128 0x3a
 1137 00b3 0B       		.uleb128 0xb
 1138 00b4 3B       		.uleb128 0x3b
 1139 00b5 0B       		.uleb128 0xb
 1140 00b6 49       		.uleb128 0x49
 1141 00b7 13       		.uleb128 0x13
 1142 00b8 02       		.uleb128 0x2
 1143 00b9 18       		.uleb128 0x18
 1144 00ba 00       		.byte	0
 1145 00bb 00       		.byte	0
 1146 00bc 0F       		.uleb128 0xf
 1147 00bd 2E       		.uleb128 0x2e
 1148 00be 01       		.byte	0x1
 1149 00bf 3F       		.uleb128 0x3f
 1150 00c0 19       		.uleb128 0x19
 1151 00c1 03       		.uleb128 0x3
 1152 00c2 0E       		.uleb128 0xe
 1153 00c3 3A       		.uleb128 0x3a
 1154 00c4 0B       		.uleb128 0xb
 1155 00c5 3B       		.uleb128 0x3b
 1156 00c6 05       		.uleb128 0x5
 1157 00c7 27       		.uleb128 0x27
 1158 00c8 19       		.uleb128 0x19
 1159 00c9 11       		.uleb128 0x11
 1160 00ca 01       		.uleb128 0x1
 1161 00cb 12       		.uleb128 0x12
 1162 00cc 06       		.uleb128 0x6
 1163 00cd 40       		.uleb128 0x40
 1164 00ce 18       		.uleb128 0x18
 1165 00cf 9742     		.uleb128 0x2117
 1166 00d1 19       		.uleb128 0x19
 1167 00d2 01       		.uleb128 0x1
 1168 00d3 13       		.uleb128 0x13
 1169 00d4 00       		.byte	0
 1170 00d5 00       		.byte	0
 1171 00d6 10       		.uleb128 0x10
 1172 00d7 05       		.uleb128 0x5
 1173 00d8 00       		.byte	0
 1174 00d9 03       		.uleb128 0x3
 1175 00da 0E       		.uleb128 0xe
 1176 00db 3A       		.uleb128 0x3a
 1177 00dc 0B       		.uleb128 0xb
 1178 00dd 3B       		.uleb128 0x3b
 1179 00de 05       		.uleb128 0x5
 1180 00df 49       		.uleb128 0x49
ARM GAS  C:\Users\sinow\AppData\Local\Temp\cc57i5Ev.s 			page 28


 1181 00e0 13       		.uleb128 0x13
 1182 00e1 02       		.uleb128 0x2
 1183 00e2 18       		.uleb128 0x18
 1184 00e3 00       		.byte	0
 1185 00e4 00       		.byte	0
 1186 00e5 11       		.uleb128 0x11
 1187 00e6 34       		.uleb128 0x34
 1188 00e7 00       		.byte	0
 1189 00e8 03       		.uleb128 0x3
 1190 00e9 0E       		.uleb128 0xe
 1191 00ea 3A       		.uleb128 0x3a
 1192 00eb 0B       		.uleb128 0xb
 1193 00ec 3B       		.uleb128 0x3b
 1194 00ed 05       		.uleb128 0x5
 1195 00ee 49       		.uleb128 0x49
 1196 00ef 13       		.uleb128 0x13
 1197 00f0 02       		.uleb128 0x2
 1198 00f1 18       		.uleb128 0x18
 1199 00f2 00       		.byte	0
 1200 00f3 00       		.byte	0
 1201 00f4 12       		.uleb128 0x12
 1202 00f5 2E       		.uleb128 0x2e
 1203 00f6 01       		.byte	0x1
 1204 00f7 3F       		.uleb128 0x3f
 1205 00f8 19       		.uleb128 0x19
 1206 00f9 03       		.uleb128 0x3
 1207 00fa 0E       		.uleb128 0xe
 1208 00fb 3A       		.uleb128 0x3a
 1209 00fc 0B       		.uleb128 0xb
 1210 00fd 3B       		.uleb128 0x3b
 1211 00fe 05       		.uleb128 0x5
 1212 00ff 27       		.uleb128 0x27
 1213 0100 19       		.uleb128 0x19
 1214 0101 11       		.uleb128 0x11
 1215 0102 01       		.uleb128 0x1
 1216 0103 12       		.uleb128 0x12
 1217 0104 06       		.uleb128 0x6
 1218 0105 40       		.uleb128 0x40
 1219 0106 18       		.uleb128 0x18
 1220 0107 9642     		.uleb128 0x2116
 1221 0109 19       		.uleb128 0x19
 1222 010a 00       		.byte	0
 1223 010b 00       		.byte	0
 1224 010c 13       		.uleb128 0x13
 1225 010d 0B       		.uleb128 0xb
 1226 010e 01       		.byte	0x1
 1227 010f 11       		.uleb128 0x11
 1228 0110 01       		.uleb128 0x1
 1229 0111 12       		.uleb128 0x12
 1230 0112 06       		.uleb128 0x6
 1231 0113 00       		.byte	0
 1232 0114 00       		.byte	0
 1233 0115 14       		.uleb128 0x14
 1234 0116 13       		.uleb128 0x13
 1235 0117 01       		.byte	0x1
 1236 0118 0B       		.uleb128 0xb
 1237 0119 0B       		.uleb128 0xb
ARM GAS  C:\Users\sinow\AppData\Local\Temp\cc57i5Ev.s 			page 29


 1238 011a 3A       		.uleb128 0x3a
 1239 011b 0B       		.uleb128 0xb
 1240 011c 3B       		.uleb128 0x3b
 1241 011d 05       		.uleb128 0x5
 1242 011e 01       		.uleb128 0x1
 1243 011f 13       		.uleb128 0x13
 1244 0120 00       		.byte	0
 1245 0121 00       		.byte	0
 1246 0122 15       		.uleb128 0x15
 1247 0123 0D       		.uleb128 0xd
 1248 0124 00       		.byte	0
 1249 0125 03       		.uleb128 0x3
 1250 0126 0E       		.uleb128 0xe
 1251 0127 3A       		.uleb128 0x3a
 1252 0128 0B       		.uleb128 0xb
 1253 0129 3B       		.uleb128 0x3b
 1254 012a 05       		.uleb128 0x5
 1255 012b 49       		.uleb128 0x49
 1256 012c 13       		.uleb128 0x13
 1257 012d 38       		.uleb128 0x38
 1258 012e 0B       		.uleb128 0xb
 1259 012f 00       		.byte	0
 1260 0130 00       		.byte	0
 1261 0131 16       		.uleb128 0x16
 1262 0132 01       		.uleb128 0x1
 1263 0133 01       		.byte	0x1
 1264 0134 49       		.uleb128 0x49
 1265 0135 13       		.uleb128 0x13
 1266 0136 01       		.uleb128 0x1
 1267 0137 13       		.uleb128 0x13
 1268 0138 00       		.byte	0
 1269 0139 00       		.byte	0
 1270 013a 17       		.uleb128 0x17
 1271 013b 21       		.uleb128 0x21
 1272 013c 00       		.byte	0
 1273 013d 49       		.uleb128 0x49
 1274 013e 13       		.uleb128 0x13
 1275 013f 2F       		.uleb128 0x2f
 1276 0140 0B       		.uleb128 0xb
 1277 0141 00       		.byte	0
 1278 0142 00       		.byte	0
 1279 0143 18       		.uleb128 0x18
 1280 0144 26       		.uleb128 0x26
 1281 0145 00       		.byte	0
 1282 0146 49       		.uleb128 0x49
 1283 0147 13       		.uleb128 0x13
 1284 0148 00       		.byte	0
 1285 0149 00       		.byte	0
 1286 014a 19       		.uleb128 0x19
 1287 014b 34       		.uleb128 0x34
 1288 014c 00       		.byte	0
 1289 014d 03       		.uleb128 0x3
 1290 014e 08       		.uleb128 0x8
 1291 014f 3A       		.uleb128 0x3a
 1292 0150 0B       		.uleb128 0xb
 1293 0151 3B       		.uleb128 0x3b
 1294 0152 05       		.uleb128 0x5
ARM GAS  C:\Users\sinow\AppData\Local\Temp\cc57i5Ev.s 			page 30


 1295 0153 49       		.uleb128 0x49
 1296 0154 13       		.uleb128 0x13
 1297 0155 02       		.uleb128 0x2
 1298 0156 18       		.uleb128 0x18
 1299 0157 00       		.byte	0
 1300 0158 00       		.byte	0
 1301 0159 00       		.byte	0
 1302              		.section	.debug_aranges,"",%progbits
 1303 0000 54000000 		.4byte	0x54
 1304 0004 0200     		.2byte	0x2
 1305 0006 00000000 		.4byte	.Ldebug_info0
 1306 000a 04       		.byte	0x4
 1307 000b 00       		.byte	0
 1308 000c 0000     		.2byte	0
 1309 000e 0000     		.2byte	0
 1310 0010 00000000 		.4byte	.LFB0
 1311 0014 1C000000 		.4byte	.LFE0-.LFB0
 1312 0018 00000000 		.4byte	.LFB1
 1313 001c 1E000000 		.4byte	.LFE1-.LFB1
 1314 0020 00000000 		.4byte	.LFB2
 1315 0024 1E000000 		.4byte	.LFE2-.LFB2
 1316 0028 00000000 		.4byte	.LFB3
 1317 002c 0C000000 		.4byte	.LFE3-.LFB3
 1318 0030 00000000 		.4byte	.LFB4
 1319 0034 D8000000 		.4byte	.LFE4-.LFB4
 1320 0038 00000000 		.4byte	.LFB5
 1321 003c 44000000 		.4byte	.LFE5-.LFB5
 1322 0040 00000000 		.4byte	.LFB6
 1323 0044 28000000 		.4byte	.LFE6-.LFB6
 1324 0048 00000000 		.4byte	.LFB7
 1325 004c DC000000 		.4byte	.LFE7-.LFB7
 1326 0050 00000000 		.4byte	0
 1327 0054 00000000 		.4byte	0
 1328              		.section	.debug_ranges,"",%progbits
 1329              	.Ldebug_ranges0:
 1330 0000 00000000 		.4byte	.LFB0
 1331 0004 1C000000 		.4byte	.LFE0
 1332 0008 00000000 		.4byte	.LFB1
 1333 000c 1E000000 		.4byte	.LFE1
 1334 0010 00000000 		.4byte	.LFB2
 1335 0014 1E000000 		.4byte	.LFE2
 1336 0018 00000000 		.4byte	.LFB3
 1337 001c 0C000000 		.4byte	.LFE3
 1338 0020 00000000 		.4byte	.LFB4
 1339 0024 D8000000 		.4byte	.LFE4
 1340 0028 00000000 		.4byte	.LFB5
 1341 002c 44000000 		.4byte	.LFE5
 1342 0030 00000000 		.4byte	.LFB6
 1343 0034 28000000 		.4byte	.LFE6
 1344 0038 00000000 		.4byte	.LFB7
 1345 003c DC000000 		.4byte	.LFE7
 1346 0040 00000000 		.4byte	0
 1347 0044 00000000 		.4byte	0
 1348              		.section	.debug_line,"",%progbits
 1349              	.Ldebug_line0:
 1350 0000 B9010000 		.section	.debug_str,"MS",%progbits,1
 1350      0200CB00 
ARM GAS  C:\Users\sinow\AppData\Local\Temp\cc57i5Ev.s 			page 31


 1350      00000201 
 1350      FB0E0D00 
 1350      01010101 
 1351              	.LASF19:
 1352 0000 72656731 		.ascii	"reg16\000"
 1352      3600
 1353              	.LASF12:
 1354 0006 73697A65 		.ascii	"size_t\000"
 1354      5F7400
 1355              	.LASF37:
 1356 000d 474E5520 		.ascii	"GNU C11 5.4.1 20160609 (release) [ARM/embedded-5-br"
 1356      43313120 
 1356      352E342E 
 1356      31203230 
 1356      31363036 
 1357 0040 616E6368 		.ascii	"anch revision 237715] -mcpu=cortex-m3 -mthumb -g -O"
 1357      20726576 
 1357      6973696F 
 1357      6E203233 
 1357      37373135 
 1358 0073 30202D66 		.ascii	"0 -ffunction-sections -ffat-lto-objects\000"
 1358      66756E63 
 1358      74696F6E 
 1358      2D736563 
 1358      74696F6E 
 1359              	.LASF29:
 1360 009b 416E616C 		.ascii	"AnalogSetDefault\000"
 1360      6F675365 
 1360      74446566 
 1360      61756C74 
 1360      00
 1361              	.LASF38:
 1362 00ac 47656E65 		.ascii	"Generated_Source\\PSoC5\\cyfitter_cfg.c\000"
 1362      72617465 
 1362      645F536F 
 1362      75726365 
 1362      5C50536F 
 1363              	.LASF36:
 1364 00d2 6366675F 		.ascii	"cfg_memset_list\000"
 1364      6D656D73 
 1364      65745F6C 
 1364      69737400 
 1365              	.LASF23:
 1366 00e2 4359434F 		.ascii	"CYCONFIGCPYCODE\000"
 1366      4E464947 
 1366      43505943 
 1366      4F444500 
 1367              	.LASF26:
 1368 00f2 436C6F63 		.ascii	"ClockSetup\000"
 1368      6B536574 
 1368      757000
 1369              	.LASF6:
 1370 00fd 73686F72 		.ascii	"short unsigned int\000"
 1370      7420756E 
 1370      7369676E 
 1370      65642069 
 1370      6E7400
ARM GAS  C:\Users\sinow\AppData\Local\Temp\cc57i5Ev.s 			page 32


 1371              	.LASF28:
 1372 0110 706C6C4C 		.ascii	"pllLock\000"
 1372      6F636B00 
 1373              	.LASF16:
 1374 0118 666C6F61 		.ascii	"float\000"
 1374      7400
 1375              	.LASF24:
 1376 011e 4379436C 		.ascii	"CyClockStartupError\000"
 1376      6F636B53 
 1376      74617274 
 1376      75704572 
 1376      726F7200 
 1377              	.LASF22:
 1378 0132 64657374 		.ascii	"dest\000"
 1378      00
 1379              	.LASF34:
 1380 0137 73697A65 		.ascii	"size\000"
 1380      00
 1381              	.LASF18:
 1382 013c 72656738 		.ascii	"reg8\000"
 1382      00
 1383              	.LASF8:
 1384 0141 6C6F6E67 		.ascii	"long unsigned int\000"
 1384      20756E73 
 1384      69676E65 
 1384      6420696E 
 1384      7400
 1385              	.LASF13:
 1386 0153 75696E74 		.ascii	"uint8\000"
 1386      3800
 1387              	.LASF20:
 1388 0159 43594D45 		.ascii	"CYMEMZERO\000"
 1388      4D5A4552 
 1388      4F00
 1389              	.LASF39:
 1390 0163 433A5C55 		.ascii	"C:\\Users\\sinow\\Documents\\PSoC Creator\\DA1_ELC4"
 1390      73657273 
 1390      5C73696E 
 1390      6F775C44 
 1390      6F63756D 
 1391 0191 31315C44 		.ascii	"11\\Design01.cydsn\000"
 1391      65736967 
 1391      6E30312E 
 1391      63796473 
 1391      6E00
 1392              	.LASF4:
 1393 01a3 756E7369 		.ascii	"unsigned char\000"
 1393      676E6564 
 1393      20636861 
 1393      7200
 1394              	.LASF17:
 1395 01b1 646F7562 		.ascii	"double\000"
 1395      6C6500
 1396              	.LASF41:
 1397 01b8 63796669 		.ascii	"cyfitter_cfg\000"
 1397      74746572 
 1397      5F636667 
ARM GAS  C:\Users\sinow\AppData\Local\Temp\cc57i5Ev.s 			page 33


 1397      00
 1398              	.LASF14:
 1399 01c5 75696E74 		.ascii	"uint16\000"
 1399      313600
 1400              	.LASF25:
 1401 01cc 6572726F 		.ascii	"errorCode\000"
 1401      72436F64 
 1401      6500
 1402              	.LASF15:
 1403 01d6 75696E74 		.ascii	"uint32\000"
 1403      333200
 1404              	.LASF0:
 1405 01dd 756E7369 		.ascii	"unsigned int\000"
 1405      676E6564 
 1405      20696E74 
 1405      00
 1406              	.LASF33:
 1407 01ea 61646472 		.ascii	"address\000"
 1407      65737300 
 1408              	.LASF9:
 1409 01f2 6C6F6E67 		.ascii	"long long unsigned int\000"
 1409      206C6F6E 
 1409      6720756E 
 1409      7369676E 
 1409      65642069 
 1410              	.LASF35:
 1411 0209 6366675F 		.ascii	"cfg_memset_t\000"
 1411      6D656D73 
 1411      65745F74 
 1411      00
 1412              	.LASF10:
 1413 0216 73697A65 		.ascii	"sizetype\000"
 1413      74797065 
 1413      00
 1414              	.LASF1:
 1415 021f 6C6F6E67 		.ascii	"long long int\000"
 1415      206C6F6E 
 1415      6720696E 
 1415      7400
 1416              	.LASF27:
 1417 022d 74696D65 		.ascii	"timeout\000"
 1417      6F757400 
 1418              	.LASF5:
 1419 0235 73686F72 		.ascii	"short int\000"
 1419      7420696E 
 1419      7400
 1420              	.LASF31:
 1421 023f 656E6162 		.ascii	"enabled\000"
 1421      6C656400 
 1422              	.LASF7:
 1423 0247 6C6F6E67 		.ascii	"long int\000"
 1423      20696E74 
 1423      00
 1424              	.LASF11:
 1425 0250 63686172 		.ascii	"char\000"
 1425      00
 1426              	.LASF40:
ARM GAS  C:\Users\sinow\AppData\Local\Temp\cc57i5Ev.s 			page 34


 1427 0255 53657441 		.ascii	"SetAnalogRoutingPumps\000"
 1427      6E616C6F 
 1427      67526F75 
 1427      74696E67 
 1427      50756D70 
 1428              	.LASF2:
 1429 026b 6C6F6E67 		.ascii	"long double\000"
 1429      20646F75 
 1429      626C6500 
 1430              	.LASF30:
 1431 0277 62675F78 		.ascii	"bg_xover_inl_trim\000"
 1431      6F766572 
 1431      5F696E6C 
 1431      5F747269 
 1431      6D00
 1432              	.LASF3:
 1433 0289 7369676E 		.ascii	"signed char\000"
 1433      65642063 
 1433      68617200 
 1434              	.LASF32:
 1435 0295 72656756 		.ascii	"regValue\000"
 1435      616C7565 
 1435      00
 1436              	.LASF21:
 1437 029e 4359434F 		.ascii	"CYCONFIGCPY\000"
 1437      4E464947 
 1437      43505900 
 1438              		.ident	"GCC: (GNU Tools for ARM Embedded Processors) 5.4.1 20160609 (release) [ARM/embedded-5-bran
