ARM GAS  C:\Users\sinow\AppData\Local\Temp\cchtptMA.s 			page 1


   1              		.syntax unified
   2              		.cpu cortex-m3
   3              		.fpu softvfp
   4              		.eabi_attribute 20, 1
   5              		.eabi_attribute 21, 1
   6              		.eabi_attribute 23, 3
   7              		.eabi_attribute 24, 1
   8              		.eabi_attribute 25, 1
   9              		.eabi_attribute 26, 1
  10              		.eabi_attribute 30, 6
  11              		.eabi_attribute 34, 1
  12              		.eabi_attribute 18, 4
  13              		.thumb
  14              		.syntax unified
  15              		.file	"main.c"
  16              		.text
  17              	.Ltext0:
  18              		.cfi_sections	.debug_frame
  19              		.section	.rodata
  20              		.align	2
  21              	.LC0:
  22 0000 4A6F7264 		.ascii	"Jordan Bennett Sinoway\000"
  22      616E2042 
  22      656E6E65 
  22      74742053 
  22      696E6F77 
  23              		.section	.text.main,"ax",%progbits
  24              		.align	2
  25              		.global	main
  26              		.thumb
  27              		.thumb_func
  28              		.type	main, %function
  29              	main:
  30              	.LFB64:
  31              		.file 1 "main.c"
   1:main.c        **** #include "project.h"
   2:main.c        **** #include <stdio.h>
   3:main.c        **** #include <string.h>
   4:main.c        **** #include <ctype.h>
   5:main.c        **** #include <stdint.h>
   6:main.c        **** 
   7:main.c        **** int main(void)
   8:main.c        **** {
  32              		.loc 1 8 0
  33              		.cfi_startproc
  34              		@ args = 0, pretend = 0, frame = 64
  35              		@ frame_needed = 1, uses_anonymous_args = 0
  36              		@ link register save eliminated.
  37 0000 B0B4     		push	{r4, r5, r7}
  38              		.cfi_def_cfa_offset 12
  39              		.cfi_offset 4, -12
  40              		.cfi_offset 5, -8
  41              		.cfi_offset 7, -4
  42 0002 91B0     		sub	sp, sp, #68
  43              		.cfi_def_cfa_offset 80
  44 0004 00AF     		add	r7, sp, #0
  45              		.cfi_def_cfa_register 7
ARM GAS  C:\Users\sinow\AppData\Local\Temp\cchtptMA.s 			page 2


   9:main.c        ****     // 4.1 ACCESS REGISTER VIA ITS ADDRESS
  10:main.c        ****     //---------------------------------------------------
  11:main.c        ****     
  12:main.c        ****     //variable declarations
  13:main.c        ****     uint32_t implementer;
  14:main.c        ****     uint32_t variant;
  15:main.c        ****     uint32_t partno;
  16:main.c        ****     uint32_t revision;
  17:main.c        ****     uint32_t reg_val;
  18:main.c        ****     char myname[] = "Jordan Bennett Sinoway";
  46              		.loc 1 18 0
  47 0006 3A4B     		ldr	r3, .L10
  48 0008 3C1D     		adds	r4, r7, #4
  49 000a 1D46     		mov	r5, r3
  50 000c 0FCD     		ldmia	r5!, {r0, r1, r2, r3}
  51 000e 0FC4     		stmia	r4!, {r0, r1, r2, r3}
  52 0010 95E80300 		ldmia	r5, {r0, r1}
  53 0014 2060     		str	r0, [r4]
  54 0016 0434     		adds	r4, r4, #4
  55 0018 2180     		strh	r1, [r4]	@ movhi
  56 001a 0234     		adds	r4, r4, #2
  57 001c 0B0C     		lsrs	r3, r1, #16
  58 001e 2370     		strb	r3, [r4]
  19:main.c        ****     char temp;
  20:main.c        ****     int length = 0;
  59              		.loc 1 20 0
  60 0020 0023     		movs	r3, #0
  61 0022 FB63     		str	r3, [r7, #60]
  21:main.c        ****     int i = 0;
  62              		.loc 1 21 0
  63 0024 0023     		movs	r3, #0
  64 0026 BB63     		str	r3, [r7, #56]
  22:main.c        ****     int j = 0;
  65              		.loc 1 22 0
  66 0028 0023     		movs	r3, #0
  67 002a 7B63     		str	r3, [r7, #52]
  23:main.c        ****       
  24:main.c        ****     #define NVIC_CPUID_BASE_ADDR 0xE000ED00 //macro to hold register address
  25:main.c        ****     
  26:main.c        ****     uint32_t volatile * my_reg_ptr; //declaring pointer to a volatile unsigned int
  27:main.c        ****     my_reg_ptr = (uint32_t *) NVIC_CPUID_BASE_ADDR; //set pointer to point to register of this addr
  68              		.loc 1 27 0
  69 002c 314B     		ldr	r3, .L10+4
  70 002e 3B63     		str	r3, [r7, #48]
  28:main.c        ****     reg_val = *my_reg_ptr; //get value in register
  71              		.loc 1 28 0
  72 0030 3B6B     		ldr	r3, [r7, #48]
  73 0032 1B68     		ldr	r3, [r3]
  74 0034 FB62     		str	r3, [r7, #44]
  29:main.c        ****     
  30:main.c        ****     implementer = (reg_val >> 24) & 0xFF; //implementer occupies [31:24], right shifting to remove 
  75              		.loc 1 30 0
  76 0036 FB6A     		ldr	r3, [r7, #44]
  77 0038 1B0E     		lsrs	r3, r3, #24
  78 003a BB62     		str	r3, [r7, #40]
  31:main.c        ****     reg_val = *my_reg_ptr; //reseting reg_val to register value, so that operation can be performed
  79              		.loc 1 31 0
ARM GAS  C:\Users\sinow\AppData\Local\Temp\cchtptMA.s 			page 3


  80 003c 3B6B     		ldr	r3, [r7, #48]
  81 003e 1B68     		ldr	r3, [r3]
  82 0040 FB62     		str	r3, [r7, #44]
  32:main.c        ****     variant = (reg_val >> 20) & 0xF; //variant occupies [23:20], " "
  83              		.loc 1 32 0
  84 0042 FB6A     		ldr	r3, [r7, #44]
  85 0044 1B0D     		lsrs	r3, r3, #20
  86 0046 03F00F03 		and	r3, r3, #15
  87 004a 7B62     		str	r3, [r7, #36]
  33:main.c        ****     reg_val = *my_reg_ptr;
  88              		.loc 1 33 0
  89 004c 3B6B     		ldr	r3, [r7, #48]
  90 004e 1B68     		ldr	r3, [r3]
  91 0050 FB62     		str	r3, [r7, #44]
  34:main.c        ****     partno = (reg_val >> 4) & 0xFFFF; //partno occupies [19:4], " "
  92              		.loc 1 34 0
  93 0052 FB6A     		ldr	r3, [r7, #44]
  94 0054 1B09     		lsrs	r3, r3, #4
  95 0056 9BB2     		uxth	r3, r3
  96 0058 3B62     		str	r3, [r7, #32]
  35:main.c        ****     reg_val = *my_reg_ptr;
  97              		.loc 1 35 0
  98 005a 3B6B     		ldr	r3, [r7, #48]
  99 005c 1B68     		ldr	r3, [r3]
 100 005e FB62     		str	r3, [r7, #44]
  36:main.c        ****     revision = (reg_val) & 0xF; //revision occupies [3:0], " "
 101              		.loc 1 36 0
 102 0060 FB6A     		ldr	r3, [r7, #44]
 103 0062 03F00F03 		and	r3, r3, #15
 104 0066 FB61     		str	r3, [r7, #28]
  37:main.c        ****     reg_val = *my_reg_ptr; 
 105              		.loc 1 37 0
 106 0068 3B6B     		ldr	r3, [r7, #48]
 107 006a 1B68     		ldr	r3, [r3]
 108 006c FB62     		str	r3, [r7, #44]
  38:main.c        ****     //---------------------------------------------------
  39:main.c        ****     
  40:main.c        ****     
  41:main.c        ****     // 4.2 MANIPULATE A CHARACTER STRING
  42:main.c        ****     
  43:main.c        ****     for(i = 0; myname[i] != '\0'; i++)  //finds length of string, stores it to length
 109              		.loc 1 43 0
 110 006e 0023     		movs	r3, #0
 111 0070 BB63     		str	r3, [r7, #56]
 112 0072 04E0     		b	.L2
 113              	.L3:
  44:main.c        ****     {
  45:main.c        ****         length = i;
 114              		.loc 1 45 0 discriminator 3
 115 0074 BB6B     		ldr	r3, [r7, #56]
 116 0076 FB63     		str	r3, [r7, #60]
  43:main.c        ****     {
 117              		.loc 1 43 0 discriminator 3
 118 0078 BB6B     		ldr	r3, [r7, #56]
 119 007a 0133     		adds	r3, r3, #1
 120 007c BB63     		str	r3, [r7, #56]
 121              	.L2:
ARM GAS  C:\Users\sinow\AppData\Local\Temp\cchtptMA.s 			page 4


  43:main.c        ****     {
 122              		.loc 1 43 0 is_stmt 0 discriminator 1
 123 007e 3A1D     		adds	r2, r7, #4
 124 0080 BB6B     		ldr	r3, [r7, #56]
 125 0082 1344     		add	r3, r3, r2
 126 0084 1B78     		ldrb	r3, [r3]	@ zero_extendqisi2
 127 0086 002B     		cmp	r3, #0
 128 0088 F4D1     		bne	.L3
  46:main.c        ****     }
  47:main.c        ****     
  48:main.c        ****     for(i=0; i<length; i++) //bubble sort for string myname
 129              		.loc 1 48 0 is_stmt 1
 130 008a 0023     		movs	r3, #0
 131 008c BB63     		str	r3, [r7, #56]
 132 008e 2AE0     		b	.L4
 133              	.L8:
  49:main.c        ****     {
  50:main.c        ****         for(j=i+1; j<length; j++) 
 134              		.loc 1 50 0
 135 0090 BB6B     		ldr	r3, [r7, #56]
 136 0092 0133     		adds	r3, r3, #1
 137 0094 7B63     		str	r3, [r7, #52]
 138 0096 1FE0     		b	.L5
 139              	.L7:
  51:main.c        ****         {
  52:main.c        ****             if(myname[i] > myname[j]) //if the hex val of char for [i] is > than [j], keep sorting 
 140              		.loc 1 52 0
 141 0098 3A1D     		adds	r2, r7, #4
 142 009a BB6B     		ldr	r3, [r7, #56]
 143 009c 1344     		add	r3, r3, r2
 144 009e 1A78     		ldrb	r2, [r3]	@ zero_extendqisi2
 145 00a0 391D     		adds	r1, r7, #4
 146 00a2 7B6B     		ldr	r3, [r7, #52]
 147 00a4 0B44     		add	r3, r3, r1
 148 00a6 1B78     		ldrb	r3, [r3]	@ zero_extendqisi2
 149 00a8 9A42     		cmp	r2, r3
 150 00aa 12D9     		bls	.L6
  53:main.c        ****             {
  54:main.c        ****                 temp = myname[i]; //temp variable to store myname[i]
 151              		.loc 1 54 0
 152 00ac 3A1D     		adds	r2, r7, #4
 153 00ae BB6B     		ldr	r3, [r7, #56]
 154 00b0 1344     		add	r3, r3, r2
 155 00b2 1B78     		ldrb	r3, [r3]
 156 00b4 FB76     		strb	r3, [r7, #27]
  55:main.c        ****                 myname[i] = myname[j]; //swapping the two chars
 157              		.loc 1 55 0
 158 00b6 3A1D     		adds	r2, r7, #4
 159 00b8 7B6B     		ldr	r3, [r7, #52]
 160 00ba 1344     		add	r3, r3, r2
 161 00bc 1978     		ldrb	r1, [r3]	@ zero_extendqisi2
 162 00be 3A1D     		adds	r2, r7, #4
 163 00c0 BB6B     		ldr	r3, [r7, #56]
 164 00c2 1344     		add	r3, r3, r2
 165 00c4 0A46     		mov	r2, r1
 166 00c6 1A70     		strb	r2, [r3]
  56:main.c        ****                 myname[j] = temp; 
ARM GAS  C:\Users\sinow\AppData\Local\Temp\cchtptMA.s 			page 5


 167              		.loc 1 56 0
 168 00c8 3A1D     		adds	r2, r7, #4
 169 00ca 7B6B     		ldr	r3, [r7, #52]
 170 00cc 1344     		add	r3, r3, r2
 171 00ce FA7E     		ldrb	r2, [r7, #27]
 172 00d0 1A70     		strb	r2, [r3]
 173              	.L6:
  50:main.c        ****         {
 174              		.loc 1 50 0 discriminator 2
 175 00d2 7B6B     		ldr	r3, [r7, #52]
 176 00d4 0133     		adds	r3, r3, #1
 177 00d6 7B63     		str	r3, [r7, #52]
 178              	.L5:
  50:main.c        ****         {
 179              		.loc 1 50 0 is_stmt 0 discriminator 1
 180 00d8 7A6B     		ldr	r2, [r7, #52]
 181 00da FB6B     		ldr	r3, [r7, #60]
 182 00dc 9A42     		cmp	r2, r3
 183 00de DBDB     		blt	.L7
  48:main.c        ****     {
 184              		.loc 1 48 0 is_stmt 1 discriminator 2
 185 00e0 BB6B     		ldr	r3, [r7, #56]
 186 00e2 0133     		adds	r3, r3, #1
 187 00e4 BB63     		str	r3, [r7, #56]
 188              	.L4:
  48:main.c        ****     {
 189              		.loc 1 48 0 is_stmt 0 discriminator 1
 190 00e6 BA6B     		ldr	r2, [r7, #56]
 191 00e8 FB6B     		ldr	r3, [r7, #60]
 192 00ea 9A42     		cmp	r2, r3
 193 00ec D0DB     		blt	.L8
 194              	.L9:
  57:main.c        ****             }
  58:main.c        ****         }
  59:main.c        ****         
  60:main.c        ****     }
  61:main.c        **** 
  62:main.c        ****     //---------------------------------------------------
  63:main.c        ****     
  64:main.c        ****     
  65:main.c        ****     for(;;) //not used for this assignment
  66:main.c        ****     {}
 195              		.loc 1 66 0 is_stmt 1 discriminator 1
 196 00ee FEE7     		b	.L9
 197              	.L11:
 198              		.align	2
 199              	.L10:
 200 00f0 00000000 		.word	.LC0
 201 00f4 00ED00E0 		.word	-536810240
 202              		.cfi_endproc
 203              	.LFE64:
 204              		.size	main, .-main
 205              		.text
 206              	.Letext0:
 207              		.file 2 "c:\\program files (x86)\\cypress\\psoc creator\\4.2\\psoc creator\\import\\gnu\\arm\\5.4.
 208              		.file 3 "c:\\program files (x86)\\cypress\\psoc creator\\4.2\\psoc creator\\import\\gnu\\arm\\5.4.
 209              		.file 4 "Generated_Source\\PSoC5/core_cm3.h"
ARM GAS  C:\Users\sinow\AppData\Local\Temp\cchtptMA.s 			page 6


 210              		.section	.debug_info,"",%progbits
 211              	.Ldebug_info0:
 212 0000 94010000 		.4byte	0x194
 213 0004 0400     		.2byte	0x4
 214 0006 00000000 		.4byte	.Ldebug_abbrev0
 215 000a 04       		.byte	0x4
 216 000b 01       		.uleb128 0x1
 217 000c 00000000 		.4byte	.LASF27
 218 0010 0C       		.byte	0xc
 219 0011 BC010000 		.4byte	.LASF28
 220 0015 0F010000 		.4byte	.LASF29
 221 0019 00000000 		.4byte	.Ldebug_ranges0+0
 222 001d 00000000 		.4byte	0
 223 0021 00000000 		.4byte	.Ldebug_line0
 224 0025 02       		.uleb128 0x2
 225 0026 01       		.byte	0x1
 226 0027 06       		.byte	0x6
 227 0028 EF010000 		.4byte	.LASF0
 228 002c 02       		.uleb128 0x2
 229 002d 01       		.byte	0x1
 230 002e 08       		.byte	0x8
 231 002f B0000000 		.4byte	.LASF1
 232 0033 02       		.uleb128 0x2
 233 0034 02       		.byte	0x2
 234 0035 05       		.byte	0x5
 235 0036 C8010000 		.4byte	.LASF2
 236 003a 02       		.uleb128 0x2
 237 003b 02       		.byte	0x2
 238 003c 07       		.byte	0x7
 239 003d DD000000 		.4byte	.LASF3
 240 0041 03       		.uleb128 0x3
 241 0042 97000000 		.4byte	.LASF5
 242 0046 02       		.byte	0x2
 243 0047 3F       		.byte	0x3f
 244 0048 4C000000 		.4byte	0x4c
 245 004c 02       		.uleb128 0x2
 246 004d 04       		.byte	0x4
 247 004e 05       		.byte	0x5
 248 004f A1000000 		.4byte	.LASF4
 249 0053 03       		.uleb128 0x3
 250 0054 62010000 		.4byte	.LASF6
 251 0058 02       		.byte	0x2
 252 0059 41       		.byte	0x41
 253 005a 5E000000 		.4byte	0x5e
 254 005e 02       		.uleb128 0x2
 255 005f 04       		.byte	0x4
 256 0060 07       		.byte	0x7
 257 0061 C6000000 		.4byte	.LASF7
 258 0065 02       		.uleb128 0x2
 259 0066 08       		.byte	0x8
 260 0067 05       		.byte	0x5
 261 0068 AE010000 		.4byte	.LASF8
 262 006c 02       		.uleb128 0x2
 263 006d 08       		.byte	0x8
 264 006e 07       		.byte	0x7
 265 006f 86010000 		.4byte	.LASF9
 266 0073 04       		.uleb128 0x4
ARM GAS  C:\Users\sinow\AppData\Local\Temp\cchtptMA.s 			page 7


 267 0074 04       		.byte	0x4
 268 0075 05       		.byte	0x5
 269 0076 696E7400 		.ascii	"int\000"
 270 007a 02       		.uleb128 0x2
 271 007b 04       		.byte	0x4
 272 007c 07       		.byte	0x7
 273 007d 79010000 		.4byte	.LASF10
 274 0081 03       		.uleb128 0x3
 275 0082 9D010000 		.4byte	.LASF11
 276 0086 03       		.byte	0x3
 277 0087 2C       		.byte	0x2c
 278 0088 41000000 		.4byte	0x41
 279 008c 03       		.uleb128 0x3
 280 008d D2010000 		.4byte	.LASF12
 281 0091 03       		.byte	0x3
 282 0092 30       		.byte	0x30
 283 0093 53000000 		.4byte	0x53
 284 0097 02       		.uleb128 0x2
 285 0098 04       		.byte	0x4
 286 0099 04       		.byte	0x4
 287 009a AA000000 		.4byte	.LASF13
 288 009e 02       		.uleb128 0x2
 289 009f 08       		.byte	0x8
 290 00a0 04       		.byte	0x4
 291 00a1 5B010000 		.4byte	.LASF14
 292 00a5 02       		.uleb128 0x2
 293 00a6 01       		.byte	0x1
 294 00a7 08       		.byte	0x8
 295 00a8 C3010000 		.4byte	.LASF15
 296 00ac 02       		.uleb128 0x2
 297 00ad 04       		.byte	0x4
 298 00ae 07       		.byte	0x7
 299 00af A5010000 		.4byte	.LASF16
 300 00b3 05       		.uleb128 0x5
 301 00b4 8C000000 		.4byte	0x8c
 302 00b8 02       		.uleb128 0x2
 303 00b9 08       		.byte	0x8
 304 00ba 04       		.byte	0x4
 305 00bb E3010000 		.4byte	.LASF17
 306 00bf 06       		.uleb128 0x6
 307 00c0 74010000 		.4byte	.LASF30
 308 00c4 01       		.byte	0x1
 309 00c5 07       		.byte	0x7
 310 00c6 73000000 		.4byte	0x73
 311 00ca 00000000 		.4byte	.LFB64
 312 00ce F8000000 		.4byte	.LFE64-.LFB64
 313 00d2 01       		.uleb128 0x1
 314 00d3 9C       		.byte	0x9c
 315 00d4 70010000 		.4byte	0x170
 316 00d8 07       		.uleb128 0x7
 317 00d9 4F010000 		.4byte	.LASF18
 318 00dd 01       		.byte	0x1
 319 00de 0D       		.byte	0xd
 320 00df 8C000000 		.4byte	0x8c
 321 00e3 02       		.uleb128 0x2
 322 00e4 91       		.byte	0x91
 323 00e5 58       		.sleb128 -40
ARM GAS  C:\Users\sinow\AppData\Local\Temp\cchtptMA.s 			page 8


 324 00e6 07       		.uleb128 0x7
 325 00e7 DB010000 		.4byte	.LASF19
 326 00eb 01       		.byte	0x1
 327 00ec 0E       		.byte	0xe
 328 00ed 8C000000 		.4byte	0x8c
 329 00f1 02       		.uleb128 0x2
 330 00f2 91       		.byte	0x91
 331 00f3 54       		.sleb128 -44
 332 00f4 07       		.uleb128 0x7
 333 00f5 6D010000 		.4byte	.LASF20
 334 00f9 01       		.byte	0x1
 335 00fa 0F       		.byte	0xf
 336 00fb 8C000000 		.4byte	0x8c
 337 00ff 02       		.uleb128 0x2
 338 0100 91       		.byte	0x91
 339 0101 50       		.sleb128 -48
 340 0102 07       		.uleb128 0x7
 341 0103 8E000000 		.4byte	.LASF21
 342 0107 01       		.byte	0x1
 343 0108 10       		.byte	0x10
 344 0109 8C000000 		.4byte	0x8c
 345 010d 02       		.uleb128 0x2
 346 010e 91       		.byte	0x91
 347 010f 4C       		.sleb128 -52
 348 0110 07       		.uleb128 0x7
 349 0111 BE000000 		.4byte	.LASF22
 350 0115 01       		.byte	0x1
 351 0116 11       		.byte	0x11
 352 0117 8C000000 		.4byte	0x8c
 353 011b 02       		.uleb128 0x2
 354 011c 91       		.byte	0x91
 355 011d 5C       		.sleb128 -36
 356 011e 07       		.uleb128 0x7
 357 011f FB000000 		.4byte	.LASF23
 358 0123 01       		.byte	0x1
 359 0124 12       		.byte	0x12
 360 0125 70010000 		.4byte	0x170
 361 0129 03       		.uleb128 0x3
 362 012a 91       		.byte	0x91
 363 012b B47F     		.sleb128 -76
 364 012d 07       		.uleb128 0x7
 365 012e D8000000 		.4byte	.LASF24
 366 0132 01       		.byte	0x1
 367 0133 13       		.byte	0x13
 368 0134 A5000000 		.4byte	0xa5
 369 0138 02       		.uleb128 0x2
 370 0139 91       		.byte	0x91
 371 013a 4B       		.sleb128 -53
 372 013b 07       		.uleb128 0x7
 373 013c FB010000 		.4byte	.LASF25
 374 0140 01       		.byte	0x1
 375 0141 14       		.byte	0x14
 376 0142 73000000 		.4byte	0x73
 377 0146 02       		.uleb128 0x2
 378 0147 91       		.byte	0x91
 379 0148 6C       		.sleb128 -20
 380 0149 08       		.uleb128 0x8
ARM GAS  C:\Users\sinow\AppData\Local\Temp\cchtptMA.s 			page 9


 381 014a 6900     		.ascii	"i\000"
 382 014c 01       		.byte	0x1
 383 014d 15       		.byte	0x15
 384 014e 73000000 		.4byte	0x73
 385 0152 02       		.uleb128 0x2
 386 0153 91       		.byte	0x91
 387 0154 68       		.sleb128 -24
 388 0155 08       		.uleb128 0x8
 389 0156 6A00     		.ascii	"j\000"
 390 0158 01       		.byte	0x1
 391 0159 16       		.byte	0x16
 392 015a 73000000 		.4byte	0x73
 393 015e 02       		.uleb128 0x2
 394 015f 91       		.byte	0x91
 395 0160 64       		.sleb128 -28
 396 0161 07       		.uleb128 0x7
 397 0162 F0000000 		.4byte	.LASF26
 398 0166 01       		.byte	0x1
 399 0167 1A       		.byte	0x1a
 400 0168 80010000 		.4byte	0x180
 401 016c 02       		.uleb128 0x2
 402 016d 91       		.byte	0x91
 403 016e 60       		.sleb128 -32
 404 016f 00       		.byte	0
 405 0170 09       		.uleb128 0x9
 406 0171 A5000000 		.4byte	0xa5
 407 0175 80010000 		.4byte	0x180
 408 0179 0A       		.uleb128 0xa
 409 017a AC000000 		.4byte	0xac
 410 017e 16       		.byte	0x16
 411 017f 00       		.byte	0
 412 0180 0B       		.uleb128 0xb
 413 0181 04       		.byte	0x4
 414 0182 B3000000 		.4byte	0xb3
 415 0186 0C       		.uleb128 0xc
 416 0187 02010000 		.4byte	.LASF31
 417 018b 04       		.byte	0x4
 418 018c 1207     		.2byte	0x712
 419 018e 92010000 		.4byte	0x192
 420 0192 05       		.uleb128 0x5
 421 0193 81000000 		.4byte	0x81
 422 0197 00       		.byte	0
 423              		.section	.debug_abbrev,"",%progbits
 424              	.Ldebug_abbrev0:
 425 0000 01       		.uleb128 0x1
 426 0001 11       		.uleb128 0x11
 427 0002 01       		.byte	0x1
 428 0003 25       		.uleb128 0x25
 429 0004 0E       		.uleb128 0xe
 430 0005 13       		.uleb128 0x13
 431 0006 0B       		.uleb128 0xb
 432 0007 03       		.uleb128 0x3
 433 0008 0E       		.uleb128 0xe
 434 0009 1B       		.uleb128 0x1b
 435 000a 0E       		.uleb128 0xe
 436 000b 55       		.uleb128 0x55
 437 000c 17       		.uleb128 0x17
ARM GAS  C:\Users\sinow\AppData\Local\Temp\cchtptMA.s 			page 10


 438 000d 11       		.uleb128 0x11
 439 000e 01       		.uleb128 0x1
 440 000f 10       		.uleb128 0x10
 441 0010 17       		.uleb128 0x17
 442 0011 00       		.byte	0
 443 0012 00       		.byte	0
 444 0013 02       		.uleb128 0x2
 445 0014 24       		.uleb128 0x24
 446 0015 00       		.byte	0
 447 0016 0B       		.uleb128 0xb
 448 0017 0B       		.uleb128 0xb
 449 0018 3E       		.uleb128 0x3e
 450 0019 0B       		.uleb128 0xb
 451 001a 03       		.uleb128 0x3
 452 001b 0E       		.uleb128 0xe
 453 001c 00       		.byte	0
 454 001d 00       		.byte	0
 455 001e 03       		.uleb128 0x3
 456 001f 16       		.uleb128 0x16
 457 0020 00       		.byte	0
 458 0021 03       		.uleb128 0x3
 459 0022 0E       		.uleb128 0xe
 460 0023 3A       		.uleb128 0x3a
 461 0024 0B       		.uleb128 0xb
 462 0025 3B       		.uleb128 0x3b
 463 0026 0B       		.uleb128 0xb
 464 0027 49       		.uleb128 0x49
 465 0028 13       		.uleb128 0x13
 466 0029 00       		.byte	0
 467 002a 00       		.byte	0
 468 002b 04       		.uleb128 0x4
 469 002c 24       		.uleb128 0x24
 470 002d 00       		.byte	0
 471 002e 0B       		.uleb128 0xb
 472 002f 0B       		.uleb128 0xb
 473 0030 3E       		.uleb128 0x3e
 474 0031 0B       		.uleb128 0xb
 475 0032 03       		.uleb128 0x3
 476 0033 08       		.uleb128 0x8
 477 0034 00       		.byte	0
 478 0035 00       		.byte	0
 479 0036 05       		.uleb128 0x5
 480 0037 35       		.uleb128 0x35
 481 0038 00       		.byte	0
 482 0039 49       		.uleb128 0x49
 483 003a 13       		.uleb128 0x13
 484 003b 00       		.byte	0
 485 003c 00       		.byte	0
 486 003d 06       		.uleb128 0x6
 487 003e 2E       		.uleb128 0x2e
 488 003f 01       		.byte	0x1
 489 0040 3F       		.uleb128 0x3f
 490 0041 19       		.uleb128 0x19
 491 0042 03       		.uleb128 0x3
 492 0043 0E       		.uleb128 0xe
 493 0044 3A       		.uleb128 0x3a
 494 0045 0B       		.uleb128 0xb
ARM GAS  C:\Users\sinow\AppData\Local\Temp\cchtptMA.s 			page 11


 495 0046 3B       		.uleb128 0x3b
 496 0047 0B       		.uleb128 0xb
 497 0048 27       		.uleb128 0x27
 498 0049 19       		.uleb128 0x19
 499 004a 49       		.uleb128 0x49
 500 004b 13       		.uleb128 0x13
 501 004c 11       		.uleb128 0x11
 502 004d 01       		.uleb128 0x1
 503 004e 12       		.uleb128 0x12
 504 004f 06       		.uleb128 0x6
 505 0050 40       		.uleb128 0x40
 506 0051 18       		.uleb128 0x18
 507 0052 9742     		.uleb128 0x2117
 508 0054 19       		.uleb128 0x19
 509 0055 01       		.uleb128 0x1
 510 0056 13       		.uleb128 0x13
 511 0057 00       		.byte	0
 512 0058 00       		.byte	0
 513 0059 07       		.uleb128 0x7
 514 005a 34       		.uleb128 0x34
 515 005b 00       		.byte	0
 516 005c 03       		.uleb128 0x3
 517 005d 0E       		.uleb128 0xe
 518 005e 3A       		.uleb128 0x3a
 519 005f 0B       		.uleb128 0xb
 520 0060 3B       		.uleb128 0x3b
 521 0061 0B       		.uleb128 0xb
 522 0062 49       		.uleb128 0x49
 523 0063 13       		.uleb128 0x13
 524 0064 02       		.uleb128 0x2
 525 0065 18       		.uleb128 0x18
 526 0066 00       		.byte	0
 527 0067 00       		.byte	0
 528 0068 08       		.uleb128 0x8
 529 0069 34       		.uleb128 0x34
 530 006a 00       		.byte	0
 531 006b 03       		.uleb128 0x3
 532 006c 08       		.uleb128 0x8
 533 006d 3A       		.uleb128 0x3a
 534 006e 0B       		.uleb128 0xb
 535 006f 3B       		.uleb128 0x3b
 536 0070 0B       		.uleb128 0xb
 537 0071 49       		.uleb128 0x49
 538 0072 13       		.uleb128 0x13
 539 0073 02       		.uleb128 0x2
 540 0074 18       		.uleb128 0x18
 541 0075 00       		.byte	0
 542 0076 00       		.byte	0
 543 0077 09       		.uleb128 0x9
 544 0078 01       		.uleb128 0x1
 545 0079 01       		.byte	0x1
 546 007a 49       		.uleb128 0x49
 547 007b 13       		.uleb128 0x13
 548 007c 01       		.uleb128 0x1
 549 007d 13       		.uleb128 0x13
 550 007e 00       		.byte	0
 551 007f 00       		.byte	0
ARM GAS  C:\Users\sinow\AppData\Local\Temp\cchtptMA.s 			page 12


 552 0080 0A       		.uleb128 0xa
 553 0081 21       		.uleb128 0x21
 554 0082 00       		.byte	0
 555 0083 49       		.uleb128 0x49
 556 0084 13       		.uleb128 0x13
 557 0085 2F       		.uleb128 0x2f
 558 0086 0B       		.uleb128 0xb
 559 0087 00       		.byte	0
 560 0088 00       		.byte	0
 561 0089 0B       		.uleb128 0xb
 562 008a 0F       		.uleb128 0xf
 563 008b 00       		.byte	0
 564 008c 0B       		.uleb128 0xb
 565 008d 0B       		.uleb128 0xb
 566 008e 49       		.uleb128 0x49
 567 008f 13       		.uleb128 0x13
 568 0090 00       		.byte	0
 569 0091 00       		.byte	0
 570 0092 0C       		.uleb128 0xc
 571 0093 34       		.uleb128 0x34
 572 0094 00       		.byte	0
 573 0095 03       		.uleb128 0x3
 574 0096 0E       		.uleb128 0xe
 575 0097 3A       		.uleb128 0x3a
 576 0098 0B       		.uleb128 0xb
 577 0099 3B       		.uleb128 0x3b
 578 009a 05       		.uleb128 0x5
 579 009b 49       		.uleb128 0x49
 580 009c 13       		.uleb128 0x13
 581 009d 3F       		.uleb128 0x3f
 582 009e 19       		.uleb128 0x19
 583 009f 3C       		.uleb128 0x3c
 584 00a0 19       		.uleb128 0x19
 585 00a1 00       		.byte	0
 586 00a2 00       		.byte	0
 587 00a3 00       		.byte	0
 588              		.section	.debug_aranges,"",%progbits
 589 0000 1C000000 		.4byte	0x1c
 590 0004 0200     		.2byte	0x2
 591 0006 00000000 		.4byte	.Ldebug_info0
 592 000a 04       		.byte	0x4
 593 000b 00       		.byte	0
 594 000c 0000     		.2byte	0
 595 000e 0000     		.2byte	0
 596 0010 00000000 		.4byte	.LFB64
 597 0014 F8000000 		.4byte	.LFE64-.LFB64
 598 0018 00000000 		.4byte	0
 599 001c 00000000 		.4byte	0
 600              		.section	.debug_ranges,"",%progbits
 601              	.Ldebug_ranges0:
 602 0000 00000000 		.4byte	.LFB64
 603 0004 F8000000 		.4byte	.LFE64
 604 0008 00000000 		.4byte	0
 605 000c 00000000 		.4byte	0
 606              		.section	.debug_line,"",%progbits
 607              	.Ldebug_line0:
 608 0000 9B010000 		.section	.debug_str,"MS",%progbits,1
ARM GAS  C:\Users\sinow\AppData\Local\Temp\cchtptMA.s 			page 13


 608      02003F01 
 608      00000201 
 608      FB0E0D00 
 608      01010101 
 609              	.LASF27:
 610 0000 474E5520 		.ascii	"GNU C11 5.4.1 20160609 (release) [ARM/embedded-5-br"
 610      43313120 
 610      352E342E 
 610      31203230 
 610      31363036 
 611 0033 616E6368 		.ascii	"anch revision 237715] -mcpu=cortex-m3 -mthumb -g -O"
 611      20726576 
 611      6973696F 
 611      6E203233 
 611      37373135 
 612 0066 30202D66 		.ascii	"0 -ffunction-sections -ffat-lto-objects\000"
 612      66756E63 
 612      74696F6E 
 612      2D736563 
 612      74696F6E 
 613              	.LASF21:
 614 008e 72657669 		.ascii	"revision\000"
 614      73696F6E 
 614      00
 615              	.LASF5:
 616 0097 5F5F696E 		.ascii	"__int32_t\000"
 616      7433325F 
 616      7400
 617              	.LASF4:
 618 00a1 6C6F6E67 		.ascii	"long int\000"
 618      20696E74 
 618      00
 619              	.LASF13:
 620 00aa 666C6F61 		.ascii	"float\000"
 620      7400
 621              	.LASF1:
 622 00b0 756E7369 		.ascii	"unsigned char\000"
 622      676E6564 
 622      20636861 
 622      7200
 623              	.LASF22:
 624 00be 7265675F 		.ascii	"reg_val\000"
 624      76616C00 
 625              	.LASF7:
 626 00c6 6C6F6E67 		.ascii	"long unsigned int\000"
 626      20756E73 
 626      69676E65 
 626      6420696E 
 626      7400
 627              	.LASF24:
 628 00d8 74656D70 		.ascii	"temp\000"
 628      00
 629              	.LASF3:
 630 00dd 73686F72 		.ascii	"short unsigned int\000"
 630      7420756E 
 630      7369676E 
 630      65642069 
ARM GAS  C:\Users\sinow\AppData\Local\Temp\cchtptMA.s 			page 14


 630      6E7400
 631              	.LASF26:
 632 00f0 6D795F72 		.ascii	"my_reg_ptr\000"
 632      65675F70 
 632      747200
 633              	.LASF23:
 634 00fb 6D796E61 		.ascii	"myname\000"
 634      6D6500
 635              	.LASF31:
 636 0102 49544D5F 		.ascii	"ITM_RxBuffer\000"
 636      52784275 
 636      66666572 
 636      00
 637              	.LASF29:
 638 010f 433A5C55 		.ascii	"C:\\Users\\sinow\\Documents\\PSoC Creator\\DA1_ELC4"
 638      73657273 
 638      5C73696E 
 638      6F775C44 
 638      6F63756D 
 639 013d 31315C44 		.ascii	"11\\Design01.cydsn\000"
 639      65736967 
 639      6E30312E 
 639      63796473 
 639      6E00
 640              	.LASF18:
 641 014f 696D706C 		.ascii	"implementer\000"
 641      656D656E 
 641      74657200 
 642              	.LASF14:
 643 015b 646F7562 		.ascii	"double\000"
 643      6C6500
 644              	.LASF6:
 645 0162 5F5F7569 		.ascii	"__uint32_t\000"
 645      6E743332 
 645      5F7400
 646              	.LASF20:
 647 016d 70617274 		.ascii	"partno\000"
 647      6E6F00
 648              	.LASF30:
 649 0174 6D61696E 		.ascii	"main\000"
 649      00
 650              	.LASF10:
 651 0179 756E7369 		.ascii	"unsigned int\000"
 651      676E6564 
 651      20696E74 
 651      00
 652              	.LASF9:
 653 0186 6C6F6E67 		.ascii	"long long unsigned int\000"
 653      206C6F6E 
 653      6720756E 
 653      7369676E 
 653      65642069 
 654              	.LASF11:
 655 019d 696E7433 		.ascii	"int32_t\000"
 655      325F7400 
 656              	.LASF16:
 657 01a5 73697A65 		.ascii	"sizetype\000"
ARM GAS  C:\Users\sinow\AppData\Local\Temp\cchtptMA.s 			page 15


 657      74797065 
 657      00
 658              	.LASF8:
 659 01ae 6C6F6E67 		.ascii	"long long int\000"
 659      206C6F6E 
 659      6720696E 
 659      7400
 660              	.LASF28:
 661 01bc 6D61696E 		.ascii	"main.c\000"
 661      2E6300
 662              	.LASF15:
 663 01c3 63686172 		.ascii	"char\000"
 663      00
 664              	.LASF2:
 665 01c8 73686F72 		.ascii	"short int\000"
 665      7420696E 
 665      7400
 666              	.LASF12:
 667 01d2 75696E74 		.ascii	"uint32_t\000"
 667      33325F74 
 667      00
 668              	.LASF19:
 669 01db 76617269 		.ascii	"variant\000"
 669      616E7400 
 670              	.LASF17:
 671 01e3 6C6F6E67 		.ascii	"long double\000"
 671      20646F75 
 671      626C6500 
 672              	.LASF0:
 673 01ef 7369676E 		.ascii	"signed char\000"
 673      65642063 
 673      68617200 
 674              	.LASF25:
 675 01fb 6C656E67 		.ascii	"length\000"
 675      746800
 676              		.ident	"GCC: (GNU Tools for ARM Embedded Processors) 5.4.1 20160609 (release) [ARM/embedded-5-bran
